<!DOCTYPE HTML PUBLIC "-//W3C//DTD HTML 3.2//EN">
<HTML>

<!-- This file generated using Python HTMLgen module. -->
<HEAD>
  <META NAME="GENERATOR" CONTENT="HTMLgen 2.2.2">
        <TITLE>Detailed test results for COMPLEX: 28Sep24rv1_20_0+2177-8834429042c (generated by sumo at 03Oct01:43)</TITLE>
<meta charset="utf-8"></HEAD>
<BODY>
<H1 align="center">28Sep24rv1_20_0+2177-8834429042c - detailed test results for COMPLEX</H1>

<center><EM>To reconnect the TextTest GUI to these results, run:</EM></center>

<center><P style="font-family:monospace">texttest -a complex -d /Users/sumo/clangMacOS/sumo/tests -reconnect /Users/sumo/clangMacOS/texttesttmp/clangMacOS.03Oct001138.86148 -g</P>
</center>

<center><EM>To start TextTest for these tests, run:</EM></center>

<center><P style="font-family:monospace">texttest -a complex -d /Users/sumo/clangMacOS/sumo/tests</P>
</center>

<HR>
<H2>default: 781 tests: 746 succeeded 26 FAILED 7 known bugs 2 killed</H2>

<A NAME="defaultFAILED"></A>
<H3>Detailed information for the tests that FAILED:</H3>

<A NAME="defaultfmi model_validation"></A>
<H4>TEST FAILED on ts-bapmsumbld : fmi model_validation (
<A HREF="test_default.html#defaultfmi model_validation">Last six runs</A>
<A HREF="test_default_all_Oct2024.html#defaultfmi model_validation">Oct2024</A>
<A HREF="test_default_all_Sep2024.html#defaultfmi model_validation">Sep2024</A>

)</H4>

<PRE>---------- Differences in errors ----------
0a1,4
&gt; Traceback (most recent call last):
&gt;   File "/Users/sumo/clangMacOS/sumo/tests/../tests/complex/fmi/runner.py", line 27, in &lt;module&gt;
&gt;     from fmpy import read_model_description, extract
&gt; ModuleNotFoundError: No module named 'fmpy'
---------- Differences in output ----------
1,3d0
&lt; FMU validation successful
&lt; Simulating libsumofmi2 (model name 'SUMO', FMI v2.0)...
&lt; Print ended at step 60.0
</PRE>
<A NAME="defaultfmi vehicle_getIDCount"></A>
<H4>TEST FAILED on ts-bapmsumbld : fmi vehicle_getIDCount (
<A HREF="test_default.html#defaultfmi vehicle_getIDCount">Last six runs</A>
<A HREF="test_default_all_Oct2024.html#defaultfmi vehicle_getIDCount">Oct2024</A>
<A HREF="test_default_all_Sep2024.html#defaultfmi vehicle_getIDCount">Sep2024</A>

)</H4>

<PRE>---------- Differences in errors ----------
0a1,4
&gt; Traceback (most recent call last):
&gt;   File "/Users/sumo/clangMacOS/sumo/tests/../tests/complex/fmi/runner.py", line 27, in &lt;module&gt;
&gt;     from fmpy import read_model_description, extract
&gt; ModuleNotFoundError: No module named 'fmpy'
---------- Differences in output ----------
1,63d0
&lt; FMU validation successful
&lt; Simulating libsumofmi2 (model name 'SUMO', FMI v2.0)...
&lt; TIME 1.0: vehicle.getIDCount = 6
&lt; TIME 2.0: vehicle.getIDCount = 6
&lt; TIME 3.0: vehicle.getIDCount = 6
&lt; TIME 4.0: vehicle.getIDCount = 7
&lt; TIME 5.0: vehicle.getIDCount = 7
&lt; TIME 6.0: vehicle.getIDCount = 8
&lt; TIME 7.0: vehicle.getIDCount = 8
&lt; TIME 8.0: vehicle.getIDCount = 9
&lt; TIME 9.0: vehicle.getIDCount = 9
&lt; TIME 10.0: vehicle.getIDCount = 9
&lt; TIME 11.0: vehicle.getIDCount = 9
&lt; TIME 12.0: vehicle.getIDCount = 9
&lt; TIME 13.0: vehicle.getIDCount = 10
&lt; TIME 14.0: vehicle.getIDCount = 10
&lt; TIME 15.0: vehicle.getIDCount = 10
&lt; TIME 16.0: vehicle.getIDCount = 11
&lt; TIME 17.0: vehicle.getIDCount = 11
&lt; TIME 18.0: vehicle.getIDCount = 12
&lt; TIME 19.0: vehicle.getIDCount = 12
&lt; TIME 20.0: vehicle.getIDCount = 12
&lt; TIME 21.0: vehicle.getIDCount = 13
&lt; TIME 22.0: vehicle.getIDCount = 13
&lt; TIME 23.0: vehicle.getIDCount = 13
&lt; TIME 24.0: vehicle.getIDCount = 13
&lt; TIME 25.0: vehicle.getIDCount = 13
&lt; TIME 26.0: vehicle.getIDCount = 12
&lt; TIME 27.0: vehicle.getIDCount = 10
&lt;truncated after showing first 30 lines&gt;
</PRE>
<A NAME="defaultfmi vehicle_getParameterWithKey"></A>
<H4>TEST FAILED on ts-bapmsumbld : fmi vehicle_getParameterWithKey (
<A HREF="test_default.html#defaultfmi vehicle_getParameterWithKey">Last six runs</A>
<A HREF="test_default_all_Oct2024.html#defaultfmi vehicle_getParameterWithKey">Oct2024</A>
<A HREF="test_default_all_Sep2024.html#defaultfmi vehicle_getParameterWithKey">Sep2024</A>

)</H4>

<PRE>---------- Differences in errors ----------
0a1,4
&gt; Traceback (most recent call last):
&gt;   File "/Users/sumo/clangMacOS/sumo/tests/../tests/complex/fmi/runner.py", line 27, in &lt;module&gt;
&gt;     from fmpy import read_model_description, extract
&gt; ModuleNotFoundError: No module named 'fmpy'
---------- Differences in output ----------
1,4d0
&lt; FMU validation successful
&lt; Simulating libsumofmi2 (model name 'SUMO', FMI v2.0)...
&lt; key, value: 'meaningOfLife', '42'
&lt; Print ended at step 60.0
</PRE>
<A NAME="defaultfmi vehicle_moveToXY"></A>
<H4>TEST FAILED on ts-bapmsumbld : fmi vehicle_moveToXY (
<A HREF="test_default.html#defaultfmi vehicle_moveToXY">Last six runs</A>
<A HREF="test_default_all_Oct2024.html#defaultfmi vehicle_moveToXY">Oct2024</A>
<A HREF="test_default_all_Sep2024.html#defaultfmi vehicle_moveToXY">Sep2024</A>

)</H4>

<PRE>---------- Differences in errors ----------
0a1,4
&gt; Traceback (most recent call last):
&gt;   File "/Users/sumo/clangMacOS/sumo/tests/../tests/complex/fmi/runner.py", line 27, in &lt;module&gt;
&gt;     from fmpy import read_model_description, extract
&gt; ModuleNotFoundError: No module named 'fmpy'
---------- Differences in output ----------
1,91d0
&lt; FMU validation successful
&lt; Simulating libsumofmi2 (model name 'SUMO', FMI v2.0)...
&lt; TIME 0: laneID = ''
&lt; TIME 1.0: laneID = 'WE1_0'
&lt; currentPos = [0.0, -1.6]
&lt; targetPos = (10.0, -1.6)
&lt; TIME 2.0: laneID = 'WE1_0'
&lt; currentPos = [10.0, -1.6]
&lt; targetPos = (20.0, -1.6)
&lt; TIME 3.0: laneID = 'WE1_0'
&lt; currentPos = [20.0, -1.6]
&lt; targetPos = (30.0, -1.6)
&lt; TIME 4.0: laneID = 'WE1_0'
&lt; currentPos = [30.0, -1.6]
&lt; targetPos = (40.0, -1.6)
&lt; TIME 5.0: laneID = 'WE1_0'
&lt; currentPos = [40.0, -1.6]
&lt; targetPos = (50.0, -1.6)
&lt; TIME 6.0: laneID = ':J1_10_0'
&lt; currentPos = [50.0, -1.6]
&lt; targetPos = (60.0, -1.6)
&lt; TIME 7.0: laneID = 'WE2_0'
&lt; currentPos = [60.0, -1.6]
&lt; targetPos = (70.0, -1.6)
&lt; TIME 8.0: laneID = 'WE2_0'
&lt; currentPos = [70.0, -1.6]
&lt; targetPos = (80.0, -1.6)
&lt; TIME 9.0: laneID = 'WE2_0'
&lt; currentPos = [80.0, -1.6]
&lt;truncated after showing first 30 lines&gt;
</PRE>
<A NAME="defaultstate replay"></A>
<H4>TEST FAILED on ts-bapmsumbld : state replay (
<A HREF="test_default.html#defaultstate replay">Last six runs</A>
<A HREF="test_default_all_Oct2024.html#defaultstate replay">Oct2024</A>
<A HREF="test_default_all_Sep2024.html#defaultstate replay">Sep2024</A>

)</H4>

<PRE>---------- Differences in errors ----------
0a1,182
&gt; FXApp::openDisplay: unable to open display :16240.0
&gt;   warnings.warn(("Could not connect to TraCI server using port %s (%s)." +
&gt; FXApp::openDisplay: unable to open display :16240.0
&gt;   warnings.warn(("Could not connect to TraCI server using port %s (%s)." +
&gt; FXApp::openDisplay: unable to open display :16240.0
&gt;   warnings.warn(("Could not connect to TraCI server using port %s (%s)." +
&gt; FXApp::openDisplay: unable to open display :16240.0
&gt;   warnings.warn(("Could not connect to TraCI server using port %s (%s)." +
&gt; FXApp::openDisplay: unable to open display :16240.0
&gt;   warnings.warn(("Could not connect to TraCI server using port %s (%s)." +
&gt; FXApp::openDisplay: unable to open display :16240.0
&gt;   warnings.warn(("Could not connect to TraCI server using port %s (%s)." +
&gt; FXApp::openDisplay: unable to open display :16240.0
&gt;   warnings.warn(("Could not connect to TraCI server using port %s (%s)." +
&gt; FXApp::openDisplay: unable to open display :16240.0
&gt;   warnings.warn(("Could not connect to TraCI server using port %s (%s)." +
&gt; FXApp::openDisplay: unable to open display :16240.0
&gt;   warnings.warn(("Could not connect to TraCI server using port %s (%s)." +
&gt; FXApp::openDisplay: unable to open display :16240.0
&gt;   warnings.warn(("Could not connect to TraCI server using port %s (%s)." +
&gt; FXApp::openDisplay: unable to open display :16240.0
&gt;   warnings.warn(("Could not connect to TraCI server using port %s (%s)." +
&gt; FXApp::openDisplay: unable to open display :16240.0
&gt;   warnings.warn(("Could not connect to TraCI server using port %s (%s)." +
&gt; FXApp::openDisplay: unable to open display :16240.0
&gt;   warnings.warn(("Could not connect to TraCI server using port %s (%s)." +
&gt; FXApp::openDisplay: unable to open display :16240.0
&gt;   warnings.warn(("Could not connect to TraCI server using port %s (%s)." +
&gt; FXApp::openDisplay: unable to open display :16240.0
&lt;truncated after showing first 30 lines&gt;
</PRE>
<A NAME="defaultsumo fcdReplay"></A>
<H4>TEST FAILED on ts-bapmsumbld : sumo fcdReplay (
<A HREF="test_default.html#defaultsumo fcdReplay">Last six runs</A>
<A HREF="test_default_all_Oct2024.html#defaultsumo fcdReplay">Oct2024</A>
<A HREF="test_default_all_Sep2024.html#defaultsumo fcdReplay">Sep2024</A>

)</H4>

<PRE>---------- Differences in errors ----------
0a1,187
&gt; FXApp::openDisplay: unable to open display :9225.0
&gt;   warnings.warn(("Could not connect to TraCI server using port %s (%s)." +
&gt; FXApp::openDisplay: unable to open display :9225.0
&gt;   warnings.warn(("Could not connect to TraCI server using port %s (%s)." +
&gt; FXApp::openDisplay: unable to open display :9225.0
&gt;   warnings.warn(("Could not connect to TraCI server using port %s (%s)." +
&gt; FXApp::openDisplay: unable to open display :9225.0
&gt;   warnings.warn(("Could not connect to TraCI server using port %s (%s)." +
&gt; FXApp::openDisplay: unable to open display :9225.0
&gt;   warnings.warn(("Could not connect to TraCI server using port %s (%s)." +
&gt; FXApp::openDisplay: unable to open display :9225.0
&gt;   warnings.warn(("Could not connect to TraCI server using port %s (%s)." +
&gt; FXApp::openDisplay: unable to open display :9225.0
&gt;   warnings.warn(("Could not connect to TraCI server using port %s (%s)." +
&gt; FXApp::openDisplay: unable to open display :9225.0
&gt;   warnings.warn(("Could not connect to TraCI server using port %s (%s)." +
&gt; FXApp::openDisplay: unable to open display :9225.0
&gt;   warnings.warn(("Could not connect to TraCI server using port %s (%s)." +
&gt; FXApp::openDisplay: unable to open display :9225.0
&gt;   warnings.warn(("Could not connect to TraCI server using port %s (%s)." +
&gt; FXApp::openDisplay: unable to open display :9225.0
&gt;   warnings.warn(("Could not connect to TraCI server using port %s (%s)." +
&gt; FXApp::openDisplay: unable to open display :9225.0
&gt;   warnings.warn(("Could not connect to TraCI server using port %s (%s)." +
&gt; FXApp::openDisplay: unable to open display :9225.0
&gt;   warnings.warn(("Could not connect to TraCI server using port %s (%s)." +
&gt; FXApp::openDisplay: unable to open display :9225.0
&gt;   warnings.warn(("Could not connect to TraCI server using port %s (%s)." +
&gt; FXApp::openDisplay: unable to open display :9225.0
&lt;truncated after showing first 30 lines&gt;
</PRE>
<A NAME="defaultsumo gui"></A>
<H4>TEST FAILED on ts-bapmsumbld : sumo gui (
<A HREF="test_default.html#defaultsumo gui">Last six runs</A>
<A HREF="test_default_all_Oct2024.html#defaultsumo gui">Oct2024</A>
<A HREF="test_default_all_Sep2024.html#defaultsumo gui">Sep2024</A>

)</H4>

<PRE>---------- Differences in errors ----------
0a1,5
&gt; Traceback (most recent call last):
&gt;   File "/Users/sumo/clangMacOS/sumo/tests/../tests/complex/sumo/gui/runner.py", line 26, in &lt;module&gt;
&gt;     import pyautogui  # noqa
&gt;     ^^^^^^^^^^^^^^^^
&gt; ModuleNotFoundError: No module named 'pyautogui'
---------- Missing result in vehroutes ----------
&lt;?xml version="1.0" encoding="UTF-8"?&gt;


&lt;routes xmlns:xsi="http://www.w3.org/2001/XMLSchema-instance" xsi:noNamespaceSchemaLocation="http://sumo.dlr.de/xsd/routes_file.xsd"&gt;
    &lt;vehicle id="vertical.0" depart="103.00" arrival="344.00"&gt;
        &lt;route edges="3fi 3si 4o 4fi 4si 3o 3fi"/&gt;
    &lt;/vehicle&gt;

    &lt;vehicle id="vertical.1" depart="113.00" arrival="378.00"&gt;
        &lt;route edges="3fi 3si 4o 4fi 4si 3o 3fi"/&gt;
    &lt;/vehicle&gt;

    &lt;vehicle id="vertical.2" depart="123.00" arrival="380.00"&gt;
        &lt;route edges="3fi 3si 4o 4fi 4si 3o 3fi"/&gt;
    &lt;/vehicle&gt;

    &lt;vehicle id="vertical.3" depart="133.00" arrival="382.00"&gt;
        &lt;route edges="3fi 3si 4o 4fi 4si 3o 3fi"/&gt;
    &lt;/vehicle&gt;

    &lt;vehicle id="vertical.4" depart="143.00" arrival="384.00"&gt;
        &lt;route edges="3fi 3si 4o 4fi 4si 3o 3fi"/&gt;
    &lt;/vehicle&gt;

    &lt;vehicle id="vertical.5" depart="153.00" arrival="386.00"&gt;
        &lt;route edges="3fi 3si 4o 4fi 4si 3o 3fi"/&gt;
    &lt;/vehicle&gt;

    &lt;vehicle id="vertical.6" depart="163.00" arrival="435.00"&gt;
        &lt;route edges="3fi 3si 4o 4fi 4si 3o 3fi"/&gt;
&lt;truncated after showing first 30 lines&gt;
</PRE>
<A NAME="defaultsumo output teleport_multihop_newDefaults"></A>
<H4>TEST FAILED on ts-bapmsumbld : sumo output teleport_multihop_newDefaults (
<A HREF="test_default.html#defaultsumo output teleport_multihop_newDefaults">Last six runs</A>
<A HREF="test_default_all_Oct2024.html#defaultsumo output teleport_multihop_newDefaults">Oct2024</A>
<A HREF="test_default_all_Sep2024.html#defaultsumo output teleport_multihop_newDefaults">Sep2024</A>

)</H4>

<PRE>---------- Differences in detector ----------
6,7c6,7
&lt;    &lt;interval begin="0.00" end="100.00" id="e2_2/1to1/1_0" sampledSeconds="241.14" nVehEntered="15" nVehLeft="0" nVehSeen="15" meanSpeed="10.12" meanTimeLoss="0.49" meanOccupancy="0.04" maxOccupancy="0.25" meanMaxJamLengthInVehicles="0.00" meanMaxJamLengthInMeters="0.00" maxJamLengthInVehicles="0" maxJamLengthInMeters="0.00" jamLengthInVehiclesSum="0" jamLengthInMetersSum="0.00" meanHaltingDuration="0.00" maxHaltingDuration="0.00" haltingDurationSum="0.00" meanIntervalHaltingDuration="0.00" max
IntervalHaltingDuration="0.00" intervalHaltingDurationSum="0.00" startedHalts="0.00" meanVehicleNumber="2.46" maxVehicleNumber="15" /&gt;
&lt;    &lt;interval begin="0.00" end="100.00" id="e3_2/1to1/1_0" meanTravelTime="-1.00" meanOverlapTravelTime="-1.00" meanSpeed="-1.00" meanHaltsPerVehicle="-1.00" meanTimeLoss="-1.00" vehicleSum="0" meanSpeedWithin="10.06" meanHaltsPerVehicleWithin="0.00" meanDurationWithin="17.08" vehicleSumWithin="15" meanIntervalSpeedWithin="10.06" meanIntervalHaltsPerVehicleWithin="0.00" meanIntervalDurationWithin="17.08" meanTimeLossWithin="0.47"/&gt;
---
&gt;    &lt;interval begin="0.00" end="100.00" id="e2_2/1to1/1_0" sampledSeconds="241.94" nVehEntered="15" nVehLeft="0" nVehSeen="15" meanSpeed="10.12" meanTimeLoss="0.48" meanOccupancy="0.04" maxOccupancy="0.25" meanMaxJamLengthInVehicles="0.00" meanMaxJamLengthInMeters="0.00" maxJamLengthInVehicles="0" maxJamLengthInMeters="0.00" jamLengthInVehiclesSum="0" jamLengthInMetersSum="0.00" meanHaltingDuration="0.00" maxHaltingDuration="0.00" haltingDurationSum="0.00" meanIntervalHaltingDuration="0.00" max
IntervalHaltingDuration="0.00" intervalHaltingDurationSum="0.00" startedHalts="0.00" meanVehicleNumber="2.50" maxVehicleNumber="15" /&gt;
&gt;    &lt;interval begin="0.00" end="100.00" id="e3_2/1to1/1_0" meanTravelTime="-1.00" meanOverlapTravelTime="-1.00" meanSpeed="-1.00" meanHaltsPerVehicle="-1.00" meanTimeLoss="-1.00" vehicleSum="0" meanSpeedWithin="10.07" meanHaltsPerVehicleWithin="0.00" meanDurationWithin="17.13" vehicleSumWithin="15" meanIntervalSpeedWithin="10.07" meanIntervalHaltsPerVehicleWithin="0.00" meanIntervalDurationWithin="17.13" meanTimeLossWithin="0.47"/&gt;
11,16c11,16
&lt;     &lt;interval begin="100.00" end="200.00" id="e1_2/1to1/1_0" nVehContrib="48" flow="1728.00" occupancy="23.99" speed="10.00" harmonicMeanSpeed="10.00" length="5.00" nVehEntered="48"/&gt;
&lt;    &lt;interval begin="100.00" end="200.00" id="e2_2/1to1/1_0" sampledSeconds="3878.48" nVehEntered="38" nVehLeft="0" nVehSeen="53" meanSpeed="7.37" meanTimeLoss="21.85" meanOccupancy="0.65" maxOccupancy="0.88" meanMaxJamLengthInVehicles="9.52" meanMaxJamLengthInMeters="70.01" maxJamLengthInVehicles="39" maxJamLengthInMeters="290.04" jamLengthInVehiclesSum="952" jamLengthInMetersSum="7000.90" meanHaltingDuration="24.80" maxHaltingDuration="57.00" haltingDurationSum="992.00" meanIntervalHaltingDur
ation="24.80" maxIntervalHaltingDuration="57.00" intervalHaltingDurationSum="992.00" startedHalts="40.00" meanVehicleNumber="38.91" maxVehicleNumber="53" /&gt;
&lt;    &lt;interval begin="100.00" end="200.00" id="e3_2/1to1/1_0" meanTravelTime="39.91" meanOverlapTravelTime="40.41" meanSpeed="10.02" meanHaltsPerVehicle="0.00" meanTimeLoss="1.99" vehicleSum="45" meanSpeedWithin="10.01" meanHaltsPerVehicleWithin="0.00" meanDurationWithin="33.28" vehicleSumWithin="8" meanIntervalSpeedWithin="10.01" meanIntervalHaltsPerVehicleWithin="0.00" meanIntervalDurationWithin="33.28" meanTimeLossWithin="0.85"/&gt;
&lt;     &lt;interval begin="100.00" end="200.00" id="e1_1/1to0/1_0" nVehContrib="26" flow="936.00" occupancy="29.90" speed="9.96" harmonicMeanSpeed="9.94" length="5.00" nVehEntered="27"/&gt;
&lt;    &lt;interval begin="100.00" end="200.00" id="e2_1/1to0/1_0" sampledSeconds="2065.64" nVehEntered="46" nVehLeft="0" nVehSeen="46" meanSpeed="5.06" meanTimeLoss="23.27" meanOccupancy="0.35" maxOccupancy="0.75" meanMaxJamLengthInVehicles="9.52" meanMaxJamLengthInMeters="70.01" maxJamLengthInVehicles="39" maxJamLengthInMeters="290.04" jamLengthInVehiclesSum="952" jamLengthInMetersSum="7000.90" meanHaltingDuration="24.80" maxHaltingDuration="57.00" haltingDurationSum="992.00" meanIntervalHaltingDur
ation="24.80" maxIntervalHaltingDuration="57.00" intervalHaltingDurationSum="992.00" startedHalts="40.00" meanVehicleNumber="20.83" maxVehicleNumber="46" /&gt;
&lt;    &lt;interval begin="100.00" end="200.00" id="e3_1/1to0/1_0" meanTravelTime="-1.00" meanOverlapTravelTime="-1.00" meanSpeed="-1.00" meanHaltsPerVehicle="-1.00" meanTimeLoss="-1.00" vehicleSum="0" meanSpeedWithin="6.11" meanHaltsPerVehicleWithin="0.85" meanDurationWithin="45.91" vehicleSumWithin="46" meanIntervalSpeedWithin="6.11" meanIntervalHaltsPerVehicleWithin="0.85" meanIntervalDurationWithin="45.91" meanTimeLossWithin="1.94"/&gt;
---
&gt;     &lt;interval begin="100.00" end="200.00" id="e1_2/1to1/1_0" nVehContrib="48" flow="1728.00" occupancy="23.97" speed="10.01" harmonicMeanSpeed="10.01" length="5.00" nVehEntered="48"/&gt;
&gt;    &lt;interval begin="100.00" end="200.00" id="e2_2/1to1/1_0" sampledSeconds="3880.41" nVehEntered="38" nVehLeft="0" nVehSeen="53" meanSpeed="7.37" meanTimeLoss="21.90" meanOccupancy="0.65" maxOccupancy="0.88" meanMaxJamLengthInVehicles="9.52" meanMaxJamLengthInMeters="70.01" maxJamLengthInVehicles="39" maxJamLengthInMeters="290.04" jamLengthInVehiclesSum="952" jamLengthInMetersSum="7000.90" meanHaltingDuration="24.80" maxHaltingDuration="57.00" haltingDurationSum="992.00" meanIntervalHaltingDur
ation="24.80" maxIntervalHaltingDuration="57.00" intervalHaltingDurationSum="992.00" startedHalts="40.00" meanVehicleNumber="39.05" maxVehicleNumber="53" /&gt;
&gt;    &lt;interval begin="100.00" end="200.00" id="e3_2/1to1/1_0" meanTravelTime="39.86" meanOverlapTravelTime="40.36" meanSpeed="10.04" meanHaltsPerVehicle="0.00" meanTimeLoss="1.95" vehicleSum="45" meanSpeedWithin="10.02" meanHaltsPerVehicleWithin="0.00" meanDurationWithin="33.34" vehicleSumWithin="8" meanIntervalSpeedWithin="10.02" meanIntervalHaltsPerVehicleWithin="0.00" meanIntervalDurationWithin="33.34" meanTimeLossWithin="0.84"/&gt;
&gt;     &lt;interval begin="100.00" end="200.00" id="e1_1/1to0/1_0" nVehContrib="26" flow="936.00" occupancy="30.05" speed="9.96" harmonicMeanSpeed="9.94" length="5.00" nVehEntered="27"/&gt;
&gt;    &lt;interval begin="100.00" end="200.00" id="e2_1/1to0/1_0" sampledSeconds="2070.01" nVehEntered="46" nVehLeft="0" nVehSeen="46" meanSpeed="5.05" meanTimeLoss="23.36" meanOccupancy="0.35" maxOccupancy="0.75" meanMaxJamLengthInVehicles="9.52" meanMaxJamLengthInMeters="70.01" maxJamLengthInVehicles="39" maxJamLengthInMeters="290.04" jamLengthInVehiclesSum="952" jamLengthInMetersSum="7000.90" meanHaltingDuration="24.80" maxHaltingDuration="57.00" haltingDurationSum="992.00" meanIntervalHaltingDur
ation="24.80" maxIntervalHaltingDuration="57.00" intervalHaltingDurationSum="992.00" startedHalts="40.00" meanVehicleNumber="20.98" maxVehicleNumber="46" /&gt;
&gt;    &lt;interval begin="100.00" end="200.00" id="e3_1/1to0/1_0" meanTravelTime="-1.00" meanOverlapTravelTime="-1.00" meanSpeed="-1.00" meanHaltsPerVehicle="-1.00" meanTimeLoss="-1.00" vehicleSum="0" meanSpeedWithin="6.10" meanHaltsPerVehicleWithin="0.85" meanDurationWithin="46.00" vehicleSumWithin="46" meanIntervalSpeedWithin="6.10" meanIntervalHaltsPerVehicleWithin="0.85" meanIntervalDurationWithin="46.00" meanTimeLossWithin="1.98"/&gt;
18,19c18,19
&lt;    &lt;interval begin="200.00" end="300.00" id="e2_2/1to1/1_0" sampledSeconds="5372.96" nVehEntered="1" nVehLeft="0" nVehSeen="54" meanSpeed="0.26" meanTimeLoss="97.06" meanOccupancy="0.90" maxOccupancy="0.90" meanMaxJamLengthInVehicles="52.14" meanMaxJamLengthInMeters="389.41" maxJamLengthInVehicles="54" maxJamLengthInMeters="405.00" jamLengthInVehiclesSum="5214" jamLengthInMetersSum="38940.90" meanHaltingDuration="115.19" maxHaltingDuration="157.00" haltingDurationSum="6220.00" meanIntervalHalt
ingDuration="96.81" maxIntervalHaltingDuration="100.00" intervalHaltingDurationSum="5228.00" startedHalts="14.00" meanVehicleNumber="53.73" maxVehicleNumber="54" /&gt;
&lt;    &lt;interval begin="200.00" end="300.00" id="e3_2/1to1/1_0" meanTravelTime="39.96" meanOverlapTravelTime="40.47" meanSpeed="10.02" meanHaltsPerVehicle="0.00" meanTimeLoss="1.31" vehicleSum="8" meanSpeedWithin="5.54" meanHaltsPerVehicleWithin="1.00" meanDurationWithin="73.96" vehicleSumWithin="1" meanIntervalSpeedWithin="5.54" meanIntervalHaltsPerVehicleWithin="1.00" meanIntervalDurationWithin="73.96" meanTimeLossWithin="35.32"/&gt;
---
&gt;    &lt;interval begin="200.00" end="300.00" id="e2_2/1to1/1_0" sampledSeconds="5372.96" nVehEntered="1" nVehLeft="0" nVehSeen="54" meanSpeed="0.25" meanTimeLoss="97.08" meanOccupancy="0.90" maxOccupancy="0.90" meanMaxJamLengthInVehicles="52.14" meanMaxJamLengthInMeters="389.41" maxJamLengthInVehicles="54" maxJamLengthInMeters="405.00" jamLengthInVehiclesSum="5214" jamLengthInMetersSum="38940.90" meanHaltingDuration="115.19" maxHaltingDuration="157.00" haltingDurationSum="6220.00" meanIntervalHalt
ingDuration="96.81" maxIntervalHaltingDuration="100.00" intervalHaltingDurationSum="5228.00" startedHalts="14.00" meanVehicleNumber="53.73" maxVehicleNumber="54" /&gt;
&gt;    &lt;interval begin="200.00" end="300.00" id="e3_2/1to1/1_0" meanTravelTime="39.92" meanOverlapTravelTime="40.44" meanSpeed="10.02" meanHaltsPerVehicle="0.00" meanTimeLoss="1.28" vehicleSum="8" meanSpeedWithin="5.54" meanHaltsPerVehicleWithin="1.00" meanDurationWithin="73.96" vehicleSumWithin="1" meanIntervalSpeedWithin="5.54" meanIntervalHaltsPerVehicleWithin="1.00" meanIntervalDurationWithin="73.96" meanTimeLossWithin="35.32"/&gt;
21,22c21,22
&lt;    &lt;interval begin="200.00" end="300.00" id="e2_1/1to0/1_0" sampledSeconds="5238.44" nVehEntered="7" nVehLeft="0" nVehSeen="53" meanSpeed="0.07" meanTimeLoss="98.16" meanOccupancy="0.87" maxOccupancy="0.88" meanMaxJamLengthInVehicles="51.81" meanMaxJamLengthInMeters="386.13" maxJamLengthInVehicles="53" maxJamLengthInMeters="395.05" jamLengthInVehiclesSum="5181" jamLengthInMetersSum="38612.58" meanHaltingDuration="116.72" maxHaltingDuration="157.00" haltingDurationSum="6186.00" meanIntervalHalt
ingDuration="98.00" maxIntervalHaltingDuration="100.00" intervalHaltingDurationSum="5194.00" startedHalts="13.00" meanVehicleNumber="52.40" maxVehicleNumber="53" /&gt;
&lt;    &lt;interval begin="200.00" end="300.00" id="e3_1/1to0/1_0" meanTravelTime="-1.00" meanOverlapTravelTime="-1.00" meanSpeed="-1.00" meanHaltsPerVehicle="-1.00" meanTimeLoss="-1.00" vehicleSum="0" meanSpeedWithin="1.42" meanHaltsPerVehicleWithin="1.00" meanDurationWithin="138.81" vehicleSumWithin="53" meanIntervalSpeedWithin="0.09" meanIntervalHaltsPerVehicleWithin="0.26" meanIntervalDurationWithin="98.97" meanTimeLossWithin="0.29"/&gt;
---
&lt;truncated after showing first 30 lines&gt;
---------- Differences in output ----------
9,24c9,24
&lt; failed 0.1 ['--step-length', '.1', '--end', '100'] 2/1to1/1_0 (76.2, 76.3) [('e2', 10.49), ('e3', 10.35), ('edge', 10.49), ('lane', 10.49)]
&lt; failed 0.1 ['--step-length', '.1', '--end', '100'] 2/1to1/1_0 (76.2, 76.3) [('e2', 10.49), ('e3', 10.35), ('edge', 10.49), ('lane', 10.49)]
&lt; failed 1 ['--step-length', '.1', '--end', '100'] 2/1to1/1_0 (76.0, 77.0) [('e2', 10.39), ('e3', 10.35), ('edge', 10.39), ('lane', 10.39)]
&lt; failed 1 ['--step-length', '.1', '--end', '100'] 2/1to1/1_0 (76.0, 77.0) [('e2', 10.39), ('e3', 10.35), ('edge', 10.39), ('lane', 10.39)]
&lt; failed 10 ['--step-length', '.1', '--end', '100'] 2/1to1/1_0 (70.0, 80.0) [('e2', 10.42), ('e3', 10.25), ('edge', 10.42), ('lane', 10.42)]
&lt; failed 10 ['--step-length', '.1', '--end', '100'] 2/1to1/1_0 (70.0, 80.0) [('e2', 10.42), ('e3', 10.25), ('edge', 10.42), ('lane', 10.42)]
&lt; failed 100 ['--step-length', '.1', '--end', '100'] 2/1to1/1_0 (0.0, 100.0) [('e1', 10.27), ('e2', 10.24), ('e3', 9.59), ('edge', 10.24), ('lane', 10.24)]
&lt; failed 100 ['--step-length', '.1', '--end', '100'] 2/1to1/1_0 (0.0, 100.0) [('e1', 10.27), ('e2', 10.24), ('e3', 9.59), ('edge', 10.24), ('lane', 10.24)]
&lt; failed 0.1 ['--step-length', '.1', '--end', '1000'] 2/1to1/1_0 (76.2, 76.3) [('e2', 10.49), ('e3', 10.35), ('edge', 10.49), ('lane', 10.49)]
&lt; failed 0.1 ['--step-length', '.1', '--end', '1000'] 2/1to1/1_0 (76.2, 76.3) [('e2', 10.49), ('e3', 10.35), ('edge', 10.49), ('lane', 10.49)]
&lt; failed 1 ['--step-length', '.1', '--end', '1000'] 2/1to1/1_0 (76.0, 77.0) [('e2', 10.39), ('e3', 10.35), ('edge', 10.39), ('lane', 10.39)]
&lt; failed 1 ['--step-length', '.1', '--end', '1000'] 2/1to1/1_0 (76.0, 77.0) [('e2', 10.39), ('e3', 10.35), ('edge', 10.39), ('lane', 10.39)]
&lt; failed 10 ['--step-length', '.1', '--end', '1000'] 2/1to1/1_0 (70.0, 80.0) [('e2', 10.42), ('e3', 10.25), ('edge', 10.42), ('lane', 10.42)]
&lt; failed 10 ['--step-length', '.1', '--end', '1000'] 2/1to1/1_0 (70.0, 80.0) [('e2', 10.42), ('e3', 10.25), ('edge', 10.42), ('lane', 10.42)]
&lt; failed 100 ['--step-length', '.1', '--end', '1000'] 2/1to1/1_0 (0.0, 100.0) [('e1', 10.27), ('e2', 10.24), ('e3', 9.59), ('edge', 10.24), ('lane', 10.24)]
&lt; failed 100 ['--step-length', '.1', '--end', '1000'] 2/1to1/1_0 (0.0, 100.0) [('e1', 10.27), ('e2', 10.24), ('e3', 9.59), ('edge', 10.24), ('lane', 10.24)]
---
&gt; failed 0.1 ['--step-length', '.1', '--end', '100'] 2/1to1/1_0 (70.9, 71.0) &lt;zip object at 0x10d1f7480&gt;
&gt; failed 0.1 ['--step-length', '.1', '--end', '100'] 2/1to1/1_0 (70.9, 71.0) &lt;zip object at 0x10d1b2200&gt;
&gt; failed 1 ['--step-length', '.1', '--end', '100'] 2/1to1/1_0 (70.0, 71.0) &lt;zip object at 0x10d211d80&gt;
&gt; failed 1 ['--step-length', '.1', '--end', '100'] 2/1to1/1_0 (70.0, 71.0) &lt;zip object at 0x10d213c80&gt;
&gt; failed 10 ['--step-length', '.1', '--end', '100'] 2/1to1/1_0 (70.0, 80.0) &lt;zip object at 0x10d213b80&gt;
&gt; failed 10 ['--step-length', '.1', '--end', '100'] 2/1to1/1_0 (70.0, 80.0) &lt;zip object at 0x10d212880&gt;
&gt; failed 100 ['--step-length', '.1', '--end', '100'] 2/1to1/1_0 (0.0, 100.0) &lt;zip object at 0x10d212e80&gt;
&gt; failed 100 ['--step-length', '.1', '--end', '100'] 2/1to1/1_0 (0.0, 100.0) &lt;zip object at 0x10d2114c0&gt;
&gt; failed 0.1 ['--step-length', '.1', '--end', '1000'] 2/1to1/1_0 (70.9, 71.0) &lt;zip object at 0x10d212880&gt;
&gt; failed 0.1 ['--step-length', '.1', '--end', '1000'] 2/1to1/1_0 (70.9, 71.0) &lt;zip object at 0x10d22d740&gt;
&gt; failed 1 ['--step-length', '.1', '--end', '1000'] 2/1to1/1_0 (70.0, 71.0) &lt;zip object at 0x10d09a740&gt;
&gt; failed 1 ['--step-length', '.1', '--end', '1000'] 2/1to1/1_0 (70.0, 71.0) &lt;zip object at 0x10d4d41c0&gt;
&lt;truncated after showing first 30 lines&gt;
</PRE>
<A NAME="defaultsumo speedMap"></A>
<H4>TEST FAILED on ts-bapmsumbld : sumo speedMap (
<A HREF="test_default.html#defaultsumo speedMap">Last six runs</A>
<A HREF="test_default_all_Oct2024.html#defaultsumo speedMap">Oct2024</A>
<A HREF="test_default_all_Sep2024.html#defaultsumo speedMap">Sep2024</A>

)</H4>

<PRE>---------- Differences in errors ----------
1,8c1,4
&lt; Warning: Teleporting vehicle '7'; collision with vehicle '6', lane='1/1to2/1_0', gap=-0.73, time=5.00, stage=move.
&lt; Warning: Vehicle '7' ends teleporting on edge '2/1to3/1', time=5.00.
&lt; Warning: Teleporting vehicle '20'; collision with vehicle '19', lane='1/1to2/1_0', gap=-0.26, time=34.00, stage=move.
&lt; Warning: Vehicle '20' ends teleporting on edge '2/1to3/1', time=34.00.
&lt; Warning: Teleporting vehicle '18'; collision with vehicle '17', lane='1/1to2/1_0', gap=-0.77, time=52.00, stage=move.
&lt; Warning: Teleporting vehicle '24'; collision with vehicle '23', lane='1/1to2/1_0', gap=-0.15, time=52.00, stage=move.
&lt; Warning: Vehicle '18' ends teleporting on edge '2/1to3/1', time=52.00.
&lt; Warning: Vehicle '24' ends teleporting on edge '2/1to3/1', time=52.00.
---
&gt; Traceback (most recent call last):
&gt;   File "/Users/sumo/clangMacOS/sumo/tests/../tests/complex/sumo/speedMap/runner.py", line 26, in &lt;module&gt;
&gt;     import matplotlib
&gt; ModuleNotFoundError: No module named 'matplotlib'
---------- Missing result in state ----------
&lt;?xml version="1.0" encoding="UTF-8"?&gt;


&lt;netstate xmlns:xsi="http://www.w3.org/2001/XMLSchema-instance" xsi:noNamespaceSchemaLocation="http://sumo.dlr.de/xsd/netstate_file.xsd"&gt;
    &lt;timestep time="0.00"&gt;
        &lt;edge id="1/1to2/1"&gt;
            &lt;lane id="1/1to2/1_0"&gt;
                &lt;vehicle id="24" pos="308.00" speed="0.00"/&gt;
                &lt;vehicle id="23" pos="316.00" speed="0.00"/&gt;
                &lt;vehicle id="22" pos="324.00" speed="0.00"/&gt;
                &lt;vehicle id="21" pos="332.00" speed="0.00"/&gt;
                &lt;vehicle id="20" pos="340.00" speed="0.00"/&gt;
                &lt;vehicle id="19" pos="348.00" speed="0.00"/&gt;
                &lt;vehicle id="18" pos="356.00" speed="0.00"/&gt;
                &lt;vehicle id="17" pos="364.00" speed="0.00"/&gt;
                &lt;vehicle id="16" pos="372.00" speed="0.00"/&gt;
                &lt;vehicle id="15" pos="380.00" speed="0.00"/&gt;
                &lt;vehicle id="14" pos="388.00" speed="0.00"/&gt;
                &lt;vehicle id="13" pos="396.00" speed="0.00"/&gt;
                &lt;vehicle id="12" pos="404.00" speed="0.00"/&gt;
                &lt;vehicle id="11" pos="412.00" speed="0.00"/&gt;
                &lt;vehicle id="10" pos="420.00" speed="0.00"/&gt;
                &lt;vehicle id="9" pos="428.00" speed="0.00"/&gt;
                &lt;vehicle id="8" pos="436.00" speed="0.00"/&gt;
                &lt;vehicle id="7" pos="444.00" speed="0.00"/&gt;
                &lt;vehicle id="6" pos="452.00" speed="0.00"/&gt;
                &lt;vehicle id="5" pos="460.00" speed="0.00"/&gt;
                &lt;vehicle id="4" pos="468.00" speed="0.00"/&gt;
                &lt;vehicle id="3" pos="476.00" speed="0.00"/&gt;
                &lt;vehicle id="2" pos="484.00" speed="0.00"/&gt;
&lt;truncated after showing first 30 lines&gt;
</PRE>
<A NAME="defaulttraci connection clientCloses sumo-gui"></A>
<H4>TEST FAILED on ts-bapmsumbld : traci connection clientCloses sumo-gui (
<A HREF="test_default.html#defaulttraci connection clientCloses sumo-gui">Last six runs</A>
<A HREF="test_default_all_Oct2024.html#defaulttraci connection clientCloses sumo-gui">Oct2024</A>
<A HREF="test_default_all_Sep2024.html#defaulttraci connection clientCloses sumo-gui">Sep2024</A>

)</H4>

<PRE>---------- Differences in errors ----------
0a1,6
&gt; FXApp::openDisplay: unable to open display :10531.0
&gt; Traceback (most recent call last):
&gt;     raise FatalTraCIError("Could not connect in %s tries" % (numRetries + 1))
&gt; traci.exceptions.FatalTraCIError: Could not connect in 61 tries
&gt; /usr/local/Cellar/python@3.11/3.11.6/Frameworks/Python.framework/Versions/3.11/lib/python3.11/subprocess.py:1127: ResourceWarning: subprocess 10540 is still running
&gt;   _warn("subprocess %s is still running" % self.pid,
---------- Differences in output ----------
3,15d2
&lt; Print ended at step 100.0
&lt; ----------- SUMO end time is not given -----------
&lt; Print ended at step 100.0
&lt; =========== empty routes in SUMO ===========
&lt; ----------- SUMO end time is smaller than TraCI's -----------
&lt; Print ended at step 100.0
&lt; ----------- SUMO end time is not given -----------
&lt; Print ended at step 100.0
&lt; =========== vehicle leaves before TraCI ends ===========
&lt; ----------- SUMO end time is smaller than TraCI's -----------
&lt; Print ended at step 100.0
&lt; ----------- SUMO end time is not given -----------
&lt; Print ended at step 100.0
</PRE>
<A NAME="defaulttraci connection closingOutput sumo-gui"></A>
<H4>TEST FAILED on ts-bapmsumbld : traci connection closingOutput sumo-gui (
<A HREF="test_default.html#defaulttraci connection closingOutput sumo-gui">Last six runs</A>
<A HREF="test_default_all_Oct2024.html#defaulttraci connection closingOutput sumo-gui">Oct2024</A>
<A HREF="test_default_all_Sep2024.html#defaulttraci connection closingOutput sumo-gui">Sep2024</A>

)</H4>

<PRE>---------- Differences in errors ----------
0a1,187
&gt; FXApp::openDisplay: unable to open display :10559.0
&gt;   warnings.warn(("Could not connect to TraCI server using port %s (%s)." +
&gt; FXApp::openDisplay: unable to open display :10559.0
&gt;   warnings.warn(("Could not connect to TraCI server using port %s (%s)." +
&gt; FXApp::openDisplay: unable to open display :10559.0
&gt;   warnings.warn(("Could not connect to TraCI server using port %s (%s)." +
&gt; FXApp::openDisplay: unable to open display :10559.0
&gt;   warnings.warn(("Could not connect to TraCI server using port %s (%s)." +
&gt; FXApp::openDisplay: unable to open display :10559.0
&gt;   warnings.warn(("Could not connect to TraCI server using port %s (%s)." +
&gt; FXApp::openDisplay: unable to open display :10559.0
&gt;   warnings.warn(("Could not connect to TraCI server using port %s (%s)." +
&gt; FXApp::openDisplay: unable to open display :10559.0
&gt;   warnings.warn(("Could not connect to TraCI server using port %s (%s)." +
&gt; FXApp::openDisplay: unable to open display :10559.0
&gt;   warnings.warn(("Could not connect to TraCI server using port %s (%s)." +
&gt; FXApp::openDisplay: unable to open display :10559.0
&gt;   warnings.warn(("Could not connect to TraCI server using port %s (%s)." +
&gt; FXApp::openDisplay: unable to open display :10559.0
&gt;   warnings.warn(("Could not connect to TraCI server using port %s (%s)." +
&gt; FXApp::openDisplay: unable to open display :10559.0
&gt;   warnings.warn(("Could not connect to TraCI server using port %s (%s)." +
&gt; FXApp::openDisplay: unable to open display :10559.0
&gt;   warnings.warn(("Could not connect to TraCI server using port %s (%s)." +
&gt; FXApp::openDisplay: unable to open display :10559.0
&gt;   warnings.warn(("Could not connect to TraCI server using port %s (%s)." +
&gt; FXApp::openDisplay: unable to open display :10559.0
&gt;   warnings.warn(("Could not connect to TraCI server using port %s (%s)." +
&gt; FXApp::openDisplay: unable to open display :10559.0
&lt;truncated after showing first 30 lines&gt;
---------- Missing result in state ----------
&lt;?xml version="1.0" encoding="UTF-8"?&gt;


&lt;netstate xmlns:xsi="http://www.w3.org/2001/XMLSchema-instance" xsi:noNamespaceSchemaLocation="http://sumo.dlr.de/xsd/netstate_file.xsd"&gt;
    &lt;timestep time="0.00"&gt;
        &lt;edge id="2fi"&gt;
            &lt;lane id="2fi_0"&gt;
                &lt;vehicle id="horiz" pos="5.10" speed="0.00"/&gt;
            &lt;/lane&gt;
        &lt;/edge&gt;
    &lt;/timestep&gt;
    &lt;timestep time="1.00"&gt;
        &lt;edge id="2fi"&gt;
            &lt;lane id="2fi_0"&gt;
                &lt;vehicle id="horiz" pos="6.53" speed="1.43"/&gt;
            &lt;/lane&gt;
        &lt;/edge&gt;
    &lt;/timestep&gt;
    &lt;timestep time="2.00"&gt;
        &lt;edge id="2fi"&gt;
            &lt;lane id="2fi_0"&gt;
                &lt;vehicle id="horiz" pos="10.57" speed="4.03"/&gt;
            &lt;/lane&gt;
        &lt;/edge&gt;
    &lt;/timestep&gt;
    &lt;timestep time="3.00"&gt;
        &lt;edge id="2fi"&gt;
            &lt;lane id="2fi_0"&gt;
                &lt;vehicle id="horiz" pos="16.77" speed="6.21"/&gt;
            &lt;/lane&gt;
&lt;truncated after showing first 30 lines&gt;
---------- Missing result in tripinfo ----------
&lt;?xml version="1.0" encoding="UTF-8"?&gt;


&lt;tripinfos xmlns:xsi="http://www.w3.org/2001/XMLSchema-instance" xsi:noNamespaceSchemaLocation="http://sumo.dlr.de/xsd/tripinfo_file.xsd"&gt;
&lt;/tripinfos&gt;
</PRE>
<A NAME="defaulttraci connection multipleConnections basic sumo-gui"></A>
<H4>TEST FAILED on ts-bapmsumbld : traci connection multipleConnections basic sumo-gui (
<A HREF="test_default.html#defaulttraci connection multipleConnections basic sumo-gui">Last six runs</A>
<A HREF="test_default_all_Oct2024.html#defaulttraci connection multipleConnections basic sumo-gui">Oct2024</A>
<A HREF="test_default_all_Sep2024.html#defaulttraci connection multipleConnections basic sumo-gui">Sep2024</A>

)</H4>

<PRE>---------- Differences in errors ----------
0a1,120
&gt; FXApp::openDisplay: unable to open display :10262.0
&gt; Process Process-1:
&gt; Traceback (most recent call last):
&gt;     raise FatalTraCIError("Could not connect in %s tries" % (numRetries + 1))
&gt; traci.exceptions.FatalTraCIError: Could not connect in 61 tries
&gt; Process Process-2:
&gt; Traceback (most recent call last):
&gt;     raise FatalTraCIError("Could not connect in %s tries" % (numRetries + 1))
&gt; traci.exceptions.FatalTraCIError: Could not connect in 61 tries
&gt; FXApp::openDisplay: unable to open display :10262.0
&gt; Process Process-4:
&gt; Traceback (most recent call last):
&gt;     raise FatalTraCIError("Could not connect in %s tries" % (numRetries + 1))
&gt; traci.exceptions.FatalTraCIError: Could not connect in 61 tries
&gt; Process Process-3:
&gt; Traceback (most recent call last):
&gt;     raise FatalTraCIError("Could not connect in %s tries" % (numRetries + 1))
&gt; traci.exceptions.FatalTraCIError: Could not connect in 61 tries
&gt; FXApp::openDisplay: unable to open display :10262.0
&gt; Process Process-5:
&gt; Traceback (most recent call last):
&gt;     raise FatalTraCIError("Could not connect in %s tries" % (numRetries + 1))
&gt; traci.exceptions.FatalTraCIError: Could not connect in 61 tries
&gt; Process Process-6:
&gt; Traceback (most recent call last):
&gt;     raise FatalTraCIError("Could not connect in %s tries" % (numRetries + 1))
&gt; traci.exceptions.FatalTraCIError: Could not connect in 61 tries
&gt; Process Process-7:
&gt; Traceback (most recent call last):
&lt;truncated after showing first 30 lines&gt;
---------- Differences in output ----------
15,44d14
&lt; -- Unordered text as found by filter 'Process [0-9]' --
&lt; Process 1 ended at step 99.0
&lt; Process 1 ended at step 99.0
&lt; Process 1 ended at step 99.0
&lt; Process 1 ended at step 99.0
&lt; Process 1 ended at step 99.0
&lt; Process 1 ended at step 99.0
&lt; Process 1 ended at step 99.0
&lt; Process 1 ended at step 99.0
&lt; Process 2 ended at step 99.0
&lt; Process 2 ended at step 99.0
&lt; Process 2 ended at step 99.0
&lt; Process 2 ended at step 99.0
&lt; Process 2 ended at step 99.0
&lt; Process 2 ended at step 99.0
&lt; Process 2 ended at step 99.0
&lt; Process 2 ended at step 99.0
&lt; Process 3 ended at step 99.0
&lt; Process 3 ended at step 99.0
&lt; Process 3 ended at step 99.0
&lt; Process 3 ended at step 99.0
&lt; Process 4 ended at step 99.0
&lt; Process 4 ended at step 99.0
&lt; Process 4 ended at step 99.0
&lt; Process 4 ended at step 99.0
&lt; Process 5 ended at step 99.0
&lt; Process 5 ended at step 99.0
&lt; Process 5 ended at step 99.0
&lt; Process 5 ended at step 99.0
&lt;truncated after showing first 30 lines&gt;
</PRE>
<A NAME="defaulttraci connection parallelConnection sumo-gui"></A>
<H4>TEST FAILED on ts-bapmsumbld : traci connection parallelConnection sumo-gui (
<A HREF="test_default.html#defaulttraci connection parallelConnection sumo-gui">Last six runs</A>
<A HREF="test_default_all_Oct2024.html#defaulttraci connection parallelConnection sumo-gui">Oct2024</A>
<A HREF="test_default_all_Sep2024.html#defaulttraci connection parallelConnection sumo-gui">Sep2024</A>

)</H4>

<PRE>---------- Differences in errors ----------
0a1,4
&gt; FXApp::openDisplay: unable to open display :10235.0
&gt; Traceback (most recent call last):
&gt;     raise FatalTraCIError("Could not connect.")
&gt; traci.exceptions.FatalTraCIError: Could not connect.
---------- Differences in output ----------
3,16d2
&lt;  Run 1
&lt;  Run 2
&lt; Print ended at step 100.0
&lt; Print ended at step 100.0
&lt; Print ended at step 100.0
&lt; Connection already closed.
&lt; ----------- TraCI ends first -----------
&lt;  Run 0
&lt;  Run 1
&lt;  Run 2
&lt; Print ended at step 100.0
&lt; Print ended at step 100.0
&lt; Print ended at step 100.0
&lt; Connection '2' is not known.
</PRE>
<A NAME="defaulttraci connection repeatedConnection sumo-gui"></A>
<H4>TEST FAILED on ts-bapmsumbld : traci connection repeatedConnection sumo-gui (
<A HREF="test_default.html#defaulttraci connection repeatedConnection sumo-gui">Last six runs</A>
<A HREF="test_default_all_Oct2024.html#defaulttraci connection repeatedConnection sumo-gui">Oct2024</A>
<A HREF="test_default_all_Sep2024.html#defaulttraci connection repeatedConnection sumo-gui">Sep2024</A>

)</H4>

<PRE>---------- Differences in errors ----------
0a1,6
&gt; FXApp::openDisplay: unable to open display :10194.0
&gt; Traceback (most recent call last):
&gt;     raise FatalTraCIError("Could not connect in %s tries" % (numRetries + 1))
&gt; traci.exceptions.FatalTraCIError: Could not connect in 61 tries
&gt; /usr/local/Cellar/python@3.11/3.11.6/Frameworks/Python.framework/Versions/3.11/lib/python3.11/subprocess.py:1127: ResourceWarning: subprocess 10205 is still running
&gt;   _warn("subprocess %s is still running" % self.pid,
---------- Differences in output ----------
3,42d2
&lt; Print ended at step 100.0
&lt;  Run 1
&lt; Print ended at step 100.0
&lt;  Run 2
&lt; Print ended at step 100.0
&lt;  Run 3
&lt; Print ended at step 100.0
&lt;  Run 4
&lt; Print ended at step 100.0
&lt;  Run 5
&lt; Print ended at step 100.0
&lt;  Run 6
&lt; Print ended at step 100.0
&lt;  Run 7
&lt; Print ended at step 100.0
&lt;  Run 8
&lt; Print ended at step 100.0
&lt;  Run 9
&lt; Print ended at step 100.0
&lt; ----------- TraCI ends first -----------
&lt;  Run 0
&lt; Print ended at step 100.0
&lt;  Run 1
&lt; Print ended at step 100.0
&lt;  Run 2
&lt; Print ended at step 100.0
&lt;  Run 3
&lt; Print ended at step 100.0
&lt;  Run 4
&lt;truncated after showing first 30 lines&gt;
</PRE>
<A NAME="defaulttraci gui b50"></A>
<H4>TEST FAILED on ts-bapmsumbld : traci gui b50 (
<A HREF="test_default.html#defaulttraci gui b50">Last six runs</A>
<A HREF="test_default_all_Oct2024.html#defaulttraci gui b50">Oct2024</A>
<A HREF="test_default_all_Sep2024.html#defaulttraci gui b50">Sep2024</A>

)</H4>

<PRE>---------- Differences in errors ----------
6a7,12
&gt; FXApp::openDisplay: unable to open display :9514.0
&gt; Traceback (most recent call last):
&gt;     raise FatalTraCIError("Could not connect in %s tries" % (numRetries + 1))
&gt; traci.exceptions.FatalTraCIError: Could not connect in 61 tries
&gt; /usr/local/Cellar/python@3.11/3.11.6/Frameworks/Python.framework/Versions/3.11/lib/python3.11/subprocess.py:1127: ResourceWarning: subprocess 9548 is still running
&gt;   _warn("subprocess %s is still running" % self.pid,
---------- Differences in output ----------
2,4d1
&lt; -- Unordered text as found by filter '^Loading configuration ... done.' --
&lt; Loading configuration ... done.
&lt; 
</PRE>
<A NAME="defaulttraci gui gui"></A>
<H4>TEST FAILED on ts-bapmsumbld : traci gui gui (
<A HREF="test_default.html#defaulttraci gui gui">Last six runs</A>
<A HREF="test_default_all_Oct2024.html#defaulttraci gui gui">Oct2024</A>
<A HREF="test_default_all_Sep2024.html#defaulttraci gui gui">Sep2024</A>

)</H4>

<PRE>---------- Differences in errors ----------
0a1,4
&gt; Traceback (most recent call last):
&gt;   File "/Users/sumo/clangMacOS/sumo/tests/../tests/complex/traci/gui/gui/runner.py", line 26, in &lt;module&gt;
&gt;     from matplotlib.pyplot import imread
&gt; ModuleNotFoundError: No module named 'matplotlib'
---------- Differences in output ----------
1,33d0
&lt; step 0
&lt; step 1
&lt; step 2
&lt; hasGUI True
&lt; views ('View #0',)
&lt; examining View #0
&lt; set zoom (80.0)
&lt; get zoom 80.0
&lt; set offset (400.0, 400.0)
&lt; get offset (400.0, 400.0)
&lt; set schema ('real world')
&lt; get schema real world
&lt; visible boundary ((-809.6875, -232.0), (1609.6875, 1032.0))
&lt; has view View #0 True
&lt; has view 'foo' False
&lt; track vehicle 'horiz'
&lt; get tracked vehicle horiz
&lt; {0: ('View #0',)}
&lt; step 3
&lt; {0: ('View #0',)}
&lt; step 4
&lt; {0: ('View #0',)}
&lt; step 5
&lt; {0: ('View #0',)}
&lt; veh selected: False
&lt; edge selected: False
&lt; veh selected: True
&lt; edge selected: True
&lt; screenshot dimensions (500, 500, 4)
&lt;truncated after showing first 30 lines&gt;
</PRE>
<A NAME="defaulttraci gui polygon_dynamics_gui"></A>
<H4>TEST FAILED on ts-bapmsumbld : traci gui polygon_dynamics_gui (
<A HREF="test_default.html#defaulttraci gui polygon_dynamics_gui">Last six runs</A>
<A HREF="test_default_all_Oct2024.html#defaulttraci gui polygon_dynamics_gui">Oct2024</A>
<A HREF="test_default_all_Sep2024.html#defaulttraci gui polygon_dynamics_gui">Sep2024</A>

)</H4>

<PRE>---------- Differences in errors ----------
0a1,187
&gt; FXApp::openDisplay: unable to open display :9457.0
&gt;   warnings.warn(("Could not connect to TraCI server using port %s (%s)." +
&gt; FXApp::openDisplay: unable to open display :9457.0
&gt;   warnings.warn(("Could not connect to TraCI server using port %s (%s)." +
&gt; FXApp::openDisplay: unable to open display :9457.0
&gt;   warnings.warn(("Could not connect to TraCI server using port %s (%s)." +
&gt; FXApp::openDisplay: unable to open display :9457.0
&gt;   warnings.warn(("Could not connect to TraCI server using port %s (%s)." +
&gt; FXApp::openDisplay: unable to open display :9457.0
&gt;   warnings.warn(("Could not connect to TraCI server using port %s (%s)." +
&gt; FXApp::openDisplay: unable to open display :9457.0
&gt;   warnings.warn(("Could not connect to TraCI server using port %s (%s)." +
&gt; FXApp::openDisplay: unable to open display :9457.0
&gt;   warnings.warn(("Could not connect to TraCI server using port %s (%s)." +
&gt; FXApp::openDisplay: unable to open display :9457.0
&gt;   warnings.warn(("Could not connect to TraCI server using port %s (%s)." +
&gt; FXApp::openDisplay: unable to open display :9457.0
&gt;   warnings.warn(("Could not connect to TraCI server using port %s (%s)." +
&gt; FXApp::openDisplay: unable to open display :9457.0
&gt;   warnings.warn(("Could not connect to TraCI server using port %s (%s)." +
&gt; FXApp::openDisplay: unable to open display :9457.0
&gt;   warnings.warn(("Could not connect to TraCI server using port %s (%s)." +
&gt; FXApp::openDisplay: unable to open display :9457.0
&gt;   warnings.warn(("Could not connect to TraCI server using port %s (%s)." +
&gt; FXApp::openDisplay: unable to open display :9457.0
&gt;   warnings.warn(("Could not connect to TraCI server using port %s (%s)." +
&gt; FXApp::openDisplay: unable to open display :9457.0
&gt;   warnings.warn(("Could not connect to TraCI server using port %s (%s)." +
&gt; FXApp::openDisplay: unable to open display :9457.0
&lt;truncated after showing first 30 lines&gt;
---------- Differences in output ----------
1,256d0
&lt; step 0
&lt; step 1
&lt; step 2
&lt; adding poly0
&lt; polygons ('poly0',)
&lt; polygon count 1
&lt; # examining poly0
&lt; shape ((960.0, 510.0), (960.0, 550.0), (1000.0, 550.0), (1000.0, 510.0))
&lt; type test
&lt; color (100, 200, 0, 255)
&lt; filled True
&lt; step 3
&lt; step 4
&lt; step 5
&lt; # (1) Adding underspecified dynamics...
&lt; Caught TraCIException
&lt; # (2) Adding malformed dynamics 1 ...
&lt; Caught TraCIException
&lt; # (3) Adding malformed dynamics 2 ...
&lt; Caught TraCIException
&lt; # (4) Adding malformed dynamics 3 ...
&lt; Caught TraCIException
&lt; # (5) Adding malformed dynamics 4 ...
&lt; Caught TraCIException
&lt; # (6) Adding malformed dynamics 5 ...
&lt; Caught TraCIException
&lt; # examining poly0
&lt; shape ((960.0, 510.0), (960.0, 550.0), (1000.0, 550.0), (1000.0, 510.0))
&lt; type test
&lt;truncated after showing first 30 lines&gt;
</PRE>
<A NAME="defaulttraci gui polygon_dynamics_remove"></A>
<H4>TEST FAILED on ts-bapmsumbld : traci gui polygon_dynamics_remove (
<A HREF="test_default.html#defaulttraci gui polygon_dynamics_remove">Last six runs</A>
<A HREF="test_default_all_Oct2024.html#defaulttraci gui polygon_dynamics_remove">Oct2024</A>
<A HREF="test_default_all_Sep2024.html#defaulttraci gui polygon_dynamics_remove">Sep2024</A>

)</H4>

<PRE>---------- Differences in errors ----------
0a1,187
&gt; FXApp::openDisplay: unable to open display :9504.0
&gt;   warnings.warn(("Could not connect to TraCI server using port %s (%s)." +
&gt; FXApp::openDisplay: unable to open display :9504.0
&gt;   warnings.warn(("Could not connect to TraCI server using port %s (%s)." +
&gt; FXApp::openDisplay: unable to open display :9504.0
&gt;   warnings.warn(("Could not connect to TraCI server using port %s (%s)." +
&gt; FXApp::openDisplay: unable to open display :9504.0
&gt;   warnings.warn(("Could not connect to TraCI server using port %s (%s)." +
&gt; FXApp::openDisplay: unable to open display :9504.0
&gt;   warnings.warn(("Could not connect to TraCI server using port %s (%s)." +
&gt; FXApp::openDisplay: unable to open display :9504.0
&gt;   warnings.warn(("Could not connect to TraCI server using port %s (%s)." +
&gt; FXApp::openDisplay: unable to open display :9504.0
&gt;   warnings.warn(("Could not connect to TraCI server using port %s (%s)." +
&gt; FXApp::openDisplay: unable to open display :9504.0
&gt;   warnings.warn(("Could not connect to TraCI server using port %s (%s)." +
&gt; FXApp::openDisplay: unable to open display :9504.0
&gt;   warnings.warn(("Could not connect to TraCI server using port %s (%s)." +
&gt; FXApp::openDisplay: unable to open display :9504.0
&gt;   warnings.warn(("Could not connect to TraCI server using port %s (%s)." +
&gt; FXApp::openDisplay: unable to open display :9504.0
&gt;   warnings.warn(("Could not connect to TraCI server using port %s (%s)." +
&gt; FXApp::openDisplay: unable to open display :9504.0
&gt;   warnings.warn(("Could not connect to TraCI server using port %s (%s)." +
&gt; FXApp::openDisplay: unable to open display :9504.0
&gt;   warnings.warn(("Could not connect to TraCI server using port %s (%s)." +
&gt; FXApp::openDisplay: unable to open display :9504.0
&gt;   warnings.warn(("Could not connect to TraCI server using port %s (%s)." +
&gt; FXApp::openDisplay: unable to open display :9504.0
&lt;truncated after showing first 30 lines&gt;
</PRE>
<A NAME="defaulttraci trafficlight railsignal_state"></A>
<H4>TEST FAILED on ts-bapmsumbld : traci trafficlight railsignal_state (
<A HREF="test_default.html#defaulttraci trafficlight railsignal_state">Last six runs</A>
<A HREF="test_default_all_Oct2024.html#defaulttraci trafficlight railsignal_state">Oct2024</A>
<A HREF="test_default_all_Sep2024.html#defaulttraci trafficlight railsignal_state">Sep2024</A>

)</H4>

<PRE>---------- Differences in errors ----------
0a1
&gt; Warning: Invalid approach information to rail signal 'junction 'P2', link 0' after rerouting for vehicle 'rail3' first driveway edge 'T7_1' time=37.00.
</PRE>
<A NAME="defaulttraci vehicletype save_and_load_vtype_params"></A>
<H4>TEST FAILED on ts-bapmsumbld : traci vehicletype save_and_load_vtype_params (
<A HREF="test_default.html#defaulttraci vehicletype save_and_load_vtype_params">Last six runs</A>
<A HREF="test_default_all_Oct2024.html#defaulttraci vehicletype save_and_load_vtype_params">Oct2024</A>
<A HREF="test_default_all_Sep2024.html#defaulttraci vehicletype save_and_load_vtype_params">Sep2024</A>

)</H4>

<PRE>---------- Differences in state ----------
14c14
&lt;     &lt;vehicle id="veh1" type="t1" depart="10.00" departPos="100.00" departSpeed="10.00" route="r1" distance="400 0" speedFactor="1.0000" state="2074 10000 1 100.00 0 9.11 49500 0 0" pos="5.39 1.39 2.04" speed="4.02 4.13" angle="270.00" posLat="0.00" waitingTime="100000 0"&gt;
---
&gt;     &lt;vehicle id="veh1" type="t1" depart="10.00" departPos="100.00" departSpeed="10.00" route="r1" distance="400 0" speedFactor="1.0010" state="2074 10000 1 100.00 0 9.14 49500 0 0" pos="5.39 1.39 2.04" speed="4.02 4.14" angle="270.00" posLat="0.00" waitingTime="100000 0"&gt;
---------- Differences in vehroutes ----------
9c9
&lt;     &lt;vehicle id="veh1" type="t1" depart="10.00" departPos="100.00" departSpeed="10.00" speedFactor="1.0000" arrival="266.50"&gt;
---
&gt;     &lt;vehicle id="veh1" type="t1" depart="10.00" departPos="100.00" departSpeed="10.00" speedFactor="1.0010" arrival="266.50"&gt;
</PRE>
<A NAME="defaulttutorial city_mobil taxi_cyber"></A>
<H4>TEST FAILED on ts-bapmsumbld : tutorial city_mobil taxi_cyber (
<A HREF="test_default.html#defaulttutorial city_mobil taxi_cyber">Last six runs</A>
<A HREF="test_default_all_Oct2024.html#defaulttutorial city_mobil taxi_cyber">Oct2024</A>
<A HREF="test_default_all_Sep2024.html#defaulttutorial city_mobil taxi_cyber">Sep2024</A>

)</H4>

<PRE>---------- Differences in errors ----------
0a1
&gt; Warning: Person 'v7.8p1' is jammed on edge 'cyber6to7', time=1177.00.
</PRE>
<A NAME="defaultunit_tests testcommon"></A>
<H4>TEST FAILED on ts-bapmsumbld : unit_tests testcommon (
<A HREF="test_default.html#defaultunit_tests testcommon">Last six runs</A>
<A HREF="test_default_all_Oct2024.html#defaultunit_tests testcommon">Oct2024</A>
<A HREF="test_default_all_Sep2024.html#defaultunit_tests testcommon">Sep2024</A>

)</H4>

<PRE>---------- Differences in errors ----------
0a1,11
&gt; Traceback (most recent call last):
&gt;   File "/Users/sumo/clangMacOS/sumo/tests/toolrunner.py", line 39, in &lt;module&gt;
&gt;     subprocess.call(tool + sys.argv[1:], env=os.environ, stdout=sys.stdout, stderr=sys.stderr)
&gt;   File "/usr/local/Cellar/python@3.11/3.11.6/Frameworks/Python.framework/Versions/3.11/lib/python3.11/subprocess.py", line 389, in call
&gt;     with Popen(*popenargs, **kwargs) as p:
&gt;          ^^^^^^^^^^^^^^^^^^^^^^^^^^^
&gt;   File "/usr/local/Cellar/python@3.11/3.11.6/Frameworks/Python.framework/Versions/3.11/lib/python3.11/subprocess.py", line 1026, in __init__
&gt;     self._execute_child(args, executable, preexec_fn, close_fds,
&gt;   File "/usr/local/Cellar/python@3.11/3.11.6/Frameworks/Python.framework/Versions/3.11/lib/python3.11/subprocess.py", line 1950, in _execute_child
&gt;     raise child_exception_type(errno_num, err_msg, err_filename)
&gt; FileNotFoundError: [Errno 2] No such file or directory: '/Users/sumo/clangMacOS/sumo/tests/../bin/testcommon'
---------- Differences in output ----------
1,113d0
&lt; Running main() from gtest_main.cc
&lt; [==========] Running 46 tests from 5 test suites.
&lt; [----------] Global test environment set-up.
&lt; [----------] 10 tests from StringTokenizer
&lt; [ RUN      ] StringTokenizer.test_split_with_whitechar
&lt; [       OK ] StringTokenizer.test_split_with_whitechar ((TIME))
&lt; [ RUN      ] StringTokenizer.test_split_with_newline
&lt; [       OK ] StringTokenizer.test_split_with_newline ((TIME))
&lt; [ RUN      ] StringTokenizer.test_split_with_x
&lt; [       OK ] StringTokenizer.test_split_with_x ((TIME))
&lt; [ RUN      ] StringTokenizer.test_split_any_char
&lt; [       OK ] StringTokenizer.test_split_any_char ((TIME))
&lt; [ RUN      ] StringTokenizer.test_method_reinit
&lt; [       OK ] StringTokenizer.test_method_reinit ((TIME))
&lt; [ RUN      ] StringTokenizer.test_method_size
&lt; [       OK ] StringTokenizer.test_method_size ((TIME))
&lt; [ RUN      ] StringTokenizer.test_method_front
&lt; [       OK ] StringTokenizer.test_method_front ((TIME))
&lt; [ RUN      ] StringTokenizer.test_method_get
&lt; [       OK ] StringTokenizer.test_method_get ((TIME))
&lt; [ RUN      ] StringTokenizer.test_method_get_with_empty_data
&lt; [       OK ] StringTokenizer.test_method_get_with_empty_data ((TIME))
&lt; [ RUN      ] StringTokenizer.test_method_getVector
&lt; [       OK ] StringTokenizer.test_method_getVector ((TIME))
&lt; [----------] 10 tests from StringTokenizer ((TIME) total)
&lt; 
&lt; [----------] 4 tests from FileHelpers
&lt; [ RUN      ] FileHelpers.test_method_checkForRelativity
&lt; [       OK ] FileHelpers.test_method_checkForRelativity ((TIME))
&lt;truncated after showing first 30 lines&gt;
---------- New result in exitcode ----------
1
</PRE>
<A NAME="defaultunit_tests testfoxtools"></A>
<H4>TEST FAILED on ts-bapmsumbld : unit_tests testfoxtools (
<A HREF="test_default.html#defaultunit_tests testfoxtools">Last six runs</A>
<A HREF="test_default_all_Oct2024.html#defaultunit_tests testfoxtools">Oct2024</A>
<A HREF="test_default_all_Sep2024.html#defaultunit_tests testfoxtools">Sep2024</A>

)</H4>

<PRE>---------- Differences in errors ----------
0a1,11
&gt; Traceback (most recent call last):
&gt;   File "/Users/sumo/clangMacOS/sumo/tests/toolrunner.py", line 39, in &lt;module&gt;
&gt;     subprocess.call(tool + sys.argv[1:], env=os.environ, stdout=sys.stdout, stderr=sys.stderr)
&gt;   File "/usr/local/Cellar/python@3.11/3.11.6/Frameworks/Python.framework/Versions/3.11/lib/python3.11/subprocess.py", line 389, in call
&gt;     with Popen(*popenargs, **kwargs) as p:
&gt;          ^^^^^^^^^^^^^^^^^^^^^^^^^^^
&gt;   File "/usr/local/Cellar/python@3.11/3.11.6/Frameworks/Python.framework/Versions/3.11/lib/python3.11/subprocess.py", line 1026, in __init__
&gt;     self._execute_child(args, executable, preexec_fn, close_fds,
&gt;   File "/usr/local/Cellar/python@3.11/3.11.6/Frameworks/Python.framework/Versions/3.11/lib/python3.11/subprocess.py", line 1950, in _execute_child
&gt;     raise child_exception_type(errno_num, err_msg, err_filename)
&gt; FileNotFoundError: [Errno 2] No such file or directory: '/Users/sumo/clangMacOS/sumo/tests/../bin/testfoxtools'
---------- Differences in output ----------
1,13d0
&lt; Running main() from gtest_main.cc
&lt; [==========] Running 2 tests from 1 test suite.
&lt; [----------] Global test environment set-up.
&lt; [----------] 2 tests from MFXWorkerThread
&lt; [ RUN      ] MFXWorkerThread.test_init
&lt; [       OK ] MFXWorkerThread.test_init ((TIME))
&lt; [ RUN      ] MFXWorkerThread.test_get_all
&lt; [       OK ] MFXWorkerThread.test_get_all ((TIME))
&lt; [----------] 2 tests from MFXWorkerThread ((TIME) total)
&lt; 
&lt; [----------] Global test environment tear-down
&lt; [==========] 2 tests from 1 test suite ran. ((TIME) total)
&lt; [  PASSED  ] 2 tests.
---------- New result in exitcode ----------
1
</PRE>
<A NAME="defaultunit_tests testgeom"></A>
<H4>TEST FAILED on ts-bapmsumbld : unit_tests testgeom (
<A HREF="test_default.html#defaultunit_tests testgeom">Last six runs</A>
<A HREF="test_default_all_Oct2024.html#defaultunit_tests testgeom">Oct2024</A>
<A HREF="test_default_all_Sep2024.html#defaultunit_tests testgeom">Sep2024</A>

)</H4>

<PRE>---------- Differences in errors ----------
0a1,11
&gt; Traceback (most recent call last):
&gt;   File "/Users/sumo/clangMacOS/sumo/tests/toolrunner.py", line 39, in &lt;module&gt;
&gt;     subprocess.call(tool + sys.argv[1:], env=os.environ, stdout=sys.stdout, stderr=sys.stderr)
&gt;   File "/usr/local/Cellar/python@3.11/3.11.6/Frameworks/Python.framework/Versions/3.11/lib/python3.11/subprocess.py", line 389, in call
&gt;     with Popen(*popenargs, **kwargs) as p:
&gt;          ^^^^^^^^^^^^^^^^^^^^^^^^^^^
&gt;   File "/usr/local/Cellar/python@3.11/3.11.6/Frameworks/Python.framework/Versions/3.11/lib/python3.11/subprocess.py", line 1026, in __init__
&gt;     self._execute_child(args, executable, preexec_fn, close_fds,
&gt;   File "/usr/local/Cellar/python@3.11/3.11.6/Frameworks/Python.framework/Versions/3.11/lib/python3.11/subprocess.py", line 1950, in _execute_child
&gt;     raise child_exception_type(errno_num, err_msg, err_filename)
&gt; FileNotFoundError: [Errno 2] No such file or directory: '/Users/sumo/clangMacOS/sumo/tests/../bin/testgeom'
---------- Differences in output ----------
1,81d0
&lt; Running main() from gtest_main.cc
&lt; [==========] Running 33 tests from 3 test suites.
&lt; [----------] Global test environment set-up.
&lt; [----------] 12 tests from Boundary
&lt; [ RUN      ] Boundary.test_method_add
&lt; [       OK ] Boundary.test_method_add ((TIME))
&lt; [ RUN      ] Boundary.test_method_add_multiple
&lt; [       OK ] Boundary.test_method_add_multiple ((TIME))
&lt; [ RUN      ] Boundary.test_method_getCenter
&lt; [       OK ] Boundary.test_method_getCenter ((TIME))
&lt; [ RUN      ] Boundary.test_method_getWidthHeight
&lt; [       OK ] Boundary.test_method_getWidthHeight ((TIME))
&lt; [ RUN      ] Boundary.test_method_around
&lt; [       OK ] Boundary.test_method_around ((TIME))
&lt; [ RUN      ] Boundary.test_method_overlapsWith
&lt; [       OK ] Boundary.test_method_overlapsWith ((TIME))
&lt; [ RUN      ] Boundary.test_method_crosses
&lt; [       OK ] Boundary.test_method_crosses ((TIME))
&lt; [ RUN      ] Boundary.test_method_partialWithin
&lt; [       OK ] Boundary.test_method_partialWithin ((TIME))
&lt; [ RUN      ] Boundary.test_method_flipY
&lt; [       OK ] Boundary.test_method_flipY ((TIME))
&lt; [ RUN      ] Boundary.test_method_moveby
&lt; [       OK ] Boundary.test_method_moveby ((TIME))
&lt; [ RUN      ] Boundary.test_method_growWidth
&lt; [       OK ] Boundary.test_method_growWidth ((TIME))
&lt; [ RUN      ] Boundary.test_method_growHeight
&lt; [       OK ] Boundary.test_method_growHeight ((TIME))
&lt; [----------] 12 tests from Boundary ((TIME) total)
&lt;truncated after showing first 30 lines&gt;
---------- New result in exitcode ----------
1
</PRE>
<A NAME="defaultunit_tests testmicrosim"></A>
<H4>TEST FAILED on ts-bapmsumbld : unit_tests testmicrosim (
<A HREF="test_default.html#defaultunit_tests testmicrosim">Last six runs</A>
<A HREF="test_default_all_Oct2024.html#defaultunit_tests testmicrosim">Oct2024</A>
<A HREF="test_default_all_Sep2024.html#defaultunit_tests testmicrosim">Sep2024</A>

)</H4>

<PRE>---------- Differences in errors ----------
0a1,11
&gt; Traceback (most recent call last):
&gt;   File "/Users/sumo/clangMacOS/sumo/tests/toolrunner.py", line 39, in &lt;module&gt;
&gt;     subprocess.call(tool + sys.argv[1:], env=os.environ, stdout=sys.stdout, stderr=sys.stderr)
&gt;   File "/usr/local/Cellar/python@3.11/3.11.6/Frameworks/Python.framework/Versions/3.11/lib/python3.11/subprocess.py", line 389, in call
&gt;     with Popen(*popenargs, **kwargs) as p:
&gt;          ^^^^^^^^^^^^^^^^^^^^^^^^^^^
&gt;   File "/usr/local/Cellar/python@3.11/3.11.6/Frameworks/Python.framework/Versions/3.11/lib/python3.11/subprocess.py", line 1026, in __init__
&gt;     self._execute_child(args, executable, preexec_fn, close_fds,
&gt;   File "/usr/local/Cellar/python@3.11/3.11.6/Frameworks/Python.framework/Versions/3.11/lib/python3.11/subprocess.py", line 1950, in _execute_child
&gt;     raise child_exception_type(errno_num, err_msg, err_filename)
&gt; FileNotFoundError: [Errno 2] No such file or directory: '/Users/sumo/clangMacOS/sumo/tests/../bin/testmicrosim'
---------- Differences in output ----------
1,29d0
&lt; Running main() from gtest_main.cc
&lt; [==========] Running 7 tests from 3 test suites.
&lt; [----------] Global test environment set-up.
&lt; [----------] 1 test from MSEventControl
&lt; [ RUN      ] MSEventControl.test_method_execute
&lt; [       OK ] MSEventControl.test_method_execute ((TIME))
&lt; [----------] 1 test from MSEventControl ((TIME) total)
&lt; 
&lt; [----------] 4 tests from MSCFModelTest
&lt; [ RUN      ] MSCFModelTest.test_method_brakeGap
&lt; [       OK ] MSCFModelTest.test_method_brakeGap ((TIME))
&lt; [ RUN      ] MSCFModelTest.test_method_static_brakeGap
&lt; [       OK ] MSCFModelTest.test_method_static_brakeGap ((TIME))
&lt; [ RUN      ] MSCFModelTest.test_method_static_freeSpeed
&lt; [       OK ] MSCFModelTest.test_method_static_freeSpeed ((TIME))
&lt; [ RUN      ] MSCFModelTest.test_method_static_freeSpeed_half
&lt; [       OK ] MSCFModelTest.test_method_static_freeSpeed_half ((TIME))
&lt; [----------] 4 tests from MSCFModelTest ((TIME) total)
&lt; 
&lt; [----------] 2 tests from MSCFModel_IDMTest
&lt; [ RUN      ] MSCFModel_IDMTest.test_method_brakeGap
&lt; [       OK ] MSCFModel_IDMTest.test_method_brakeGap ((TIME))
&lt; [ RUN      ] MSCFModel_IDMTest.test_method_getSecureGap
&lt; [       OK ] MSCFModel_IDMTest.test_method_getSecureGap ((TIME))
&lt; [----------] 2 tests from MSCFModel_IDMTest ((TIME) total)
&lt; 
&lt; [----------] Global test environment tear-down
&lt; [==========] 7 tests from 3 test suites ran. ((TIME) total)
&lt; [  PASSED  ] 7 tests.
&lt;truncated after showing first 30 lines&gt;
---------- New result in exitcode ----------
1
</PRE>
<A NAME="defaultunit_tests testnetbuild"></A>
<H4>TEST FAILED on ts-bapmsumbld : unit_tests testnetbuild (
<A HREF="test_default.html#defaultunit_tests testnetbuild">Last six runs</A>
<A HREF="test_default_all_Oct2024.html#defaultunit_tests testnetbuild">Oct2024</A>
<A HREF="test_default_all_Sep2024.html#defaultunit_tests testnetbuild">Sep2024</A>

)</H4>

<PRE>---------- Differences in errors ----------
0a1,11
&gt; Traceback (most recent call last):
&gt;   File "/Users/sumo/clangMacOS/sumo/tests/toolrunner.py", line 39, in &lt;module&gt;
&gt;     subprocess.call(tool + sys.argv[1:], env=os.environ, stdout=sys.stdout, stderr=sys.stderr)
&gt;   File "/usr/local/Cellar/python@3.11/3.11.6/Frameworks/Python.framework/Versions/3.11/lib/python3.11/subprocess.py", line 389, in call
&gt;     with Popen(*popenargs, **kwargs) as p:
&gt;          ^^^^^^^^^^^^^^^^^^^^^^^^^^^
&gt;   File "/usr/local/Cellar/python@3.11/3.11.6/Frameworks/Python.framework/Versions/3.11/lib/python3.11/subprocess.py", line 1026, in __init__
&gt;     self._execute_child(args, executable, preexec_fn, close_fds,
&gt;   File "/usr/local/Cellar/python@3.11/3.11.6/Frameworks/Python.framework/Versions/3.11/lib/python3.11/subprocess.py", line 1950, in _execute_child
&gt;     raise child_exception_type(errno_num, err_msg, err_filename)
&gt; FileNotFoundError: [Errno 2] No such file or directory: '/Users/sumo/clangMacOS/sumo/tests/../bin/testnetbuild'
---------- Differences in output ----------
1,16d0
&lt; Running main() from gtest_main.cc
&lt; [==========] Running 2 tests from 2 test suites.
&lt; [----------] Global test environment set-up.
&lt; [----------] 1 test from NBHeightMapperTest
&lt; [ RUN      ] NBHeightMapperTest.test_method_getZ
&lt; [       OK ] NBHeightMapperTest.test_method_getZ ((TIME))
&lt; [----------] 1 test from NBHeightMapperTest ((TIME) total)
&lt; 
&lt; [----------] 1 test from NBTrafficLightLogic
&lt; [ RUN      ] NBTrafficLightLogic.test_method_getDuration
&lt; [       OK ] NBTrafficLightLogic.test_method_getDuration ((TIME))
&lt; [----------] 1 test from NBTrafficLightLogic ((TIME) total)
&lt; 
&lt; [----------] Global test environment tear-down
&lt; [==========] 2 tests from 2 test suites ran. ((TIME) total)
&lt; [  PASSED  ] 2 tests.
---------- New result in exitcode ----------
1
</PRE>

<A NAME="defaulthad known bugs"></A>
<H3>Detailed information for the tests that had known bugs:</H3>

<A NAME="defaultsumo output one_vehicle"></A>
<H4>TEST had known bugs (see #254) on ts-bapmsumbld : sumo output one_vehicle (
<A HREF="test_default.html#defaultsumo output one_vehicle">Last six runs</A>
<A HREF="test_default_all_Oct2024.html#defaultsumo output one_vehicle">Oct2024</A>
<A HREF="test_default_all_Sep2024.html#defaultsumo output one_vehicle">Sep2024</A>

)</H4>

<PRE>different outputs from detectors which should detect the same
(This bug was triggered by text found in file 'output' matching 'failed')
---------- Differences in output ----------
5,7c5,7
&lt; success 0.1 ['--step-length', '.1', '--end', '100'] ['3/1to2/1_0']
&lt; success 1 ['--step-length', '.1', '--end', '100'] ['3/1to2/1_0']
&lt; success 10 ['--step-length', '.1', '--end', '100'] ['3/1to2/1_0']
---
&gt; failed 0.1 ['--step-length', '.1', '--end', '100'] 3/1to2/1_0 (71.4, 71.5) &lt;zip object at 0x112444200&gt;
&gt; failed 1 ['--step-length', '.1', '--end', '100'] 3/1to2/1_0 (72.0, 73.0) &lt;zip object at 0x112413080&gt;
&gt; failed 10 ['--step-length', '.1', '--end', '100'] 3/1to2/1_0 (80.0, 90.0) &lt;zip object at 0x112413500&gt;
9,12c9,12
&lt; success 0.1 ['--step-length', '.1', '--end', '1000'] ['3/1to2/1_0']
&lt; success 1 ['--step-length', '.1', '--end', '1000'] ['3/1to2/1_0']
&lt; success 10 ['--step-length', '.1', '--end', '1000'] ['3/1to2/1_0']
&lt; success 100 ['--step-length', '.1', '--end', '1000'] ['3/1to2/1_0']
---
&gt; failed 0.1 ['--step-length', '.1', '--end', '1000'] 3/1to2/1_0 (71.4, 71.5) &lt;zip object at 0x112413680&gt;
&gt; failed 1 ['--step-length', '.1', '--end', '1000'] 3/1to2/1_0 (72.0, 73.0) &lt;zip object at 0x11241f280&gt;
&gt; failed 10 ['--step-length', '.1', '--end', '1000'] 3/1to2/1_0 (80.0, 90.0) &lt;zip object at 0x11241c500&gt;
&gt; failed 100 ['--step-length', '.1', '--end', '1000'] 3/1to2/1_0 (100.0, 200.0) &lt;zip object at 0x11241dc00&gt;
17,19c17,19
&lt; success 0.1 ['--step-length', '1', '--end', '100'] ['3/1to2/1_0']
&lt; success 1 ['--step-length', '1', '--end', '100'] ['3/1to2/1_0']
&lt; success 10 ['--step-length', '1', '--end', '100'] ['3/1to2/1_0']
---
&gt; failed 0.1 ['--step-length', '1', '--end', '100'] 3/1to2/1_0 (73.0, 74.0) &lt;zip object at 0x11241c700&gt;
&gt; failed 1 ['--step-length', '1', '--end', '100'] 3/1to2/1_0 (73.0, 74.0) &lt;zip object at 0x11241f3c0&gt;
&gt; failed 10 ['--step-length', '1', '--end', '100'] 3/1to2/1_0 (80.0, 90.0) &lt;zip object at 0x11241cc80&gt;
21,50c21,24
&lt; success 0.1 ['--step-length', '1', '--end', '1000'] ['3/1to2/1_0']
&lt; success 1 ['--step-length', '1', '--end', '1000'] ['3/1to2/1_0']
&lt; success 10 ['--step-length', '1', '--end', '1000'] ['3/1to2/1_0']
&lt;truncated after showing first 30 lines&gt;
</PRE>
<A NAME="defaultsumo output teleport"></A>
<H4>TEST had known bugs (see #254) on ts-bapmsumbld : sumo output teleport (
<A HREF="test_default.html#defaultsumo output teleport">Last six runs</A>
<A HREF="test_default_all_Oct2024.html#defaultsumo output teleport">Oct2024</A>
<A HREF="test_default_all_Sep2024.html#defaultsumo output teleport">Sep2024</A>

)</H4>

<PRE>different outputs from detectors which should detect the same
(This bug was triggered by text found in file 'output' matching 'failed')
---------- Differences in output ----------
1,98c1,48
&lt; success ['--step-length', '.1', '--end', '51'] ['2/1to1/1_0']
&lt; success ['--step-length', '.1', '--end', '51'] ['2/1to1/1_0', '1/1to0/1_0']
&lt; success ['--step-length', '.1', '--end', '51'] ['2/1to1/1_0']
&lt; success ['--step-length', '.1', '--end', '51'] ['2/1to1/1_0', '1/1to0/1_0']
&lt; success ['--step-length', '.1', '--end', '51'] ['2/1to1/1_0']
&lt; success ['--step-length', '.1', '--end', '51'] ['2/1to1/1_0', '1/1to0/1_0']
&lt; success ['--step-length', '.1', '--end', '51'] ['2/1to1/1_0']
&lt; success ['--step-length', '.1', '--end', '51'] ['2/1to1/1_0', '1/1to0/1_0']
&lt; success ['--step-length', '.1', '--end', '100'] ['2/1to1/1_0']
&lt; success ['--step-length', '.1', '--end', '100'] ['2/1to1/1_0', '1/1to0/1_0']
&lt; success ['--step-length', '.1', '--end', '100'] ['2/1to1/1_0']
&lt; success ['--step-length', '.1', '--end', '100'] ['2/1to1/1_0', '1/1to0/1_0']
&lt; success ['--step-length', '.1', '--end', '100'] ['2/1to1/1_0']
&lt; success ['--step-length', '.1', '--end', '100'] ['2/1to1/1_0', '1/1to0/1_0']
&lt; success ['--step-length', '.1', '--end', '100'] ['2/1to1/1_0']
&lt; success ['--step-length', '.1', '--end', '100'] ['2/1to1/1_0', '1/1to0/1_0']
&lt; failed ['--step-length', '.1', '--end', '1000'] 2/1to1/1_0 (108.6, 108.7) [9.9, 10.0, 9.9, 9.9]
&lt; failed ['--step-length', '.1', '--end', '1000'] 2/1to1/1_0 (108.6, 108.7) [9.9, 10.0, 9.9, 9.9]
&lt; failed ['--step-length', '.1', '--end', '1000'] 2/1to1/1_0 (108.0, 109.0) [9.87, 10.0, 9.87, 9.87]
&lt; failed ['--step-length', '.1', '--end', '1000'] 2/1to1/1_0 (108.0, 109.0) [9.87, 10.0, 9.87, 9.87]
&lt; failed ['--step-length', '.1', '--end', '1000'] 2/1to1/1_0 (100.0, 110.0) [9.85, 9.96, 9.85, 9.85]
&lt; failed ['--step-length', '.1', '--end', '1000'] 2/1to1/1_0 (100.0, 110.0) [9.85, 9.96, 9.85, 9.85]
&lt; failed ['--step-length', '.1', '--end', '1000'] 2/1to1/1_0 (100.0, 200.0) [-1.0, 2.26, 3.2, 2.27, 2.27]
&lt; failed ['--step-length', '.1', '--end', '1000'] 2/1to1/1_0 (100.0, 200.0) [-1.0, 2.26, 3.2, 2.27, 2.27]
&lt; success ['--step-length', '1', '--end', '51'] ['2/1to1/1_0']
&lt; success ['--step-length', '1', '--end', '51'] ['2/1to1/1_0', '1/1to0/1_0']
&lt; success ['--step-length', '1', '--end', '51'] ['2/1to1/1_0']
&lt; success ['--step-length', '1', '--end', '51'] ['2/1to1/1_0', '1/1to0/1_0']
&lt; success ['--step-length', '1', '--end', '51'] ['2/1to1/1_0']
&lt;truncated after showing first 30 lines&gt;
</PRE>
<A NAME="defaultsumo output teleport_multihop"></A>
<H4>TEST had known bugs (see #254) on ts-bapmsumbld : sumo output teleport_multihop (
<A HREF="test_default.html#defaultsumo output teleport_multihop">Last six runs</A>
<A HREF="test_default_all_Oct2024.html#defaultsumo output teleport_multihop">Oct2024</A>
<A HREF="test_default_all_Sep2024.html#defaultsumo output teleport_multihop">Sep2024</A>

)</H4>

<PRE>different outputs from detectors which should detect the same
(This bug was triggered by text found in file 'output' matching 'failed')
---------- Differences in output ----------
17,24c17,24
&lt; success 0.1 ['--step-length', '.1', '--end', '1000'] 2/1to1/1_0 (230.0, 230.1) [('e2', 9.99), ('e3', 10.0), ('edge', 9.99), ('lane', 9.99)]
&lt; success 0.1 ['--step-length', '.1', '--end', '1000'] 1/1to0/1_0 (148.1, 148.2) [('e2', 9.99), ('e3', 10.0), ('edge', 9.99), ('lane', 9.99)]
&lt; success 1 ['--step-length', '.1', '--end', '1000'] 2/1to1/1_0 (230.0, 231.0) [('e2', 9.99), ('e3', 10.0), ('edge', 9.99), ('lane', 9.99)]
&lt; success 1 ['--step-length', '.1', '--end', '1000'] 1/1to0/1_0 (148.0, 149.0) [('e2', 9.91), ('e3', 10.0), ('edge', 9.91), ('lane', 9.91)]
&lt; success 10 ['--step-length', '.1', '--end', '1000'] 2/1to1/1_0 (230.0, 240.0) [('e2', 9.42), ('e3', 9.9), ('edge', 9.42), ('lane', 9.42)]
&lt; success 10 ['--step-length', '.1', '--end', '1000'] 1/1to0/1_0 (140.0, 150.0) [('e2', 9.96), ('e3', 9.99), ('edge', 9.96), ('lane', 9.96)]
&lt; success 100 ['--step-length', '.1', '--end', '1000'] 2/1to1/1_0 (200.0, 300.0) [('e1', 10.0), ('e2', 9.22), ('e3', 5.71), ('edge', 9.22), ('lane', 9.22)]
&lt; success 100 ['--step-length', '.1', '--end', '1000'] 1/1to0/1_0 (100.0, 200.0) [('e1', 9.53), ('e2', 5.82), ('e3', 6.93), ('edge', 5.82), ('lane', 5.82)]
---
&gt; failed 0.1 ['--step-length', '.1', '--end', '1000'] 2/1to1/1_0 (148.9, 149.0) &lt;zip object at 0x103b8ce80&gt;
&gt; failed 0.1 ['--step-length', '.1', '--end', '1000'] 2/1to1/1_0 (148.9, 149.0) &lt;zip object at 0x103ba1e00&gt;
&gt; failed 1 ['--step-length', '.1', '--end', '1000'] 2/1to1/1_0 (149.0, 150.0) &lt;zip object at 0x103fc2580&gt;
&gt; failed 1 ['--step-length', '.1', '--end', '1000'] 2/1to1/1_0 (149.0, 150.0) &lt;zip object at 0x103ff79c0&gt;
&gt; failed 10 ['--step-length', '.1', '--end', '1000'] 2/1to1/1_0 (140.0, 150.0) &lt;zip object at 0x102b0c540&gt;
&gt; failed 10 ['--step-length', '.1', '--end', '1000'] 2/1to1/1_0 (140.0, 150.0) &lt;zip object at 0x103a15e80&gt;
&gt; failed 100 ['--step-length', '.1', '--end', '1000'] 2/1to1/1_0 (100.0, 200.0) &lt;zip object at 0x102775240&gt;
&gt; failed 100 ['--step-length', '.1', '--end', '1000'] 2/1to1/1_0 (100.0, 200.0) &lt;zip object at 0x103b4ab00&gt;
41,98c41,48
&lt; success 0.1 ['--step-length', '1', '--end', '1000'] 2/1to1/1_0 (245.0, 246.0) [('e2', 8.92), ('e3', 10.0), ('edge', 8.92), ('lane', 8.92)]
&lt; success 0.1 ['--step-length', '1', '--end', '1000'] 1/1to0/1_0 (150.0, 151.0) [('e2', 9.82), ('e3', 10.0), ('edge', 9.82), ('lane', 9.82)]
&lt; success 1 ['--step-length', '1', '--end', '1000'] 2/1to1/1_0 (245.0, 246.0) [('e2', 8.92), ('e3', 10.0), ('edge', 8.92), ('lane', 8.92)]
&lt; success 1 ['--step-length', '1', '--end', '1000'] 1/1to0/1_0 (150.0, 151.0) [('e2', 9.82), ('e3', 10.0), ('edge', 9.82), ('lane', 9.82)]
&lt; success 10 ['--step-length', '1', '--end', '1000'] 2/1to1/1_0 (240.0, 250.0) [('e2', 9.9), ('e3', 10.0), ('edge', 9.9), ('lane', 9.9)]
&lt; success 10 ['--step-length', '1', '--end', '1000'] 1/1to0/1_0 (150.0, 160.0) [('e2', 9.15), ('e3', 9.84), ('edge', 9.15), ('lane', 9.15)]
&lt; success 100 ['--step-length', '1', '--end', '1000'] 2/1to1/1_0 (200.0, 300.0) [('e1', 10.0), ('e2', 9.41), ('e3', 5.84), ('edge', 9.41), ('lane', 9.41)]
&lt; success 100 ['--step-length', '1', '--end', '1000'] 1/1to0/1_0 (100.0, 200.0) [('e1', 10.0), ('e2', 5.94), ('e3', 7.08), ('edge', 5.94), ('lane', 5.94)]
&lt; -- Unordered text as found by filter '^Loading configuration ... done.' --
&lt; Loading configuration ... done.
&lt; Loading configuration ... done.
&lt;truncated after showing first 30 lines&gt;
</PRE>
<A NAME="defaultsumo output two_same_vehicles"></A>
<H4>TEST had known bugs (see #254) on ts-bapmsumbld : sumo output two_same_vehicles (
<A HREF="test_default.html#defaultsumo output two_same_vehicles">Last six runs</A>
<A HREF="test_default_all_Oct2024.html#defaultsumo output two_same_vehicles">Oct2024</A>
<A HREF="test_default_all_Sep2024.html#defaultsumo output two_same_vehicles">Sep2024</A>

)</H4>

<PRE>different outputs from detectors which should detect the same
(This bug was triggered by text found in file 'output' matching 'failed')
---------- Differences in output ----------
5,7c5,7
&lt; success 0.1 ['--step-length', '.1', '--end', '100'] ['3/1to2/1_0']
&lt; success 1 ['--step-length', '.1', '--end', '100'] ['3/1to2/1_0']
&lt; success 10 ['--step-length', '.1', '--end', '100'] ['3/1to2/1_0']
---
&gt; failed 0.1 ['--step-length', '.1', '--end', '100'] 3/1to2/1_0 (75.4, 75.5) &lt;zip object at 0x11278e4c0&gt;
&gt; failed 1 ['--step-length', '.1', '--end', '100'] 3/1to2/1_0 (76.0, 77.0) &lt;zip object at 0x112757540&gt;
&gt; failed 10 ['--step-length', '.1', '--end', '100'] 3/1to2/1_0 (80.0, 90.0) &lt;zip object at 0x112756c00&gt;
9,12c9,12
&lt; success 0.1 ['--step-length', '.1', '--end', '1000'] ['3/1to2/1_0']
&lt; success 1 ['--step-length', '.1', '--end', '1000'] ['3/1to2/1_0']
&lt; success 10 ['--step-length', '.1', '--end', '1000'] ['3/1to2/1_0']
&lt; success 100 ['--step-length', '.1', '--end', '1000'] ['3/1to2/1_0']
---
&gt; failed 0.1 ['--step-length', '.1', '--end', '1000'] 3/1to2/1_0 (75.4, 75.5) &lt;zip object at 0x112a5c1c0&gt;
&gt; failed 1 ['--step-length', '.1', '--end', '1000'] 3/1to2/1_0 (76.0, 77.0) &lt;zip object at 0x1127cb100&gt;
&gt; failed 10 ['--step-length', '.1', '--end', '1000'] 3/1to2/1_0 (80.0, 90.0) &lt;zip object at 0x1127cb700&gt;
&gt; failed 100 ['--step-length', '.1', '--end', '1000'] 3/1to2/1_0 (100.0, 200.0) &lt;zip object at 0x1127ca3c0&gt;
17,19c17,19
&lt; success 0.1 ['--step-length', '1', '--end', '100'] ['3/1to2/1_0']
&lt; success 1 ['--step-length', '1', '--end', '100'] ['3/1to2/1_0']
&lt; success 10 ['--step-length', '1', '--end', '100'] ['3/1to2/1_0']
---
&gt; failed 0.1 ['--step-length', '1', '--end', '100'] 3/1to2/1_0 (77.0, 78.0) &lt;zip object at 0x1127ca140&gt;
&gt; failed 1 ['--step-length', '1', '--end', '100'] 3/1to2/1_0 (77.0, 78.0) &lt;zip object at 0x1127cbac0&gt;
&gt; failed 10 ['--step-length', '1', '--end', '100'] 3/1to2/1_0 (80.0, 90.0) &lt;zip object at 0x1127caf40&gt;
21,50c21,24
&lt; success 0.1 ['--step-length', '1', '--end', '1000'] ['3/1to2/1_0']
&lt; success 1 ['--step-length', '1', '--end', '1000'] ['3/1to2/1_0']
&lt; success 10 ['--step-length', '1', '--end', '1000'] ['3/1to2/1_0']
&lt;truncated after showing first 30 lines&gt;
</PRE>
<A NAME="defaultsumo output two_vehicles_diff_length"></A>
<H4>TEST had known bugs (see #254) on ts-bapmsumbld : sumo output two_vehicles_diff_length (
<A HREF="test_default.html#defaultsumo output two_vehicles_diff_length">Last six runs</A>
<A HREF="test_default_all_Oct2024.html#defaultsumo output two_vehicles_diff_length">Oct2024</A>
<A HREF="test_default_all_Sep2024.html#defaultsumo output two_vehicles_diff_length">Sep2024</A>

)</H4>

<PRE>different outputs from detectors which should detect the same
(This bug was triggered by text found in file 'output' matching 'failed')
---------- Differences in output ----------
5,7c5,7
&lt; success 0.1 ['--step-length', '.1', '--end', '100'] ['3/1to2/1_0']
&lt; success 1 ['--step-length', '.1', '--end', '100'] ['3/1to2/1_0']
&lt; success 10 ['--step-length', '.1', '--end', '100'] ['3/1to2/1_0']
---
&gt; failed 0.1 ['--step-length', '.1', '--end', '100'] 3/1to2/1_0 (76.4, 76.5) &lt;zip object at 0x10bbfe4c0&gt;
&gt; failed 1 ['--step-length', '.1', '--end', '100'] 3/1to2/1_0 (77.0, 78.0) &lt;zip object at 0x10bbe1400&gt;
&gt; failed 10 ['--step-length', '.1', '--end', '100'] 3/1to2/1_0 (80.0, 90.0) &lt;zip object at 0x10bbe3a40&gt;
9,12c9,12
&lt; success 0.1 ['--step-length', '.1', '--end', '1000'] ['3/1to2/1_0']
&lt; success 1 ['--step-length', '.1', '--end', '1000'] ['3/1to2/1_0']
&lt; success 10 ['--step-length', '.1', '--end', '1000'] ['3/1to2/1_0']
&lt; success 100 ['--step-length', '.1', '--end', '1000'] ['3/1to2/1_0']
---
&gt; failed 0.1 ['--step-length', '.1', '--end', '1000'] 3/1to2/1_0 (76.4, 76.5) &lt;zip object at 0x10bee21c0&gt;
&gt; failed 1 ['--step-length', '.1', '--end', '1000'] 3/1to2/1_0 (77.0, 78.0) &lt;zip object at 0x10bc39980&gt;
&gt; failed 10 ['--step-length', '.1', '--end', '1000'] 3/1to2/1_0 (80.0, 90.0) &lt;zip object at 0x10bc3a5c0&gt;
&gt; failed 100 ['--step-length', '.1', '--end', '1000'] 3/1to2/1_0 (100.0, 200.0) &lt;zip object at 0x10bc3b3c0&gt;
17,19c17,19
&lt; success 0.1 ['--step-length', '1', '--end', '100'] ['3/1to2/1_0']
&lt; success 1 ['--step-length', '1', '--end', '100'] ['3/1to2/1_0']
&lt; success 10 ['--step-length', '1', '--end', '100'] ['3/1to2/1_0']
---
&gt; failed 0.1 ['--step-length', '1', '--end', '100'] 3/1to2/1_0 (78.0, 79.0) &lt;zip object at 0x10bc39880&gt;
&gt; failed 1 ['--step-length', '1', '--end', '100'] 3/1to2/1_0 (78.0, 79.0) &lt;zip object at 0x10bc39f00&gt;
&gt; failed 10 ['--step-length', '1', '--end', '100'] 3/1to2/1_0 (80.0, 90.0) &lt;zip object at 0x10bc3af80&gt;
21,50c21,24
&lt; success 0.1 ['--step-length', '1', '--end', '1000'] ['3/1to2/1_0']
&lt; success 1 ['--step-length', '1', '--end', '1000'] ['3/1to2/1_0']
&lt; success 10 ['--step-length', '1', '--end', '1000'] ['3/1to2/1_0']
&lt;truncated after showing first 30 lines&gt;
</PRE>
<A NAME="defaultsumo output two_vehicles_diff_speed"></A>
<H4>TEST had known bugs (see #254) on ts-bapmsumbld : sumo output two_vehicles_diff_speed (
<A HREF="test_default.html#defaultsumo output two_vehicles_diff_speed">Last six runs</A>
<A HREF="test_default_all_Oct2024.html#defaultsumo output two_vehicles_diff_speed">Oct2024</A>
<A HREF="test_default_all_Sep2024.html#defaultsumo output two_vehicles_diff_speed">Sep2024</A>

)</H4>

<PRE>different outputs from detectors which should detect the same
(This bug was triggered by text found in file 'output' matching 'failed')
---------- Differences in output ----------
0a1,24
&gt; failed 0.1 ['--step-length', '.1', '--end', '51'] 3/1to2/1_0 (38.4, 38.5) &lt;zip object at 0x10f736300&gt;
&gt; failed 1 ['--step-length', '.1', '--end', '51'] 3/1to2/1_0 (38.0, 39.0) &lt;zip object at 0x1108a4e00&gt;
&gt; failed 10 ['--step-length', '.1', '--end', '51'] 3/1to2/1_0 (30.0, 40.0) &lt;zip object at 0x110874e40&gt;
&gt; failed 100 ['--step-length', '.1', '--end', '51'] 3/1to2/1_0 (0.0, 51.0) &lt;zip object at 0x111c37e00&gt;
&gt; failed 0.1 ['--step-length', '.1', '--end', '100'] 3/1to2/1_0 (38.4, 38.5) &lt;zip object at 0x111c50100&gt;
&gt; failed 1 ['--step-length', '.1', '--end', '100'] 3/1to2/1_0 (38.0, 39.0) &lt;zip object at 0x111c36ec0&gt;
&gt; failed 10 ['--step-length', '.1', '--end', '100'] 3/1to2/1_0 (30.0, 40.0) &lt;zip object at 0x111c37d00&gt;
&gt; failed 100 ['--step-length', '.1', '--end', '100'] 3/1to2/1_0 (0.0, 100.0) &lt;zip object at 0x111c37b40&gt;
&gt; failed 0.1 ['--step-length', '.1', '--end', '1000'] 3/1to2/1_0 (38.4, 38.5) &lt;zip object at 0x111c37640&gt;
&gt; failed 1 ['--step-length', '.1', '--end', '1000'] 3/1to2/1_0 (38.0, 39.0) &lt;zip object at 0x111c65140&gt;
&gt; failed 10 ['--step-length', '.1', '--end', '1000'] 3/1to2/1_0 (30.0, 40.0) &lt;zip object at 0x111c65540&gt;
&gt; failed 100 ['--step-length', '.1', '--end', '1000'] 3/1to2/1_0 (0.0, 100.0) &lt;zip object at 0x111c669c0&gt;
&gt; failed 0.1 ['--step-length', '1', '--end', '51'] 3/1to2/1_0 (39.0, 40.0) &lt;zip object at 0x111c67480&gt;
&gt; failed 1 ['--step-length', '1', '--end', '51'] 3/1to2/1_0 (39.0, 40.0) &lt;zip object at 0x111c66800&gt;
&gt; failed 10 ['--step-length', '1', '--end', '51'] 3/1to2/1_0 (30.0, 40.0) &lt;zip object at 0x111c64b80&gt;
&gt; failed 100 ['--step-length', '1', '--end', '51'] 3/1to2/1_0 (0.0, 51.0) &lt;zip object at 0x111c67b00&gt;
&gt; failed 0.1 ['--step-length', '1', '--end', '100'] 3/1to2/1_0 (39.0, 40.0) &lt;zip object at 0x111c65a00&gt;
&gt; failed 1 ['--step-length', '1', '--end', '100'] 3/1to2/1_0 (39.0, 40.0) &lt;zip object at 0x111c67e80&gt;
&gt; failed 10 ['--step-length', '1', '--end', '100'] 3/1to2/1_0 (30.0, 40.0) &lt;zip object at 0x111c669c0&gt;
&gt; failed 100 ['--step-length', '1', '--end', '100'] 3/1to2/1_0 (0.0, 100.0) &lt;zip object at 0x111c67b80&gt;
&gt; failed 0.1 ['--step-length', '1', '--end', '1000'] 3/1to2/1_0 (39.0, 40.0) &lt;zip object at 0x111c67b80&gt;
&gt; failed 1 ['--step-length', '1', '--end', '1000'] 3/1to2/1_0 (39.0, 40.0) &lt;zip object at 0x111c67d40&gt;
&gt; failed 10 ['--step-length', '1', '--end', '1000'] 3/1to2/1_0 (30.0, 40.0) &lt;zip object at 0x111c66740&gt;
&gt; failed 100 ['--step-length', '1', '--end', '1000'] 3/1to2/1_0 (0.0, 100.0) &lt;zip object at 0x111c66100&gt;
</PRE>
<A NAME="defaulttraci vehicle moveToXY keepRoute2"></A>
<H4>TEST had known bugs (see #3263) on ts-bapmsumbld : traci vehicle moveToXY keepRoute2 (
<A HREF="test_default.html#defaulttraci vehicle moveToXY keepRoute2">Last six runs</A>
<A HREF="test_default_all_Oct2024.html#defaulttraci vehicle moveToXY keepRoute2">Oct2024</A>
<A HREF="test_default_all_Sep2024.html#defaulttraci vehicle moveToXY keepRoute2">Sep2024</A>

)</H4>

<PRE>mapping failure
(This bug was triggered by text found in file 'output' matching 'failed')
---------- Differences in output ----------
0a1
&gt; internal corner (inside, segment2) failed: x=198, x2=198.0,   y=1.9, y2=1.9,   lane=middle_0, lane2=middle_0, pos=102, pos2=98.0   posLat=2.0 posLat2=1.9
</PRE>

<A NAME="defaultwere terminated before completion"></A>
<H3>Detailed information for the tests that were terminated before completion:</H3>

<A NAME="defaulttraci connection busySocket sumo"></A>
<H4>TEST were terminated before completion (TIMEOUT) on ts-bapmsumbld : traci connection busySocket sumo (
<A HREF="test_default.html#defaulttraci connection busySocket sumo">Last six runs</A>
<A HREF="test_default_all_Oct2024.html#defaulttraci connection busySocket sumo">Oct2024</A>
<A HREF="test_default_all_Sep2024.html#defaulttraci connection busySocket sumo">Sep2024</A>

)</H4>

<PRE>Test exceeded wallclock time limit of 900.0 seconds
---------- Differences in errors ----------
3d2
&lt; Could not connect in 61 tries
</PRE>
<A NAME="defaulttraci connection busySocket sumo-gui"></A>
<H4>TEST were terminated before completion (TIMEOUT) on ts-bapmsumbld : traci connection busySocket sumo-gui (
<A HREF="test_default.html#defaulttraci connection busySocket sumo-gui">Last six runs</A>
<A HREF="test_default_all_Oct2024.html#defaulttraci connection busySocket sumo-gui">Oct2024</A>
<A HREF="test_default_all_Sep2024.html#defaulttraci connection busySocket sumo-gui">Sep2024</A>

)</H4>

<PRE>Test exceeded wallclock time limit of 900.0 seconds
---------- Differences in errors ----------
1,3c1
&lt; Could not connect in 61 tries
&lt; Error: tcpip::Socket::accept() Unable to create listening socket: Address already in use
&lt; Quitting (on error).
---
&gt; FXApp::openDisplay: unable to open display :9851.0
</PRE>



</BODY> </HTML>
