<!DOCTYPE HTML PUBLIC "-//W3C//DTD HTML 3.2//EN">
<HTML>

<!-- This file generated using Python HTMLgen module. -->
<HEAD>
  <META NAME="GENERATOR" CONTENT="HTMLgen 2.2.2">
        <TITLE>Detailed test results for COMPLEX: 24Sep24rv1_20_0+2120-949c620fee4 (generated by sumo at 30Sep01:43)</TITLE>
<meta charset="utf-8"></HEAD>
<BODY>
<H1 align="center">24Sep24rv1_20_0+2120-949c620fee4 - detailed test results for COMPLEX</H1>

<center><EM>To reconnect the TextTest GUI to these results, run:</EM></center>

<center><P style="font-family:monospace">texttest -a complex -d /Users/sumo/clangMacOS/sumo/tests -reconnect /Users/sumo/clangMacOS/texttesttmp/clangMacOS.30Sep001137.30465 -g</P>
</center>

<center><EM>To start TextTest for these tests, run:</EM></center>

<center><P style="font-family:monospace">texttest -a complex -d /Users/sumo/clangMacOS/sumo/tests</P>
</center>

<HR>
<H2>default: 772 tests: 733 succeeded 29 FAILED 8 known bugs 2 killed</H2>

<A NAME="defaultFAILED"></A>
<H3>Detailed information for the tests that FAILED:</H3>

<A NAME="defaultfmi model_validation"></A>
<H4>TEST FAILED on ts-bapmsumbld : fmi model_validation (
<A HREF="test_default.html#defaultfmi model_validation">Last six runs</A>
<A HREF="test_default_all_Sep2024.html#defaultfmi model_validation">Sep2024</A>

)</H4>

<PRE>---------- Differences in errors ----------
0a1,4
&gt; Traceback (most recent call last):
&gt;   File "/Users/sumo/clangMacOS/sumo/tests/../tests/complex/fmi/runner.py", line 27, in &lt;module&gt;
&gt;     from fmpy import read_model_description, extract
&gt; ModuleNotFoundError: No module named 'fmpy'
---------- Differences in output ----------
1,3d0
&lt; FMU validation successful
&lt; Simulating libsumofmi2 (model name 'SUMO', FMI v2.0)...
&lt; Print ended at step 60.0
</PRE>
<A NAME="defaultfmi vehicle_getIDCount"></A>
<H4>TEST FAILED on ts-bapmsumbld : fmi vehicle_getIDCount (
<A HREF="test_default.html#defaultfmi vehicle_getIDCount">Last six runs</A>
<A HREF="test_default_all_Sep2024.html#defaultfmi vehicle_getIDCount">Sep2024</A>

)</H4>

<PRE>---------- Differences in errors ----------
0a1,4
&gt; Traceback (most recent call last):
&gt;   File "/Users/sumo/clangMacOS/sumo/tests/../tests/complex/fmi/runner.py", line 27, in &lt;module&gt;
&gt;     from fmpy import read_model_description, extract
&gt; ModuleNotFoundError: No module named 'fmpy'
---------- Differences in output ----------
1,63d0
&lt; FMU validation successful
&lt; Simulating libsumofmi2 (model name 'SUMO', FMI v2.0)...
&lt; TIME 1.0: vehicle.getIDCount = 6
&lt; TIME 2.0: vehicle.getIDCount = 6
&lt; TIME 3.0: vehicle.getIDCount = 6
&lt; TIME 4.0: vehicle.getIDCount = 7
&lt; TIME 5.0: vehicle.getIDCount = 7
&lt; TIME 6.0: vehicle.getIDCount = 8
&lt; TIME 7.0: vehicle.getIDCount = 8
&lt; TIME 8.0: vehicle.getIDCount = 9
&lt; TIME 9.0: vehicle.getIDCount = 9
&lt; TIME 10.0: vehicle.getIDCount = 9
&lt; TIME 11.0: vehicle.getIDCount = 9
&lt; TIME 12.0: vehicle.getIDCount = 9
&lt; TIME 13.0: vehicle.getIDCount = 10
&lt; TIME 14.0: vehicle.getIDCount = 10
&lt; TIME 15.0: vehicle.getIDCount = 10
&lt; TIME 16.0: vehicle.getIDCount = 11
&lt; TIME 17.0: vehicle.getIDCount = 11
&lt; TIME 18.0: vehicle.getIDCount = 12
&lt; TIME 19.0: vehicle.getIDCount = 12
&lt; TIME 20.0: vehicle.getIDCount = 12
&lt; TIME 21.0: vehicle.getIDCount = 13
&lt; TIME 22.0: vehicle.getIDCount = 13
&lt; TIME 23.0: vehicle.getIDCount = 13
&lt; TIME 24.0: vehicle.getIDCount = 13
&lt; TIME 25.0: vehicle.getIDCount = 13
&lt; TIME 26.0: vehicle.getIDCount = 12
&lt; TIME 27.0: vehicle.getIDCount = 10
&lt;truncated after showing first 30 lines&gt;
</PRE>
<A NAME="defaultfmi vehicle_getParameterWithKey"></A>
<H4>TEST FAILED on ts-bapmsumbld : fmi vehicle_getParameterWithKey (
<A HREF="test_default.html#defaultfmi vehicle_getParameterWithKey">Last six runs</A>
<A HREF="test_default_all_Sep2024.html#defaultfmi vehicle_getParameterWithKey">Sep2024</A>

)</H4>

<PRE>---------- Differences in errors ----------
0a1,4
&gt; Traceback (most recent call last):
&gt;   File "/Users/sumo/clangMacOS/sumo/tests/../tests/complex/fmi/runner.py", line 27, in &lt;module&gt;
&gt;     from fmpy import read_model_description, extract
&gt; ModuleNotFoundError: No module named 'fmpy'
---------- Differences in output ----------
1,4d0
&lt; FMU validation successful
&lt; Simulating libsumofmi2 (model name 'SUMO', FMI v2.0)...
&lt; key, value: 'meaningOfLife', '42'
&lt; Print ended at step 60.0
</PRE>
<A NAME="defaultfmi vehicle_moveToXY"></A>
<H4>TEST FAILED on ts-bapmsumbld : fmi vehicle_moveToXY (
<A HREF="test_default.html#defaultfmi vehicle_moveToXY">Last six runs</A>
<A HREF="test_default_all_Sep2024.html#defaultfmi vehicle_moveToXY">Sep2024</A>

)</H4>

<PRE>---------- Differences in errors ----------
0a1,4
&gt; Traceback (most recent call last):
&gt;   File "/Users/sumo/clangMacOS/sumo/tests/../tests/complex/fmi/runner.py", line 27, in &lt;module&gt;
&gt;     from fmpy import read_model_description, extract
&gt; ModuleNotFoundError: No module named 'fmpy'
---------- Differences in output ----------
1,91d0
&lt; FMU validation successful
&lt; Simulating libsumofmi2 (model name 'SUMO', FMI v2.0)...
&lt; TIME 0: laneID = ''
&lt; TIME 1.0: laneID = 'WE1_0'
&lt; currentPos = [0.0, -1.6]
&lt; targetPos = (10.0, -1.6)
&lt; TIME 2.0: laneID = 'WE1_0'
&lt; currentPos = [10.0, -1.6]
&lt; targetPos = (20.0, -1.6)
&lt; TIME 3.0: laneID = 'WE1_0'
&lt; currentPos = [20.0, -1.6]
&lt; targetPos = (30.0, -1.6)
&lt; TIME 4.0: laneID = 'WE1_0'
&lt; currentPos = [30.0, -1.6]
&lt; targetPos = (40.0, -1.6)
&lt; TIME 5.0: laneID = 'WE1_0'
&lt; currentPos = [40.0, -1.6]
&lt; targetPos = (50.0, -1.6)
&lt; TIME 6.0: laneID = ':J1_10_0'
&lt; currentPos = [50.0, -1.6]
&lt; targetPos = (60.0, -1.6)
&lt; TIME 7.0: laneID = 'WE2_0'
&lt; currentPos = [60.0, -1.6]
&lt; targetPos = (70.0, -1.6)
&lt; TIME 8.0: laneID = 'WE2_0'
&lt; currentPos = [70.0, -1.6]
&lt; targetPos = (80.0, -1.6)
&lt; TIME 9.0: laneID = 'WE2_0'
&lt; currentPos = [80.0, -1.6]
&lt;truncated after showing first 30 lines&gt;
</PRE>
<A NAME="defaultstate persons ride_aborted"></A>
<H4>TEST FAILED on ts-bapmsumbld : state persons ride_aborted (
<A HREF="test_default.html#defaultstate persons ride_aborted">Last six runs</A>
<A HREF="test_default_all_Sep2024.html#defaultstate persons ride_aborted">Sep2024</A>

)</H4>

<PRE>---------- Differences in errors ----------
1a2,3
&gt; Warning: Teleporting vehicle 'v0'; waited too long (wrong lane), lane='3/1to2/1_0', time=370.00.
&gt; Warning: Vehicle 'v0' ends teleporting on edge '1/1to0/1', time=370.00.
---------- Differences in output ----------
0a1,6
&gt; &lt;     &lt;tripinfo id="v0" depart="20.00" departLane="3/1to2/1_0" departPos="3.10" departSpeed="0.00" departDelay="0.00" arrival="177.00" arrivalLane="1/1to0/1_0" arrivalPos="400.00" arrivalSpeed="9.38" duration="157.00" routeLength="1196.90" waitingTime="17.00" waitingCount="1" stopTime="0.00" timeLoss="28.55" rerouteNo="1" devices="tripinfo_v0 routing_v0" vType="DEFAULT_VEHTYPE" speedFactor="0.94" vaporized=""/&gt;
&gt; &gt;     &lt;tripinfo id="v0" depart="20.00" departLane="3/1to2/1_0" departPos="3.10" departSpeed="0.00" departDelay="0.00" arrival="371.00" arrivalLane="1/1to0/1_0" arrivalPos="-1.00" arrivalSpeed="9.38" duration="351.00" routeLength="395.90" waitingTime="301.00" waitingCount="1" stopTime="0.00" timeLoss="307.70" rerouteNo="0" devices="tripinfo_v0 routing_v0" vType="DEFAULT_VEHTYPE" speedFactor="0.94" vaporized=""/&gt;
&gt; &lt;     &lt;personinfo id="persontrip_car" depart="2.00" type="DEFAULT_PEDTYPE" speedFactor="1.06" duration="-1" waitingTime="176.00" timeLoss="-1" traveltime="-1"&gt;
&gt; &gt;     &lt;personinfo id="persontrip_car" depart="2.00" type="DEFAULT_PEDTYPE" speedFactor="1.06" duration="-1" waitingTime="370.00" timeLoss="-1" traveltime="-1"&gt;
&gt; &lt;         &lt;ride waitingTime="176.00" vehicle="NULL" depart="-1" arrival="-1" arrivalPos="-1" duration="-1" routeLength="-1" timeLoss="-1"/&gt;
&gt; &gt;         &lt;ride waitingTime="370.00" vehicle="NULL" depart="-1" arrival="-1" arrivalPos="-1" duration="-1" routeLength="-1" timeLoss="-1"/&gt;
---------- Differences in tripinfo2 ----------
5,7c5,7
&lt;     &lt;tripinfo id="v0" depart="20.00" departLane="3/1to2/1_0" departPos="3.10" departSpeed="0.00" departDelay="0.00" arrival="177.00" arrivalLane="1/1to0/1_0" arrivalPos="400.00" arrivalSpeed="9.38" duration="157.00" routeLength="1196.90" waitingTime="17.00" waitingCount="1" stopTime="0.00" timeLoss="28.55" rerouteNo="1" devices="tripinfo_v0 routing_v0" vType="DEFAULT_VEHTYPE" speedFactor="0.94" vaporized=""/&gt;
&lt;     &lt;personinfo id="persontrip_car" depart="2.00" type="DEFAULT_PEDTYPE" speedFactor="1.06" duration="-1" waitingTime="176.00" timeLoss="-1" traveltime="-1"&gt;
&lt;         &lt;ride waitingTime="176.00" vehicle="NULL" depart="-1" arrival="-1" arrivalPos="-1" duration="-1" routeLength="-1" timeLoss="-1"/&gt;
---
&gt;     &lt;tripinfo id="v0" depart="20.00" departLane="3/1to2/1_0" departPos="3.10" departSpeed="0.00" departDelay="0.00" arrival="371.00" arrivalLane="1/1to0/1_0" arrivalPos="-1.00" arrivalSpeed="9.38" duration="351.00" routeLength="395.90" waitingTime="301.00" waitingCount="1" stopTime="0.00" timeLoss="307.70" rerouteNo="0" devices="tripinfo_v0 routing_v0" vType="DEFAULT_VEHTYPE" speedFactor="0.94" vaporized=""/&gt;
&gt;     &lt;personinfo id="persontrip_car" depart="2.00" type="DEFAULT_PEDTYPE" speedFactor="1.06" duration="-1" waitingTime="370.00" timeLoss="-1" traveltime="-1"&gt;
&gt;         &lt;ride waitingTime="370.00" vehicle="NULL" depart="-1" arrival="-1" arrivalPos="-1" duration="-1" routeLength="-1" timeLoss="-1"/&gt;
</PRE>
<A NAME="defaultstate replay"></A>
<H4>TEST FAILED on ts-bapmsumbld : state replay (
<A HREF="test_default.html#defaultstate replay">Last six runs</A>
<A HREF="test_default_all_Sep2024.html#defaultstate replay">Sep2024</A>

)</H4>

<PRE>---------- Differences in errors ----------
0a1,182
&gt; FXApp::openDisplay: unable to open display :24490.0
&gt;   warnings.warn(("Could not connect to TraCI server using port %s (%s)." +
&gt; FXApp::openDisplay: unable to open display :24490.0
&gt;   warnings.warn(("Could not connect to TraCI server using port %s (%s)." +
&gt; FXApp::openDisplay: unable to open display :24490.0
&gt;   warnings.warn(("Could not connect to TraCI server using port %s (%s)." +
&gt; FXApp::openDisplay: unable to open display :24490.0
&gt;   warnings.warn(("Could not connect to TraCI server using port %s (%s)." +
&gt; FXApp::openDisplay: unable to open display :24490.0
&gt;   warnings.warn(("Could not connect to TraCI server using port %s (%s)." +
&gt; FXApp::openDisplay: unable to open display :24490.0
&gt;   warnings.warn(("Could not connect to TraCI server using port %s (%s)." +
&gt; FXApp::openDisplay: unable to open display :24490.0
&gt;   warnings.warn(("Could not connect to TraCI server using port %s (%s)." +
&gt; FXApp::openDisplay: unable to open display :24490.0
&gt;   warnings.warn(("Could not connect to TraCI server using port %s (%s)." +
&gt; FXApp::openDisplay: unable to open display :24490.0
&gt;   warnings.warn(("Could not connect to TraCI server using port %s (%s)." +
&gt; FXApp::openDisplay: unable to open display :24490.0
&gt;   warnings.warn(("Could not connect to TraCI server using port %s (%s)." +
&gt; FXApp::openDisplay: unable to open display :24490.0
&gt;   warnings.warn(("Could not connect to TraCI server using port %s (%s)." +
&gt; FXApp::openDisplay: unable to open display :24490.0
&gt;   warnings.warn(("Could not connect to TraCI server using port %s (%s)." +
&gt; FXApp::openDisplay: unable to open display :24490.0
&gt;   warnings.warn(("Could not connect to TraCI server using port %s (%s)." +
&gt; FXApp::openDisplay: unable to open display :24490.0
&gt;   warnings.warn(("Could not connect to TraCI server using port %s (%s)." +
&gt; FXApp::openDisplay: unable to open display :24490.0
&lt;truncated after showing first 30 lines&gt;
</PRE>
<A NAME="defaultstate rerouting"></A>
<H4>TEST FAILED on ts-bapmsumbld : state rerouting (
<A HREF="test_default.html#defaultstate rerouting">Last six runs</A>
<A HREF="test_default_all_Sep2024.html#defaultstate rerouting">Sep2024</A>

)</H4>

<PRE>---------- Differences in errors ----------
20a21,23
&gt; Warning: Teleporting vehicle 'veh159'; waited too long (jam), lane=':gneJ4_0_0', time=882.00.
&gt; Warning: Vehicle 'veh159' ends teleporting on edge 'gneE3', time=882.00.
&gt; Warning: Vehicle 'veh159' performs emergency braking on lane 'gneE3_0' with decel=9.00, wished=4.50, severity=1.00, time=883.00.
22a26,28
&gt; Warning: Teleporting vehicle 'veh161'; waited too long (jam), lane=':gneJ4_0_0', time=1190.00.
&gt; Warning: Vehicle 'veh161' ends teleporting on edge 'gneE3', time=1190.00.
&gt; Warning: Vehicle 'veh161' performs emergency braking on lane 'gneE3_0' with decel=9.00, wished=4.50, severity=1.00, time=1191.00.
24a31,33
&gt; Warning: Teleporting vehicle 'veh166'; waited too long (jam), lane=':gneJ4_0_0', time=1505.00.
&gt; Warning: Vehicle 'veh166' ends teleporting on edge 'gneE3', time=1505.00.
&gt; Warning: Vehicle 'veh166' performs emergency braking on lane 'gneE3_0' with decel=9.00, wished=4.50, severity=1.00, time=1506.00.
27,28c36,626
&lt; Warning: Teleporting vehicle 'veh73'; waited too long (yield), lane='gneE2_0', time=2089.00.
&lt; Warning: Vehicle 'veh73' ends teleporting on edge 'gneE3', time=2089.00.
---
&gt; Warning: Teleporting vehicle 'veh229'; waited too long (jam), lane='gneE5_0', time=2031.00.
&gt; Warning: Teleporting vehicle 'veh228'; waited too long (jam), lane=':gneJ4_0_0', time=2031.00.
&gt; Warning: Vehicle 'veh228' ends teleporting on edge 'gneE3', time=2031.00.
&gt; Warning: Vehicle 'veh229' ends teleporting on edge 'gneE3', time=2031.00.
&gt; Warning: Vehicle 'veh229' performs emergency braking on lane 'gneE3_0' with decel=9.00, wished=4.50, severity=1.00, time=2032.00.
&gt; Warning: Vehicle 'veh228' performs emergency braking on lane 'gneE3_0' with decel=9.00, wished=4.50, severity=1.00, time=2032.00.
&gt; Warning: Teleporting vehicle 'veh74'; waited too long (yield), lane='gneE2_0', time=2338.00.
&gt; Warning: Teleporting vehicle 'veh230'; waited too long (jam), lane=':gneJ4_0_0', time=2338.00.
&gt; Warning: Vehicle 'veh230' ends teleporting on edge 'gneE3', time=2338.00.
&gt; Warning: Vehicle 'veh74' ends teleporting on edge 'gneE3', time=2338.00.
&gt; Warning: Vehicle 'veh230' performs emergency braking on lane 'gneE3_0' with decel=9.00, wished=4.50, severity=1.00, time=2339.00.
&gt; Warning: Teleporting vehicle 'veh75'; waited too long (yield), lane='gneE2_0', time=2643.00.
&gt; Warning: Teleporting vehicle 'veh231'; waited too long (jam), lane=':gneJ4_0_0', time=2643.00.
&gt; Warning: Vehicle 'veh231' ends teleporting on edge 'gneE3', time=2643.00.
&lt;truncated after showing first 30 lines&gt;
---------- Differences in vehroutes2 ----------
101c101
&lt;     &lt;vehicle id="veh153" type="default" depart="483.00" departPos="1.00" arrivalPos="80.00" arrivalSpeed="0.00" arrival="584.00"&gt;
---
&gt;     &lt;vehicle id="veh153" type="default" depart="483.00" departPos="1.00" arrivalPos="80.00" arrivalSpeed="0.00" arrival="585.00"&gt;
105c105
&lt;     &lt;vehicle id="veh154" type="default" depart="487.00" departPos="1.00" arrivalPos="80.00" arrivalSpeed="0.00" arrival="587.00"&gt;
---
&gt;     &lt;vehicle id="veh154" type="default" depart="487.00" departPos="1.00" arrivalPos="80.00" arrivalSpeed="0.00" arrival="590.00"&gt;
109c109
&lt;     &lt;vehicle id="veh155" type="default" depart="491.00" departPos="1.00" arrivalPos="80.00" arrivalSpeed="0.00" arrival="590.00"&gt;
---
&gt;     &lt;vehicle id="veh155" type="default" depart="491.00" departPos="1.00" arrivalPos="80.00" arrivalSpeed="0.00" arrival="595.00"&gt;
113c113
&lt;     &lt;vehicle id="veh156" type="default" depart="496.00" departPos="1.00" arrivalPos="80.00" arrivalSpeed="0.00" arrival="594.00"&gt;
---
&gt;     &lt;vehicle id="veh156" type="default" depart="496.00" departPos="1.00" arrivalPos="80.00" arrivalSpeed="0.00" arrival="599.00"&gt;
117c117
&lt;     &lt;vehicle id="veh157" type="default" depart="501.00" departPos="1.00" arrivalPos="80.00" arrivalSpeed="0.00" arrival="599.00"&gt;
---
&gt;     &lt;vehicle id="veh157" type="default" depart="501.00" departPos="1.00" arrivalPos="80.00" arrivalSpeed="0.00" arrival="602.00"&gt;
119c119
&lt;             &lt;route replacedOnEdge="" reason="device.rerouting" replacedAtTime="500.00" probability="0" edges="gneE0 gneE1 gneE2 gneE3"/&gt;
---
&gt;             &lt;route replacedOnEdge="gneE0" reason="device.rerouting" replacedAtTime="501.00" probability="0" edges="gneE0 gneE1 gneE2 gneE3"/&gt;
124c124
&lt;     &lt;vehicle id="veh158" type="default" depart="506.00" departPos="1.00" arrivalPos="80.00" arrivalSpeed="0.00" arrival="602.00"&gt;
---
&gt;     &lt;vehicle id="veh158" type="default" depart="506.00" departPos="1.00" arrivalPos="80.00" arrivalSpeed="0.00" arrival="605.00"&gt;
126c126
&lt;             &lt;route replacedOnEdge="" reason="device.rerouting" replacedAtTime="500.00" probability="0" edges="gneE0 gneE1 gneE2 gneE3"/&gt;
&lt;truncated after showing first 30 lines&gt;
</PRE>
<A NAME="defaultsumo fcdReplay"></A>
<H4>TEST FAILED on ts-bapmsumbld : sumo fcdReplay (
<A HREF="test_default.html#defaultsumo fcdReplay">Last six runs</A>
<A HREF="test_default_all_Sep2024.html#defaultsumo fcdReplay">Sep2024</A>

)</H4>

<PRE>---------- Differences in errors ----------
0a1,185
&gt; FXApp::openDisplay: unable to open display :17923.0
&gt;   warnings.warn(("Could not connect to TraCI server using port %s (%s)." +
&gt; FXApp::openDisplay: unable to open display :17923.0
&gt;   warnings.warn(("Could not connect to TraCI server using port %s (%s)." +
&gt; FXApp::openDisplay: unable to open display :17923.0
&gt;   warnings.warn(("Could not connect to TraCI server using port %s (%s)." +
&gt; FXApp::openDisplay: unable to open display :17923.0
&gt;   warnings.warn(("Could not connect to TraCI server using port %s (%s)." +
&gt; FXApp::openDisplay: unable to open display :17923.0
&gt;   warnings.warn(("Could not connect to TraCI server using port %s (%s)." +
&gt; FXApp::openDisplay: unable to open display :17923.0
&gt;   warnings.warn(("Could not connect to TraCI server using port %s (%s)." +
&gt; FXApp::openDisplay: unable to open display :17923.0
&gt;   warnings.warn(("Could not connect to TraCI server using port %s (%s)." +
&gt; FXApp::openDisplay: unable to open display :17923.0
&gt;   warnings.warn(("Could not connect to TraCI server using port %s (%s)." +
&gt; FXApp::openDisplay: unable to open display :17923.0
&gt;   warnings.warn(("Could not connect to TraCI server using port %s (%s)." +
&gt; FXApp::openDisplay: unable to open display :17923.0
&gt;   warnings.warn(("Could not connect to TraCI server using port %s (%s)." +
&gt; FXApp::openDisplay: unable to open display :17923.0
&gt;   warnings.warn(("Could not connect to TraCI server using port %s (%s)." +
&gt; FXApp::openDisplay: unable to open display :17923.0
&gt;   warnings.warn(("Could not connect to TraCI server using port %s (%s)." +
&gt; FXApp::openDisplay: unable to open display :17923.0
&gt;   warnings.warn(("Could not connect to TraCI server using port %s (%s)." +
&gt; FXApp::openDisplay: unable to open display :17923.0
&gt;   warnings.warn(("Could not connect to TraCI server using port %s (%s)." +
&gt; FXApp::openDisplay: unable to open display :17923.0
&lt;truncated after showing first 30 lines&gt;
</PRE>
<A NAME="defaultsumo gui"></A>
<H4>TEST FAILED on ts-bapmsumbld : sumo gui (
<A HREF="test_default.html#defaultsumo gui">Last six runs</A>
<A HREF="test_default_all_Sep2024.html#defaultsumo gui">Sep2024</A>

)</H4>

<PRE>---------- Differences in errors ----------
0a1,5
&gt; Traceback (most recent call last):
&gt;   File "/Users/sumo/clangMacOS/sumo/tests/../tests/complex/sumo/gui/runner.py", line 26, in &lt;module&gt;
&gt;     import pyautogui  # noqa
&gt;     ^^^^^^^^^^^^^^^^
&gt; ModuleNotFoundError: No module named 'pyautogui'
---------- Missing result in vehroutes ----------
&lt;?xml version="1.0" encoding="UTF-8"?&gt;


&lt;routes xmlns:xsi="http://www.w3.org/2001/XMLSchema-instance" xsi:noNamespaceSchemaLocation="http://sumo.dlr.de/xsd/routes_file.xsd"&gt;
    &lt;vehicle id="vertical.0" depart="103.00" arrival="344.00"&gt;
        &lt;route edges="3fi 3si 4o 4fi 4si 3o 3fi"/&gt;
    &lt;/vehicle&gt;

    &lt;vehicle id="vertical.1" depart="113.00" arrival="378.00"&gt;
        &lt;route edges="3fi 3si 4o 4fi 4si 3o 3fi"/&gt;
    &lt;/vehicle&gt;

    &lt;vehicle id="vertical.2" depart="123.00" arrival="380.00"&gt;
        &lt;route edges="3fi 3si 4o 4fi 4si 3o 3fi"/&gt;
    &lt;/vehicle&gt;

    &lt;vehicle id="vertical.3" depart="133.00" arrival="382.00"&gt;
        &lt;route edges="3fi 3si 4o 4fi 4si 3o 3fi"/&gt;
    &lt;/vehicle&gt;

    &lt;vehicle id="vertical.4" depart="143.00" arrival="384.00"&gt;
        &lt;route edges="3fi 3si 4o 4fi 4si 3o 3fi"/&gt;
    &lt;/vehicle&gt;

    &lt;vehicle id="vertical.5" depart="153.00" arrival="386.00"&gt;
        &lt;route edges="3fi 3si 4o 4fi 4si 3o 3fi"/&gt;
    &lt;/vehicle&gt;

    &lt;vehicle id="vertical.6" depart="163.00" arrival="435.00"&gt;
        &lt;route edges="3fi 3si 4o 4fi 4si 3o 3fi"/&gt;
&lt;truncated after showing first 30 lines&gt;
</PRE>
<A NAME="defaultsumo socketout"></A>
<H4>TEST FAILED on ts-bapmsumbld : sumo socketout (
<A HREF="test_default.html#defaultsumo socketout">Last six runs</A>
<A HREF="test_default_all_Sep2024.html#defaultsumo socketout">Sep2024</A>

)</H4>

<PRE>---------- Differences in errors ----------
1,2d0
&lt; Error: send failed: Software caused tcpip::Socket abort
&lt; Quitting (on error).
</PRE>
<A NAME="defaultsumo speedMap"></A>
<H4>TEST FAILED on ts-bapmsumbld : sumo speedMap (
<A HREF="test_default.html#defaultsumo speedMap">Last six runs</A>
<A HREF="test_default_all_Sep2024.html#defaultsumo speedMap">Sep2024</A>

)</H4>

<PRE>---------- Differences in errors ----------
1,8c1,4
&lt; Warning: Teleporting vehicle '7'; collision with vehicle '6', lane='1/1to2/1_0', gap=-0.73, time=5.00, stage=move.
&lt; Warning: Vehicle '7' ends teleporting on edge '2/1to3/1', time=5.00.
&lt; Warning: Teleporting vehicle '20'; collision with vehicle '19', lane='1/1to2/1_0', gap=-0.26, time=34.00, stage=move.
&lt; Warning: Vehicle '20' ends teleporting on edge '2/1to3/1', time=34.00.
&lt; Warning: Teleporting vehicle '18'; collision with vehicle '17', lane='1/1to2/1_0', gap=-0.77, time=52.00, stage=move.
&lt; Warning: Teleporting vehicle '24'; collision with vehicle '23', lane='1/1to2/1_0', gap=-0.15, time=52.00, stage=move.
&lt; Warning: Vehicle '18' ends teleporting on edge '2/1to3/1', time=52.00.
&lt; Warning: Vehicle '24' ends teleporting on edge '2/1to3/1', time=52.00.
---
&gt; Traceback (most recent call last):
&gt;   File "/Users/sumo/clangMacOS/sumo/tests/../tests/complex/sumo/speedMap/runner.py", line 26, in &lt;module&gt;
&gt;     import matplotlib
&gt; ModuleNotFoundError: No module named 'matplotlib'
---------- Missing result in state ----------
&lt;?xml version="1.0" encoding="UTF-8"?&gt;


&lt;netstate xmlns:xsi="http://www.w3.org/2001/XMLSchema-instance" xsi:noNamespaceSchemaLocation="http://sumo.dlr.de/xsd/netstate_file.xsd"&gt;
    &lt;timestep time="0.00"&gt;
        &lt;edge id="1/1to2/1"&gt;
            &lt;lane id="1/1to2/1_0"&gt;
                &lt;vehicle id="24" pos="308.00" speed="0.00"/&gt;
                &lt;vehicle id="23" pos="316.00" speed="0.00"/&gt;
                &lt;vehicle id="22" pos="324.00" speed="0.00"/&gt;
                &lt;vehicle id="21" pos="332.00" speed="0.00"/&gt;
                &lt;vehicle id="20" pos="340.00" speed="0.00"/&gt;
                &lt;vehicle id="19" pos="348.00" speed="0.00"/&gt;
                &lt;vehicle id="18" pos="356.00" speed="0.00"/&gt;
                &lt;vehicle id="17" pos="364.00" speed="0.00"/&gt;
                &lt;vehicle id="16" pos="372.00" speed="0.00"/&gt;
                &lt;vehicle id="15" pos="380.00" speed="0.00"/&gt;
                &lt;vehicle id="14" pos="388.00" speed="0.00"/&gt;
                &lt;vehicle id="13" pos="396.00" speed="0.00"/&gt;
                &lt;vehicle id="12" pos="404.00" speed="0.00"/&gt;
                &lt;vehicle id="11" pos="412.00" speed="0.00"/&gt;
                &lt;vehicle id="10" pos="420.00" speed="0.00"/&gt;
                &lt;vehicle id="9" pos="428.00" speed="0.00"/&gt;
                &lt;vehicle id="8" pos="436.00" speed="0.00"/&gt;
                &lt;vehicle id="7" pos="444.00" speed="0.00"/&gt;
                &lt;vehicle id="6" pos="452.00" speed="0.00"/&gt;
                &lt;vehicle id="5" pos="460.00" speed="0.00"/&gt;
                &lt;vehicle id="4" pos="468.00" speed="0.00"/&gt;
                &lt;vehicle id="3" pos="476.00" speed="0.00"/&gt;
                &lt;vehicle id="2" pos="484.00" speed="0.00"/&gt;
&lt;truncated after showing first 30 lines&gt;
</PRE>
<A NAME="defaulttraci connection clientCloses sumo-gui"></A>
<H4>TEST FAILED on ts-bapmsumbld : traci connection clientCloses sumo-gui (
<A HREF="test_default.html#defaulttraci connection clientCloses sumo-gui">Last six runs</A>
<A HREF="test_default_all_Sep2024.html#defaulttraci connection clientCloses sumo-gui">Sep2024</A>

)</H4>

<PRE>---------- Differences in errors ----------
0a1,6
&gt; FXApp::openDisplay: unable to open display :19258.0
&gt; Traceback (most recent call last):
&gt;     raise FatalTraCIError("Could not connect in %s tries" % (numRetries + 1))
&gt; traci.exceptions.FatalTraCIError: Could not connect in 61 tries
&gt; /usr/local/Cellar/python@3.11/3.11.6/Frameworks/Python.framework/Versions/3.11/lib/python3.11/subprocess.py:1127: ResourceWarning: subprocess 52031 is still running
&gt;   _warn("subprocess %s is still running" % self.pid,
---------- Differences in output ----------
3,15d2
&lt; Print ended at step 100.0
&lt; ----------- SUMO end time is not given -----------
&lt; Print ended at step 100.0
&lt; =========== empty routes in SUMO ===========
&lt; ----------- SUMO end time is smaller than TraCI's -----------
&lt; Print ended at step 100.0
&lt; ----------- SUMO end time is not given -----------
&lt; Print ended at step 100.0
&lt; =========== vehicle leaves before TraCI ends ===========
&lt; ----------- SUMO end time is smaller than TraCI's -----------
&lt; Print ended at step 100.0
&lt; ----------- SUMO end time is not given -----------
&lt; Print ended at step 100.0
</PRE>
<A NAME="defaulttraci connection closingOutput sumo-gui"></A>
<H4>TEST FAILED on ts-bapmsumbld : traci connection closingOutput sumo-gui (
<A HREF="test_default.html#defaulttraci connection closingOutput sumo-gui">Last six runs</A>
<A HREF="test_default_all_Sep2024.html#defaulttraci connection closingOutput sumo-gui">Sep2024</A>

)</H4>

<PRE>---------- Differences in errors ----------
0a1,185
&gt; FXApp::openDisplay: unable to open display :19276.0
&gt;   warnings.warn(("Could not connect to TraCI server using port %s (%s)." +
&gt; FXApp::openDisplay: unable to open display :19276.0
&gt;   warnings.warn(("Could not connect to TraCI server using port %s (%s)." +
&gt; FXApp::openDisplay: unable to open display :19276.0
&gt;   warnings.warn(("Could not connect to TraCI server using port %s (%s)." +
&gt; FXApp::openDisplay: unable to open display :19276.0
&gt;   warnings.warn(("Could not connect to TraCI server using port %s (%s)." +
&gt; FXApp::openDisplay: unable to open display :19276.0
&gt;   warnings.warn(("Could not connect to TraCI server using port %s (%s)." +
&gt; FXApp::openDisplay: unable to open display :19276.0
&gt;   warnings.warn(("Could not connect to TraCI server using port %s (%s)." +
&gt; FXApp::openDisplay: unable to open display :19276.0
&gt;   warnings.warn(("Could not connect to TraCI server using port %s (%s)." +
&gt; FXApp::openDisplay: unable to open display :19276.0
&gt;   warnings.warn(("Could not connect to TraCI server using port %s (%s)." +
&gt; FXApp::openDisplay: unable to open display :19276.0
&gt;   warnings.warn(("Could not connect to TraCI server using port %s (%s)." +
&gt; FXApp::openDisplay: unable to open display :19276.0
&gt;   warnings.warn(("Could not connect to TraCI server using port %s (%s)." +
&gt; FXApp::openDisplay: unable to open display :19276.0
&gt;   warnings.warn(("Could not connect to TraCI server using port %s (%s)." +
&gt; FXApp::openDisplay: unable to open display :19276.0
&gt;   warnings.warn(("Could not connect to TraCI server using port %s (%s)." +
&gt; FXApp::openDisplay: unable to open display :19276.0
&gt;   warnings.warn(("Could not connect to TraCI server using port %s (%s)." +
&gt; FXApp::openDisplay: unable to open display :19276.0
&gt;   warnings.warn(("Could not connect to TraCI server using port %s (%s)." +
&gt; FXApp::openDisplay: unable to open display :19276.0
&lt;truncated after showing first 30 lines&gt;
---------- Missing result in state ----------
&lt;?xml version="1.0" encoding="UTF-8"?&gt;


&lt;netstate xmlns:xsi="http://www.w3.org/2001/XMLSchema-instance" xsi:noNamespaceSchemaLocation="http://sumo.dlr.de/xsd/netstate_file.xsd"&gt;
    &lt;timestep time="0.00"&gt;
        &lt;edge id="2fi"&gt;
            &lt;lane id="2fi_0"&gt;
                &lt;vehicle id="horiz" pos="5.10" speed="0.00"/&gt;
            &lt;/lane&gt;
        &lt;/edge&gt;
    &lt;/timestep&gt;
    &lt;timestep time="1.00"&gt;
        &lt;edge id="2fi"&gt;
            &lt;lane id="2fi_0"&gt;
                &lt;vehicle id="horiz" pos="6.53" speed="1.43"/&gt;
            &lt;/lane&gt;
        &lt;/edge&gt;
    &lt;/timestep&gt;
    &lt;timestep time="2.00"&gt;
        &lt;edge id="2fi"&gt;
            &lt;lane id="2fi_0"&gt;
                &lt;vehicle id="horiz" pos="10.57" speed="4.03"/&gt;
            &lt;/lane&gt;
        &lt;/edge&gt;
    &lt;/timestep&gt;
    &lt;timestep time="3.00"&gt;
        &lt;edge id="2fi"&gt;
            &lt;lane id="2fi_0"&gt;
                &lt;vehicle id="horiz" pos="16.77" speed="6.21"/&gt;
            &lt;/lane&gt;
&lt;truncated after showing first 30 lines&gt;
---------- Missing result in tripinfo ----------
&lt;?xml version="1.0" encoding="UTF-8"?&gt;


&lt;tripinfos xmlns:xsi="http://www.w3.org/2001/XMLSchema-instance" xsi:noNamespaceSchemaLocation="http://sumo.dlr.de/xsd/tripinfo_file.xsd"&gt;
&lt;/tripinfos&gt;
</PRE>
<A NAME="defaulttraci connection multipleConnections basic sumo-gui"></A>
<H4>TEST FAILED on ts-bapmsumbld : traci connection multipleConnections basic sumo-gui (
<A HREF="test_default.html#defaulttraci connection multipleConnections basic sumo-gui">Last six runs</A>
<A HREF="test_default_all_Sep2024.html#defaulttraci connection multipleConnections basic sumo-gui">Sep2024</A>

)</H4>

<PRE>---------- Differences in errors ----------
0a1,120
&gt; FXApp::openDisplay: unable to open display :18996.0
&gt; Process Process-1:
&gt; Traceback (most recent call last):
&gt;     raise FatalTraCIError("Could not connect in %s tries" % (numRetries + 1))
&gt; traci.exceptions.FatalTraCIError: Could not connect in 61 tries
&gt; Process Process-2:
&gt; Traceback (most recent call last):
&gt;     raise FatalTraCIError("Could not connect in %s tries" % (numRetries + 1))
&gt; traci.exceptions.FatalTraCIError: Could not connect in 61 tries
&gt; FXApp::openDisplay: unable to open display :18996.0
&gt; Process Process-4:
&gt; Traceback (most recent call last):
&gt;     raise FatalTraCIError("Could not connect in %s tries" % (numRetries + 1))
&gt; traci.exceptions.FatalTraCIError: Could not connect in 61 tries
&gt; Process Process-3:
&gt; Traceback (most recent call last):
&gt;     raise FatalTraCIError("Could not connect in %s tries" % (numRetries + 1))
&gt; traci.exceptions.FatalTraCIError: Could not connect in 61 tries
&gt; FXApp::openDisplay: unable to open display :18996.0
&gt; Process Process-5:
&gt; Traceback (most recent call last):
&gt;     raise FatalTraCIError("Could not connect in %s tries" % (numRetries + 1))
&gt; traci.exceptions.FatalTraCIError: Could not connect in 61 tries
&gt; Process Process-6:
&gt; Traceback (most recent call last):
&gt;     raise FatalTraCIError("Could not connect in %s tries" % (numRetries + 1))
&gt; traci.exceptions.FatalTraCIError: Could not connect in 61 tries
&gt; Process Process-7:
&gt; Traceback (most recent call last):
&lt;truncated after showing first 30 lines&gt;
---------- Differences in output ----------
15,44d14
&lt; -- Unordered text as found by filter 'Process [0-9]' --
&lt; Process 1 ended at step 99.0
&lt; Process 1 ended at step 99.0
&lt; Process 1 ended at step 99.0
&lt; Process 1 ended at step 99.0
&lt; Process 1 ended at step 99.0
&lt; Process 1 ended at step 99.0
&lt; Process 1 ended at step 99.0
&lt; Process 1 ended at step 99.0
&lt; Process 2 ended at step 99.0
&lt; Process 2 ended at step 99.0
&lt; Process 2 ended at step 99.0
&lt; Process 2 ended at step 99.0
&lt; Process 2 ended at step 99.0
&lt; Process 2 ended at step 99.0
&lt; Process 2 ended at step 99.0
&lt; Process 2 ended at step 99.0
&lt; Process 3 ended at step 99.0
&lt; Process 3 ended at step 99.0
&lt; Process 3 ended at step 99.0
&lt; Process 3 ended at step 99.0
&lt; Process 4 ended at step 99.0
&lt; Process 4 ended at step 99.0
&lt; Process 4 ended at step 99.0
&lt; Process 4 ended at step 99.0
&lt; Process 5 ended at step 99.0
&lt; Process 5 ended at step 99.0
&lt; Process 5 ended at step 99.0
&lt; Process 5 ended at step 99.0
&lt;truncated after showing first 30 lines&gt;
</PRE>
<A NAME="defaulttraci connection parallelConnection sumo-gui"></A>
<H4>TEST FAILED on ts-bapmsumbld : traci connection parallelConnection sumo-gui (
<A HREF="test_default.html#defaulttraci connection parallelConnection sumo-gui">Last six runs</A>
<A HREF="test_default_all_Sep2024.html#defaulttraci connection parallelConnection sumo-gui">Sep2024</A>

)</H4>

<PRE>---------- Differences in errors ----------
0a1,4
&gt; FXApp::openDisplay: unable to open display :18968.0
&gt; Traceback (most recent call last):
&gt;     raise FatalTraCIError("Could not connect.")
&gt; traci.exceptions.FatalTraCIError: Could not connect.
---------- Differences in output ----------
3,16d2
&lt;  Run 1
&lt;  Run 2
&lt; Print ended at step 100.0
&lt; Print ended at step 100.0
&lt; Print ended at step 100.0
&lt; Connection already closed.
&lt; ----------- TraCI ends first -----------
&lt;  Run 0
&lt;  Run 1
&lt;  Run 2
&lt; Print ended at step 100.0
&lt; Print ended at step 100.0
&lt; Print ended at step 100.0
&lt; Connection '2' is not known.
</PRE>
<A NAME="defaulttraci connection repeatedConnection sumo-gui"></A>
<H4>TEST FAILED on ts-bapmsumbld : traci connection repeatedConnection sumo-gui (
<A HREF="test_default.html#defaulttraci connection repeatedConnection sumo-gui">Last six runs</A>
<A HREF="test_default_all_Sep2024.html#defaulttraci connection repeatedConnection sumo-gui">Sep2024</A>

)</H4>

<PRE>---------- Differences in errors ----------
0a1,6
&gt; FXApp::openDisplay: unable to open display :18910.0
&gt; Traceback (most recent call last):
&gt;     raise FatalTraCIError("Could not connect in %s tries" % (numRetries + 1))
&gt; traci.exceptions.FatalTraCIError: Could not connect in 61 tries
&gt; /usr/local/Cellar/python@3.11/3.11.6/Frameworks/Python.framework/Versions/3.11/lib/python3.11/subprocess.py:1127: ResourceWarning: subprocess 51686 is still running
&gt;   _warn("subprocess %s is still running" % self.pid,
---------- Differences in output ----------
3,42d2
&lt; Print ended at step 100.0
&lt;  Run 1
&lt; Print ended at step 100.0
&lt;  Run 2
&lt; Print ended at step 100.0
&lt;  Run 3
&lt; Print ended at step 100.0
&lt;  Run 4
&lt; Print ended at step 100.0
&lt;  Run 5
&lt; Print ended at step 100.0
&lt;  Run 6
&lt; Print ended at step 100.0
&lt;  Run 7
&lt; Print ended at step 100.0
&lt;  Run 8
&lt; Print ended at step 100.0
&lt;  Run 9
&lt; Print ended at step 100.0
&lt; ----------- TraCI ends first -----------
&lt;  Run 0
&lt; Print ended at step 100.0
&lt;  Run 1
&lt; Print ended at step 100.0
&lt;  Run 2
&lt; Print ended at step 100.0
&lt;  Run 3
&lt; Print ended at step 100.0
&lt;  Run 4
&lt;truncated after showing first 30 lines&gt;
</PRE>
<A NAME="defaulttraci gui b50"></A>
<H4>TEST FAILED on ts-bapmsumbld : traci gui b50 (
<A HREF="test_default.html#defaulttraci gui b50">Last six runs</A>
<A HREF="test_default_all_Sep2024.html#defaulttraci gui b50">Sep2024</A>

)</H4>

<PRE>---------- Differences in errors ----------
6a7,12
&gt; FXApp::openDisplay: unable to open display :18218.0
&gt; Traceback (most recent call last):
&gt;     raise FatalTraCIError("Could not connect in %s tries" % (numRetries + 1))
&gt; traci.exceptions.FatalTraCIError: Could not connect in 61 tries
&gt; /usr/local/Cellar/python@3.11/3.11.6/Frameworks/Python.framework/Versions/3.11/lib/python3.11/subprocess.py:1127: ResourceWarning: subprocess 51023 is still running
&gt;   _warn("subprocess %s is still running" % self.pid,
---------- Differences in output ----------
2,4d1
&lt; -- Unordered text as found by filter '^Loading configuration ... done.' --
&lt; Loading configuration ... done.
&lt; 
</PRE>
<A NAME="defaulttraci gui gui"></A>
<H4>TEST FAILED on ts-bapmsumbld : traci gui gui (
<A HREF="test_default.html#defaulttraci gui gui">Last six runs</A>
<A HREF="test_default_all_Sep2024.html#defaulttraci gui gui">Sep2024</A>

)</H4>

<PRE>---------- Differences in errors ----------
0a1,4
&gt; Traceback (most recent call last):
&gt;   File "/Users/sumo/clangMacOS/sumo/tests/../tests/complex/traci/gui/gui/runner.py", line 26, in &lt;module&gt;
&gt;     from matplotlib.pyplot import imread
&gt; ModuleNotFoundError: No module named 'matplotlib'
---------- Differences in output ----------
1,33d0
&lt; step 0
&lt; step 1
&lt; step 2
&lt; hasGUI True
&lt; views ('View #0',)
&lt; examining View #0
&lt; set zoom (80.0)
&lt; get zoom 80.0
&lt; set offset (400.0, 400.0)
&lt; get offset (400.0, 400.0)
&lt; set schema ('real world')
&lt; get schema real world
&lt; visible boundary ((-809.6875, -232.0), (1609.6875, 1032.0))
&lt; has view View #0 True
&lt; has view 'foo' False
&lt; track vehicle 'horiz'
&lt; get tracked vehicle horiz
&lt; {0: ('View #0',)}
&lt; step 3
&lt; {0: ('View #0',)}
&lt; step 4
&lt; {0: ('View #0',)}
&lt; step 5
&lt; {0: ('View #0',)}
&lt; veh selected: False
&lt; edge selected: False
&lt; veh selected: True
&lt; edge selected: True
&lt; screenshot dimensions (500, 500, 4)
&lt;truncated after showing first 30 lines&gt;
</PRE>
<A NAME="defaulttraci gui polygon_dynamics_gui"></A>
<H4>TEST FAILED on ts-bapmsumbld : traci gui polygon_dynamics_gui (
<A HREF="test_default.html#defaulttraci gui polygon_dynamics_gui">Last six runs</A>
<A HREF="test_default_all_Sep2024.html#defaulttraci gui polygon_dynamics_gui">Sep2024</A>

)</H4>

<PRE>---------- Differences in errors ----------
0a1,187
&gt; FXApp::openDisplay: unable to open display :18176.0
&gt;   warnings.warn(("Could not connect to TraCI server using port %s (%s)." +
&gt; FXApp::openDisplay: unable to open display :18176.0
&gt;   warnings.warn(("Could not connect to TraCI server using port %s (%s)." +
&gt; FXApp::openDisplay: unable to open display :18176.0
&gt;   warnings.warn(("Could not connect to TraCI server using port %s (%s)." +
&gt; FXApp::openDisplay: unable to open display :18176.0
&gt;   warnings.warn(("Could not connect to TraCI server using port %s (%s)." +
&gt; FXApp::openDisplay: unable to open display :18176.0
&gt;   warnings.warn(("Could not connect to TraCI server using port %s (%s)." +
&gt; FXApp::openDisplay: unable to open display :18176.0
&gt;   warnings.warn(("Could not connect to TraCI server using port %s (%s)." +
&gt; FXApp::openDisplay: unable to open display :18176.0
&gt;   warnings.warn(("Could not connect to TraCI server using port %s (%s)." +
&gt; FXApp::openDisplay: unable to open display :18176.0
&gt;   warnings.warn(("Could not connect to TraCI server using port %s (%s)." +
&gt; FXApp::openDisplay: unable to open display :18176.0
&gt;   warnings.warn(("Could not connect to TraCI server using port %s (%s)." +
&gt; FXApp::openDisplay: unable to open display :18176.0
&gt;   warnings.warn(("Could not connect to TraCI server using port %s (%s)." +
&gt; FXApp::openDisplay: unable to open display :18176.0
&gt;   warnings.warn(("Could not connect to TraCI server using port %s (%s)." +
&gt; FXApp::openDisplay: unable to open display :18176.0
&gt;   warnings.warn(("Could not connect to TraCI server using port %s (%s)." +
&gt; FXApp::openDisplay: unable to open display :18176.0
&gt;   warnings.warn(("Could not connect to TraCI server using port %s (%s)." +
&gt; FXApp::openDisplay: unable to open display :18176.0
&gt;   warnings.warn(("Could not connect to TraCI server using port %s (%s)." +
&gt; FXApp::openDisplay: unable to open display :18176.0
&lt;truncated after showing first 30 lines&gt;
---------- Differences in output ----------
1,256d0
&lt; step 0
&lt; step 1
&lt; step 2
&lt; adding poly0
&lt; polygons ('poly0',)
&lt; polygon count 1
&lt; # examining poly0
&lt; shape ((960.0, 510.0), (960.0, 550.0), (1000.0, 550.0), (1000.0, 510.0))
&lt; type test
&lt; color (100, 200, 0, 255)
&lt; filled True
&lt; step 3
&lt; step 4
&lt; step 5
&lt; # (1) Adding underspecified dynamics...
&lt; Caught TraCIException
&lt; # (2) Adding malformed dynamics 1 ...
&lt; Caught TraCIException
&lt; # (3) Adding malformed dynamics 2 ...
&lt; Caught TraCIException
&lt; # (4) Adding malformed dynamics 3 ...
&lt; Caught TraCIException
&lt; # (5) Adding malformed dynamics 4 ...
&lt; Caught TraCIException
&lt; # (6) Adding malformed dynamics 5 ...
&lt; Caught TraCIException
&lt; # examining poly0
&lt; shape ((960.0, 510.0), (960.0, 550.0), (1000.0, 550.0), (1000.0, 510.0))
&lt; type test
&lt;truncated after showing first 30 lines&gt;
</PRE>
<A NAME="defaulttraci gui polygon_dynamics_remove"></A>
<H4>TEST FAILED on ts-bapmsumbld : traci gui polygon_dynamics_remove (
<A HREF="test_default.html#defaulttraci gui polygon_dynamics_remove">Last six runs</A>
<A HREF="test_default_all_Sep2024.html#defaulttraci gui polygon_dynamics_remove">Sep2024</A>

)</H4>

<PRE>---------- Differences in errors ----------
0a1,187
&gt; FXApp::openDisplay: unable to open display :18211.0
&gt;   warnings.warn(("Could not connect to TraCI server using port %s (%s)." +
&gt; FXApp::openDisplay: unable to open display :18211.0
&gt;   warnings.warn(("Could not connect to TraCI server using port %s (%s)." +
&gt; FXApp::openDisplay: unable to open display :18211.0
&gt;   warnings.warn(("Could not connect to TraCI server using port %s (%s)." +
&gt; FXApp::openDisplay: unable to open display :18211.0
&gt;   warnings.warn(("Could not connect to TraCI server using port %s (%s)." +
&gt; FXApp::openDisplay: unable to open display :18211.0
&gt;   warnings.warn(("Could not connect to TraCI server using port %s (%s)." +
&gt; FXApp::openDisplay: unable to open display :18211.0
&gt;   warnings.warn(("Could not connect to TraCI server using port %s (%s)." +
&gt; FXApp::openDisplay: unable to open display :18211.0
&gt;   warnings.warn(("Could not connect to TraCI server using port %s (%s)." +
&gt; FXApp::openDisplay: unable to open display :18211.0
&gt;   warnings.warn(("Could not connect to TraCI server using port %s (%s)." +
&gt; FXApp::openDisplay: unable to open display :18211.0
&gt;   warnings.warn(("Could not connect to TraCI server using port %s (%s)." +
&gt; FXApp::openDisplay: unable to open display :18211.0
&gt;   warnings.warn(("Could not connect to TraCI server using port %s (%s)." +
&gt; FXApp::openDisplay: unable to open display :18211.0
&gt;   warnings.warn(("Could not connect to TraCI server using port %s (%s)." +
&gt; FXApp::openDisplay: unable to open display :18211.0
&gt;   warnings.warn(("Could not connect to TraCI server using port %s (%s)." +
&gt; FXApp::openDisplay: unable to open display :18211.0
&gt;   warnings.warn(("Could not connect to TraCI server using port %s (%s)." +
&gt; FXApp::openDisplay: unable to open display :18211.0
&gt;   warnings.warn(("Could not connect to TraCI server using port %s (%s)." +
&gt; FXApp::openDisplay: unable to open display :18211.0
&lt;truncated after showing first 30 lines&gt;
</PRE>
<A NAME="defaulttraci simulation loadState busStop"></A>
<H4>TEST FAILED on ts-bapmsumbld : traci simulation loadState busStop (
<A HREF="test_default.html#defaulttraci simulation loadState busStop">Last six runs</A>
<A HREF="test_default_all_Sep2024.html#defaulttraci simulation loadState busStop">Sep2024</A>

)</H4>

<PRE>---------- Differences in tripinfo ----------
5,14d4
&lt;     &lt;tripinfo id="1" depart="60.00" departLane="WC_0" departPos="5.10" departSpeed="0.00" departDelay="0.00" arrival="94.00" arrivalLane="CE_1" arrivalPos="91.95" arrivalSpeed="8.25" duration="34.00" routeLength="194.90" waitingTime="1.00" waitingCount="1" stopTime="10.00" timeLoss="8.86" rerouteNo="1" devices="tripinfo_1 routing_1" vType="DEFAULT_VEHTYPE" speedFactor="0.94" vaporized=""/&gt;
&lt;     &lt;tripinfo id="1" depart="60.00" departLane="WC_0" departPos="5.10" departSpeed="0.00" departDelay="0.00" arrival="95.00" arrivalLane="CE_1" arrivalPos="91.95" arrivalSpeed="10.19" duration="35.00" routeLength="194.90" waitingTime="1.00" waitingCount="1" stopTime="10.00" timeLoss="9.35" rerouteNo="1" devices="tripinfo_1 routing_1" vType="DEFAULT_VEHTYPE" speedFactor="0.94" vaporized=""/&gt;
&lt;     &lt;tripinfo id="1" depart="60.00" departLane="WC_0" departPos="5.10" departSpeed="0.00" departDelay="0.00" arrival="96.00" arrivalLane="CE_1" arrivalPos="91.95" arrivalSpeed="8.73" duration="36.00" routeLength="194.90" waitingTime="1.00" waitingCount="1" stopTime="10.00" timeLoss="10.48" rerouteNo="1" devices="tripinfo_1 routing_1" vType="DEFAULT_VEHTYPE" speedFactor="0.94" vaporized=""/&gt;
&lt;     &lt;tripinfo id="1" depart="60.00" departLane="WC_0" departPos="5.10" departSpeed="0.00" departDelay="0.00" arrival="96.00" arrivalLane="CE_1" arrivalPos="91.95" arrivalSpeed="9.38" duration="36.00" routeLength="194.90" waitingTime="2.00" waitingCount="1" stopTime="10.00" timeLoss="10.43" rerouteNo="1" devices="tripinfo_1 routing_1" vType="DEFAULT_VEHTYPE" speedFactor="0.94" vaporized=""/&gt;
&lt;     &lt;tripinfo id="1" depart="60.00" departLane="WC_0" departPos="5.10" departSpeed="0.00" departDelay="0.00" arrival="96.00" arrivalLane="CE_1" arrivalPos="91.95" arrivalSpeed="8.74" duration="36.00" routeLength="194.90" waitingTime="1.00" waitingCount="1" stopTime="10.00" timeLoss="10.44" rerouteNo="1" devices="tripinfo_1 routing_1" vType="DEFAULT_VEHTYPE" speedFactor="0.94" vaporized=""/&gt;
&lt;     &lt;tripinfo id="1" depart="60.00" departLane="WC_0" departPos="5.10" departSpeed="0.00" departDelay="0.00" arrival="95.00" arrivalLane="CE_1" arrivalPos="91.95" arrivalSpeed="8.93" duration="35.00" routeLength="194.90" waitingTime="1.00" waitingCount="1" stopTime="10.00" timeLoss="9.73" rerouteNo="1" devices="tripinfo_1 routing_1" vType="DEFAULT_VEHTYPE" speedFactor="0.94" vaporized=""/&gt;
&lt;     &lt;tripinfo id="1" depart="60.00" departLane="WC_0" departPos="5.10" departSpeed="0.00" departDelay="0.00" arrival="94.00" arrivalLane="CE_1" arrivalPos="91.95" arrivalSpeed="7.86" duration="34.00" routeLength="194.90" waitingTime="1.00" waitingCount="1" stopTime="10.00" timeLoss="8.90" rerouteNo="1" devices="tripinfo_1 routing_1" vType="DEFAULT_VEHTYPE" speedFactor="0.94" vaporized=""/&gt;
&lt;     &lt;tripinfo id="1" depart="60.00" departLane="WC_0" departPos="5.10" departSpeed="0.00" departDelay="0.00" arrival="96.00" arrivalLane="CE_1" arrivalPos="91.95" arrivalSpeed="8.55" duration="36.00" routeLength="194.90" waitingTime="2.00" waitingCount="1" stopTime="10.00" timeLoss="10.45" rerouteNo="1" devices="tripinfo_1 routing_1" vType="DEFAULT_VEHTYPE" speedFactor="0.94" vaporized=""/&gt;
&lt;     &lt;tripinfo id="1" depart="60.00" departLane="WC_0" departPos="5.10" departSpeed="0.00" departDelay="0.00" arrival="94.00" arrivalLane="CE_1" arrivalPos="91.95" arrivalSpeed="8.68" duration="34.00" routeLength="194.90" waitingTime="1.00" waitingCount="1" stopTime="10.00" timeLoss="8.92" rerouteNo="1" devices="tripinfo_1 routing_1" vType="DEFAULT_VEHTYPE" speedFactor="0.94" vaporized=""/&gt;
&lt;     &lt;tripinfo id="1" depart="60.00" departLane="WC_0" departPos="5.10" departSpeed="0.00" departDelay="0.00" arrival="95.00" arrivalLane="CE_1" arrivalPos="91.95" arrivalSpeed="7.58" duration="35.00" routeLength="194.90" waitingTime="1.00" waitingCount="1" stopTime="10.00" timeLoss="10.04" rerouteNo="1" devices="tripinfo_1 routing_1" vType="DEFAULT_VEHTYPE" speedFactor="0.94" vaporized=""/&gt;
</PRE>
<A NAME="defaulttraci trafficlight constraints swapConstraints_loadState"></A>
<H4>TEST FAILED on ts-bapmsumbld : traci trafficlight constraints swapConstraints_loadState (
<A HREF="test_default.html#defaulttraci trafficlight constraints swapConstraints_loadState">Last six runs</A>
<A HREF="test_default_all_Sep2024.html#defaulttraci trafficlight constraints swapConstraints_loadState">Sep2024</A>

)</H4>

<PRE>---------- Differences in errors ----------
2a3,8
&gt; Warning: Teleporting vehicle 't0'; waited too long (wrong lane), lane='a_0', time=331.00.
&gt; Warning: Teleporting vehicle 't2'; waited too long (wrong lane), lane='d_0', time=331.00.
&gt; Warning: Vehicle 't0' ends teleporting on edge 'g', time=331.00.
&gt; Warning: Vehicle 't2' ends teleporting on edge 'g', time=331.00.
&gt; Warning: Teleporting vehicle 't1'; waited too long (wrong lane), lane='h_0', time=367.00.
&gt; Warning: Vehicle 't1' ends teleporting on edge 'g', time=367.00.
---------- Differences in tripinfo ----------
5,7c5,7
&lt;     &lt;tripinfo id="t1" depart="0.00" departLane="h_0" departPos="50.10" departSpeed="13.89" departDelay="0.00" arrival="98.00" arrivalLane="g_0" arrivalPos="400.00" arrivalSpeed="13.89" duration="98.00" routeLength="1349.90" waitingTime="0.00" waitingCount="0" stopTime="0.00" timeLoss="0.00" rerouteNo="1" devices="tripinfo_t1 routing_t1" vType="train" speedFactor="1.00" vaporized=""/&gt;
&lt;     &lt;tripinfo id="t2" depart="0.00" departLane="d_0" departPos="50.10" departSpeed="13.89" departDelay="0.00" arrival="165.00" arrivalLane="g_0" arrivalPos="400.00" arrivalSpeed="13.89" duration="165.00" routeLength="1432.74" waitingTime="29.00" waitingCount="1" stopTime="0.00" timeLoss="61.18" rerouteNo="1" devices="tripinfo_t2 routing_t2" vType="train" speedFactor="1.00" vaporized=""/&gt;
&lt;     &lt;tripinfo id="t0" depart="0.00" departLane="a_0" departPos="50.10" departSpeed="13.89" departDelay="0.00" arrival="221.00" arrivalLane="g_0" arrivalPos="400.00" arrivalSpeed="13.89" duration="221.00" routeLength="1391.32" waitingTime="88.00" waitingCount="1" stopTime="0.00" timeLoss="120.16" rerouteNo="1" devices="tripinfo_t0 routing_t0" vType="train" speedFactor="1.00" vaporized=""/&gt;
---
&gt;     &lt;tripinfo id="t0" depart="0.00" departLane="a_0" departPos="50.10" departSpeed="13.89" departDelay="0.00" arrival="332.00" arrivalLane="g_0" arrivalPos="-1.00" arrivalSpeed="13.89" duration="332.00" routeLength="348.90" waitingTime="301.00" waitingCount="1" stopTime="0.00" timeLoss="305.81" rerouteNo="0" devices="tripinfo_t0 routing_t0" vType="train" speedFactor="1.00" vaporized=""/&gt;
&gt;     &lt;tripinfo id="t2" depart="0.00" departLane="d_0" departPos="50.10" departSpeed="13.89" departDelay="0.00" arrival="332.00" arrivalLane="g_0" arrivalPos="-1.00" arrivalSpeed="13.89" duration="332.00" routeLength="348.90" waitingTime="301.00" waitingCount="1" stopTime="0.00" timeLoss="305.81" rerouteNo="0" devices="tripinfo_t2 routing_t2" vType="train" speedFactor="1.00" vaporized=""/&gt;
&gt;     &lt;tripinfo id="t1" depart="0.00" departLane="h_0" departPos="50.10" departSpeed="13.89" departDelay="0.00" arrival="368.00" arrivalLane="g_0" arrivalPos="-1.00" arrivalSpeed="13.89" duration="368.00" routeLength="848.90" waitingTime="301.00" waitingCount="1" stopTime="0.00" timeLoss="305.81" rerouteNo="0" devices="tripinfo_t1 routing_t1" vType="train" speedFactor="1.00" vaporized=""/&gt;
</PRE>
<A NAME="defaulttraci trafficlight railsignal_state"></A>
<H4>TEST FAILED on ts-bapmsumbld : traci trafficlight railsignal_state (
<A HREF="test_default.html#defaulttraci trafficlight railsignal_state">Last six runs</A>
<A HREF="test_default_all_Sep2024.html#defaulttraci trafficlight railsignal_state">Sep2024</A>

)</H4>

<PRE>---------- Differences in errors ----------
0a1
&gt; Warning: Invalid approach information to rail signal 'junction 'P2', link 0' after rerouting for vehicle 'rail3' first driveway edge 'T7_1' time=37.00.
</PRE>
<A NAME="defaulttutorial city_mobil taxi_cyber"></A>
<H4>TEST FAILED on ts-bapmsumbld : tutorial city_mobil taxi_cyber (
<A HREF="test_default.html#defaulttutorial city_mobil taxi_cyber">Last six runs</A>
<A HREF="test_default_all_Sep2024.html#defaulttutorial city_mobil taxi_cyber">Sep2024</A>

)</H4>

<PRE>---------- Differences in errors ----------
0a1
&gt; Warning: Person 'v7.8p1' is jammed on edge 'cyber6to7', time=1177.00.
</PRE>
<A NAME="defaultunit_tests testcommon"></A>
<H4>TEST FAILED on ts-bapmsumbld : unit_tests testcommon (
<A HREF="test_default.html#defaultunit_tests testcommon">Last six runs</A>
<A HREF="test_default_all_Sep2024.html#defaultunit_tests testcommon">Sep2024</A>

)</H4>

<PRE>---------- Differences in errors ----------
0a1,11
&gt; Traceback (most recent call last):
&gt;   File "/Users/sumo/clangMacOS/sumo/tests/toolrunner.py", line 39, in &lt;module&gt;
&gt;     subprocess.call(tool + sys.argv[1:], env=os.environ, stdout=sys.stdout, stderr=sys.stderr)
&gt;   File "/usr/local/Cellar/python@3.11/3.11.6/Frameworks/Python.framework/Versions/3.11/lib/python3.11/subprocess.py", line 389, in call
&gt;     with Popen(*popenargs, **kwargs) as p:
&gt;          ^^^^^^^^^^^^^^^^^^^^^^^^^^^
&gt;   File "/usr/local/Cellar/python@3.11/3.11.6/Frameworks/Python.framework/Versions/3.11/lib/python3.11/subprocess.py", line 1026, in __init__
&gt;     self._execute_child(args, executable, preexec_fn, close_fds,
&gt;   File "/usr/local/Cellar/python@3.11/3.11.6/Frameworks/Python.framework/Versions/3.11/lib/python3.11/subprocess.py", line 1950, in _execute_child
&gt;     raise child_exception_type(errno_num, err_msg, err_filename)
&gt; FileNotFoundError: [Errno 2] No such file or directory: '/Users/sumo/clangMacOS/sumo/tests/../bin/testcommon'
---------- Differences in output ----------
1,113d0
&lt; Running main() from gtest_main.cc
&lt; [==========] Running 46 tests from 5 test suites.
&lt; [----------] Global test environment set-up.
&lt; [----------] 10 tests from StringTokenizer
&lt; [ RUN      ] StringTokenizer.test_split_with_whitechar
&lt; [       OK ] StringTokenizer.test_split_with_whitechar ((TIME))
&lt; [ RUN      ] StringTokenizer.test_split_with_newline
&lt; [       OK ] StringTokenizer.test_split_with_newline ((TIME))
&lt; [ RUN      ] StringTokenizer.test_split_with_x
&lt; [       OK ] StringTokenizer.test_split_with_x ((TIME))
&lt; [ RUN      ] StringTokenizer.test_split_any_char
&lt; [       OK ] StringTokenizer.test_split_any_char ((TIME))
&lt; [ RUN      ] StringTokenizer.test_method_reinit
&lt; [       OK ] StringTokenizer.test_method_reinit ((TIME))
&lt; [ RUN      ] StringTokenizer.test_method_size
&lt; [       OK ] StringTokenizer.test_method_size ((TIME))
&lt; [ RUN      ] StringTokenizer.test_method_front
&lt; [       OK ] StringTokenizer.test_method_front ((TIME))
&lt; [ RUN      ] StringTokenizer.test_method_get
&lt; [       OK ] StringTokenizer.test_method_get ((TIME))
&lt; [ RUN      ] StringTokenizer.test_method_get_with_empty_data
&lt; [       OK ] StringTokenizer.test_method_get_with_empty_data ((TIME))
&lt; [ RUN      ] StringTokenizer.test_method_getVector
&lt; [       OK ] StringTokenizer.test_method_getVector ((TIME))
&lt; [----------] 10 tests from StringTokenizer ((TIME) total)
&lt; 
&lt; [----------] 4 tests from FileHelpers
&lt; [ RUN      ] FileHelpers.test_method_checkForRelativity
&lt; [       OK ] FileHelpers.test_method_checkForRelativity ((TIME))
&lt;truncated after showing first 30 lines&gt;
---------- New result in exitcode ----------
1
</PRE>
<A NAME="defaultunit_tests testfoxtools"></A>
<H4>TEST FAILED on ts-bapmsumbld : unit_tests testfoxtools (
<A HREF="test_default.html#defaultunit_tests testfoxtools">Last six runs</A>
<A HREF="test_default_all_Sep2024.html#defaultunit_tests testfoxtools">Sep2024</A>

)</H4>

<PRE>---------- Differences in errors ----------
0a1,11
&gt; Traceback (most recent call last):
&gt;   File "/Users/sumo/clangMacOS/sumo/tests/toolrunner.py", line 39, in &lt;module&gt;
&gt;     subprocess.call(tool + sys.argv[1:], env=os.environ, stdout=sys.stdout, stderr=sys.stderr)
&gt;   File "/usr/local/Cellar/python@3.11/3.11.6/Frameworks/Python.framework/Versions/3.11/lib/python3.11/subprocess.py", line 389, in call
&gt;     with Popen(*popenargs, **kwargs) as p:
&gt;          ^^^^^^^^^^^^^^^^^^^^^^^^^^^
&gt;   File "/usr/local/Cellar/python@3.11/3.11.6/Frameworks/Python.framework/Versions/3.11/lib/python3.11/subprocess.py", line 1026, in __init__
&gt;     self._execute_child(args, executable, preexec_fn, close_fds,
&gt;   File "/usr/local/Cellar/python@3.11/3.11.6/Frameworks/Python.framework/Versions/3.11/lib/python3.11/subprocess.py", line 1950, in _execute_child
&gt;     raise child_exception_type(errno_num, err_msg, err_filename)
&gt; FileNotFoundError: [Errno 2] No such file or directory: '/Users/sumo/clangMacOS/sumo/tests/../bin/testfoxtools'
---------- Differences in output ----------
1,13d0
&lt; Running main() from gtest_main.cc
&lt; [==========] Running 2 tests from 1 test suite.
&lt; [----------] Global test environment set-up.
&lt; [----------] 2 tests from MFXWorkerThread
&lt; [ RUN      ] MFXWorkerThread.test_init
&lt; [       OK ] MFXWorkerThread.test_init ((TIME))
&lt; [ RUN      ] MFXWorkerThread.test_get_all
&lt; [       OK ] MFXWorkerThread.test_get_all ((TIME))
&lt; [----------] 2 tests from MFXWorkerThread ((TIME) total)
&lt; 
&lt; [----------] Global test environment tear-down
&lt; [==========] 2 tests from 1 test suite ran. ((TIME) total)
&lt; [  PASSED  ] 2 tests.
---------- New result in exitcode ----------
1
</PRE>
<A NAME="defaultunit_tests testgeom"></A>
<H4>TEST FAILED on ts-bapmsumbld : unit_tests testgeom (
<A HREF="test_default.html#defaultunit_tests testgeom">Last six runs</A>
<A HREF="test_default_all_Sep2024.html#defaultunit_tests testgeom">Sep2024</A>

)</H4>

<PRE>---------- Differences in errors ----------
0a1,11
&gt; Traceback (most recent call last):
&gt;   File "/Users/sumo/clangMacOS/sumo/tests/toolrunner.py", line 39, in &lt;module&gt;
&gt;     subprocess.call(tool + sys.argv[1:], env=os.environ, stdout=sys.stdout, stderr=sys.stderr)
&gt;   File "/usr/local/Cellar/python@3.11/3.11.6/Frameworks/Python.framework/Versions/3.11/lib/python3.11/subprocess.py", line 389, in call
&gt;     with Popen(*popenargs, **kwargs) as p:
&gt;          ^^^^^^^^^^^^^^^^^^^^^^^^^^^
&gt;   File "/usr/local/Cellar/python@3.11/3.11.6/Frameworks/Python.framework/Versions/3.11/lib/python3.11/subprocess.py", line 1026, in __init__
&gt;     self._execute_child(args, executable, preexec_fn, close_fds,
&gt;   File "/usr/local/Cellar/python@3.11/3.11.6/Frameworks/Python.framework/Versions/3.11/lib/python3.11/subprocess.py", line 1950, in _execute_child
&gt;     raise child_exception_type(errno_num, err_msg, err_filename)
&gt; FileNotFoundError: [Errno 2] No such file or directory: '/Users/sumo/clangMacOS/sumo/tests/../bin/testgeom'
---------- Differences in output ----------
1,81d0
&lt; Running main() from gtest_main.cc
&lt; [==========] Running 33 tests from 3 test suites.
&lt; [----------] Global test environment set-up.
&lt; [----------] 12 tests from Boundary
&lt; [ RUN      ] Boundary.test_method_add
&lt; [       OK ] Boundary.test_method_add ((TIME))
&lt; [ RUN      ] Boundary.test_method_add_multiple
&lt; [       OK ] Boundary.test_method_add_multiple ((TIME))
&lt; [ RUN      ] Boundary.test_method_getCenter
&lt; [       OK ] Boundary.test_method_getCenter ((TIME))
&lt; [ RUN      ] Boundary.test_method_getWidthHeight
&lt; [       OK ] Boundary.test_method_getWidthHeight ((TIME))
&lt; [ RUN      ] Boundary.test_method_around
&lt; [       OK ] Boundary.test_method_around ((TIME))
&lt; [ RUN      ] Boundary.test_method_overlapsWith
&lt; [       OK ] Boundary.test_method_overlapsWith ((TIME))
&lt; [ RUN      ] Boundary.test_method_crosses
&lt; [       OK ] Boundary.test_method_crosses ((TIME))
&lt; [ RUN      ] Boundary.test_method_partialWithin
&lt; [       OK ] Boundary.test_method_partialWithin ((TIME))
&lt; [ RUN      ] Boundary.test_method_flipY
&lt; [       OK ] Boundary.test_method_flipY ((TIME))
&lt; [ RUN      ] Boundary.test_method_moveby
&lt; [       OK ] Boundary.test_method_moveby ((TIME))
&lt; [ RUN      ] Boundary.test_method_growWidth
&lt; [       OK ] Boundary.test_method_growWidth ((TIME))
&lt; [ RUN      ] Boundary.test_method_growHeight
&lt; [       OK ] Boundary.test_method_growHeight ((TIME))
&lt; [----------] 12 tests from Boundary ((TIME) total)
&lt;truncated after showing first 30 lines&gt;
---------- New result in exitcode ----------
1
</PRE>
<A NAME="defaultunit_tests testmicrosim"></A>
<H4>TEST FAILED on ts-bapmsumbld : unit_tests testmicrosim (
<A HREF="test_default.html#defaultunit_tests testmicrosim">Last six runs</A>
<A HREF="test_default_all_Sep2024.html#defaultunit_tests testmicrosim">Sep2024</A>

)</H4>

<PRE>---------- Differences in errors ----------
0a1,11
&gt; Traceback (most recent call last):
&gt;   File "/Users/sumo/clangMacOS/sumo/tests/toolrunner.py", line 39, in &lt;module&gt;
&gt;     subprocess.call(tool + sys.argv[1:], env=os.environ, stdout=sys.stdout, stderr=sys.stderr)
&gt;   File "/usr/local/Cellar/python@3.11/3.11.6/Frameworks/Python.framework/Versions/3.11/lib/python3.11/subprocess.py", line 389, in call
&gt;     with Popen(*popenargs, **kwargs) as p:
&gt;          ^^^^^^^^^^^^^^^^^^^^^^^^^^^
&gt;   File "/usr/local/Cellar/python@3.11/3.11.6/Frameworks/Python.framework/Versions/3.11/lib/python3.11/subprocess.py", line 1026, in __init__
&gt;     self._execute_child(args, executable, preexec_fn, close_fds,
&gt;   File "/usr/local/Cellar/python@3.11/3.11.6/Frameworks/Python.framework/Versions/3.11/lib/python3.11/subprocess.py", line 1950, in _execute_child
&gt;     raise child_exception_type(errno_num, err_msg, err_filename)
&gt; FileNotFoundError: [Errno 2] No such file or directory: '/Users/sumo/clangMacOS/sumo/tests/../bin/testmicrosim'
---------- Differences in output ----------
1,29d0
&lt; Running main() from gtest_main.cc
&lt; [==========] Running 7 tests from 3 test suites.
&lt; [----------] Global test environment set-up.
&lt; [----------] 1 test from MSEventControl
&lt; [ RUN      ] MSEventControl.test_method_execute
&lt; [       OK ] MSEventControl.test_method_execute ((TIME))
&lt; [----------] 1 test from MSEventControl ((TIME) total)
&lt; 
&lt; [----------] 4 tests from MSCFModelTest
&lt; [ RUN      ] MSCFModelTest.test_method_brakeGap
&lt; [       OK ] MSCFModelTest.test_method_brakeGap ((TIME))
&lt; [ RUN      ] MSCFModelTest.test_method_static_brakeGap
&lt; [       OK ] MSCFModelTest.test_method_static_brakeGap ((TIME))
&lt; [ RUN      ] MSCFModelTest.test_method_static_freeSpeed
&lt; [       OK ] MSCFModelTest.test_method_static_freeSpeed ((TIME))
&lt; [ RUN      ] MSCFModelTest.test_method_static_freeSpeed_half
&lt; [       OK ] MSCFModelTest.test_method_static_freeSpeed_half ((TIME))
&lt; [----------] 4 tests from MSCFModelTest ((TIME) total)
&lt; 
&lt; [----------] 2 tests from MSCFModel_IDMTest
&lt; [ RUN      ] MSCFModel_IDMTest.test_method_brakeGap
&lt; [       OK ] MSCFModel_IDMTest.test_method_brakeGap ((TIME))
&lt; [ RUN      ] MSCFModel_IDMTest.test_method_getSecureGap
&lt; [       OK ] MSCFModel_IDMTest.test_method_getSecureGap ((TIME))
&lt; [----------] 2 tests from MSCFModel_IDMTest ((TIME) total)
&lt; 
&lt; [----------] Global test environment tear-down
&lt; [==========] 7 tests from 3 test suites ran. ((TIME) total)
&lt; [  PASSED  ] 7 tests.
&lt;truncated after showing first 30 lines&gt;
---------- New result in exitcode ----------
1
</PRE>
<A NAME="defaultunit_tests testnetbuild"></A>
<H4>TEST FAILED on ts-bapmsumbld : unit_tests testnetbuild (
<A HREF="test_default.html#defaultunit_tests testnetbuild">Last six runs</A>
<A HREF="test_default_all_Sep2024.html#defaultunit_tests testnetbuild">Sep2024</A>

)</H4>

<PRE>---------- Differences in errors ----------
0a1,11
&gt; Traceback (most recent call last):
&gt;   File "/Users/sumo/clangMacOS/sumo/tests/toolrunner.py", line 39, in &lt;module&gt;
&gt;     subprocess.call(tool + sys.argv[1:], env=os.environ, stdout=sys.stdout, stderr=sys.stderr)
&gt;   File "/usr/local/Cellar/python@3.11/3.11.6/Frameworks/Python.framework/Versions/3.11/lib/python3.11/subprocess.py", line 389, in call
&gt;     with Popen(*popenargs, **kwargs) as p:
&gt;          ^^^^^^^^^^^^^^^^^^^^^^^^^^^
&gt;   File "/usr/local/Cellar/python@3.11/3.11.6/Frameworks/Python.framework/Versions/3.11/lib/python3.11/subprocess.py", line 1026, in __init__
&gt;     self._execute_child(args, executable, preexec_fn, close_fds,
&gt;   File "/usr/local/Cellar/python@3.11/3.11.6/Frameworks/Python.framework/Versions/3.11/lib/python3.11/subprocess.py", line 1950, in _execute_child
&gt;     raise child_exception_type(errno_num, err_msg, err_filename)
&gt; FileNotFoundError: [Errno 2] No such file or directory: '/Users/sumo/clangMacOS/sumo/tests/../bin/testnetbuild'
---------- Differences in output ----------
1,16d0
&lt; Running main() from gtest_main.cc
&lt; [==========] Running 2 tests from 2 test suites.
&lt; [----------] Global test environment set-up.
&lt; [----------] 1 test from NBHeightMapperTest
&lt; [ RUN      ] NBHeightMapperTest.test_method_getZ
&lt; [       OK ] NBHeightMapperTest.test_method_getZ ((TIME))
&lt; [----------] 1 test from NBHeightMapperTest ((TIME) total)
&lt; 
&lt; [----------] 1 test from NBTrafficLightLogic
&lt; [ RUN      ] NBTrafficLightLogic.test_method_getDuration
&lt; [       OK ] NBTrafficLightLogic.test_method_getDuration ((TIME))
&lt; [----------] 1 test from NBTrafficLightLogic ((TIME) total)
&lt; 
&lt; [----------] Global test environment tear-down
&lt; [==========] 2 tests from 2 test suites ran. ((TIME) total)
&lt; [  PASSED  ] 2 tests.
---------- New result in exitcode ----------
1
</PRE>

<A NAME="defaulthad known bugs"></A>
<H3>Detailed information for the tests that had known bugs:</H3>

<A NAME="defaultsumo output one_vehicle"></A>
<H4>TEST had known bugs (see #254) on ts-bapmsumbld : sumo output one_vehicle (
<A HREF="test_default.html#defaultsumo output one_vehicle">Last six runs</A>
<A HREF="test_default_all_Sep2024.html#defaultsumo output one_vehicle">Sep2024</A>

)</H4>

<PRE>different outputs from detectors which should detect the same
(This bug was triggered by text found in file 'output' matching 'failed')
---------- Differences in output ----------
5,7c5,7
&lt; success 0.1 ['--step-length', '.1', '--end', '100'] ['3/1to2/1_0']
&lt; success 1 ['--step-length', '.1', '--end', '100'] ['3/1to2/1_0']
&lt; success 10 ['--step-length', '.1', '--end', '100'] ['3/1to2/1_0']
---
&gt; failed 0.1 ['--step-length', '.1', '--end', '100'] 3/1to2/1_0 (71.4, 71.5) &lt;zip object at 0x107aba000&gt;
&gt; failed 1 ['--step-length', '.1', '--end', '100'] 3/1to2/1_0 (72.0, 73.0) &lt;zip object at 0x107a8ea40&gt;
&gt; failed 10 ['--step-length', '.1', '--end', '100'] 3/1to2/1_0 (80.0, 90.0) &lt;zip object at 0x107a8ff80&gt;
9,12c9,12
&lt; success 0.1 ['--step-length', '.1', '--end', '1000'] ['3/1to2/1_0']
&lt; success 1 ['--step-length', '.1', '--end', '1000'] ['3/1to2/1_0']
&lt; success 10 ['--step-length', '.1', '--end', '1000'] ['3/1to2/1_0']
&lt; success 100 ['--step-length', '.1', '--end', '1000'] ['3/1to2/1_0']
---
&gt; failed 0.1 ['--step-length', '.1', '--end', '1000'] 3/1to2/1_0 (71.4, 71.5) &lt;zip object at 0x107a8ff80&gt;
&gt; failed 1 ['--step-length', '.1', '--end', '1000'] 3/1to2/1_0 (72.0, 73.0) &lt;zip object at 0x107a9b580&gt;
&gt; failed 10 ['--step-length', '.1', '--end', '1000'] 3/1to2/1_0 (80.0, 90.0) &lt;zip object at 0x107a9b8c0&gt;
&gt; failed 100 ['--step-length', '.1', '--end', '1000'] 3/1to2/1_0 (100.0, 200.0) &lt;zip object at 0x107a99700&gt;
17,19c17,19
&lt; success 0.1 ['--step-length', '1', '--end', '100'] ['3/1to2/1_0']
&lt; success 1 ['--step-length', '1', '--end', '100'] ['3/1to2/1_0']
&lt; success 10 ['--step-length', '1', '--end', '100'] ['3/1to2/1_0']
---
&gt; failed 0.1 ['--step-length', '1', '--end', '100'] 3/1to2/1_0 (73.0, 74.0) &lt;zip object at 0x107a9a200&gt;
&gt; failed 1 ['--step-length', '1', '--end', '100'] 3/1to2/1_0 (73.0, 74.0) &lt;zip object at 0x107a99240&gt;
&gt; failed 10 ['--step-length', '1', '--end', '100'] 3/1to2/1_0 (80.0, 90.0) &lt;zip object at 0x107a985c0&gt;
21,50c21,24
&lt; success 0.1 ['--step-length', '1', '--end', '1000'] ['3/1to2/1_0']
&lt; success 1 ['--step-length', '1', '--end', '1000'] ['3/1to2/1_0']
&lt; success 10 ['--step-length', '1', '--end', '1000'] ['3/1to2/1_0']
&lt;truncated after showing first 30 lines&gt;
</PRE>
<A NAME="defaultsumo output teleport"></A>
<H4>TEST had known bugs (see #254) on ts-bapmsumbld : sumo output teleport (
<A HREF="test_default.html#defaultsumo output teleport">Last six runs</A>
<A HREF="test_default_all_Sep2024.html#defaultsumo output teleport">Sep2024</A>

)</H4>

<PRE>different outputs from detectors which should detect the same
(This bug was triggered by text found in file 'output' matching 'failed')
---------- Differences in output ----------
1,98c1,48
&lt; success ['--step-length', '.1', '--end', '51'] ['2/1to1/1_0']
&lt; success ['--step-length', '.1', '--end', '51'] ['2/1to1/1_0', '1/1to0/1_0']
&lt; success ['--step-length', '.1', '--end', '51'] ['2/1to1/1_0']
&lt; success ['--step-length', '.1', '--end', '51'] ['2/1to1/1_0', '1/1to0/1_0']
&lt; success ['--step-length', '.1', '--end', '51'] ['2/1to1/1_0']
&lt; success ['--step-length', '.1', '--end', '51'] ['2/1to1/1_0', '1/1to0/1_0']
&lt; success ['--step-length', '.1', '--end', '51'] ['2/1to1/1_0']
&lt; success ['--step-length', '.1', '--end', '51'] ['2/1to1/1_0', '1/1to0/1_0']
&lt; success ['--step-length', '.1', '--end', '100'] ['2/1to1/1_0']
&lt; success ['--step-length', '.1', '--end', '100'] ['2/1to1/1_0', '1/1to0/1_0']
&lt; success ['--step-length', '.1', '--end', '100'] ['2/1to1/1_0']
&lt; success ['--step-length', '.1', '--end', '100'] ['2/1to1/1_0', '1/1to0/1_0']
&lt; success ['--step-length', '.1', '--end', '100'] ['2/1to1/1_0']
&lt; success ['--step-length', '.1', '--end', '100'] ['2/1to1/1_0', '1/1to0/1_0']
&lt; success ['--step-length', '.1', '--end', '100'] ['2/1to1/1_0']
&lt; success ['--step-length', '.1', '--end', '100'] ['2/1to1/1_0', '1/1to0/1_0']
&lt; failed ['--step-length', '.1', '--end', '1000'] 2/1to1/1_0 (108.6, 108.7) [9.9, 10.0, 9.9, 9.9]
&lt; failed ['--step-length', '.1', '--end', '1000'] 2/1to1/1_0 (108.6, 108.7) [9.9, 10.0, 9.9, 9.9]
&lt; failed ['--step-length', '.1', '--end', '1000'] 2/1to1/1_0 (108.0, 109.0) [9.87, 10.0, 9.87, 9.87]
&lt; failed ['--step-length', '.1', '--end', '1000'] 2/1to1/1_0 (108.0, 109.0) [9.87, 10.0, 9.87, 9.87]
&lt; failed ['--step-length', '.1', '--end', '1000'] 2/1to1/1_0 (100.0, 110.0) [9.85, 9.96, 9.85, 9.85]
&lt; failed ['--step-length', '.1', '--end', '1000'] 2/1to1/1_0 (100.0, 110.0) [9.85, 9.96, 9.85, 9.85]
&lt; failed ['--step-length', '.1', '--end', '1000'] 2/1to1/1_0 (100.0, 200.0) [-1.0, 2.26, 3.2, 2.27, 2.27]
&lt; failed ['--step-length', '.1', '--end', '1000'] 2/1to1/1_0 (100.0, 200.0) [-1.0, 2.26, 3.2, 2.27, 2.27]
&lt; success ['--step-length', '1', '--end', '51'] ['2/1to1/1_0']
&lt; success ['--step-length', '1', '--end', '51'] ['2/1to1/1_0', '1/1to0/1_0']
&lt; success ['--step-length', '1', '--end', '51'] ['2/1to1/1_0']
&lt; success ['--step-length', '1', '--end', '51'] ['2/1to1/1_0', '1/1to0/1_0']
&lt; success ['--step-length', '1', '--end', '51'] ['2/1to1/1_0']
&lt;truncated after showing first 30 lines&gt;
</PRE>
<A NAME="defaultsumo output teleport_multihop"></A>
<H4>TEST had known bugs (see #254) on ts-bapmsumbld : sumo output teleport_multihop (
<A HREF="test_default.html#defaultsumo output teleport_multihop">Last six runs</A>
<A HREF="test_default_all_Sep2024.html#defaultsumo output teleport_multihop">Sep2024</A>

)</H4>

<PRE>different outputs from detectors which should detect the same
(This bug was triggered by text found in file 'output' matching 'failed')
---------- Differences in output ----------
17,24c17,24
&lt; success 0.1 ['--step-length', '.1', '--end', '1000'] 2/1to1/1_0 (230.0, 230.1) [('e2', 9.99), ('e3', 10.0), ('edge', 9.99), ('lane', 9.99)]
&lt; success 0.1 ['--step-length', '.1', '--end', '1000'] 1/1to0/1_0 (148.1, 148.2) [('e2', 9.99), ('e3', 10.0), ('edge', 9.99), ('lane', 9.99)]
&lt; success 1 ['--step-length', '.1', '--end', '1000'] 2/1to1/1_0 (230.0, 231.0) [('e2', 9.99), ('e3', 10.0), ('edge', 9.99), ('lane', 9.99)]
&lt; success 1 ['--step-length', '.1', '--end', '1000'] 1/1to0/1_0 (148.0, 149.0) [('e2', 9.91), ('e3', 10.0), ('edge', 9.91), ('lane', 9.91)]
&lt; success 10 ['--step-length', '.1', '--end', '1000'] 2/1to1/1_0 (230.0, 240.0) [('e2', 9.42), ('e3', 9.9), ('edge', 9.42), ('lane', 9.42)]
&lt; success 10 ['--step-length', '.1', '--end', '1000'] 1/1to0/1_0 (140.0, 150.0) [('e2', 9.96), ('e3', 9.99), ('edge', 9.96), ('lane', 9.96)]
&lt; success 100 ['--step-length', '.1', '--end', '1000'] 2/1to1/1_0 (200.0, 300.0) [('e1', 10.0), ('e2', 9.22), ('e3', 5.71), ('edge', 9.22), ('lane', 9.22)]
&lt; success 100 ['--step-length', '.1', '--end', '1000'] 1/1to0/1_0 (100.0, 200.0) [('e1', 9.53), ('e2', 5.82), ('e3', 6.93), ('edge', 5.82), ('lane', 5.82)]
---
&gt; failed 0.1 ['--step-length', '.1', '--end', '1000'] 2/1to1/1_0 (148.9, 149.0) &lt;zip object at 0x106fbf900&gt;
&gt; failed 0.1 ['--step-length', '.1', '--end', '1000'] 2/1to1/1_0 (148.9, 149.0) &lt;zip object at 0x106f95280&gt;
&gt; failed 1 ['--step-length', '.1', '--end', '1000'] 2/1to1/1_0 (149.0, 150.0) &lt;zip object at 0x10485a340&gt;
&gt; failed 1 ['--step-length', '.1', '--end', '1000'] 2/1to1/1_0 (149.0, 150.0) &lt;zip object at 0x1071f72c0&gt;
&gt; failed 10 ['--step-length', '.1', '--end', '1000'] 2/1to1/1_0 (140.0, 150.0) &lt;zip object at 0x104859a00&gt;
&gt; failed 10 ['--step-length', '.1', '--end', '1000'] 2/1to1/1_0 (140.0, 150.0) &lt;zip object at 0x106f732c0&gt;
&gt; failed 100 ['--step-length', '.1', '--end', '1000'] 2/1to1/1_0 (100.0, 200.0) &lt;zip object at 0x106f71b80&gt;
&gt; failed 100 ['--step-length', '.1', '--end', '1000'] 2/1to1/1_0 (100.0, 200.0) &lt;zip object at 0x106f73e40&gt;
41,98c41,48
&lt; success 0.1 ['--step-length', '1', '--end', '1000'] 2/1to1/1_0 (245.0, 246.0) [('e2', 8.92), ('e3', 10.0), ('edge', 8.92), ('lane', 8.92)]
&lt; success 0.1 ['--step-length', '1', '--end', '1000'] 1/1to0/1_0 (150.0, 151.0) [('e2', 9.82), ('e3', 10.0), ('edge', 9.82), ('lane', 9.82)]
&lt; success 1 ['--step-length', '1', '--end', '1000'] 2/1to1/1_0 (245.0, 246.0) [('e2', 8.92), ('e3', 10.0), ('edge', 8.92), ('lane', 8.92)]
&lt; success 1 ['--step-length', '1', '--end', '1000'] 1/1to0/1_0 (150.0, 151.0) [('e2', 9.82), ('e3', 10.0), ('edge', 9.82), ('lane', 9.82)]
&lt; success 10 ['--step-length', '1', '--end', '1000'] 2/1to1/1_0 (240.0, 250.0) [('e2', 9.9), ('e3', 10.0), ('edge', 9.9), ('lane', 9.9)]
&lt; success 10 ['--step-length', '1', '--end', '1000'] 1/1to0/1_0 (150.0, 160.0) [('e2', 9.15), ('e3', 9.84), ('edge', 9.15), ('lane', 9.15)]
&lt; success 100 ['--step-length', '1', '--end', '1000'] 2/1to1/1_0 (200.0, 300.0) [('e1', 10.0), ('e2', 9.41), ('e3', 5.84), ('edge', 9.41), ('lane', 9.41)]
&lt; success 100 ['--step-length', '1', '--end', '1000'] 1/1to0/1_0 (100.0, 200.0) [('e1', 10.0), ('e2', 5.94), ('e3', 7.08), ('edge', 5.94), ('lane', 5.94)]
&lt; -- Unordered text as found by filter '^Loading configuration ... done.' --
&lt; Loading configuration ... done.
&lt; Loading configuration ... done.
&lt;truncated after showing first 30 lines&gt;
</PRE>
<A NAME="defaultsumo output teleport_multihop_newDefaults"></A>
<H4>TEST had known bugs (see #254) on ts-bapmsumbld : sumo output teleport_multihop_newDefaults (
<A HREF="test_default.html#defaultsumo output teleport_multihop_newDefaults">Last six runs</A>
<A HREF="test_default_all_Sep2024.html#defaultsumo output teleport_multihop_newDefaults">Sep2024</A>

)</H4>

<PRE>different outputs from detectors which should detect the same
(This bug was triggered by text found in file 'output' matching 'failed')
---------- Differences in output ----------
9,24c9,24
&lt; failed 0.1 ['--step-length', '.1', '--end', '100'] 2/1to1/1_0 (76.2, 76.3) [('e2', 10.49), ('e3', 10.35), ('edge', 10.49), ('lane', 10.49)]
&lt; failed 0.1 ['--step-length', '.1', '--end', '100'] 2/1to1/1_0 (76.2, 76.3) [('e2', 10.49), ('e3', 10.35), ('edge', 10.49), ('lane', 10.49)]
&lt; failed 1 ['--step-length', '.1', '--end', '100'] 2/1to1/1_0 (76.0, 77.0) [('e2', 10.39), ('e3', 10.35), ('edge', 10.39), ('lane', 10.39)]
&lt; failed 1 ['--step-length', '.1', '--end', '100'] 2/1to1/1_0 (76.0, 77.0) [('e2', 10.39), ('e3', 10.35), ('edge', 10.39), ('lane', 10.39)]
&lt; failed 10 ['--step-length', '.1', '--end', '100'] 2/1to1/1_0 (70.0, 80.0) [('e2', 10.42), ('e3', 10.25), ('edge', 10.42), ('lane', 10.42)]
&lt; failed 10 ['--step-length', '.1', '--end', '100'] 2/1to1/1_0 (70.0, 80.0) [('e2', 10.42), ('e3', 10.25), ('edge', 10.42), ('lane', 10.42)]
&lt; failed 100 ['--step-length', '.1', '--end', '100'] 2/1to1/1_0 (0.0, 100.0) [('e1', 10.27), ('e2', 10.24), ('e3', 9.59), ('edge', 10.24), ('lane', 10.24)]
&lt; failed 100 ['--step-length', '.1', '--end', '100'] 2/1to1/1_0 (0.0, 100.0) [('e1', 10.27), ('e2', 10.24), ('e3', 9.59), ('edge', 10.24), ('lane', 10.24)]
&lt; failed 0.1 ['--step-length', '.1', '--end', '1000'] 2/1to1/1_0 (76.2, 76.3) [('e2', 10.49), ('e3', 10.35), ('edge', 10.49), ('lane', 10.49)]
&lt; failed 0.1 ['--step-length', '.1', '--end', '1000'] 2/1to1/1_0 (76.2, 76.3) [('e2', 10.49), ('e3', 10.35), ('edge', 10.49), ('lane', 10.49)]
&lt; failed 1 ['--step-length', '.1', '--end', '1000'] 2/1to1/1_0 (76.0, 77.0) [('e2', 10.39), ('e3', 10.35), ('edge', 10.39), ('lane', 10.39)]
&lt; failed 1 ['--step-length', '.1', '--end', '1000'] 2/1to1/1_0 (76.0, 77.0) [('e2', 10.39), ('e3', 10.35), ('edge', 10.39), ('lane', 10.39)]
&lt; failed 10 ['--step-length', '.1', '--end', '1000'] 2/1to1/1_0 (70.0, 80.0) [('e2', 10.42), ('e3', 10.25), ('edge', 10.42), ('lane', 10.42)]
&lt; failed 10 ['--step-length', '.1', '--end', '1000'] 2/1to1/1_0 (70.0, 80.0) [('e2', 10.42), ('e3', 10.25), ('edge', 10.42), ('lane', 10.42)]
&lt; failed 100 ['--step-length', '.1', '--end', '1000'] 2/1to1/1_0 (0.0, 100.0) [('e1', 10.27), ('e2', 10.24), ('e3', 9.59), ('edge', 10.24), ('lane', 10.24)]
&lt; failed 100 ['--step-length', '.1', '--end', '1000'] 2/1to1/1_0 (0.0, 100.0) [('e1', 10.27), ('e2', 10.24), ('e3', 9.59), ('edge', 10.24), ('lane', 10.24)]
---
&gt; failed 0.1 ['--step-length', '.1', '--end', '100'] 2/1to1/1_0 (70.9, 71.0) &lt;zip object at 0x1065692c0&gt;
&gt; failed 0.1 ['--step-length', '.1', '--end', '100'] 2/1to1/1_0 (70.9, 71.0) &lt;zip object at 0x1065ec200&gt;
&gt; failed 1 ['--step-length', '.1', '--end', '100'] 2/1to1/1_0 (70.0, 71.0) &lt;zip object at 0x1065e1800&gt;
&gt; failed 1 ['--step-length', '.1', '--end', '100'] 2/1to1/1_0 (70.0, 71.0) &lt;zip object at 0x1065e0b00&gt;
&gt; failed 10 ['--step-length', '.1', '--end', '100'] 2/1to1/1_0 (70.0, 80.0) &lt;zip object at 0x1065e2e00&gt;
&gt; failed 10 ['--step-length', '.1', '--end', '100'] 2/1to1/1_0 (70.0, 80.0) &lt;zip object at 0x1065e2600&gt;
&gt; failed 100 ['--step-length', '.1', '--end', '100'] 2/1to1/1_0 (0.0, 100.0) &lt;zip object at 0x1065e0e00&gt;
&gt; failed 100 ['--step-length', '.1', '--end', '100'] 2/1to1/1_0 (0.0, 100.0) &lt;zip object at 0x1065e31c0&gt;
&gt; failed 0.1 ['--step-length', '.1', '--end', '1000'] 2/1to1/1_0 (70.9, 71.0) &lt;zip object at 0x1065e2dc0&gt;
&gt; failed 0.1 ['--step-length', '.1', '--end', '1000'] 2/1to1/1_0 (70.9, 71.0) &lt;zip object at 0x1065d94c0&gt;
&gt; failed 1 ['--step-length', '.1', '--end', '1000'] 2/1to1/1_0 (70.0, 71.0) &lt;zip object at 0x106512880&gt;
&gt; failed 1 ['--step-length', '.1', '--end', '1000'] 2/1to1/1_0 (70.0, 71.0) &lt;zip object at 0x106a23f40&gt;
&lt;truncated after showing first 30 lines&gt;
</PRE>
<A NAME="defaultsumo output two_same_vehicles"></A>
<H4>TEST had known bugs (see #254) on ts-bapmsumbld : sumo output two_same_vehicles (
<A HREF="test_default.html#defaultsumo output two_same_vehicles">Last six runs</A>
<A HREF="test_default_all_Sep2024.html#defaultsumo output two_same_vehicles">Sep2024</A>

)</H4>

<PRE>different outputs from detectors which should detect the same
(This bug was triggered by text found in file 'output' matching 'failed')
---------- Differences in output ----------
5,7c5,7
&lt; success 0.1 ['--step-length', '.1', '--end', '100'] ['3/1to2/1_0']
&lt; success 1 ['--step-length', '.1', '--end', '100'] ['3/1to2/1_0']
&lt; success 10 ['--step-length', '.1', '--end', '100'] ['3/1to2/1_0']
---
&gt; failed 0.1 ['--step-length', '.1', '--end', '100'] 3/1to2/1_0 (75.4, 75.5) &lt;zip object at 0x10e557ec0&gt;
&gt; failed 1 ['--step-length', '.1', '--end', '100'] 3/1to2/1_0 (76.0, 77.0) &lt;zip object at 0x10e57f1c0&gt;
&gt; failed 10 ['--step-length', '.1', '--end', '100'] 3/1to2/1_0 (80.0, 90.0) &lt;zip object at 0x10e57f0c0&gt;
9,12c9,12
&lt; success 0.1 ['--step-length', '.1', '--end', '1000'] ['3/1to2/1_0']
&lt; success 1 ['--step-length', '.1', '--end', '1000'] ['3/1to2/1_0']
&lt; success 10 ['--step-length', '.1', '--end', '1000'] ['3/1to2/1_0']
&lt; success 100 ['--step-length', '.1', '--end', '1000'] ['3/1to2/1_0']
---
&gt; failed 0.1 ['--step-length', '.1', '--end', '1000'] 3/1to2/1_0 (75.4, 75.5) &lt;zip object at 0x10e57dd80&gt;
&gt; failed 1 ['--step-length', '.1', '--end', '1000'] 3/1to2/1_0 (76.0, 77.0) &lt;zip object at 0x10e560a80&gt;
&gt; failed 10 ['--step-length', '.1', '--end', '1000'] 3/1to2/1_0 (80.0, 90.0) &lt;zip object at 0x10e563d80&gt;
&gt; failed 100 ['--step-length', '.1', '--end', '1000'] 3/1to2/1_0 (100.0, 200.0) &lt;zip object at 0x10e560380&gt;
17,19c17,19
&lt; success 0.1 ['--step-length', '1', '--end', '100'] ['3/1to2/1_0']
&lt; success 1 ['--step-length', '1', '--end', '100'] ['3/1to2/1_0']
&lt; success 10 ['--step-length', '1', '--end', '100'] ['3/1to2/1_0']
---
&gt; failed 0.1 ['--step-length', '1', '--end', '100'] 3/1to2/1_0 (77.0, 78.0) &lt;zip object at 0x10e562140&gt;
&gt; failed 1 ['--step-length', '1', '--end', '100'] 3/1to2/1_0 (77.0, 78.0) &lt;zip object at 0x10e560600&gt;
&gt; failed 10 ['--step-length', '1', '--end', '100'] 3/1to2/1_0 (80.0, 90.0) &lt;zip object at 0x10e560400&gt;
21,50c21,24
&lt; success 0.1 ['--step-length', '1', '--end', '1000'] ['3/1to2/1_0']
&lt; success 1 ['--step-length', '1', '--end', '1000'] ['3/1to2/1_0']
&lt; success 10 ['--step-length', '1', '--end', '1000'] ['3/1to2/1_0']
&lt;truncated after showing first 30 lines&gt;
</PRE>
<A NAME="defaultsumo output two_vehicles_diff_length"></A>
<H4>TEST had known bugs (see #254) on ts-bapmsumbld : sumo output two_vehicles_diff_length (
<A HREF="test_default.html#defaultsumo output two_vehicles_diff_length">Last six runs</A>
<A HREF="test_default_all_Sep2024.html#defaultsumo output two_vehicles_diff_length">Sep2024</A>

)</H4>

<PRE>different outputs from detectors which should detect the same
(This bug was triggered by text found in file 'output' matching 'failed')
---------- Differences in output ----------
5,7c5,7
&lt; success 0.1 ['--step-length', '.1', '--end', '100'] ['3/1to2/1_0']
&lt; success 1 ['--step-length', '.1', '--end', '100'] ['3/1to2/1_0']
&lt; success 10 ['--step-length', '.1', '--end', '100'] ['3/1to2/1_0']
---
&gt; failed 0.1 ['--step-length', '.1', '--end', '100'] 3/1to2/1_0 (76.4, 76.5) &lt;zip object at 0x10d325f40&gt;
&gt; failed 1 ['--step-length', '.1', '--end', '100'] 3/1to2/1_0 (77.0, 78.0) &lt;zip object at 0x10d307280&gt;
&gt; failed 10 ['--step-length', '.1', '--end', '100'] 3/1to2/1_0 (80.0, 90.0) &lt;zip object at 0x10d304980&gt;
9,12c9,12
&lt; success 0.1 ['--step-length', '.1', '--end', '1000'] ['3/1to2/1_0']
&lt; success 1 ['--step-length', '.1', '--end', '1000'] ['3/1to2/1_0']
&lt; success 10 ['--step-length', '.1', '--end', '1000'] ['3/1to2/1_0']
&lt; success 100 ['--step-length', '.1', '--end', '1000'] ['3/1to2/1_0']
---
&gt; failed 0.1 ['--step-length', '.1', '--end', '1000'] 3/1to2/1_0 (76.4, 76.5) &lt;zip object at 0x10d304e80&gt;
&gt; failed 1 ['--step-length', '.1', '--end', '1000'] 3/1to2/1_0 (77.0, 78.0) &lt;zip object at 0x10d326680&gt;
&gt; failed 10 ['--step-length', '.1', '--end', '1000'] 3/1to2/1_0 (80.0, 90.0) &lt;zip object at 0x10d3241c0&gt;
&gt; failed 100 ['--step-length', '.1', '--end', '1000'] 3/1to2/1_0 (100.0, 200.0) &lt;zip object at 0x10d325e40&gt;
17,19c17,19
&lt; success 0.1 ['--step-length', '1', '--end', '100'] ['3/1to2/1_0']
&lt; success 1 ['--step-length', '1', '--end', '100'] ['3/1to2/1_0']
&lt; success 10 ['--step-length', '1', '--end', '100'] ['3/1to2/1_0']
---
&gt; failed 0.1 ['--step-length', '1', '--end', '100'] 3/1to2/1_0 (78.0, 79.0) &lt;zip object at 0x10d3271c0&gt;
&gt; failed 1 ['--step-length', '1', '--end', '100'] 3/1to2/1_0 (78.0, 79.0) &lt;zip object at 0x10d325ec0&gt;
&gt; failed 10 ['--step-length', '1', '--end', '100'] 3/1to2/1_0 (80.0, 90.0) &lt;zip object at 0x10d324100&gt;
21,50c21,24
&lt; success 0.1 ['--step-length', '1', '--end', '1000'] ['3/1to2/1_0']
&lt; success 1 ['--step-length', '1', '--end', '1000'] ['3/1to2/1_0']
&lt; success 10 ['--step-length', '1', '--end', '1000'] ['3/1to2/1_0']
&lt;truncated after showing first 30 lines&gt;
</PRE>
<A NAME="defaultsumo output two_vehicles_diff_speed"></A>
<H4>TEST had known bugs (see #254) on ts-bapmsumbld : sumo output two_vehicles_diff_speed (
<A HREF="test_default.html#defaultsumo output two_vehicles_diff_speed">Last six runs</A>
<A HREF="test_default_all_Sep2024.html#defaultsumo output two_vehicles_diff_speed">Sep2024</A>

)</H4>

<PRE>different outputs from detectors which should detect the same
(This bug was triggered by text found in file 'output' matching 'failed')
---------- Differences in output ----------
0a1,24
&gt; failed 0.1 ['--step-length', '.1', '--end', '51'] 3/1to2/1_0 (38.4, 38.5) &lt;zip object at 0x10de15200&gt;
&gt; failed 1 ['--step-length', '.1', '--end', '51'] 3/1to2/1_0 (38.0, 39.0) &lt;zip object at 0x10da926c0&gt;
&gt; failed 10 ['--step-length', '.1', '--end', '51'] 3/1to2/1_0 (30.0, 40.0) &lt;zip object at 0x10ee5c240&gt;
&gt; failed 100 ['--step-length', '.1', '--end', '51'] 3/1to2/1_0 (0.0, 51.0) &lt;zip object at 0x10ee53d00&gt;
&gt; failed 0.1 ['--step-length', '.1', '--end', '100'] 3/1to2/1_0 (38.4, 38.5) &lt;zip object at 0x10ee64100&gt;
&gt; failed 1 ['--step-length', '.1', '--end', '100'] 3/1to2/1_0 (38.0, 39.0) &lt;zip object at 0x10ee39d00&gt;
&gt; failed 10 ['--step-length', '.1', '--end', '100'] 3/1to2/1_0 (30.0, 40.0) &lt;zip object at 0x10ee5db80&gt;
&gt; failed 100 ['--step-length', '.1', '--end', '100'] 3/1to2/1_0 (0.0, 100.0) &lt;zip object at 0x10ee5ff40&gt;
&gt; failed 0.1 ['--step-length', '.1', '--end', '1000'] 3/1to2/1_0 (38.4, 38.5) &lt;zip object at 0x10ee5db80&gt;
&gt; failed 1 ['--step-length', '.1', '--end', '1000'] 3/1to2/1_0 (38.0, 39.0) &lt;zip object at 0x10eebc7c0&gt;
&gt; failed 10 ['--step-length', '.1', '--end', '1000'] 3/1to2/1_0 (30.0, 40.0) &lt;zip object at 0x10eebf700&gt;
&gt; failed 100 ['--step-length', '.1', '--end', '1000'] 3/1to2/1_0 (0.0, 100.0) &lt;zip object at 0x10eebc9c0&gt;
&gt; failed 0.1 ['--step-length', '1', '--end', '51'] 3/1to2/1_0 (39.0, 40.0) &lt;zip object at 0x10eebca40&gt;
&gt; failed 1 ['--step-length', '1', '--end', '51'] 3/1to2/1_0 (39.0, 40.0) &lt;zip object at 0x10eebe540&gt;
&gt; failed 10 ['--step-length', '1', '--end', '51'] 3/1to2/1_0 (30.0, 40.0) &lt;zip object at 0x10eebd140&gt;
&gt; failed 100 ['--step-length', '1', '--end', '51'] 3/1to2/1_0 (0.0, 51.0) &lt;zip object at 0x10eebc9c0&gt;
&gt; failed 0.1 ['--step-length', '1', '--end', '100'] 3/1to2/1_0 (39.0, 40.0) &lt;zip object at 0x10eebee80&gt;
&gt; failed 1 ['--step-length', '1', '--end', '100'] 3/1to2/1_0 (39.0, 40.0) &lt;zip object at 0x10eebfc40&gt;
&gt; failed 10 ['--step-length', '1', '--end', '100'] 3/1to2/1_0 (30.0, 40.0) &lt;zip object at 0x10eebe580&gt;
&gt; failed 100 ['--step-length', '1', '--end', '100'] 3/1to2/1_0 (0.0, 100.0) &lt;zip object at 0x10eebde40&gt;
&gt; failed 0.1 ['--step-length', '1', '--end', '1000'] 3/1to2/1_0 (39.0, 40.0) &lt;zip object at 0x10eebf440&gt;
&gt; failed 1 ['--step-length', '1', '--end', '1000'] 3/1to2/1_0 (39.0, 40.0) &lt;zip object at 0x10eebc040&gt;
&gt; failed 10 ['--step-length', '1', '--end', '1000'] 3/1to2/1_0 (30.0, 40.0) &lt;zip object at 0x10eebef00&gt;
&gt; failed 100 ['--step-length', '1', '--end', '1000'] 3/1to2/1_0 (0.0, 100.0) &lt;zip object at 0x10eebf540&gt;
</PRE>
<A NAME="defaulttraci vehicle moveToXY keepRoute2"></A>
<H4>TEST had known bugs (see #3263) on ts-bapmsumbld : traci vehicle moveToXY keepRoute2 (
<A HREF="test_default.html#defaulttraci vehicle moveToXY keepRoute2">Last six runs</A>
<A HREF="test_default_all_Sep2024.html#defaulttraci vehicle moveToXY keepRoute2">Sep2024</A>

)</H4>

<PRE>mapping failure
(This bug was triggered by text found in file 'output' matching 'failed')
---------- Differences in output ----------
0a1
&gt; internal corner (inside, segment2) failed: x=198, x2=198.0,   y=1.9, y2=1.9,   lane=middle_0, lane2=middle_0, pos=102, pos2=98.0   posLat=2.0 posLat2=1.9
</PRE>

<A NAME="defaultwere terminated before completion"></A>
<H3>Detailed information for the tests that were terminated before completion:</H3>

<A NAME="defaulttraci connection busySocket sumo"></A>
<H4>TEST were terminated before completion (TIMEOUT) on ts-bapmsumbld : traci connection busySocket sumo (
<A HREF="test_default.html#defaulttraci connection busySocket sumo">Last six runs</A>
<A HREF="test_default_all_Sep2024.html#defaulttraci connection busySocket sumo">Sep2024</A>

)</H4>

<PRE>Test exceeded wallclock time limit of 900.0 seconds
---------- Differences in errors ----------
3d2
&lt; Could not connect in 61 tries
</PRE>
<A NAME="defaulttraci connection busySocket sumo-gui"></A>
<H4>TEST were terminated before completion (TIMEOUT) on ts-bapmsumbld : traci connection busySocket sumo-gui (
<A HREF="test_default.html#defaulttraci connection busySocket sumo-gui">Last six runs</A>
<A HREF="test_default_all_Sep2024.html#defaulttraci connection busySocket sumo-gui">Sep2024</A>

)</H4>

<PRE>Test exceeded wallclock time limit of 900.0 seconds
---------- Differences in errors ----------
1,3c1
&lt; Could not connect in 61 tries
&lt; Error: tcpip::Socket::accept() Unable to create listening socket: Address already in use
&lt; Quitting (on error).
---
&gt; FXApp::openDisplay: unable to open display :18569.0
</PRE>



</BODY> </HTML>
