<!DOCTYPE HTML PUBLIC "-//W3C//DTD HTML 3.2//EN">
<HTML>

<!-- This file generated using Python HTMLgen module. -->
<HEAD>
  <META NAME="GENERATOR" CONTENT="HTMLgen 2.2.2">
        <TITLE>Detailed test results for COMPLEX: 10Feb25rv1_22_0+0087-91b2b3c2d6e (generated by sumo at 28Feb01:32)</TITLE>
<meta charset="utf-8"></HEAD>
<BODY>
<H1 align="center">10Feb25rv1_22_0+0087-91b2b3c2d6e - detailed test results for COMPLEX</H1>

<center><EM>To reconnect the TextTest GUI to these results, run:</EM></center>

<center><P style="font-family:monospace">texttest -a complex -d /Users/sumo/clangMacOS/sumo/tests -reconnect /Users/sumo/clangMacOS/texttesttmp/clangMacOS.28Feb001051.69948 -g</P>
</center>

<center><EM>To start TextTest for these tests, run:</EM></center>

<center><P style="font-family:monospace">texttest -a complex -d /Users/sumo/clangMacOS/sumo/tests</P>
</center>

<HR>
<H2>default: 795 tests: 751 succeeded 36 FAILED 8 known bugs</H2>

<A NAME="defaultFAILED"></A>
<H3>Detailed information for the tests that FAILED:</H3>

<A NAME="defaultfmi model_validation"></A>
<H4>TEST FAILED on ts-bapmsumbld : fmi model_validation (
<A HREF="test_default.html#defaultfmi model_validation">Last six runs</A>
<A HREF="test_default_all_Feb2025.html#defaultfmi model_validation">Feb2025</A>

)</H4>

<PRE>---------- Differences in errors ----------
0a1,13
&gt; Traceback (most recent call last):
&gt;   File "/Users/sumo/clangMacOS/sumo/tests/../tests/complex/fmi/runner.py", line 153, in &lt;module&gt;
&gt;     runSingle(startTime, endTime, validate, scalarVariable)
&gt;     ~~~~~~~~~^^^^^^^^^^^^^^^^^^^^^^^^^^^^^^^^^^^^^^^^^^^^^^
&gt;   File "/Users/sumo/clangMacOS/sumo/tests/../tests/complex/fmi/runner.py", line 56, in runSingle
&gt;     modelDescription = read_model_description(fmuLocation, validate=False)
&gt;   File "/Users/sumo/clangMacOS/sumo_test_env/lib/python3.13/site-packages/fmpy/model_description.py", line 441, in read_model_description
&gt;     with zipfile.ZipFile(filename, 'r') as zf:
&gt;          ~~~~~~~~~~~~~~~^^^^^^^^^^^^^^^
&gt;   File "/usr/local/Cellar/python@3.13/3.13.1/Frameworks/Python.framework/Versions/3.13/lib/python3.13/zipfile/__init__.py", line 1362, in __init__
&gt;     self.fp = io.open(file, filemode)
&gt;               ~~~~~~~^^^^^^^^^^^^^^^^
&gt; FileNotFoundError: [Errno 2] No such file or directory: '/Users/sumo/clangMacOS/sumo/bin/sumo-fmi2-linux64.fmu'
---------- Differences in output ----------
1,3d0
&lt; FMU validation successful
&lt; Simulating libsumofmi2 (model name 'SUMO', FMI v2.0)...
&lt; Print ended at step 60.0
</PRE>
<A NAME="defaultfmi vehicle_getIDCount"></A>
<H4>TEST FAILED on ts-bapmsumbld : fmi vehicle_getIDCount (
<A HREF="test_default.html#defaultfmi vehicle_getIDCount">Last six runs</A>
<A HREF="test_default_all_Feb2025.html#defaultfmi vehicle_getIDCount">Feb2025</A>

)</H4>

<PRE>---------- Differences in errors ----------
0a1,13
&gt; Traceback (most recent call last):
&gt;   File "/Users/sumo/clangMacOS/sumo/tests/../tests/complex/fmi/runner.py", line 153, in &lt;module&gt;
&gt;     runSingle(startTime, endTime, validate, scalarVariable)
&gt;     ~~~~~~~~~^^^^^^^^^^^^^^^^^^^^^^^^^^^^^^^^^^^^^^^^^^^^^^
&gt;   File "/Users/sumo/clangMacOS/sumo/tests/../tests/complex/fmi/runner.py", line 56, in runSingle
&gt;     modelDescription = read_model_description(fmuLocation, validate=False)
&gt;   File "/Users/sumo/clangMacOS/sumo_test_env/lib/python3.13/site-packages/fmpy/model_description.py", line 441, in read_model_description
&gt;     with zipfile.ZipFile(filename, 'r') as zf:
&gt;          ~~~~~~~~~~~~~~~^^^^^^^^^^^^^^^
&gt;   File "/usr/local/Cellar/python@3.13/3.13.1/Frameworks/Python.framework/Versions/3.13/lib/python3.13/zipfile/__init__.py", line 1362, in __init__
&gt;     self.fp = io.open(file, filemode)
&gt;               ~~~~~~~^^^^^^^^^^^^^^^^
&gt; FileNotFoundError: [Errno 2] No such file or directory: '/Users/sumo/clangMacOS/sumo/bin/sumo-fmi2-linux64.fmu'
---------- Differences in output ----------
1,63d0
&lt; FMU validation successful
&lt; Simulating libsumofmi2 (model name 'SUMO', FMI v2.0)...
&lt; TIME 1.0: vehicle.getIDCount = 6
&lt; TIME 2.0: vehicle.getIDCount = 6
&lt; TIME 3.0: vehicle.getIDCount = 6
&lt; TIME 4.0: vehicle.getIDCount = 7
&lt; TIME 5.0: vehicle.getIDCount = 7
&lt; TIME 6.0: vehicle.getIDCount = 8
&lt; TIME 7.0: vehicle.getIDCount = 8
&lt; TIME 8.0: vehicle.getIDCount = 9
&lt; TIME 9.0: vehicle.getIDCount = 9
&lt; TIME 10.0: vehicle.getIDCount = 9
&lt; TIME 11.0: vehicle.getIDCount = 9
&lt; TIME 12.0: vehicle.getIDCount = 9
&lt; TIME 13.0: vehicle.getIDCount = 10
&lt; TIME 14.0: vehicle.getIDCount = 10
&lt; TIME 15.0: vehicle.getIDCount = 10
&lt; TIME 16.0: vehicle.getIDCount = 11
&lt; TIME 17.0: vehicle.getIDCount = 11
&lt; TIME 18.0: vehicle.getIDCount = 12
&lt; TIME 19.0: vehicle.getIDCount = 12
&lt; TIME 20.0: vehicle.getIDCount = 12
&lt; TIME 21.0: vehicle.getIDCount = 13
&lt; TIME 22.0: vehicle.getIDCount = 13
&lt; TIME 23.0: vehicle.getIDCount = 13
&lt; TIME 24.0: vehicle.getIDCount = 13
&lt; TIME 25.0: vehicle.getIDCount = 13
&lt; TIME 26.0: vehicle.getIDCount = 12
&lt; TIME 27.0: vehicle.getIDCount = 10
&lt;truncated after showing first 30 lines&gt;
</PRE>
<A NAME="defaultfmi vehicle_getParameterWithKey"></A>
<H4>TEST FAILED on ts-bapmsumbld : fmi vehicle_getParameterWithKey (
<A HREF="test_default.html#defaultfmi vehicle_getParameterWithKey">Last six runs</A>
<A HREF="test_default_all_Feb2025.html#defaultfmi vehicle_getParameterWithKey">Feb2025</A>

)</H4>

<PRE>---------- Differences in errors ----------
0a1,13
&gt; Traceback (most recent call last):
&gt;   File "/Users/sumo/clangMacOS/sumo/tests/../tests/complex/fmi/runner.py", line 153, in &lt;module&gt;
&gt;     runSingle(startTime, endTime, validate, scalarVariable)
&gt;     ~~~~~~~~~^^^^^^^^^^^^^^^^^^^^^^^^^^^^^^^^^^^^^^^^^^^^^^
&gt;   File "/Users/sumo/clangMacOS/sumo/tests/../tests/complex/fmi/runner.py", line 56, in runSingle
&gt;     modelDescription = read_model_description(fmuLocation, validate=False)
&gt;   File "/Users/sumo/clangMacOS/sumo_test_env/lib/python3.13/site-packages/fmpy/model_description.py", line 441, in read_model_description
&gt;     with zipfile.ZipFile(filename, 'r') as zf:
&gt;          ~~~~~~~~~~~~~~~^^^^^^^^^^^^^^^
&gt;   File "/usr/local/Cellar/python@3.13/3.13.1/Frameworks/Python.framework/Versions/3.13/lib/python3.13/zipfile/__init__.py", line 1362, in __init__
&gt;     self.fp = io.open(file, filemode)
&gt;               ~~~~~~~^^^^^^^^^^^^^^^^
&gt; FileNotFoundError: [Errno 2] No such file or directory: '/Users/sumo/clangMacOS/sumo/bin/sumo-fmi2-linux64.fmu'
---------- Differences in output ----------
1,4d0
&lt; FMU validation successful
&lt; Simulating libsumofmi2 (model name 'SUMO', FMI v2.0)...
&lt; key, value: 'meaningOfLife', '42'
&lt; Print ended at step 60.0
</PRE>
<A NAME="defaultfmi vehicle_moveToXY"></A>
<H4>TEST FAILED on ts-bapmsumbld : fmi vehicle_moveToXY (
<A HREF="test_default.html#defaultfmi vehicle_moveToXY">Last six runs</A>
<A HREF="test_default_all_Feb2025.html#defaultfmi vehicle_moveToXY">Feb2025</A>

)</H4>

<PRE>---------- Differences in errors ----------
0a1,13
&gt; Traceback (most recent call last):
&gt;   File "/Users/sumo/clangMacOS/sumo/tests/../tests/complex/fmi/runner.py", line 153, in &lt;module&gt;
&gt;     runSingle(startTime, endTime, validate, scalarVariable)
&gt;     ~~~~~~~~~^^^^^^^^^^^^^^^^^^^^^^^^^^^^^^^^^^^^^^^^^^^^^^
&gt;   File "/Users/sumo/clangMacOS/sumo/tests/../tests/complex/fmi/runner.py", line 56, in runSingle
&gt;     modelDescription = read_model_description(fmuLocation, validate=False)
&gt;   File "/Users/sumo/clangMacOS/sumo_test_env/lib/python3.13/site-packages/fmpy/model_description.py", line 441, in read_model_description
&gt;     with zipfile.ZipFile(filename, 'r') as zf:
&gt;          ~~~~~~~~~~~~~~~^^^^^^^^^^^^^^^
&gt;   File "/usr/local/Cellar/python@3.13/3.13.1/Frameworks/Python.framework/Versions/3.13/lib/python3.13/zipfile/__init__.py", line 1362, in __init__
&gt;     self.fp = io.open(file, filemode)
&gt;               ~~~~~~~^^^^^^^^^^^^^^^^
&gt; FileNotFoundError: [Errno 2] No such file or directory: '/Users/sumo/clangMacOS/sumo/bin/sumo-fmi2-linux64.fmu'
---------- Differences in output ----------
1,91d0
&lt; FMU validation successful
&lt; Simulating libsumofmi2 (model name 'SUMO', FMI v2.0)...
&lt; TIME 0: laneID = ''
&lt; TIME 1.0: laneID = 'WE1_0'
&lt; currentPos = [0.0, -1.6]
&lt; targetPos = (10.0, -1.6)
&lt; TIME 2.0: laneID = 'WE1_0'
&lt; currentPos = [10.0, -1.6]
&lt; targetPos = (20.0, -1.6)
&lt; TIME 3.0: laneID = 'WE1_0'
&lt; currentPos = [20.0, -1.6]
&lt; targetPos = (30.0, -1.6)
&lt; TIME 4.0: laneID = 'WE1_0'
&lt; currentPos = [30.0, -1.6]
&lt; targetPos = (40.0, -1.6)
&lt; TIME 5.0: laneID = 'WE1_0'
&lt; currentPos = [40.0, -1.6]
&lt; targetPos = (50.0, -1.6)
&lt; TIME 6.0: laneID = ':J1_10_0'
&lt; currentPos = [50.0, -1.6]
&lt; targetPos = (60.0, -1.6)
&lt; TIME 7.0: laneID = 'WE2_0'
&lt; currentPos = [60.0, -1.6]
&lt; targetPos = (70.0, -1.6)
&lt; TIME 8.0: laneID = 'WE2_0'
&lt; currentPos = [70.0, -1.6]
&lt; targetPos = (80.0, -1.6)
&lt; TIME 9.0: laneID = 'WE2_0'
&lt; currentPos = [80.0, -1.6]
&lt;truncated after showing first 30 lines&gt;
</PRE>
<A NAME="defaultstate replay"></A>
<H4>TEST FAILED on ts-bapmsumbld : state replay (
<A HREF="test_default.html#defaultstate replay">Last six runs</A>
<A HREF="test_default_all_Feb2025.html#defaultstate replay">Feb2025</A>

)</H4>

<PRE>---------- Differences in errors ----------
0a1,241
&gt; Error: This system has no OpenGL support. Exiting.
&gt; Quitting (on error).
&gt;   warnings.warn(("Could not connect to TraCI server using port %s (%s)." +
&gt; Error: This system has no OpenGL support. Exiting.
&gt; Quitting (on error).
&gt;   warnings.warn(("Could not connect to TraCI server using port %s (%s)." +
&gt; Error: This system has no OpenGL support. Exiting.
&gt; Quitting (on error).
&gt;   warnings.warn(("Could not connect to TraCI server using port %s (%s)." +
&gt; Error: This system has no OpenGL support. Exiting.
&gt; Quitting (on error).
&gt;   warnings.warn(("Could not connect to TraCI server using port %s (%s)." +
&gt; Error: This system has no OpenGL support. Exiting.
&gt; Quitting (on error).
&gt;   warnings.warn(("Could not connect to TraCI server using port %s (%s)." +
&gt; Error: This system has no OpenGL support. Exiting.
&gt; Quitting (on error).
&gt;   warnings.warn(("Could not connect to TraCI server using port %s (%s)." +
&gt; Error: This system has no OpenGL support. Exiting.
&gt; Quitting (on error).
&gt;   warnings.warn(("Could not connect to TraCI server using port %s (%s)." +
&gt; Error: This system has no OpenGL support. Exiting.
&gt; Quitting (on error).
&gt;   warnings.warn(("Could not connect to TraCI server using port %s (%s)." +
&gt; Error: This system has no OpenGL support. Exiting.
&gt; Quitting (on error).
&gt;   warnings.warn(("Could not connect to TraCI server using port %s (%s)." +
&gt; Error: This system has no OpenGL support. Exiting.
&gt; Quitting (on error).
&lt;truncated after showing first 30 lines&gt;
</PRE>
<A NAME="defaultsumo fcdReplay"></A>
<A NAME="defaulttraci gui polygon_dynamics_remove"></A>
<H4>2 TESTS FAILED on ts-bapmsumbld :</H4>

<PRE>---------- Differences in errors ----------
0a1,247
&gt; Error: This system has no OpenGL support. Exiting.
&gt; Quitting (on error).
&gt;   warnings.warn(("Could not connect to TraCI server using port %s (%s)." +
&gt; Error: This system has no OpenGL support. Exiting.
&gt; Quitting (on error).
&gt;   warnings.warn(("Could not connect to TraCI server using port %s (%s)." +
&gt; Error: This system has no OpenGL support. Exiting.
&gt; Quitting (on error).
&gt;   warnings.warn(("Could not connect to TraCI server using port %s (%s)." +
&gt; Error: This system has no OpenGL support. Exiting.
&gt; Quitting (on error).
&gt;   warnings.warn(("Could not connect to TraCI server using port %s (%s)." +
&gt; Error: This system has no OpenGL support. Exiting.
&gt; Quitting (on error).
&gt;   warnings.warn(("Could not connect to TraCI server using port %s (%s)." +
&gt; Error: This system has no OpenGL support. Exiting.
&gt; Quitting (on error).
&gt;   warnings.warn(("Could not connect to TraCI server using port %s (%s)." +
&gt; Error: This system has no OpenGL support. Exiting.
&gt; Quitting (on error).
&gt;   warnings.warn(("Could not connect to TraCI server using port %s (%s)." +
&gt; Error: This system has no OpenGL support. Exiting.
&gt; Quitting (on error).
&gt;   warnings.warn(("Could not connect to TraCI server using port %s (%s)." +
&gt; Error: This system has no OpenGL support. Exiting.
&gt; Quitting (on error).
&gt;   warnings.warn(("Could not connect to TraCI server using port %s (%s)." +
&gt; Error: This system has no OpenGL support. Exiting.
&gt; Quitting (on error).
&lt;truncated after showing first 30 lines&gt;
</PRE>
sumo fcdReplay (
<A HREF="test_default.html#defaultsumo fcdReplay">Last six runs</A>
<A HREF="test_default_all_Feb2025.html#defaultsumo fcdReplay">Feb2025</A>

)<br>

traci gui polygon_dynamics_remove (
<A HREF="test_default.html#defaulttraci gui polygon_dynamics_remove">Last six runs</A>
<A HREF="test_default_all_Feb2025.html#defaulttraci gui polygon_dynamics_remove">Feb2025</A>

)<br>

<A NAME="defaultsumo gui"></A>
<H4>TEST FAILED on ts-bapmsumbld : sumo gui (
<A HREF="test_default.html#defaultsumo gui">Last six runs</A>
<A HREF="test_default_all_Feb2025.html#defaultsumo gui">Feb2025</A>

)</H4>

<PRE>---------- Differences in errors ----------
0a1,5
&gt; Traceback (most recent call last):
&gt;   File "/Users/sumo/clangMacOS/sumo/tests/../tests/complex/sumo/gui/runner.py", line 26, in &lt;module&gt;
&gt;     import pyautogui  # noqa
&gt;     ^^^^^^^^^^^^^^^^
&gt; ModuleNotFoundError: No module named 'pyautogui'
---------- Missing result in vehroutes ----------
&lt;?xml version="1.0" encoding="UTF-8"?&gt;


&lt;routes xmlns:xsi="http://www.w3.org/2001/XMLSchema-instance" xsi:noNamespaceSchemaLocation="http://sumo.dlr.de/xsd/routes_file.xsd"&gt;
    &lt;vehicle id="vertical.0" depart="103.00" arrival="344.00"&gt;
        &lt;route edges="3fi 3si 4o 4fi 4si 3o 3fi"/&gt;
    &lt;/vehicle&gt;

    &lt;vehicle id="vertical.1" depart="113.00" arrival="378.00"&gt;
        &lt;route edges="3fi 3si 4o 4fi 4si 3o 3fi"/&gt;
    &lt;/vehicle&gt;

    &lt;vehicle id="vertical.2" depart="123.00" arrival="380.00"&gt;
        &lt;route edges="3fi 3si 4o 4fi 4si 3o 3fi"/&gt;
    &lt;/vehicle&gt;

    &lt;vehicle id="vertical.3" depart="133.00" arrival="382.00"&gt;
        &lt;route edges="3fi 3si 4o 4fi 4si 3o 3fi"/&gt;
    &lt;/vehicle&gt;

    &lt;vehicle id="vertical.4" depart="143.00" arrival="384.00"&gt;
        &lt;route edges="3fi 3si 4o 4fi 4si 3o 3fi"/&gt;
    &lt;/vehicle&gt;

    &lt;vehicle id="vertical.5" depart="153.00" arrival="386.00"&gt;
        &lt;route edges="3fi 3si 4o 4fi 4si 3o 3fi"/&gt;
    &lt;/vehicle&gt;

    &lt;vehicle id="vertical.6" depart="163.00" arrival="435.00"&gt;
        &lt;route edges="3fi 3si 4o 4fi 4si 3o 3fi"/&gt;
&lt;truncated after showing first 30 lines&gt;
</PRE>
<A NAME="defaultsumo protobuf"></A>
<H4>TEST FAILED on ts-bapmsumbld : sumo protobuf (
<A HREF="test_default.html#defaultsumo protobuf">Last six runs</A>
<A HREF="test_default_all_Feb2025.html#defaultsumo protobuf">Feb2025</A>

)</H4>

<PRE>---------- Differences in errors ----------
0a1,35
&gt; Traceback (most recent call last):
&gt;   File "/Users/sumo/clangMacOS/sumo/tools/xml/protobuf2xml.py", line 32, in &lt;module&gt;
&gt;     import google.protobuf.descriptor  # we need to do this late because the xml2protobuf import modifies sys.path
&gt;     ^^^^^^^^^^^^^^^^^^^^^^^^^^^^^^^^^
&gt; ModuleNotFoundError: No module named 'google'
&gt; Traceback (most recent call last):
&gt;   File "/Users/sumo/clangMacOS/sumo/tools/xml/xml2protobuf.py", line 208, in &lt;module&gt;
&gt;     main()
&gt;     ~~~~^^
&gt;   File "/Users/sumo/clangMacOS/sumo/tools/xml/xml2protobuf.py", line 194, in main
&gt;     module = generateProto(attrFinder.tagAttrs, attrFinder.depthTags,
&gt;                            attrFinder.xsdStruc._namedEnumerations, options.protodir, base)
&gt;   File "/Users/sumo/clangMacOS/sumo/tools/xml/xml2protobuf.py", line 185, in generateProto
&gt;     return importlib.import_module("%s_pb2" % base)
&gt;            ~~~~~~~~~~~~~~~~~~~~~~~^^^^^^^^^^^^^^^^^
&gt;   File "/usr/local/Cellar/python@3.13/3.13.1/Frameworks/Python.framework/Versions/3.13/lib/python3.13/importlib/__init__.py", line 88, in import_module
&gt;     return _bootstrap._gcd_import(name[level:], package, level)
&gt;            ~~~~~~~~~~~~~~~~~~~~~~^^^^^^^^^^^^^^^^^^^^^^^^^^^^^^
&gt;   File "&lt;frozen importlib._bootstrap&gt;", line 1387, in _gcd_import
&gt;   File "&lt;frozen importlib._bootstrap&gt;", line 1360, in _find_and_load
&gt;   File "&lt;frozen importlib._bootstrap&gt;", line 1331, in _find_and_load_unlocked
&gt;   File "&lt;frozen importlib._bootstrap&gt;", line 935, in _load_unlocked
&gt;   File "&lt;frozen importlib._bootstrap_external&gt;", line 1026, in exec_module
&gt;   File "&lt;frozen importlib._bootstrap&gt;", line 488, in _call_with_frames_removed
&gt;   File "/Users/sumo/clangMacOS/texttesttmp/clangMacOS.10Feb000853.16997/complex/sumo/protobuf/trajectories_pb2.py", line 7, in &lt;module&gt;
&gt;     from google.protobuf import descriptor as _descriptor
&gt; ModuleNotFoundError: No module named 'google'
&gt; Traceback (most recent call last):
&gt;   File "/Users/sumo/clangMacOS/sumo/tests/../tests/complex/sumo/protobuf/runner.py", line 80, in &lt;module&gt;
&lt;truncated after showing first 30 lines&gt;
---------- Differences in output ----------
1,5d0
&lt; --- 
&lt; +++ 
&lt; -
&lt; -&lt;trajectories xmlns:xsi="http://www.w3.org/2001/XMLSchema-instance" xsi:noNamespaceSchemaLocation="http://sumo.dlr.de/xsd/amitran/trajectories.xsd" timeStepSize="1000"&gt;
&lt; +&lt;trajectories timeStepSize="1000"&gt;
</PRE>
<A NAME="defaultsumo socketout"></A>
<H4>TEST FAILED on ts-bapmsumbld : sumo socketout (
<A HREF="test_default.html#defaultsumo socketout">Last six runs</A>
<A HREF="test_default_all_Feb2025.html#defaultsumo socketout">Feb2025</A>

)</H4>

<PRE>---------- Differences in errors ----------
1,2d0
&lt; Error: send failed: Software caused tcpip::Socket abort
&lt; Quitting (on error).
</PRE>
<A NAME="defaulttraas api"></A>
<H4>TEST FAILED on ts-bapmsumbld : traas api (
<A HREF="test_default.html#defaulttraas api">Last six runs</A>
<A HREF="test_default_all_Feb2025.html#defaulttraas api">Feb2025</A>

)</H4>

<PRE>---------- Differences in errors ----------
1,3c1,5
&lt; TraAS and TraCI4J are deprecated. Please use libtracijni instead, see https://sumo.dlr.de/docs/Libtraci.html.
&lt; TraAS and TraCI4J are deprecated. Please use libtracijni instead, see https://sumo.dlr.de/docs/Libtraci.html.
&lt; Received null repsonse for command 203 149. (Maybe you need to use do_job_set?)
---
&gt; Traceback (most recent call last):
&gt;   File "/Users/sumo/clangMacOS/sumo/tests/../tests/complex/traas/runner.py", line 37, in &lt;module&gt;
&gt;     assert os.path.exists(traasJar)
&gt;            ~~~~~~~~~~~~~~^^^^^^^^^^
&gt; AssertionError
---------- Differences in output ----------
1,77d0
&lt; deltaT:1.0
&lt; findRoute result stage:
&lt;   gneE0
&lt;   -gneE2
&lt;   gneE2
&lt; findIntermodalRoute result stages:
&lt;   gneE0
&lt;   gneE2
&lt; Step 1.0, tlsPhase 0 (North-South)
&lt; Step 2.0, tlsPhase 0 (North-South)
&lt; Step 3.0, tlsPhase 0 (North-South)
&lt; Step 4.0, tlsPhase 0 (North-South)
&lt; Step 5.0, tlsPhase 0 (North-South)
&lt; Step 6.0, tlsPhase 0 (North-South)
&lt; Step 7.0, tlsPhase 0 (North-South)
&lt; Step 8.0, tlsPhase 0 (North-South)
&lt; Step 9.0, tlsPhase 0 (North-South)
&lt; Step 10.0, tlsPhase 0 (North-South)
&lt; Step 11.0, tlsPhase 0 (North-South)
&lt; Step 12.0, tlsPhase 0 (North-South)
&lt; Step 13.0, tlsPhase 0 (North-South)
&lt; Step 14.0, tlsPhase 0 (North-South)
&lt; Step 15.0, tlsPhase 0 (North-South)
&lt; Step 16.0, tlsPhase 0 (North-South)
&lt; Step 17.0, tlsPhase 0 (North-South)
&lt; Step 18.0, tlsPhase 0 (North-South)
&lt; Step 19.0, tlsPhase 0 (North-South)
&lt; Step 20.0, tlsPhase 0 (North-South)
&lt; Step 21.0, tlsPhase 0 (North-South)
&lt;truncated after showing first 30 lines&gt;
</PRE>
<A NAME="defaulttraas multiclient"></A>
<H4>TEST FAILED on ts-bapmsumbld : traas multiclient (
<A HREF="test_default.html#defaulttraas multiclient">Last six runs</A>
<A HREF="test_default_all_Feb2025.html#defaulttraas multiclient">Feb2025</A>

)</H4>

<PRE>---------- Differences in errors ----------
1,2c1,5
&lt; TraAS and TraCI4J are deprecated. Please use libtracijni instead, see https://sumo.dlr.de/docs/Libtraci.html.
&lt; TraAS and TraCI4J are deprecated. Please use libtracijni instead, see https://sumo.dlr.de/docs/Libtraci.html.
---
&gt; Traceback (most recent call last):
&gt;   File "/Users/sumo/clangMacOS/sumo/tests/../tests/complex/traas/runner.py", line 37, in &lt;module&gt;
&gt;     assert os.path.exists(traasJar)
&gt;            ~~~~~~~~~~~~~~^^^^^^^^^^
&gt; AssertionError
---------- Differences in output ----------
1,4652d0
&lt; Step 0.1, tlsPhase 0 (North-South)
&lt; Step 0.1
&lt; Step 0.2
&lt; Step 0.3
&lt; Step 0.4
&lt; Step 0.5
&lt; Step 0.6
&lt; Step 0.7
&lt; Step 0.8
&lt; Step 0.9
&lt; Step 1.0
&lt; Step 1.1
&lt; Step 1.2
&lt; Step 1.3
&lt; Step 1.4
&lt; Step 1.5
&lt; Step 1.6
&lt; Step 1.7
&lt; Step 1.8
&lt; Step 1.9
&lt; Step 2.0
&lt; Step 2.1
&lt; Step 2.2
&lt; Step 2.3
&lt; Step 2.4
&lt; Step 2.5
&lt; Step 2.6
&lt; Step 2.7
&lt; Step 2.8
&lt;truncated after showing first 30 lines&gt;
</PRE>
<A NAME="defaulttraas simple"></A>
<H4>TEST FAILED on ts-bapmsumbld : traas simple (
<A HREF="test_default.html#defaulttraas simple">Last six runs</A>
<A HREF="test_default_all_Feb2025.html#defaulttraas simple">Feb2025</A>

)</H4>

<PRE>---------- Differences in errors ----------
1c1,5
&lt; TraAS and TraCI4J are deprecated. Please use libtracijni instead, see https://sumo.dlr.de/docs/Libtraci.html.
---
&gt; Traceback (most recent call last):
&gt;   File "/Users/sumo/clangMacOS/sumo/tests/../tests/complex/traas/runner.py", line 37, in &lt;module&gt;
&gt;     assert os.path.exists(traasJar)
&gt;            ~~~~~~~~~~~~~~^^^^^^^^^^
&gt; AssertionError
---------- Differences in output ----------
1,4639d0
&lt; Step 0.1, tlsPhase 0 (North-South)
&lt; Step 0.2, tlsPhase 0 (North-South)
&lt; Step 0.3, tlsPhase 0 (North-South)
&lt; Step 0.4, tlsPhase 0 (North-South)
&lt; Step 0.5, tlsPhase 0 (North-South)
&lt; Step 0.6, tlsPhase 0 (North-South)
&lt; Step 0.7, tlsPhase 0 (North-South)
&lt; Step 0.8, tlsPhase 0 (North-South)
&lt; Step 0.9, tlsPhase 0 (North-South)
&lt; Step 1.0, tlsPhase 0 (North-South)
&lt; Step 1.1, tlsPhase 0 (North-South)
&lt; Step 1.2, tlsPhase 0 (North-South)
&lt; Step 1.3, tlsPhase 0 (North-South)
&lt; Step 1.4, tlsPhase 0 (North-South)
&lt; Step 1.5, tlsPhase 0 (North-South)
&lt; Step 1.6, tlsPhase 0 (North-South)
&lt; Step 1.7, tlsPhase 0 (North-South)
&lt; Step 1.8, tlsPhase 0 (North-South)
&lt; Step 1.9, tlsPhase 0 (North-South)
&lt; Step 2.0, tlsPhase 0 (North-South)
&lt; Step 2.1, tlsPhase 0 (North-South)
&lt; Step 2.2, tlsPhase 0 (North-South)
&lt; Step 2.3, tlsPhase 0 (North-South)
&lt; Step 2.4, tlsPhase 0 (North-South)
&lt; Step 2.5, tlsPhase 0 (North-South)
&lt; Step 2.6, tlsPhase 0 (North-South)
&lt; Step 2.7, tlsPhase 0 (North-South)
&lt; Step 2.8, tlsPhase 0 (North-South)
&lt; Step 2.9, tlsPhase 0 (North-South)
&lt;truncated after showing first 30 lines&gt;
</PRE>
<A NAME="defaulttraas subscription"></A>
<H4>TEST FAILED on ts-bapmsumbld : traas subscription (
<A HREF="test_default.html#defaulttraas subscription">Last six runs</A>
<A HREF="test_default_all_Feb2025.html#defaulttraas subscription">Feb2025</A>

)</H4>

<PRE>---------- Differences in errors ----------
1c1,5
&lt; TraAS and TraCI4J are deprecated. Please use libtracijni instead, see https://sumo.dlr.de/docs/Libtraci.html.
---
&gt; Traceback (most recent call last):
&gt;   File "/Users/sumo/clangMacOS/sumo/tests/../tests/complex/traas/runner.py", line 37, in &lt;module&gt;
&gt;     assert os.path.exists(traasJar)
&gt;            ~~~~~~~~~~~~~~^^^^^^^^^^
&gt; AssertionError
---------- Differences in output ----------
1,88d0
&lt; Step: 0
&lt; Subscription Departed vehicles: v0
&lt; Step: 1
&lt; Subscription Departed vehicles: v1
&lt; Position of vehicle v0: x = 14.723400000000002 y = -4.8
&lt; Speed of vehicle v0: 14.723400000000002
&lt; Step: 2
&lt; Subscription Departed vehicles: v2
&lt; Position of vehicle v0: x = 29.446800000000003 y = -4.8
&lt; Speed of vehicle v0: 14.723400000000002
&lt; Position of vehicle v1: x = 13.032987 y = -4.8
&lt; Speed of vehicle v1: 13.032987
&lt; Step: 3
&lt; Subscription Departed vehicles: v3
&lt; Position of vehicle v0: x = 44.17020000000001 y = -4.8
&lt; Speed of vehicle v0: 14.723400000000002
&lt; Position of vehicle v1: x = 26.065974 y = -4.8
&lt; Speed of vehicle v1: 13.032987
&lt; Position of vehicle v2: x = 11.790983749999999 y = -4.8
&lt; Speed of vehicle v2: 11.790983749999999
&lt; Step: 4
&lt; Subscription Departed vehicles: v4
&lt; Position of vehicle v0: x = 58.893600000000006 y = -4.8
&lt; Speed of vehicle v0: 14.723400000000002
&lt; Position of vehicle v1: x = 39.098961 y = -4.8
&lt; Speed of vehicle v1: 13.032987
&lt; Position of vehicle v2: x = 23.8721714 y = -1.6
&lt; Speed of vehicle v2: 12.08118765
&lt; Position of vehicle v3: x = 10.29073375 y = -4.8
&lt;truncated after showing first 30 lines&gt;
</PRE>
<A NAME="defaulttraci connection busySocket sumo-gui"></A>
<H4>TEST FAILED on ts-bapmsumbld : traci connection busySocket sumo-gui (
<A HREF="test_default.html#defaulttraci connection busySocket sumo-gui">Last six runs</A>
<A HREF="test_default_all_Feb2025.html#defaulttraci connection busySocket sumo-gui">Feb2025</A>

)</H4>

<PRE>---------- Differences in errors ----------
1,2c1
&lt; Could not connect in 61 tries
&lt; Error: tcpip::Socket::accept() Unable to create listening socket: Address already in use
---
&gt; Error: This system has no OpenGL support. Exiting.
3a3
&gt; Could not connect in 61 tries
</PRE>
<A NAME="defaulttraci connection clientCloses sumo-gui"></A>
<H4>TEST FAILED on ts-bapmsumbld : traci connection clientCloses sumo-gui (
<A HREF="test_default.html#defaulttraci connection clientCloses sumo-gui">Last six runs</A>
<A HREF="test_default_all_Feb2025.html#defaulttraci connection clientCloses sumo-gui">Feb2025</A>

)</H4>

<PRE>---------- Differences in errors ----------
0a1,7
&gt; Error: This system has no OpenGL support. Exiting.
&gt; Quitting (on error).
&gt; Traceback (most recent call last):
&gt;     raise FatalTraCIError("Could not connect in %s tries" % (numRetries + 1))
&gt; traci.exceptions.FatalTraCIError: Could not connect in 61 tries
&gt; /usr/local/Cellar/python@3.13/3.13.1/Frameworks/Python.framework/Versions/3.13/lib/python3.13/subprocess.py:1137: ResourceWarning: subprocess 24014 is still running
&gt;   _warn("subprocess %s is still running" % self.pid,
---------- Differences in output ----------
3,15d2
&lt; Print ended at step 100.0
&lt; ----------- SUMO end time is not given -----------
&lt; Print ended at step 100.0
&lt; =========== empty routes in SUMO ===========
&lt; ----------- SUMO end time is smaller than TraCI's -----------
&lt; Print ended at step 100.0
&lt; ----------- SUMO end time is not given -----------
&lt; Print ended at step 100.0
&lt; =========== vehicle leaves before TraCI ends ===========
&lt; ----------- SUMO end time is smaller than TraCI's -----------
&lt; Print ended at step 100.0
&lt; ----------- SUMO end time is not given -----------
&lt; Print ended at step 100.0
</PRE>
<A NAME="defaulttraci connection closingOutput sumo-gui"></A>
<H4>TEST FAILED on ts-bapmsumbld : traci connection closingOutput sumo-gui (
<A HREF="test_default.html#defaulttraci connection closingOutput sumo-gui">Last six runs</A>
<A HREF="test_default_all_Feb2025.html#defaulttraci connection closingOutput sumo-gui">Feb2025</A>

)</H4>

<PRE>---------- Differences in errors ----------
0a1,247
&gt; Error: This system has no OpenGL support. Exiting.
&gt; Quitting (on error).
&gt;   warnings.warn(("Could not connect to TraCI server using port %s (%s)." +
&gt; Error: This system has no OpenGL support. Exiting.
&gt; Quitting (on error).
&gt;   warnings.warn(("Could not connect to TraCI server using port %s (%s)." +
&gt; Error: This system has no OpenGL support. Exiting.
&gt; Quitting (on error).
&gt;   warnings.warn(("Could not connect to TraCI server using port %s (%s)." +
&gt; Error: This system has no OpenGL support. Exiting.
&gt; Quitting (on error).
&gt;   warnings.warn(("Could not connect to TraCI server using port %s (%s)." +
&gt; Error: This system has no OpenGL support. Exiting.
&gt; Quitting (on error).
&gt;   warnings.warn(("Could not connect to TraCI server using port %s (%s)." +
&gt; Error: This system has no OpenGL support. Exiting.
&gt; Quitting (on error).
&gt;   warnings.warn(("Could not connect to TraCI server using port %s (%s)." +
&gt; Error: This system has no OpenGL support. Exiting.
&gt; Quitting (on error).
&gt;   warnings.warn(("Could not connect to TraCI server using port %s (%s)." +
&gt; Error: This system has no OpenGL support. Exiting.
&gt; Quitting (on error).
&gt;   warnings.warn(("Could not connect to TraCI server using port %s (%s)." +
&gt; Error: This system has no OpenGL support. Exiting.
&gt; Quitting (on error).
&gt;   warnings.warn(("Could not connect to TraCI server using port %s (%s)." +
&gt; Error: This system has no OpenGL support. Exiting.
&gt; Quitting (on error).
&lt;truncated after showing first 30 lines&gt;
---------- Missing result in state ----------
&lt;?xml version="1.0" encoding="UTF-8"?&gt;


&lt;netstate xmlns:xsi="http://www.w3.org/2001/XMLSchema-instance" xsi:noNamespaceSchemaLocation="http://sumo.dlr.de/xsd/netstate_file.xsd"&gt;
    &lt;timestep time="0.00"&gt;
        &lt;edge id="2fi"&gt;
            &lt;lane id="2fi_0"&gt;
                &lt;vehicle id="horiz" pos="5.10" speed="0.00"/&gt;
            &lt;/lane&gt;
        &lt;/edge&gt;
    &lt;/timestep&gt;
    &lt;timestep time="1.00"&gt;
        &lt;edge id="2fi"&gt;
            &lt;lane id="2fi_0"&gt;
                &lt;vehicle id="horiz" pos="6.53" speed="1.43"/&gt;
            &lt;/lane&gt;
        &lt;/edge&gt;
    &lt;/timestep&gt;
    &lt;timestep time="2.00"&gt;
        &lt;edge id="2fi"&gt;
            &lt;lane id="2fi_0"&gt;
                &lt;vehicle id="horiz" pos="10.57" speed="4.03"/&gt;
            &lt;/lane&gt;
        &lt;/edge&gt;
    &lt;/timestep&gt;
    &lt;timestep time="3.00"&gt;
        &lt;edge id="2fi"&gt;
            &lt;lane id="2fi_0"&gt;
                &lt;vehicle id="horiz" pos="16.77" speed="6.21"/&gt;
            &lt;/lane&gt;
&lt;truncated after showing first 30 lines&gt;
---------- Missing result in tripinfo ----------
&lt;?xml version="1.0" encoding="UTF-8"?&gt;


&lt;tripinfos xmlns:xsi="http://www.w3.org/2001/XMLSchema-instance" xsi:noNamespaceSchemaLocation="http://sumo.dlr.de/xsd/tripinfo_file.xsd"&gt;
&lt;/tripinfos&gt;
</PRE>
<A NAME="defaulttraci connection multipleConnections basic sumo-gui"></A>
<H4>TEST FAILED on ts-bapmsumbld : traci connection multipleConnections basic sumo-gui (
<A HREF="test_default.html#defaulttraci connection multipleConnections basic sumo-gui">Last six runs</A>
<A HREF="test_default_all_Feb2025.html#defaulttraci connection multipleConnections basic sumo-gui">Feb2025</A>

)</H4>

<PRE>---------- Differences in errors ----------
0a1,128
&gt; Error: This system has no OpenGL support. Exiting.
&gt; Quitting (on error).
&gt; Process Process-1:
&gt; Traceback (most recent call last):
&gt;     raise FatalTraCIError("Could not connect in %s tries" % (numRetries + 1))
&gt; traci.exceptions.FatalTraCIError: Could not connect in 61 tries
&gt; Process Process-2:
&gt; Traceback (most recent call last):
&gt;     raise FatalTraCIError("Could not connect in %s tries" % (numRetries + 1))
&gt; traci.exceptions.FatalTraCIError: Could not connect in 61 tries
&gt; Error: This system has no OpenGL support. Exiting.
&gt; Quitting (on error).
&gt; Process Process-4:
&gt; Traceback (most recent call last):
&gt;     raise FatalTraCIError("Could not connect in %s tries" % (numRetries + 1))
&gt; traci.exceptions.FatalTraCIError: Could not connect in 61 tries
&gt; Process Process-3:
&gt; Traceback (most recent call last):
&gt;     raise FatalTraCIError("Could not connect in %s tries" % (numRetries + 1))
&gt; traci.exceptions.FatalTraCIError: Could not connect in 61 tries
&gt; Error: This system has no OpenGL support. Exiting.
&gt; Quitting (on error).
&gt; Process Process-5:
&gt; Traceback (most recent call last):
&gt;     raise FatalTraCIError("Could not connect in %s tries" % (numRetries + 1))
&gt; traci.exceptions.FatalTraCIError: Could not connect in 61 tries
&gt; Process Process-6:
&gt; Traceback (most recent call last):
&gt;     raise FatalTraCIError("Could not connect in %s tries" % (numRetries + 1))
&lt;truncated after showing first 30 lines&gt;
---------- Differences in output ----------
15,44d14
&lt; -- Unordered text as found by filter 'Process [0-9]' --
&lt; Process 1 ended at step 99.0
&lt; Process 1 ended at step 99.0
&lt; Process 1 ended at step 99.0
&lt; Process 1 ended at step 99.0
&lt; Process 1 ended at step 99.0
&lt; Process 1 ended at step 99.0
&lt; Process 1 ended at step 99.0
&lt; Process 1 ended at step 99.0
&lt; Process 2 ended at step 99.0
&lt; Process 2 ended at step 99.0
&lt; Process 2 ended at step 99.0
&lt; Process 2 ended at step 99.0
&lt; Process 2 ended at step 99.0
&lt; Process 2 ended at step 99.0
&lt; Process 2 ended at step 99.0
&lt; Process 2 ended at step 99.0
&lt; Process 3 ended at step 99.0
&lt; Process 3 ended at step 99.0
&lt; Process 3 ended at step 99.0
&lt; Process 3 ended at step 99.0
&lt; Process 4 ended at step 99.0
&lt; Process 4 ended at step 99.0
&lt; Process 4 ended at step 99.0
&lt; Process 4 ended at step 99.0
&lt; Process 5 ended at step 99.0
&lt; Process 5 ended at step 99.0
&lt; Process 5 ended at step 99.0
&lt; Process 5 ended at step 99.0
&lt;truncated after showing first 30 lines&gt;
</PRE>
<A NAME="defaulttraci connection parallelConnection sumo-gui"></A>
<H4>TEST FAILED on ts-bapmsumbld : traci connection parallelConnection sumo-gui (
<A HREF="test_default.html#defaulttraci connection parallelConnection sumo-gui">Last six runs</A>
<A HREF="test_default_all_Feb2025.html#defaulttraci connection parallelConnection sumo-gui">Feb2025</A>

)</H4>

<PRE>---------- Differences in errors ----------
0a1,5
&gt; Error: This system has no OpenGL support. Exiting.
&gt; Quitting (on error).
&gt; Traceback (most recent call last):
&gt;     raise FatalTraCIError("Could not connect.")
&gt; traci.exceptions.FatalTraCIError: Could not connect.
---------- Differences in output ----------
3,16d2
&lt;  Run 1
&lt;  Run 2
&lt; Print ended at step 100.0
&lt; Print ended at step 100.0
&lt; Print ended at step 100.0
&lt; Connection already closed.
&lt; ----------- TraCI ends first -----------
&lt;  Run 0
&lt;  Run 1
&lt;  Run 2
&lt; Print ended at step 100.0
&lt; Print ended at step 100.0
&lt; Print ended at step 100.0
&lt; Connection '2' is not known.
</PRE>
<A NAME="defaulttraci connection repeatedConnection sumo-gui"></A>
<H4>TEST FAILED on ts-bapmsumbld : traci connection repeatedConnection sumo-gui (
<A HREF="test_default.html#defaulttraci connection repeatedConnection sumo-gui">Last six runs</A>
<A HREF="test_default_all_Feb2025.html#defaulttraci connection repeatedConnection sumo-gui">Feb2025</A>

)</H4>

<PRE>---------- Differences in errors ----------
0a1,7
&gt; Error: This system has no OpenGL support. Exiting.
&gt; Quitting (on error).
&gt; Traceback (most recent call last):
&gt;     raise FatalTraCIError("Could not connect in %s tries" % (numRetries + 1))
&gt; traci.exceptions.FatalTraCIError: Could not connect in 61 tries
&gt; /usr/local/Cellar/python@3.13/3.13.1/Frameworks/Python.framework/Versions/3.13/lib/python3.13/subprocess.py:1137: ResourceWarning: subprocess 23475 is still running
&gt;   _warn("subprocess %s is still running" % self.pid,
---------- Differences in output ----------
3,42d2
&lt; Print ended at step 100.0
&lt;  Run 1
&lt; Print ended at step 100.0
&lt;  Run 2
&lt; Print ended at step 100.0
&lt;  Run 3
&lt; Print ended at step 100.0
&lt;  Run 4
&lt; Print ended at step 100.0
&lt;  Run 5
&lt; Print ended at step 100.0
&lt;  Run 6
&lt; Print ended at step 100.0
&lt;  Run 7
&lt; Print ended at step 100.0
&lt;  Run 8
&lt; Print ended at step 100.0
&lt;  Run 9
&lt; Print ended at step 100.0
&lt; ----------- TraCI ends first -----------
&lt;  Run 0
&lt; Print ended at step 100.0
&lt;  Run 1
&lt; Print ended at step 100.0
&lt;  Run 2
&lt; Print ended at step 100.0
&lt;  Run 3
&lt; Print ended at step 100.0
&lt;  Run 4
&lt;truncated after showing first 30 lines&gt;
</PRE>
<A NAME="defaulttraci gui b50"></A>
<H4>TEST FAILED on ts-bapmsumbld : traci gui b50 (
<A HREF="test_default.html#defaulttraci gui b50">Last six runs</A>
<A HREF="test_default_all_Feb2025.html#defaulttraci gui b50">Feb2025</A>

)</H4>

<PRE>---------- Differences in errors ----------
6a7,12
&gt; Error: This system has no OpenGL support. Exiting.
&gt; Quitting (on error).
&gt; Traceback (most recent call last):
&gt;     raise FatalTraCIError("Could not connect in %s tries" % (numRetries + 1))
&gt; traci.exceptions.FatalTraCIError: Could not connect in 61 tries
&gt; /usr/local/Cellar/python@3.13/3.13.1/Frameworks/Python.framework/Versions/3.13/lib/python3.13/subprocess.py:1137: ResourceWarning: subprocess 23310 is still running
---------- Differences in output ----------
2,4d1
&lt; -- Unordered text as found by filter '^Loading configuration ... done.' --
&lt; Loading configuration ... done.
&lt; 
</PRE>
<A NAME="defaulttraci gui gui"></A>
<H4>TEST FAILED on ts-bapmsumbld : traci gui gui (
<A HREF="test_default.html#defaulttraci gui gui">Last six runs</A>
<A HREF="test_default_all_Feb2025.html#defaulttraci gui gui">Feb2025</A>

)</H4>

<PRE>---------- Differences in errors ----------
0a1,247
&gt; Error: This system has no OpenGL support. Exiting.
&gt; Quitting (on error).
&gt;   warnings.warn(("Could not connect to TraCI server using port %s (%s)." +
&gt; Error: This system has no OpenGL support. Exiting.
&gt; Quitting (on error).
&gt;   warnings.warn(("Could not connect to TraCI server using port %s (%s)." +
&gt; Error: This system has no OpenGL support. Exiting.
&gt; Quitting (on error).
&gt;   warnings.warn(("Could not connect to TraCI server using port %s (%s)." +
&gt; Error: This system has no OpenGL support. Exiting.
&gt; Quitting (on error).
&gt;   warnings.warn(("Could not connect to TraCI server using port %s (%s)." +
&gt; Error: This system has no OpenGL support. Exiting.
&gt; Quitting (on error).
&gt;   warnings.warn(("Could not connect to TraCI server using port %s (%s)." +
&gt; Error: This system has no OpenGL support. Exiting.
&gt; Quitting (on error).
&gt;   warnings.warn(("Could not connect to TraCI server using port %s (%s)." +
&gt; Error: This system has no OpenGL support. Exiting.
&gt; Quitting (on error).
&gt;   warnings.warn(("Could not connect to TraCI server using port %s (%s)." +
&gt; Error: This system has no OpenGL support. Exiting.
&gt; Quitting (on error).
&gt;   warnings.warn(("Could not connect to TraCI server using port %s (%s)." +
&gt; Error: This system has no OpenGL support. Exiting.
&gt; Quitting (on error).
&gt;   warnings.warn(("Could not connect to TraCI server using port %s (%s)." +
&gt; Error: This system has no OpenGL support. Exiting.
&gt; Quitting (on error).
&lt;truncated after showing first 30 lines&gt;
---------- Differences in output ----------
1,33d0
&lt; step 0
&lt; step 1
&lt; step 2
&lt; hasGUI True
&lt; views ('View #0',)
&lt; examining View #0
&lt; set zoom (80.0)
&lt; get zoom 80.0
&lt; set offset (400.0, 400.0)
&lt; get offset (400.0, 400.0)
&lt; set schema ('real world')
&lt; get schema real world
&lt; visible boundary ((-809.6875, -232.0), (1609.6875, 1032.0))
&lt; has view View #0 True
&lt; has view 'foo' False
&lt; track vehicle 'horiz'
&lt; get tracked vehicle horiz
&lt; {0: ('View #0',)}
&lt; step 3
&lt; {0: ('View #0',)}
&lt; step 4
&lt; {0: ('View #0',)}
&lt; step 5
&lt; {0: ('View #0',)}
&lt; veh selected: False
&lt; edge selected: False
&lt; veh selected: True
&lt; edge selected: True
&lt; screenshot dimensions (500, 500, 4)
&lt;truncated after showing first 30 lines&gt;
</PRE>
<A NAME="defaulttraci gui polygon_dynamics_gui"></A>
<H4>TEST FAILED on ts-bapmsumbld : traci gui polygon_dynamics_gui (
<A HREF="test_default.html#defaulttraci gui polygon_dynamics_gui">Last six runs</A>
<A HREF="test_default_all_Feb2025.html#defaulttraci gui polygon_dynamics_gui">Feb2025</A>

)</H4>

<PRE>---------- Differences in errors ----------
0a1,247
&gt; Error: This system has no OpenGL support. Exiting.
&gt; Quitting (on error).
&gt;   warnings.warn(("Could not connect to TraCI server using port %s (%s)." +
&gt; Error: This system has no OpenGL support. Exiting.
&gt; Quitting (on error).
&gt;   warnings.warn(("Could not connect to TraCI server using port %s (%s)." +
&gt; Error: This system has no OpenGL support. Exiting.
&gt; Quitting (on error).
&gt;   warnings.warn(("Could not connect to TraCI server using port %s (%s)." +
&gt; Error: This system has no OpenGL support. Exiting.
&gt; Quitting (on error).
&gt;   warnings.warn(("Could not connect to TraCI server using port %s (%s)." +
&gt; Error: This system has no OpenGL support. Exiting.
&gt; Quitting (on error).
&gt;   warnings.warn(("Could not connect to TraCI server using port %s (%s)." +
&gt; Error: This system has no OpenGL support. Exiting.
&gt; Quitting (on error).
&gt;   warnings.warn(("Could not connect to TraCI server using port %s (%s)." +
&gt; Error: This system has no OpenGL support. Exiting.
&gt; Quitting (on error).
&gt;   warnings.warn(("Could not connect to TraCI server using port %s (%s)." +
&gt; Error: This system has no OpenGL support. Exiting.
&gt; Quitting (on error).
&gt;   warnings.warn(("Could not connect to TraCI server using port %s (%s)." +
&gt; Error: This system has no OpenGL support. Exiting.
&gt; Quitting (on error).
&gt;   warnings.warn(("Could not connect to TraCI server using port %s (%s)." +
&gt; Error: This system has no OpenGL support. Exiting.
&gt; Quitting (on error).
&lt;truncated after showing first 30 lines&gt;
---------- Differences in output ----------
1,256d0
&lt; step 0
&lt; step 1
&lt; step 2
&lt; adding poly0
&lt; polygons ('poly0',)
&lt; polygon count 1
&lt; # examining poly0
&lt; shape ((960.0, 510.0), (960.0, 550.0), (1000.0, 550.0), (1000.0, 510.0))
&lt; type test
&lt; color (100, 200, 0, 255)
&lt; filled True
&lt; step 3
&lt; step 4
&lt; step 5
&lt; # (1) Adding underspecified dynamics...
&lt; Caught TraCIException
&lt; # (2) Adding malformed dynamics 1 ...
&lt; Caught TraCIException
&lt; # (3) Adding malformed dynamics 2 ...
&lt; Caught TraCIException
&lt; # (4) Adding malformed dynamics 3 ...
&lt; Caught TraCIException
&lt; # (5) Adding malformed dynamics 4 ...
&lt; Caught TraCIException
&lt; # (6) Adding malformed dynamics 5 ...
&lt; Caught TraCIException
&lt; # examining poly0
&lt; shape ((960.0, 510.0), (960.0, 550.0), (1000.0, 550.0), (1000.0, 510.0))
&lt; type test
&lt;truncated after showing first 30 lines&gt;
</PRE>
<A NAME="defaulttraci misc signature"></A>
<H4>TEST FAILED on ts-bapmsumbld : traci misc signature (
<A HREF="test_default.html#defaulttraci misc signature">Last six runs</A>
<A HREF="test_default_all_Feb2025.html#defaulttraci misc signature">Feb2025</A>

)</H4>

<PRE>---------- Differences in errors ----------
1,14c1,7
&lt;   traci.vehicle.setLaneChangeMode("horiz", lcm=0)
&lt;   traci.vehicle.setParameter(objID="horiz", key="blub", value="blubber")
&lt;   traci.vehicle.setParameter(objectID="horiz", param="blub", value="blubber")
&lt;   traci.vehicle.setParameter(objID="horiz", param="blub", value="blubber")
&lt;   traci.vehicle.setParameter(objID="horiz", param="blub", value="blubber")
&lt;   traci.vehicle.setParameter(oID="horiz", param="blub", value="blubber")
&lt; -- Unordered text as found by filter '^UserWarning:' --
&lt; UserWarning: Use of deprecated parameter lcm in function setLaneChangeMode, use laneChangeMode instead.
&lt; UserWarning: Use of deprecated parameter objID in function setParameter, use objectID instead.
&lt; UserWarning: Use of deprecated parameter objID in function setParameter, use objectID instead.
&lt; UserWarning: Use of deprecated parameter param in function setParameter, use key instead.
&lt; UserWarning: Use of deprecated parameter param in function setParameter, use key instead.
&lt; UserWarning: Use of deprecated parameter param in function setParameter, use key instead.
&lt; 
---
&gt; Traceback (most recent call last):
&gt;   File "/Users/sumo/clangMacOS/sumo/tests/../tests/complex/traci/misc/signature/runner.py", line 27, in &lt;module&gt;
&gt;     import libsumo
&gt;   File "/Users/sumo/clangMacOS/sumo/tools/libsumo/__init__.py", line 38, in &lt;module&gt;
&gt;     from .libsumo import vehicle, simulation, person, trafficlight, edge  # noqa
&gt;     ^^^^^^^^^^^^^^^^^^^^^^^^^^^^^^^^^^^^^^^^^^^^^^^^^^^^^^^^^^^^^^^^^^^^
&gt; ModuleNotFoundError: No module named 'libsumo.libsumo'
---------- Differences in output ----------
1,5d0
&lt; lane.getLinks traci: (laneID, extended=True) libsumo: (laneID)
&lt; person.getPosition traci: (personID) libsumo: (personID, includeZ=False)
&lt; poi.getPosition traci: (poiID) libsumo: (poiID, includeZ=False)
&lt; vehicle.getPosition traci: (vehID) libsumo: (vehID, includeZ=False)
&lt; Domain.setParameter() got an unexpected keyword argument 'oID'
</PRE>
<A NAME="defaulttraci_java api"></A>
<H4>TEST FAILED on ts-bapmsumbld : traci_java api (
<A HREF="test_default.html#defaulttraci_java api">Last six runs</A>
<A HREF="test_default_all_Feb2025.html#defaulttraci_java api">Feb2025</A>

)</H4>

<PRE>---------- Differences in errors ----------
1,2c1,4
&lt; Warning: Missing yellow phase in tlLogic 'gneJ1', program '2' for tl-index 6 when switching from phase 2 to phase 0.
&lt; Warning: Missing yellow phase in tlLogic 'gneJ1', program '2' for tl-index 6 when switching from phase 2 to phase 0.
---
&gt; Traceback (most recent call last):
&gt;   File "/Users/sumo/clangMacOS/sumo/tests/../tests/complex/traci_java/runner.py", line 42, in &lt;module&gt;
&gt;     traciJar = max(files, key=os.path.getmtime)
&gt; ValueError: max() iterable argument is empty
---------- Differences in output ----------
1,80d0
&lt; deltaT:1.0
&lt; findRoute result stage:
&lt;   gneE0
&lt;   -gneE2
&lt;   gneE2
&lt; findIntermodalRoute result stages:
&lt;   gneE0
&lt;   gneE2
&lt; Step 1.0, tlsPhase 0 (North-South)
&lt; Step 2.0, tlsPhase 0 (North-South)
&lt; Step 3.0, tlsPhase 0 (North-South)
&lt; Step 4.0, tlsPhase 0 (North-South)
&lt; Step 5.0, tlsPhase 0 (North-South)
&lt; Step 6.0, tlsPhase 0 (North-South)
&lt; Step 7.0, tlsPhase 0 (North-South)
&lt; Step 8.0, tlsPhase 0 (North-South)
&lt; Step 9.0, tlsPhase 0 (North-South)
&lt; Step 10.0, tlsPhase 0 (North-South)
&lt; Step 11.0, tlsPhase 0 (North-South)
&lt; Step 12.0, tlsPhase 0 (North-South)
&lt; Step 13.0, tlsPhase 0 (North-South)
&lt; Step 14.0, tlsPhase 0 (North-South)
&lt; Step 15.0, tlsPhase 0 (North-South)
&lt; Step 16.0, tlsPhase 0 (North-South)
&lt; Step 17.0, tlsPhase 0 (North-South)
&lt; Step 18.0, tlsPhase 0 (North-South)
&lt; Step 19.0, tlsPhase 0 (North-South)
&lt; Step 20.0, tlsPhase 0 (North-South)
&lt; Step 21.0, tlsPhase 0 (North-South)
&lt;truncated after showing first 30 lines&gt;
</PRE>
<A NAME="defaulttraci_java concurrent"></A>
<H4>TEST FAILED on ts-bapmsumbld : traci_java concurrent (
<A HREF="test_default.html#defaulttraci_java concurrent">Last six runs</A>
<A HREF="test_default_all_Feb2025.html#defaulttraci_java concurrent">Feb2025</A>

)</H4>

<PRE>---------- Differences in errors ----------
1c1,4
&lt; Warning: Missing yellow phase in tlLogic 'gneJ1', program '2' for tl-index 6 when switching from phase 2 to phase 0.
---
&gt; Traceback (most recent call last):
&gt;   File "/Users/sumo/clangMacOS/sumo/tests/../tests/complex/traci_java/runner.py", line 42, in &lt;module&gt;
&gt;     traciJar = max(files, key=os.path.getmtime)
&gt; ValueError: max() iterable argument is empty
---------- Differences in output ----------
1,100d0
&lt; Thread started
&lt; Thread started
&lt; Thread started
&lt; Thread started
&lt; Thread started
&lt; Thread started
&lt; Thread started
&lt; Thread started
&lt; Thread started
&lt; Thread started
&lt; Thread started
&lt; Thread started
&lt; Thread started
&lt; Thread started
&lt; Thread started
&lt; Thread started
&lt; Thread started
&lt; Thread started
&lt; Thread started
&lt; Thread started
&lt; Thread started
&lt; Thread started
&lt; Thread started
&lt; Thread started
&lt; Thread started
&lt; Thread started
&lt; Thread started
&lt; Thread started
&lt; Thread started
&lt;truncated after showing first 30 lines&gt;
</PRE>
<A NAME="defaulttraci_java multiclient"></A>
<H4>TEST FAILED on ts-bapmsumbld : traci_java multiclient (
<A HREF="test_default.html#defaulttraci_java multiclient">Last six runs</A>
<A HREF="test_default_all_Feb2025.html#defaulttraci_java multiclient">Feb2025</A>

)</H4>

<PRE>---------- Differences in errors ----------
1c1,4
&lt; Warning: Missing yellow phase in tlLogic 'gneJ1', program '2' for tl-index 6 when switching from phase 2 to phase 0.
---
&gt; Traceback (most recent call last):
&gt;   File "/Users/sumo/clangMacOS/sumo/tests/../tests/complex/traci_java/runner.py", line 42, in &lt;module&gt;
&gt;     traciJar = max(files, key=os.path.getmtime)
&gt; ValueError: max() iterable argument is empty
---------- Differences in output ----------
1,4652d0
&lt; Step 0.1, tlsPhase 0 (North-South)
&lt; Step 0.1
&lt; Step 0.2
&lt; Step 0.3
&lt; Step 0.4
&lt; Step 0.5
&lt; Step 0.6
&lt; Step 0.7
&lt; Step 0.8
&lt; Step 0.9
&lt; Step 1.0
&lt; Step 1.1
&lt; Step 1.2
&lt; Step 1.3
&lt; Step 1.4
&lt; Step 1.5
&lt; Step 1.6
&lt; Step 1.7
&lt; Step 1.8
&lt; Step 1.9
&lt; Step 2.0
&lt; Step 2.1
&lt; Step 2.2
&lt; Step 2.3
&lt; Step 2.4
&lt; Step 2.5
&lt; Step 2.6
&lt; Step 2.7
&lt; Step 2.8
&lt;truncated after showing first 30 lines&gt;
</PRE>
<A NAME="defaulttraci_java simple"></A>
<H4>TEST FAILED on ts-bapmsumbld : traci_java simple (
<A HREF="test_default.html#defaulttraci_java simple">Last six runs</A>
<A HREF="test_default_all_Feb2025.html#defaulttraci_java simple">Feb2025</A>

)</H4>

<PRE>---------- Differences in errors ----------
1c1,4
&lt; Warning: Missing yellow phase in tlLogic 'gneJ1', program '2' for tl-index 6 when switching from phase 2 to phase 0.
---
&gt; Traceback (most recent call last):
&gt;   File "/Users/sumo/clangMacOS/sumo/tests/../tests/complex/traci_java/runner.py", line 42, in &lt;module&gt;
&gt;     traciJar = max(files, key=os.path.getmtime)
&gt; ValueError: max() iterable argument is empty
---------- Differences in output ----------
1,4639d0
&lt; Step 0.1, tlsPhase 0 (North-South)
&lt; Step 0.2, tlsPhase 0 (North-South)
&lt; Step 0.3, tlsPhase 0 (North-South)
&lt; Step 0.4, tlsPhase 0 (North-South)
&lt; Step 0.5, tlsPhase 0 (North-South)
&lt; Step 0.6, tlsPhase 0 (North-South)
&lt; Step 0.7, tlsPhase 0 (North-South)
&lt; Step 0.8, tlsPhase 0 (North-South)
&lt; Step 0.9, tlsPhase 0 (North-South)
&lt; Step 1.0, tlsPhase 0 (North-South)
&lt; Step 1.1, tlsPhase 0 (North-South)
&lt; Step 1.2, tlsPhase 0 (North-South)
&lt; Step 1.3, tlsPhase 0 (North-South)
&lt; Step 1.4, tlsPhase 0 (North-South)
&lt; Step 1.5, tlsPhase 0 (North-South)
&lt; Step 1.6, tlsPhase 0 (North-South)
&lt; Step 1.7, tlsPhase 0 (North-South)
&lt; Step 1.8, tlsPhase 0 (North-South)
&lt; Step 1.9, tlsPhase 0 (North-South)
&lt; Step 2.0, tlsPhase 0 (North-South)
&lt; Step 2.1, tlsPhase 0 (North-South)
&lt; Step 2.2, tlsPhase 0 (North-South)
&lt; Step 2.3, tlsPhase 0 (North-South)
&lt; Step 2.4, tlsPhase 0 (North-South)
&lt; Step 2.5, tlsPhase 0 (North-South)
&lt; Step 2.6, tlsPhase 0 (North-South)
&lt; Step 2.7, tlsPhase 0 (North-South)
&lt; Step 2.8, tlsPhase 0 (North-South)
&lt; Step 2.9, tlsPhase 0 (North-South)
&lt;truncated after showing first 30 lines&gt;
</PRE>
<A NAME="defaulttraci_java subscription"></A>
<H4>TEST FAILED on ts-bapmsumbld : traci_java subscription (
<A HREF="test_default.html#defaulttraci_java subscription">Last six runs</A>
<A HREF="test_default_all_Feb2025.html#defaulttraci_java subscription">Feb2025</A>

)</H4>

<PRE>---------- Differences in errors ----------
1c1,4
&lt; Warning: Missing yellow phase in tlLogic 'gneJ1', program '2' for tl-index 6 when switching from phase 2 to phase 0.
---
&gt; Traceback (most recent call last):
&gt;   File "/Users/sumo/clangMacOS/sumo/tests/../tests/complex/traci_java/runner.py", line 42, in &lt;module&gt;
&gt;     traciJar = max(files, key=os.path.getmtime)
&gt; ValueError: max() iterable argument is empty
---------- Differences in output ----------
1,147d0
&lt; Step: 0
&lt; Step: 1
&lt; Subscription Departed vehicles: v0
&lt; Vehicle Subscription: id=v0
&lt;    variable id: 64  value: 14.7234
&lt;    variable id: 66  value: TraCIPosition(0,-4.8)
&lt; Step: 2
&lt; Subscription Departed vehicles: v1
&lt; Vehicle Subscription: id=v0
&lt;    variable id: 64  value: 14.7234
&lt;    variable id: 66  value: TraCIPosition(14.7234,-4.8)
&lt; Vehicle Subscription: id=v1
&lt;    variable id: 64  value: 13.033
&lt;    variable id: 66  value: TraCIPosition(0,-4.8)
&lt; Step: 3
&lt; Subscription Departed vehicles: v2
&lt; Vehicle Subscription: id=v0
&lt;    variable id: 64  value: 14.7234
&lt;    variable id: 66  value: TraCIPosition(29.4468,-4.8)
&lt; Vehicle Subscription: id=v1
&lt;    variable id: 64  value: 13.033
&lt;    variable id: 66  value: TraCIPosition(13.033,-4.8)
&lt; Vehicle Subscription: id=v2
&lt;    variable id: 64  value: 11.791
&lt;    variable id: 66  value: TraCIPosition(0,-4.8)
&lt; Step: 4
&lt; Subscription Departed vehicles: v3
&lt; Vehicle Subscription: id=v0
&lt;    variable id: 64  value: 14.7234
&lt;truncated after showing first 30 lines&gt;
</PRE>
<A NAME="defaulttutorial city_mobil taxi_cyber"></A>
<H4>TEST FAILED on ts-bapmsumbld : tutorial city_mobil taxi_cyber (
<A HREF="test_default.html#defaulttutorial city_mobil taxi_cyber">Last six runs</A>
<A HREF="test_default_all_Feb2025.html#defaulttutorial city_mobil taxi_cyber">Feb2025</A>

)</H4>

<PRE>---------- Differences in errors ----------
0a1
&gt; Warning: Person 'v7.8p1' is jammed on edge 'cyber6to7', time=1177.00.
</PRE>
<A NAME="defaultunit_tests testcommon"></A>
<H4>TEST FAILED on ts-bapmsumbld : unit_tests testcommon (
<A HREF="test_default.html#defaultunit_tests testcommon">Last six runs</A>
<A HREF="test_default_all_Feb2025.html#defaultunit_tests testcommon">Feb2025</A>

)</H4>

<PRE>---------- Differences in errors ----------
0a1,20
&gt; Traceback (most recent call last):
&gt;   File "/Users/sumo/clangMacOS/sumo/tests/toolrunner.py", line 39, in &lt;module&gt;
&gt;     subprocess.call(tool + sys.argv[1:], env=os.environ, stdout=sys.stdout, stderr=sys.stderr)
&gt;     ~~~~~~~~~~~~~~~^^^^^^^^^^^^^^^^^^^^^^^^^^^^^^^^^^^^^^^^^^^^^^^^^^^^^^^^^^^^^^^^^^^^^^^^^^^
&gt;   File "/usr/local/Cellar/python@3.13/3.13.1/Frameworks/Python.framework/Versions/3.13/lib/python3.13/subprocess.py", line 395, in call
&gt;     with Popen(*popenargs, **kwargs) as p:
&gt;          ~~~~~^^^^^^^^^^^^^^^^^^^^^^
&gt;   File "/usr/local/Cellar/python@3.13/3.13.1/Frameworks/Python.framework/Versions/3.13/lib/python3.13/subprocess.py", line 1036, in __init__
&gt;     self._execute_child(args, executable, preexec_fn, close_fds,
&gt;     ~~~~~~~~~~~~~~~~~~~^^^^^^^^^^^^^^^^^^^^^^^^^^^^^^^^^^^^^^^^^
&gt;                         pass_fds, cwd, env,
&gt;                         ^^^^^^^^^^^^^^^^^^^
&gt;     ...&lt;5 lines&gt;...
&gt;                         gid, gids, uid, umask,
&gt;                         ^^^^^^^^^^^^^^^^^^^^^^
&gt;                         start_new_session, process_group)
&gt;                         ^^^^^^^^^^^^^^^^^^^^^^^^^^^^^^^^^
&gt;   File "/usr/local/Cellar/python@3.13/3.13.1/Frameworks/Python.framework/Versions/3.13/lib/python3.13/subprocess.py", line 1966, in _execute_child
&gt;     raise child_exception_type(errno_num, err_msg, err_filename)
&gt; FileNotFoundError: [Errno 2] No such file or directory: '/Users/sumo/clangMacOS/sumo/tests/../bin/testcommon'
---------- Differences in output ----------
1,113d0
&lt; Running main() from gtest_main.cc
&lt; [==========] Running 46 tests from 5 test suites.
&lt; [----------] Global test environment set-up.
&lt; [----------] 10 tests from StringTokenizer
&lt; [ RUN      ] StringTokenizer.test_split_with_whitechar
&lt; [       OK ] StringTokenizer.test_split_with_whitechar ((TIME))
&lt; [ RUN      ] StringTokenizer.test_split_with_newline
&lt; [       OK ] StringTokenizer.test_split_with_newline ((TIME))
&lt; [ RUN      ] StringTokenizer.test_split_with_x
&lt; [       OK ] StringTokenizer.test_split_with_x ((TIME))
&lt; [ RUN      ] StringTokenizer.test_split_any_char
&lt; [       OK ] StringTokenizer.test_split_any_char ((TIME))
&lt; [ RUN      ] StringTokenizer.test_method_reinit
&lt; [       OK ] StringTokenizer.test_method_reinit ((TIME))
&lt; [ RUN      ] StringTokenizer.test_method_size
&lt; [       OK ] StringTokenizer.test_method_size ((TIME))
&lt; [ RUN      ] StringTokenizer.test_method_front
&lt; [       OK ] StringTokenizer.test_method_front ((TIME))
&lt; [ RUN      ] StringTokenizer.test_method_get
&lt; [       OK ] StringTokenizer.test_method_get ((TIME))
&lt; [ RUN      ] StringTokenizer.test_method_get_with_empty_data
&lt; [       OK ] StringTokenizer.test_method_get_with_empty_data ((TIME))
&lt; [ RUN      ] StringTokenizer.test_method_getVector
&lt; [       OK ] StringTokenizer.test_method_getVector ((TIME))
&lt; [----------] 10 tests from StringTokenizer ((TIME) total)
&lt; 
&lt; [----------] 4 tests from FileHelpers
&lt; [ RUN      ] FileHelpers.test_method_checkForRelativity
&lt; [       OK ] FileHelpers.test_method_checkForRelativity ((TIME))
&lt;truncated after showing first 30 lines&gt;
---------- New result in exitcode ----------
1
</PRE>
<A NAME="defaultunit_tests testfoxtools"></A>
<H4>TEST FAILED on ts-bapmsumbld : unit_tests testfoxtools (
<A HREF="test_default.html#defaultunit_tests testfoxtools">Last six runs</A>
<A HREF="test_default_all_Feb2025.html#defaultunit_tests testfoxtools">Feb2025</A>

)</H4>

<PRE>---------- Differences in errors ----------
0a1,20
&gt; Traceback (most recent call last):
&gt;   File "/Users/sumo/clangMacOS/sumo/tests/toolrunner.py", line 39, in &lt;module&gt;
&gt;     subprocess.call(tool + sys.argv[1:], env=os.environ, stdout=sys.stdout, stderr=sys.stderr)
&gt;     ~~~~~~~~~~~~~~~^^^^^^^^^^^^^^^^^^^^^^^^^^^^^^^^^^^^^^^^^^^^^^^^^^^^^^^^^^^^^^^^^^^^^^^^^^^
&gt;   File "/usr/local/Cellar/python@3.13/3.13.1/Frameworks/Python.framework/Versions/3.13/lib/python3.13/subprocess.py", line 395, in call
&gt;     with Popen(*popenargs, **kwargs) as p:
&gt;          ~~~~~^^^^^^^^^^^^^^^^^^^^^^
&gt;   File "/usr/local/Cellar/python@3.13/3.13.1/Frameworks/Python.framework/Versions/3.13/lib/python3.13/subprocess.py", line 1036, in __init__
&gt;     self._execute_child(args, executable, preexec_fn, close_fds,
&gt;     ~~~~~~~~~~~~~~~~~~~^^^^^^^^^^^^^^^^^^^^^^^^^^^^^^^^^^^^^^^^^
&gt;                         pass_fds, cwd, env,
&gt;                         ^^^^^^^^^^^^^^^^^^^
&gt;     ...&lt;5 lines&gt;...
&gt;                         gid, gids, uid, umask,
&gt;                         ^^^^^^^^^^^^^^^^^^^^^^
&gt;                         start_new_session, process_group)
&gt;                         ^^^^^^^^^^^^^^^^^^^^^^^^^^^^^^^^^
&gt;   File "/usr/local/Cellar/python@3.13/3.13.1/Frameworks/Python.framework/Versions/3.13/lib/python3.13/subprocess.py", line 1966, in _execute_child
&gt;     raise child_exception_type(errno_num, err_msg, err_filename)
&gt; FileNotFoundError: [Errno 2] No such file or directory: '/Users/sumo/clangMacOS/sumo/tests/../bin/testfoxtools'
---------- Differences in output ----------
1,13d0
&lt; Running main() from gtest_main.cc
&lt; [==========] Running 2 tests from 1 test suite.
&lt; [----------] Global test environment set-up.
&lt; [----------] 2 tests from MFXWorkerThread
&lt; [ RUN      ] MFXWorkerThread.test_init
&lt; [       OK ] MFXWorkerThread.test_init ((TIME))
&lt; [ RUN      ] MFXWorkerThread.test_get_all
&lt; [       OK ] MFXWorkerThread.test_get_all ((TIME))
&lt; [----------] 2 tests from MFXWorkerThread ((TIME) total)
&lt; 
&lt; [----------] Global test environment tear-down
&lt; [==========] 2 tests from 1 test suite ran. ((TIME) total)
&lt; [  PASSED  ] 2 tests.
---------- New result in exitcode ----------
1
</PRE>
<A NAME="defaultunit_tests testgeom"></A>
<H4>TEST FAILED on ts-bapmsumbld : unit_tests testgeom (
<A HREF="test_default.html#defaultunit_tests testgeom">Last six runs</A>
<A HREF="test_default_all_Feb2025.html#defaultunit_tests testgeom">Feb2025</A>

)</H4>

<PRE>---------- Differences in errors ----------
0a1,20
&gt; Traceback (most recent call last):
&gt;   File "/Users/sumo/clangMacOS/sumo/tests/toolrunner.py", line 39, in &lt;module&gt;
&gt;     subprocess.call(tool + sys.argv[1:], env=os.environ, stdout=sys.stdout, stderr=sys.stderr)
&gt;     ~~~~~~~~~~~~~~~^^^^^^^^^^^^^^^^^^^^^^^^^^^^^^^^^^^^^^^^^^^^^^^^^^^^^^^^^^^^^^^^^^^^^^^^^^^
&gt;   File "/usr/local/Cellar/python@3.13/3.13.1/Frameworks/Python.framework/Versions/3.13/lib/python3.13/subprocess.py", line 395, in call
&gt;     with Popen(*popenargs, **kwargs) as p:
&gt;          ~~~~~^^^^^^^^^^^^^^^^^^^^^^
&gt;   File "/usr/local/Cellar/python@3.13/3.13.1/Frameworks/Python.framework/Versions/3.13/lib/python3.13/subprocess.py", line 1036, in __init__
&gt;     self._execute_child(args, executable, preexec_fn, close_fds,
&gt;     ~~~~~~~~~~~~~~~~~~~^^^^^^^^^^^^^^^^^^^^^^^^^^^^^^^^^^^^^^^^^
&gt;                         pass_fds, cwd, env,
&gt;                         ^^^^^^^^^^^^^^^^^^^
&gt;     ...&lt;5 lines&gt;...
&gt;                         gid, gids, uid, umask,
&gt;                         ^^^^^^^^^^^^^^^^^^^^^^
&gt;                         start_new_session, process_group)
&gt;                         ^^^^^^^^^^^^^^^^^^^^^^^^^^^^^^^^^
&gt;   File "/usr/local/Cellar/python@3.13/3.13.1/Frameworks/Python.framework/Versions/3.13/lib/python3.13/subprocess.py", line 1966, in _execute_child
&gt;     raise child_exception_type(errno_num, err_msg, err_filename)
&gt; FileNotFoundError: [Errno 2] No such file or directory: '/Users/sumo/clangMacOS/sumo/tests/../bin/testgeom'
---------- Differences in output ----------
1,81d0
&lt; Running main() from gtest_main.cc
&lt; [==========] Running 33 tests from 3 test suites.
&lt; [----------] Global test environment set-up.
&lt; [----------] 12 tests from Boundary
&lt; [ RUN      ] Boundary.test_method_add
&lt; [       OK ] Boundary.test_method_add ((TIME))
&lt; [ RUN      ] Boundary.test_method_add_multiple
&lt; [       OK ] Boundary.test_method_add_multiple ((TIME))
&lt; [ RUN      ] Boundary.test_method_getCenter
&lt; [       OK ] Boundary.test_method_getCenter ((TIME))
&lt; [ RUN      ] Boundary.test_method_getWidthHeight
&lt; [       OK ] Boundary.test_method_getWidthHeight ((TIME))
&lt; [ RUN      ] Boundary.test_method_around
&lt; [       OK ] Boundary.test_method_around ((TIME))
&lt; [ RUN      ] Boundary.test_method_overlapsWith
&lt; [       OK ] Boundary.test_method_overlapsWith ((TIME))
&lt; [ RUN      ] Boundary.test_method_crosses
&lt; [       OK ] Boundary.test_method_crosses ((TIME))
&lt; [ RUN      ] Boundary.test_method_partialWithin
&lt; [       OK ] Boundary.test_method_partialWithin ((TIME))
&lt; [ RUN      ] Boundary.test_method_flipY
&lt; [       OK ] Boundary.test_method_flipY ((TIME))
&lt; [ RUN      ] Boundary.test_method_moveby
&lt; [       OK ] Boundary.test_method_moveby ((TIME))
&lt; [ RUN      ] Boundary.test_method_growWidth
&lt; [       OK ] Boundary.test_method_growWidth ((TIME))
&lt; [ RUN      ] Boundary.test_method_growHeight
&lt; [       OK ] Boundary.test_method_growHeight ((TIME))
&lt; [----------] 12 tests from Boundary ((TIME) total)
&lt;truncated after showing first 30 lines&gt;
---------- New result in exitcode ----------
1
</PRE>
<A NAME="defaultunit_tests testlibsumo"></A>
<H4>TEST FAILED on ts-bapmsumbld : unit_tests testlibsumo (
<A HREF="test_default.html#defaultunit_tests testlibsumo">Last six runs</A>
<A HREF="test_default_all_Feb2025.html#defaultunit_tests testlibsumo">Feb2025</A>

)</H4>

<PRE>---------- Differences in errors ----------
0a1,20
&gt; Traceback (most recent call last):
&gt;   File "/Users/sumo/clangMacOS/sumo/tests/toolrunner.py", line 39, in &lt;module&gt;
&gt;     subprocess.call(tool + sys.argv[1:], env=os.environ, stdout=sys.stdout, stderr=sys.stderr)
&gt;     ~~~~~~~~~~~~~~~^^^^^^^^^^^^^^^^^^^^^^^^^^^^^^^^^^^^^^^^^^^^^^^^^^^^^^^^^^^^^^^^^^^^^^^^^^^
&gt;   File "/usr/local/Cellar/python@3.13/3.13.1/Frameworks/Python.framework/Versions/3.13/lib/python3.13/subprocess.py", line 395, in call
&gt;     with Popen(*popenargs, **kwargs) as p:
&gt;          ~~~~~^^^^^^^^^^^^^^^^^^^^^^
&gt;   File "/usr/local/Cellar/python@3.13/3.13.1/Frameworks/Python.framework/Versions/3.13/lib/python3.13/subprocess.py", line 1036, in __init__
&gt;     self._execute_child(args, executable, preexec_fn, close_fds,
&gt;     ~~~~~~~~~~~~~~~~~~~^^^^^^^^^^^^^^^^^^^^^^^^^^^^^^^^^^^^^^^^^
&gt;                         pass_fds, cwd, env,
&gt;                         ^^^^^^^^^^^^^^^^^^^
&gt;     ...&lt;5 lines&gt;...
&gt;                         gid, gids, uid, umask,
&gt;                         ^^^^^^^^^^^^^^^^^^^^^^
&gt;                         start_new_session, process_group)
&gt;                         ^^^^^^^^^^^^^^^^^^^^^^^^^^^^^^^^^
&gt;   File "/usr/local/Cellar/python@3.13/3.13.1/Frameworks/Python.framework/Versions/3.13/lib/python3.13/subprocess.py", line 1966, in _execute_child
&gt;     raise child_exception_type(errno_num, err_msg, err_filename)
&gt; FileNotFoundError: [Errno 2] No such file or directory: '/Users/sumo/clangMacOS/sumo/tests/../bin/testlibsumo'
---------- Differences in output ----------
1,6d0
&lt;  Copyright (C) 2001-2025 German Aerospace Center (DLR) and others; https://sumo.dlr.de
&lt;  Use --help to get the list of options.
&lt; Simulation loaded
&lt;  Copyright (C) 2001-2025 German Aerospace Center (DLR) and others; https://sumo.dlr.de
&lt;  Use --help to get the list of options.
&lt; Simulation started
---------- New result in exitcode ----------
1
</PRE>
<A NAME="defaultunit_tests testmicrosim"></A>
<H4>TEST FAILED on ts-bapmsumbld : unit_tests testmicrosim (
<A HREF="test_default.html#defaultunit_tests testmicrosim">Last six runs</A>
<A HREF="test_default_all_Feb2025.html#defaultunit_tests testmicrosim">Feb2025</A>

)</H4>

<PRE>---------- Differences in errors ----------
0a1,20
&gt; Traceback (most recent call last):
&gt;   File "/Users/sumo/clangMacOS/sumo/tests/toolrunner.py", line 39, in &lt;module&gt;
&gt;     subprocess.call(tool + sys.argv[1:], env=os.environ, stdout=sys.stdout, stderr=sys.stderr)
&gt;     ~~~~~~~~~~~~~~~^^^^^^^^^^^^^^^^^^^^^^^^^^^^^^^^^^^^^^^^^^^^^^^^^^^^^^^^^^^^^^^^^^^^^^^^^^^
&gt;   File "/usr/local/Cellar/python@3.13/3.13.1/Frameworks/Python.framework/Versions/3.13/lib/python3.13/subprocess.py", line 395, in call
&gt;     with Popen(*popenargs, **kwargs) as p:
&gt;          ~~~~~^^^^^^^^^^^^^^^^^^^^^^
&gt;   File "/usr/local/Cellar/python@3.13/3.13.1/Frameworks/Python.framework/Versions/3.13/lib/python3.13/subprocess.py", line 1036, in __init__
&gt;     self._execute_child(args, executable, preexec_fn, close_fds,
&gt;     ~~~~~~~~~~~~~~~~~~~^^^^^^^^^^^^^^^^^^^^^^^^^^^^^^^^^^^^^^^^^
&gt;                         pass_fds, cwd, env,
&gt;                         ^^^^^^^^^^^^^^^^^^^
&gt;     ...&lt;5 lines&gt;...
&gt;                         gid, gids, uid, umask,
&gt;                         ^^^^^^^^^^^^^^^^^^^^^^
&gt;                         start_new_session, process_group)
&gt;                         ^^^^^^^^^^^^^^^^^^^^^^^^^^^^^^^^^
&gt;   File "/usr/local/Cellar/python@3.13/3.13.1/Frameworks/Python.framework/Versions/3.13/lib/python3.13/subprocess.py", line 1966, in _execute_child
&gt;     raise child_exception_type(errno_num, err_msg, err_filename)
&gt; FileNotFoundError: [Errno 2] No such file or directory: '/Users/sumo/clangMacOS/sumo/tests/../bin/testmicrosim'
---------- Differences in output ----------
1,29d0
&lt; Running main() from gtest_main.cc
&lt; [==========] Running 7 tests from 3 test suites.
&lt; [----------] Global test environment set-up.
&lt; [----------] 1 test from MSEventControl
&lt; [ RUN      ] MSEventControl.test_method_execute
&lt; [       OK ] MSEventControl.test_method_execute ((TIME))
&lt; [----------] 1 test from MSEventControl ((TIME) total)
&lt; 
&lt; [----------] 4 tests from MSCFModelTest
&lt; [ RUN      ] MSCFModelTest.test_method_brakeGap
&lt; [       OK ] MSCFModelTest.test_method_brakeGap ((TIME))
&lt; [ RUN      ] MSCFModelTest.test_method_static_brakeGap
&lt; [       OK ] MSCFModelTest.test_method_static_brakeGap ((TIME))
&lt; [ RUN      ] MSCFModelTest.test_method_static_freeSpeed
&lt; [       OK ] MSCFModelTest.test_method_static_freeSpeed ((TIME))
&lt; [ RUN      ] MSCFModelTest.test_method_static_freeSpeed_half
&lt; [       OK ] MSCFModelTest.test_method_static_freeSpeed_half ((TIME))
&lt; [----------] 4 tests from MSCFModelTest ((TIME) total)
&lt; 
&lt; [----------] 2 tests from MSCFModel_IDMTest
&lt; [ RUN      ] MSCFModel_IDMTest.test_method_brakeGap
&lt; [       OK ] MSCFModel_IDMTest.test_method_brakeGap ((TIME))
&lt; [ RUN      ] MSCFModel_IDMTest.test_method_getSecureGap
&lt; [       OK ] MSCFModel_IDMTest.test_method_getSecureGap ((TIME))
&lt; [----------] 2 tests from MSCFModel_IDMTest ((TIME) total)
&lt; 
&lt; [----------] Global test environment tear-down
&lt; [==========] 7 tests from 3 test suites ran. ((TIME) total)
&lt; [  PASSED  ] 7 tests.
&lt;truncated after showing first 30 lines&gt;
---------- New result in exitcode ----------
1
</PRE>
<A NAME="defaultunit_tests testnetbuild"></A>
<H4>TEST FAILED on ts-bapmsumbld : unit_tests testnetbuild (
<A HREF="test_default.html#defaultunit_tests testnetbuild">Last six runs</A>
<A HREF="test_default_all_Feb2025.html#defaultunit_tests testnetbuild">Feb2025</A>

)</H4>

<PRE>---------- Differences in errors ----------
0a1,20
&gt; Traceback (most recent call last):
&gt;   File "/Users/sumo/clangMacOS/sumo/tests/toolrunner.py", line 39, in &lt;module&gt;
&gt;     subprocess.call(tool + sys.argv[1:], env=os.environ, stdout=sys.stdout, stderr=sys.stderr)
&gt;     ~~~~~~~~~~~~~~~^^^^^^^^^^^^^^^^^^^^^^^^^^^^^^^^^^^^^^^^^^^^^^^^^^^^^^^^^^^^^^^^^^^^^^^^^^^
&gt;   File "/usr/local/Cellar/python@3.13/3.13.1/Frameworks/Python.framework/Versions/3.13/lib/python3.13/subprocess.py", line 395, in call
&gt;     with Popen(*popenargs, **kwargs) as p:
&gt;          ~~~~~^^^^^^^^^^^^^^^^^^^^^^
&gt;   File "/usr/local/Cellar/python@3.13/3.13.1/Frameworks/Python.framework/Versions/3.13/lib/python3.13/subprocess.py", line 1036, in __init__
&gt;     self._execute_child(args, executable, preexec_fn, close_fds,
&gt;     ~~~~~~~~~~~~~~~~~~~^^^^^^^^^^^^^^^^^^^^^^^^^^^^^^^^^^^^^^^^^
&gt;                         pass_fds, cwd, env,
&gt;                         ^^^^^^^^^^^^^^^^^^^
&gt;     ...&lt;5 lines&gt;...
&gt;                         gid, gids, uid, umask,
&gt;                         ^^^^^^^^^^^^^^^^^^^^^^
&gt;                         start_new_session, process_group)
&gt;                         ^^^^^^^^^^^^^^^^^^^^^^^^^^^^^^^^^
&gt;   File "/usr/local/Cellar/python@3.13/3.13.1/Frameworks/Python.framework/Versions/3.13/lib/python3.13/subprocess.py", line 1966, in _execute_child
&gt;     raise child_exception_type(errno_num, err_msg, err_filename)
&gt; FileNotFoundError: [Errno 2] No such file or directory: '/Users/sumo/clangMacOS/sumo/tests/../bin/testnetbuild'
---------- Differences in output ----------
1,16d0
&lt; Running main() from gtest_main.cc
&lt; [==========] Running 2 tests from 2 test suites.
&lt; [----------] Global test environment set-up.
&lt; [----------] 1 test from NBHeightMapperTest
&lt; [ RUN      ] NBHeightMapperTest.test_method_getZ
&lt; [       OK ] NBHeightMapperTest.test_method_getZ ((TIME))
&lt; [----------] 1 test from NBHeightMapperTest ((TIME) total)
&lt; 
&lt; [----------] 1 test from NBTrafficLightLogic
&lt; [ RUN      ] NBTrafficLightLogic.test_method_getDuration
&lt; [       OK ] NBTrafficLightLogic.test_method_getDuration ((TIME))
&lt; [----------] 1 test from NBTrafficLightLogic ((TIME) total)
&lt; 
&lt; [----------] Global test environment tear-down
&lt; [==========] 2 tests from 2 test suites ran. ((TIME) total)
&lt; [  PASSED  ] 2 tests.
---------- New result in exitcode ----------
1
</PRE>

<A NAME="defaulthad known bugs"></A>
<H3>Detailed information for the tests that had known bugs:</H3>

<A NAME="defaultsumo output one_vehicle"></A>
<H4>TEST had known bugs (see #254) on ts-bapmsumbld : sumo output one_vehicle (
<A HREF="test_default.html#defaultsumo output one_vehicle">Last six runs</A>
<A HREF="test_default_all_Feb2025.html#defaultsumo output one_vehicle">Feb2025</A>

)</H4>

<PRE>different outputs from detectors which should detect the same
(This bug was triggered by text found in file 'output' matching 'failed')
---------- Differences in output ----------
5,7c5,7
&lt; success 0.1 ['--step-length', '.1', '--end', '100'] ['3/1to2/1_0']
&lt; success 1 ['--step-length', '.1', '--end', '100'] ['3/1to2/1_0']
&lt; success 10 ['--step-length', '.1', '--end', '100'] ['3/1to2/1_0']
---
&gt; failed 0.1 ['--step-length', '.1', '--end', '100'] 3/1to2/1_0 (71.4, 71.5) &lt;zip object at 0x10e1ac0c0&gt;
&gt; failed 1 ['--step-length', '.1', '--end', '100'] 3/1to2/1_0 (72.0, 73.0) &lt;zip object at 0x10e166d40&gt;
&gt; failed 10 ['--step-length', '.1', '--end', '100'] 3/1to2/1_0 (80.0, 90.0) &lt;zip object at 0x10e166e40&gt;
9,12c9,12
&lt; success 0.1 ['--step-length', '.1', '--end', '1000'] ['3/1to2/1_0']
&lt; success 1 ['--step-length', '.1', '--end', '1000'] ['3/1to2/1_0']
&lt; success 10 ['--step-length', '.1', '--end', '1000'] ['3/1to2/1_0']
&lt; success 100 ['--step-length', '.1', '--end', '1000'] ['3/1to2/1_0']
---
&gt; failed 0.1 ['--step-length', '.1', '--end', '1000'] 3/1to2/1_0 (71.4, 71.5) &lt;zip object at 0x10e1666c0&gt;
&gt; failed 1 ['--step-length', '.1', '--end', '1000'] 3/1to2/1_0 (72.0, 73.0) &lt;zip object at 0x10e1a0b80&gt;
&gt; failed 10 ['--step-length', '.1', '--end', '1000'] 3/1to2/1_0 (80.0, 90.0) &lt;zip object at 0x10e1a0340&gt;
&gt; failed 100 ['--step-length', '.1', '--end', '1000'] 3/1to2/1_0 (100.0, 200.0) &lt;zip object at 0x10e1a1a00&gt;
17,19c17,19
&lt; success 0.1 ['--step-length', '1', '--end', '100'] ['3/1to2/1_0']
&lt; success 1 ['--step-length', '1', '--end', '100'] ['3/1to2/1_0']
&lt; success 10 ['--step-length', '1', '--end', '100'] ['3/1to2/1_0']
---
&gt; failed 0.1 ['--step-length', '1', '--end', '100'] 3/1to2/1_0 (73.0, 74.0) &lt;zip object at 0x10e1a01c0&gt;
&gt; failed 1 ['--step-length', '1', '--end', '100'] 3/1to2/1_0 (73.0, 74.0) &lt;zip object at 0x10e1a01c0&gt;
&gt; failed 10 ['--step-length', '1', '--end', '100'] 3/1to2/1_0 (80.0, 90.0) &lt;zip object at 0x10e1a0680&gt;
21,50c21,24
&lt; success 0.1 ['--step-length', '1', '--end', '1000'] ['3/1to2/1_0']
&lt; success 1 ['--step-length', '1', '--end', '1000'] ['3/1to2/1_0']
&lt; success 10 ['--step-length', '1', '--end', '1000'] ['3/1to2/1_0']
&lt;truncated after showing first 30 lines&gt;
</PRE>
<A NAME="defaultsumo output teleport"></A>
<H4>TEST had known bugs (see #254) on ts-bapmsumbld : sumo output teleport (
<A HREF="test_default.html#defaultsumo output teleport">Last six runs</A>
<A HREF="test_default_all_Feb2025.html#defaultsumo output teleport">Feb2025</A>

)</H4>

<PRE>different outputs from detectors which should detect the same
(This bug was triggered by text found in file 'output' matching 'failed')
---------- Differences in output ----------
1,98c1,48
&lt; success ['--step-length', '.1', '--end', '51'] ['2/1to1/1_0']
&lt; success ['--step-length', '.1', '--end', '51'] ['2/1to1/1_0', '1/1to0/1_0']
&lt; success ['--step-length', '.1', '--end', '51'] ['2/1to1/1_0']
&lt; success ['--step-length', '.1', '--end', '51'] ['2/1to1/1_0', '1/1to0/1_0']
&lt; success ['--step-length', '.1', '--end', '51'] ['2/1to1/1_0']
&lt; success ['--step-length', '.1', '--end', '51'] ['2/1to1/1_0', '1/1to0/1_0']
&lt; success ['--step-length', '.1', '--end', '51'] ['2/1to1/1_0']
&lt; success ['--step-length', '.1', '--end', '51'] ['2/1to1/1_0', '1/1to0/1_0']
&lt; success ['--step-length', '.1', '--end', '100'] ['2/1to1/1_0']
&lt; success ['--step-length', '.1', '--end', '100'] ['2/1to1/1_0', '1/1to0/1_0']
&lt; success ['--step-length', '.1', '--end', '100'] ['2/1to1/1_0']
&lt; success ['--step-length', '.1', '--end', '100'] ['2/1to1/1_0', '1/1to0/1_0']
&lt; success ['--step-length', '.1', '--end', '100'] ['2/1to1/1_0']
&lt; success ['--step-length', '.1', '--end', '100'] ['2/1to1/1_0', '1/1to0/1_0']
&lt; success ['--step-length', '.1', '--end', '100'] ['2/1to1/1_0']
&lt; success ['--step-length', '.1', '--end', '100'] ['2/1to1/1_0', '1/1to0/1_0']
&lt; failed ['--step-length', '.1', '--end', '1000'] 2/1to1/1_0 (108.6, 108.7) [9.9, 10.0, 9.9, 9.9]
&lt; failed ['--step-length', '.1', '--end', '1000'] 2/1to1/1_0 (108.6, 108.7) [9.9, 10.0, 9.9, 9.9]
&lt; failed ['--step-length', '.1', '--end', '1000'] 2/1to1/1_0 (108.0, 109.0) [9.87, 10.0, 9.87, 9.87]
&lt; failed ['--step-length', '.1', '--end', '1000'] 2/1to1/1_0 (108.0, 109.0) [9.87, 10.0, 9.87, 9.87]
&lt; failed ['--step-length', '.1', '--end', '1000'] 2/1to1/1_0 (100.0, 110.0) [9.85, 9.96, 9.85, 9.85]
&lt; failed ['--step-length', '.1', '--end', '1000'] 2/1to1/1_0 (100.0, 110.0) [9.85, 9.96, 9.85, 9.85]
&lt; failed ['--step-length', '.1', '--end', '1000'] 2/1to1/1_0 (100.0, 200.0) [-1.0, 2.26, 3.2, 2.27, 2.27]
&lt; failed ['--step-length', '.1', '--end', '1000'] 2/1to1/1_0 (100.0, 200.0) [-1.0, 2.26, 3.2, 2.27, 2.27]
&lt; success ['--step-length', '1', '--end', '51'] ['2/1to1/1_0']
&lt; success ['--step-length', '1', '--end', '51'] ['2/1to1/1_0', '1/1to0/1_0']
&lt; success ['--step-length', '1', '--end', '51'] ['2/1to1/1_0']
&lt; success ['--step-length', '1', '--end', '51'] ['2/1to1/1_0', '1/1to0/1_0']
&lt; success ['--step-length', '1', '--end', '51'] ['2/1to1/1_0']
&lt;truncated after showing first 30 lines&gt;
</PRE>
<A NAME="defaultsumo output teleport_multihop"></A>
<H4>TEST had known bugs (see #254) on ts-bapmsumbld : sumo output teleport_multihop (
<A HREF="test_default.html#defaultsumo output teleport_multihop">Last six runs</A>
<A HREF="test_default_all_Feb2025.html#defaultsumo output teleport_multihop">Feb2025</A>

)</H4>

<PRE>different outputs from detectors which should detect the same
(This bug was triggered by text found in file 'output' matching 'failed')
---------- Differences in output ----------
17,24c17,24
&lt; success 0.1 ['--step-length', '.1', '--end', '1000'] 2/1to1/1_0 (230.0, 230.1) [('e2', 9.99), ('e3', 10.0), ('edge', 9.99), ('lane', 9.99)]
&lt; success 0.1 ['--step-length', '.1', '--end', '1000'] 1/1to0/1_0 (148.1, 148.2) [('e2', 9.99), ('e3', 10.0), ('edge', 9.99), ('lane', 9.99)]
&lt; success 1 ['--step-length', '.1', '--end', '1000'] 2/1to1/1_0 (230.0, 231.0) [('e2', 9.99), ('e3', 10.0), ('edge', 9.99), ('lane', 9.99)]
&lt; success 1 ['--step-length', '.1', '--end', '1000'] 1/1to0/1_0 (148.0, 149.0) [('e2', 9.91), ('e3', 10.0), ('edge', 9.91), ('lane', 9.91)]
&lt; success 10 ['--step-length', '.1', '--end', '1000'] 2/1to1/1_0 (230.0, 240.0) [('e2', 9.42), ('e3', 9.9), ('edge', 9.42), ('lane', 9.42)]
&lt; success 10 ['--step-length', '.1', '--end', '1000'] 1/1to0/1_0 (140.0, 150.0) [('e2', 9.96), ('e3', 9.99), ('edge', 9.96), ('lane', 9.96)]
&lt; success 100 ['--step-length', '.1', '--end', '1000'] 2/1to1/1_0 (200.0, 300.0) [('e1', 10.0), ('e2', 9.22), ('e3', 5.71), ('edge', 9.22), ('lane', 9.22)]
&lt; success 100 ['--step-length', '.1', '--end', '1000'] 1/1to0/1_0 (100.0, 200.0) [('e1', 9.53), ('e2', 5.82), ('e3', 6.93), ('edge', 5.82), ('lane', 5.82)]
---
&gt; failed 0.1 ['--step-length', '.1', '--end', '1000'] 2/1to1/1_0 (148.9, 149.0) &lt;zip object at 0x10fc7d940&gt;
&gt; failed 0.1 ['--step-length', '.1', '--end', '1000'] 2/1to1/1_0 (148.9, 149.0) &lt;zip object at 0x10fca0c40&gt;
&gt; failed 1 ['--step-length', '.1', '--end', '1000'] 2/1to1/1_0 (149.0, 150.0) &lt;zip object at 0x110874740&gt;
&gt; failed 1 ['--step-length', '.1', '--end', '1000'] 2/1to1/1_0 (149.0, 150.0) &lt;zip object at 0x11088cc00&gt;
&gt; failed 10 ['--step-length', '.1', '--end', '1000'] 2/1to1/1_0 (140.0, 150.0) &lt;zip object at 0x10fc0f300&gt;
&gt; failed 10 ['--step-length', '.1', '--end', '1000'] 2/1to1/1_0 (140.0, 150.0) &lt;zip object at 0x10fc0f300&gt;
&gt; failed 100 ['--step-length', '.1', '--end', '1000'] 2/1to1/1_0 (100.0, 200.0) &lt;zip object at 0x10fc0f280&gt;
&gt; failed 100 ['--step-length', '.1', '--end', '1000'] 2/1to1/1_0 (100.0, 200.0) &lt;zip object at 0x10fcba580&gt;
41,98c41,48
&lt; success 0.1 ['--step-length', '1', '--end', '1000'] 2/1to1/1_0 (245.0, 246.0) [('e2', 8.92), ('e3', 10.0), ('edge', 8.92), ('lane', 8.92)]
&lt; success 0.1 ['--step-length', '1', '--end', '1000'] 1/1to0/1_0 (150.0, 151.0) [('e2', 9.82), ('e3', 10.0), ('edge', 9.82), ('lane', 9.82)]
&lt; success 1 ['--step-length', '1', '--end', '1000'] 2/1to1/1_0 (245.0, 246.0) [('e2', 8.92), ('e3', 10.0), ('edge', 8.92), ('lane', 8.92)]
&lt; success 1 ['--step-length', '1', '--end', '1000'] 1/1to0/1_0 (150.0, 151.0) [('e2', 9.82), ('e3', 10.0), ('edge', 9.82), ('lane', 9.82)]
&lt; success 10 ['--step-length', '1', '--end', '1000'] 2/1to1/1_0 (240.0, 250.0) [('e2', 9.9), ('e3', 10.0), ('edge', 9.9), ('lane', 9.9)]
&lt; success 10 ['--step-length', '1', '--end', '1000'] 1/1to0/1_0 (150.0, 160.0) [('e2', 9.15), ('e3', 9.84), ('edge', 9.15), ('lane', 9.15)]
&lt; success 100 ['--step-length', '1', '--end', '1000'] 2/1to1/1_0 (200.0, 300.0) [('e1', 10.0), ('e2', 9.41), ('e3', 5.84), ('edge', 9.41), ('lane', 9.41)]
&lt; success 100 ['--step-length', '1', '--end', '1000'] 1/1to0/1_0 (100.0, 200.0) [('e1', 10.0), ('e2', 5.94), ('e3', 7.08), ('edge', 5.94), ('lane', 5.94)]
&lt; -- Unordered text as found by filter '^Loading configuration ... done.' --
&lt; Loading configuration ... done.
&lt; Loading configuration ... done.
&lt;truncated after showing first 30 lines&gt;
</PRE>
<A NAME="defaultsumo output teleport_multihop_newDefaults"></A>
<H4>TEST had known bugs (see #254) on ts-bapmsumbld : sumo output teleport_multihop_newDefaults (
<A HREF="test_default.html#defaultsumo output teleport_multihop_newDefaults">Last six runs</A>
<A HREF="test_default_all_Feb2025.html#defaultsumo output teleport_multihop_newDefaults">Feb2025</A>

)</H4>

<PRE>different outputs from detectors which should detect the same
(This bug was triggered by text found in file 'output' matching 'failed')
---------- Differences in output ----------
9,24c9,24
&lt; failed 0.1 ['--step-length', '.1', '--end', '100'] 2/1to1/1_0 (76.2, 76.3) [('e2', 10.49), ('e3', 10.35), ('edge', 10.49), ('lane', 10.49)]
&lt; failed 0.1 ['--step-length', '.1', '--end', '100'] 2/1to1/1_0 (76.2, 76.3) [('e2', 10.49), ('e3', 10.35), ('edge', 10.49), ('lane', 10.49)]
&lt; failed 1 ['--step-length', '.1', '--end', '100'] 2/1to1/1_0 (76.0, 77.0) [('e2', 10.39), ('e3', 10.35), ('edge', 10.39), ('lane', 10.39)]
&lt; failed 1 ['--step-length', '.1', '--end', '100'] 2/1to1/1_0 (76.0, 77.0) [('e2', 10.39), ('e3', 10.35), ('edge', 10.39), ('lane', 10.39)]
&lt; failed 10 ['--step-length', '.1', '--end', '100'] 2/1to1/1_0 (70.0, 80.0) [('e2', 10.42), ('e3', 10.25), ('edge', 10.42), ('lane', 10.42)]
&lt; failed 10 ['--step-length', '.1', '--end', '100'] 2/1to1/1_0 (70.0, 80.0) [('e2', 10.42), ('e3', 10.25), ('edge', 10.42), ('lane', 10.42)]
&lt; failed 100 ['--step-length', '.1', '--end', '100'] 2/1to1/1_0 (0.0, 100.0) [('e1', 10.27), ('e2', 10.24), ('e3', 9.59), ('edge', 10.24), ('lane', 10.24)]
&lt; failed 100 ['--step-length', '.1', '--end', '100'] 2/1to1/1_0 (0.0, 100.0) [('e1', 10.27), ('e2', 10.24), ('e3', 9.59), ('edge', 10.24), ('lane', 10.24)]
&lt; failed 0.1 ['--step-length', '.1', '--end', '1000'] 2/1to1/1_0 (76.2, 76.3) [('e2', 10.49), ('e3', 10.35), ('edge', 10.49), ('lane', 10.49)]
&lt; failed 0.1 ['--step-length', '.1', '--end', '1000'] 2/1to1/1_0 (76.2, 76.3) [('e2', 10.49), ('e3', 10.35), ('edge', 10.49), ('lane', 10.49)]
&lt; failed 1 ['--step-length', '.1', '--end', '1000'] 2/1to1/1_0 (76.0, 77.0) [('e2', 10.39), ('e3', 10.35), ('edge', 10.39), ('lane', 10.39)]
&lt; failed 1 ['--step-length', '.1', '--end', '1000'] 2/1to1/1_0 (76.0, 77.0) [('e2', 10.39), ('e3', 10.35), ('edge', 10.39), ('lane', 10.39)]
&lt; failed 10 ['--step-length', '.1', '--end', '1000'] 2/1to1/1_0 (70.0, 80.0) [('e2', 10.42), ('e3', 10.25), ('edge', 10.42), ('lane', 10.42)]
&lt; failed 10 ['--step-length', '.1', '--end', '1000'] 2/1to1/1_0 (70.0, 80.0) [('e2', 10.42), ('e3', 10.25), ('edge', 10.42), ('lane', 10.42)]
&lt; failed 100 ['--step-length', '.1', '--end', '1000'] 2/1to1/1_0 (0.0, 100.0) [('e1', 10.27), ('e2', 10.24), ('e3', 9.59), ('edge', 10.24), ('lane', 10.24)]
&lt; failed 100 ['--step-length', '.1', '--end', '1000'] 2/1to1/1_0 (0.0, 100.0) [('e1', 10.27), ('e2', 10.24), ('e3', 9.59), ('edge', 10.24), ('lane', 10.24)]
---
&gt; failed 0.1 ['--step-length', '.1', '--end', '100'] 2/1to1/1_0 (70.9, 71.0) &lt;zip object at 0x10aca6340&gt;
&gt; failed 0.1 ['--step-length', '.1', '--end', '100'] 2/1to1/1_0 (70.9, 71.0) &lt;zip object at 0x10ac72700&gt;
&gt; failed 1 ['--step-length', '.1', '--end', '100'] 2/1to1/1_0 (70.0, 71.0) &lt;zip object at 0x10acb3f80&gt;
&gt; failed 1 ['--step-length', '.1', '--end', '100'] 2/1to1/1_0 (70.0, 71.0) &lt;zip object at 0x10acb3940&gt;
&gt; failed 10 ['--step-length', '.1', '--end', '100'] 2/1to1/1_0 (70.0, 80.0) &lt;zip object at 0x10acb2e40&gt;
&gt; failed 10 ['--step-length', '.1', '--end', '100'] 2/1to1/1_0 (70.0, 80.0) &lt;zip object at 0x10acb2740&gt;
&gt; failed 100 ['--step-length', '.1', '--end', '100'] 2/1to1/1_0 (0.0, 100.0) &lt;zip object at 0x10acb1740&gt;
&gt; failed 100 ['--step-length', '.1', '--end', '100'] 2/1to1/1_0 (0.0, 100.0) &lt;zip object at 0x10acb0d40&gt;
&gt; failed 0.1 ['--step-length', '.1', '--end', '1000'] 2/1to1/1_0 (70.9, 71.0) &lt;zip object at 0x10acb0180&gt;
&gt; failed 0.1 ['--step-length', '.1', '--end', '1000'] 2/1to1/1_0 (70.9, 71.0) &lt;zip object at 0x10acba700&gt;
&gt; failed 1 ['--step-length', '.1', '--end', '1000'] 2/1to1/1_0 (70.0, 71.0) &lt;zip object at 0x10b7ded40&gt;
&gt; failed 1 ['--step-length', '.1', '--end', '1000'] 2/1to1/1_0 (70.0, 71.0) &lt;zip object at 0x10b6f0700&gt;
&lt;truncated after showing first 30 lines&gt;
</PRE>
<A NAME="defaultsumo output two_same_vehicles"></A>
<H4>TEST had known bugs (see #254) on ts-bapmsumbld : sumo output two_same_vehicles (
<A HREF="test_default.html#defaultsumo output two_same_vehicles">Last six runs</A>
<A HREF="test_default_all_Feb2025.html#defaultsumo output two_same_vehicles">Feb2025</A>

)</H4>

<PRE>different outputs from detectors which should detect the same
(This bug was triggered by text found in file 'output' matching 'failed')
---------- Differences in output ----------
5,7c5,7
&lt; success 0.1 ['--step-length', '.1', '--end', '100'] ['3/1to2/1_0']
&lt; success 1 ['--step-length', '.1', '--end', '100'] ['3/1to2/1_0']
&lt; success 10 ['--step-length', '.1', '--end', '100'] ['3/1to2/1_0']
---
&gt; failed 0.1 ['--step-length', '.1', '--end', '100'] 3/1to2/1_0 (75.4, 75.5) &lt;zip object at 0x1021c8b40&gt;
&gt; failed 1 ['--step-length', '.1', '--end', '100'] 3/1to2/1_0 (76.0, 77.0) &lt;zip object at 0x1021bd640&gt;
&gt; failed 10 ['--step-length', '.1', '--end', '100'] 3/1to2/1_0 (80.0, 90.0) &lt;zip object at 0x1021be840&gt;
9,12c9,12
&lt; success 0.1 ['--step-length', '.1', '--end', '1000'] ['3/1to2/1_0']
&lt; success 1 ['--step-length', '.1', '--end', '1000'] ['3/1to2/1_0']
&lt; success 10 ['--step-length', '.1', '--end', '1000'] ['3/1to2/1_0']
&lt; success 100 ['--step-length', '.1', '--end', '1000'] ['3/1to2/1_0']
---
&gt; failed 0.1 ['--step-length', '.1', '--end', '1000'] 3/1to2/1_0 (75.4, 75.5) &lt;zip object at 0x1021bd300&gt;
&gt; failed 1 ['--step-length', '.1', '--end', '1000'] 3/1to2/1_0 (76.0, 77.0) &lt;zip object at 0x1021fb3c0&gt;
&gt; failed 10 ['--step-length', '.1', '--end', '1000'] 3/1to2/1_0 (80.0, 90.0) &lt;zip object at 0x1021fa080&gt;
&gt; failed 100 ['--step-length', '.1', '--end', '1000'] 3/1to2/1_0 (100.0, 200.0) &lt;zip object at 0x1021f8dc0&gt;
17,19c17,19
&lt; success 0.1 ['--step-length', '1', '--end', '100'] ['3/1to2/1_0']
&lt; success 1 ['--step-length', '1', '--end', '100'] ['3/1to2/1_0']
&lt; success 10 ['--step-length', '1', '--end', '100'] ['3/1to2/1_0']
---
&gt; failed 0.1 ['--step-length', '1', '--end', '100'] 3/1to2/1_0 (77.0, 78.0) &lt;zip object at 0x1021f90c0&gt;
&gt; failed 1 ['--step-length', '1', '--end', '100'] 3/1to2/1_0 (77.0, 78.0) &lt;zip object at 0x1021f90c0&gt;
&gt; failed 10 ['--step-length', '1', '--end', '100'] 3/1to2/1_0 (80.0, 90.0) &lt;zip object at 0x1021f9340&gt;
21,50c21,24
&lt; success 0.1 ['--step-length', '1', '--end', '1000'] ['3/1to2/1_0']
&lt; success 1 ['--step-length', '1', '--end', '1000'] ['3/1to2/1_0']
&lt; success 10 ['--step-length', '1', '--end', '1000'] ['3/1to2/1_0']
&lt;truncated after showing first 30 lines&gt;
</PRE>
<A NAME="defaultsumo output two_vehicles_diff_length"></A>
<H4>TEST had known bugs (see #254) on ts-bapmsumbld : sumo output two_vehicles_diff_length (
<A HREF="test_default.html#defaultsumo output two_vehicles_diff_length">Last six runs</A>
<A HREF="test_default_all_Feb2025.html#defaultsumo output two_vehicles_diff_length">Feb2025</A>

)</H4>

<PRE>different outputs from detectors which should detect the same
(This bug was triggered by text found in file 'output' matching 'failed')
---------- Differences in output ----------
5,7c5,7
&lt; success 0.1 ['--step-length', '.1', '--end', '100'] ['3/1to2/1_0']
&lt; success 1 ['--step-length', '.1', '--end', '100'] ['3/1to2/1_0']
&lt; success 10 ['--step-length', '.1', '--end', '100'] ['3/1to2/1_0']
---
&gt; failed 0.1 ['--step-length', '.1', '--end', '100'] 3/1to2/1_0 (76.4, 76.5) &lt;zip object at 0x10427cc00&gt;
&gt; failed 1 ['--step-length', '.1', '--end', '100'] 3/1to2/1_0 (77.0, 78.0) &lt;zip object at 0x104253980&gt;
&gt; failed 10 ['--step-length', '.1', '--end', '100'] 3/1to2/1_0 (80.0, 90.0) &lt;zip object at 0x104253ac0&gt;
9,12c9,12
&lt; success 0.1 ['--step-length', '.1', '--end', '1000'] ['3/1to2/1_0']
&lt; success 1 ['--step-length', '.1', '--end', '1000'] ['3/1to2/1_0']
&lt; success 10 ['--step-length', '.1', '--end', '1000'] ['3/1to2/1_0']
&lt; success 100 ['--step-length', '.1', '--end', '1000'] ['3/1to2/1_0']
---
&gt; failed 0.1 ['--step-length', '.1', '--end', '1000'] 3/1to2/1_0 (76.4, 76.5) &lt;zip object at 0x104251080&gt;
&gt; failed 1 ['--step-length', '.1', '--end', '1000'] 3/1to2/1_0 (77.0, 78.0) &lt;zip object at 0x1042af600&gt;
&gt; failed 10 ['--step-length', '.1', '--end', '1000'] 3/1to2/1_0 (80.0, 90.0) &lt;zip object at 0x1042ad100&gt;
&gt; failed 100 ['--step-length', '.1', '--end', '1000'] 3/1to2/1_0 (100.0, 200.0) &lt;zip object at 0x1042ad100&gt;
17,19c17,19
&lt; success 0.1 ['--step-length', '1', '--end', '100'] ['3/1to2/1_0']
&lt; success 1 ['--step-length', '1', '--end', '100'] ['3/1to2/1_0']
&lt; success 10 ['--step-length', '1', '--end', '100'] ['3/1to2/1_0']
---
&gt; failed 0.1 ['--step-length', '1', '--end', '100'] 3/1to2/1_0 (78.0, 79.0) &lt;zip object at 0x1042ad680&gt;
&gt; failed 1 ['--step-length', '1', '--end', '100'] 3/1to2/1_0 (78.0, 79.0) &lt;zip object at 0x1042ad680&gt;
&gt; failed 10 ['--step-length', '1', '--end', '100'] 3/1to2/1_0 (80.0, 90.0) &lt;zip object at 0x1042af040&gt;
21,50c21,24
&lt; success 0.1 ['--step-length', '1', '--end', '1000'] ['3/1to2/1_0']
&lt; success 1 ['--step-length', '1', '--end', '1000'] ['3/1to2/1_0']
&lt; success 10 ['--step-length', '1', '--end', '1000'] ['3/1to2/1_0']
&lt;truncated after showing first 30 lines&gt;
</PRE>
<A NAME="defaultsumo output two_vehicles_diff_speed"></A>
<H4>TEST had known bugs (see #254) on ts-bapmsumbld : sumo output two_vehicles_diff_speed (
<A HREF="test_default.html#defaultsumo output two_vehicles_diff_speed">Last six runs</A>
<A HREF="test_default_all_Feb2025.html#defaultsumo output two_vehicles_diff_speed">Feb2025</A>

)</H4>

<PRE>different outputs from detectors which should detect the same
(This bug was triggered by text found in file 'output' matching 'failed')
---------- Differences in output ----------
0a1,24
&gt; failed 0.1 ['--step-length', '.1', '--end', '51'] 3/1to2/1_0 (38.4, 38.5) &lt;zip object at 0x10b289280&gt;
&gt; failed 1 ['--step-length', '.1', '--end', '51'] 3/1to2/1_0 (38.0, 39.0) &lt;zip object at 0x10b15ca00&gt;
&gt; failed 10 ['--step-length', '.1', '--end', '51'] 3/1to2/1_0 (30.0, 40.0) &lt;zip object at 0x10b2c7c40&gt;
&gt; failed 100 ['--step-length', '.1', '--end', '51'] 3/1to2/1_0 (0.0, 51.0) &lt;zip object at 0x10b2c5e40&gt;
&gt; failed 0.1 ['--step-length', '.1', '--end', '100'] 3/1to2/1_0 (38.4, 38.5) &lt;zip object at 0x10b2c7d80&gt;
&gt; failed 1 ['--step-length', '.1', '--end', '100'] 3/1to2/1_0 (38.0, 39.0) &lt;zip object at 0x10b28a240&gt;
&gt; failed 10 ['--step-length', '.1', '--end', '100'] 3/1to2/1_0 (30.0, 40.0) &lt;zip object at 0x10b28a340&gt;
&gt; failed 100 ['--step-length', '.1', '--end', '100'] 3/1to2/1_0 (0.0, 100.0) &lt;zip object at 0x10b28bac0&gt;
&gt; failed 0.1 ['--step-length', '.1', '--end', '1000'] 3/1to2/1_0 (38.4, 38.5) &lt;zip object at 0x10b28bac0&gt;
&gt; failed 1 ['--step-length', '.1', '--end', '1000'] 3/1to2/1_0 (38.0, 39.0) &lt;zip object at 0x10b301ec0&gt;
&gt; failed 10 ['--step-length', '.1', '--end', '1000'] 3/1to2/1_0 (30.0, 40.0) &lt;zip object at 0x10b3023c0&gt;
&gt; failed 100 ['--step-length', '.1', '--end', '1000'] 3/1to2/1_0 (0.0, 100.0) &lt;zip object at 0x10b301ec0&gt;
&gt; failed 0.1 ['--step-length', '1', '--end', '51'] 3/1to2/1_0 (39.0, 40.0) &lt;zip object at 0x10b301ec0&gt;
&gt; failed 1 ['--step-length', '1', '--end', '51'] 3/1to2/1_0 (39.0, 40.0) &lt;zip object at 0x10b301ec0&gt;
&gt; failed 10 ['--step-length', '1', '--end', '51'] 3/1to2/1_0 (30.0, 40.0) &lt;zip object at 0x10b301ec0&gt;
&gt; failed 100 ['--step-length', '1', '--end', '51'] 3/1to2/1_0 (0.0, 51.0) &lt;zip object at 0x10b301900&gt;
&gt; failed 0.1 ['--step-length', '1', '--end', '100'] 3/1to2/1_0 (39.0, 40.0) &lt;zip object at 0x10b2983c0&gt;
&gt; failed 1 ['--step-length', '1', '--end', '100'] 3/1to2/1_0 (39.0, 40.0) &lt;zip object at 0x10b29b6c0&gt;
&gt; failed 10 ['--step-length', '1', '--end', '100'] 3/1to2/1_0 (30.0, 40.0) &lt;zip object at 0x10b29b9c0&gt;
&gt; failed 100 ['--step-length', '1', '--end', '100'] 3/1to2/1_0 (0.0, 100.0) &lt;zip object at 0x10b29b7c0&gt;
&gt; failed 0.1 ['--step-length', '1', '--end', '1000'] 3/1to2/1_0 (39.0, 40.0) &lt;zip object at 0x10b299f00&gt;
&gt; failed 1 ['--step-length', '1', '--end', '1000'] 3/1to2/1_0 (39.0, 40.0) &lt;zip object at 0x10b303ac0&gt;
&gt; failed 10 ['--step-length', '1', '--end', '1000'] 3/1to2/1_0 (30.0, 40.0) &lt;zip object at 0x10b301b00&gt;
&gt; failed 100 ['--step-length', '1', '--end', '1000'] 3/1to2/1_0 (0.0, 100.0) &lt;zip object at 0x10b301b00&gt;
</PRE>
<A NAME="defaulttraci vehicle moveToXY keepRoute2"></A>
<H4>TEST had known bugs (see #3263) on ts-bapmsumbld : traci vehicle moveToXY keepRoute2 (
<A HREF="test_default.html#defaulttraci vehicle moveToXY keepRoute2">Last six runs</A>
<A HREF="test_default_all_Feb2025.html#defaulttraci vehicle moveToXY keepRoute2">Feb2025</A>

)</H4>

<PRE>mapping failure
(This bug was triggered by text found in file 'output' matching 'failed')
---------- Differences in output ----------
0a1
&gt; internal corner (inside, segment2) failed: x=198, x2=198.0,   y=1.9, y2=1.9,   lane=middle_0, lane2=middle_0, pos=102, pos2=98.0   posLat=2.0 posLat2=1.9
</PRE>



</BODY> </HTML>
