<!DOCTYPE HTML PUBLIC "-//W3C//DTD HTML 3.2//EN">
<HTML>

<!-- This file generated using Python HTMLgen module. -->
<HEAD>
  <META NAME="GENERATOR" CONTENT="HTMLgen 2.2.2">
        <TITLE>Detailed test results for COMPLEX: 03Dec25rv1_25_0+0204-450f4853d88 (generated by sumo at 23Dec03:17)</TITLE>
<meta charset="utf-8"></HEAD>
<BODY>
<H1 align="center">03Dec25rv1_25_0+0204-450f4853d88 - detailed test results for COMPLEX</H1>

<center><EM>To reconnect the TextTest GUI to these results, run:</EM></center>

<center><P style="font-family:monospace">texttest -a complex -d /Users/sumo/clangMacOS_M1/sumo/tests -reconnect /Users/sumo/clangMacOS_M1/texttesttmp/clangMacOS_M1.23Dec004905.21693 -g</P>
</center>

<center><EM>To start TextTest for these tests, run:</EM></center>

<center><P style="font-family:monospace">texttest -a complex -d /Users/sumo/clangMacOS_M1/sumo/tests</P>
</center>

<HR>
<H2>default: 817 tests: 789 succeeded 20 FAILED 8 known bugs</H2>

<A NAME="defaultFAILED"></A>
<H3>Detailed information for the tests that FAILED:</H3>

<A NAME="defaultbroken_nets dfrouter"></A>
<A NAME="defaultbroken_nets duarouter"></A>
<A NAME="defaultbroken_nets jtrrouter"></A>
<H4>3 TESTS FAILED on ts-sim-mac-m1-ba :</H4>

<PRE>---------- Differences in errors ----------
502c502
&lt;  At line/column 44/109.
---
&gt;  At line/column 44/111.
532c532
&lt;  At line/column 44/103.
---
&gt;  At line/column 44/105.
550c550
&lt;  At line/column 44/102.
---
&gt;  At line/column 44/104.
568c568
&lt;  At line/column 44/103.
---
&gt;  At line/column 44/105.
586c586
&lt;  At line/column 44/94.
---
&gt;  At line/column 44/96.
</PRE>
broken_nets dfrouter (
<A HREF="test_default.html#defaultbroken_nets dfrouter">Last six runs</A>
<A HREF="test_default_all_Dec2025.html#defaultbroken_nets dfrouter">Dec2025</A>

)<br>

broken_nets duarouter (
<A HREF="test_default.html#defaultbroken_nets duarouter">Last six runs</A>
<A HREF="test_default_all_Dec2025.html#defaultbroken_nets duarouter">Dec2025</A>

)<br>

broken_nets jtrrouter (
<A HREF="test_default.html#defaultbroken_nets jtrrouter">Last six runs</A>
<A HREF="test_default_all_Dec2025.html#defaultbroken_nets jtrrouter">Dec2025</A>

)<br>

<A NAME="defaultbroken_nets netconvert"></A>
<H4>TEST FAILED on ts-sim-mac-m1-ba : broken_nets netconvert (
<A HREF="test_default.html#defaultbroken_nets netconvert">Last six runs</A>
<A HREF="test_default_all_Dec2025.html#defaultbroken_nets netconvert">Dec2025</A>

)</H4>

<PRE>---------- Differences in errors ----------
605c605
&lt;  At line/column 44/109.
---
&gt;  At line/column 44/111.
641c641
&lt;  At line/column 44/103.
---
&gt;  At line/column 44/105.
666c666
&lt;  At line/column 44/102.
---
&gt;  At line/column 44/104.
691c691
&lt;  At line/column 44/103.
---
&gt;  At line/column 44/105.
716c716
&lt;  At line/column 44/94.
---
&gt;  At line/column 44/96.
</PRE>
<A NAME="defaultbroken_nets sumo"></A>
<H4>TEST FAILED on ts-sim-mac-m1-ba : broken_nets sumo (
<A HREF="test_default.html#defaultbroken_nets sumo">Last six runs</A>
<A HREF="test_default_all_Dec2025.html#defaultbroken_nets sumo">Dec2025</A>

)</H4>

<PRE>---------- Differences in errors ----------
553c553
&lt;  At line/column 44/109.
---
&gt;  At line/column 44/111.
580c580
&lt;  At line/column 44/103.
---
&gt;  At line/column 44/105.
598c598
&lt;  At line/column 44/102.
---
&gt;  At line/column 44/104.
616c616
&lt;  At line/column 44/103.
---
&gt;  At line/column 44/105.
634c634
&lt;  At line/column 44/94.
---
&gt;  At line/column 44/96.
</PRE>
<A NAME="defaultfmi model_validation"></A>
<H4>TEST FAILED on ts-sim-mac-m1-ba : fmi model_validation (
<A HREF="test_default.html#defaultfmi model_validation">Last six runs</A>
<A HREF="test_default_all_Dec2025.html#defaultfmi model_validation">Dec2025</A>

)</H4>

<PRE>---------- Differences in errors ----------
0a1,13
&gt; Traceback (most recent call last):
&gt;   File "/Users/sumo/clangMacOS_M1/sumo/tests/../tests/complex/fmi/runner.py", line 153, in &lt;module&gt;
&gt;     runSingle(startTime, endTime, validate, scalarVariable)
&gt;     ~~~~~~~~~^^^^^^^^^^^^^^^^^^^^^^^^^^^^^^^^^^^^^^^^^^^^^^
&gt;   File "/Users/sumo/clangMacOS_M1/sumo/tests/../tests/complex/fmi/runner.py", line 56, in runSingle
&gt;     modelDescription = read_model_description(fmuLocation, validate=False)
&gt;   File "/Users/sumo/clangMacOS_M1/sumo_test_env/lib/python3.13/site-packages/fmpy/model_description.py", line 441, in read_model_description
&gt;     with zipfile.ZipFile(filename, 'r') as zf:
&gt;          ~~~~~~~~~~~~~~~^^^^^^^^^^^^^^^
&gt;   File "/opt/homebrew/Cellar/python@3.13/3.13.9_1/Frameworks/Python.framework/Versions/3.13/lib/python3.13/zipfile/__init__.py", line 1367, in __init__
&gt;     self.fp = io.open(file, filemode)
&gt;               ~~~~~~~^^^^^^^^^^^^^^^^
&gt; FileNotFoundError: [Errno 2] No such file or directory: '/Users/sumo/clangMacOS_M1/sumo/bin/sumo-fmi2-linux64.fmu'
---------- Differences in output ----------
1,3d0
&lt; FMU validation successful
&lt; Simulating libsumofmi2 (model name 'SUMO', FMI v2.0)...
&lt; Print ended at step 60.0
</PRE>
<A NAME="defaultfmi vehicle_getIDCount"></A>
<H4>TEST FAILED on ts-sim-mac-m1-ba : fmi vehicle_getIDCount (
<A HREF="test_default.html#defaultfmi vehicle_getIDCount">Last six runs</A>
<A HREF="test_default_all_Dec2025.html#defaultfmi vehicle_getIDCount">Dec2025</A>

)</H4>

<PRE>---------- Differences in errors ----------
0a1,13
&gt; Traceback (most recent call last):
&gt;   File "/Users/sumo/clangMacOS_M1/sumo/tests/../tests/complex/fmi/runner.py", line 153, in &lt;module&gt;
&gt;     runSingle(startTime, endTime, validate, scalarVariable)
&gt;     ~~~~~~~~~^^^^^^^^^^^^^^^^^^^^^^^^^^^^^^^^^^^^^^^^^^^^^^
&gt;   File "/Users/sumo/clangMacOS_M1/sumo/tests/../tests/complex/fmi/runner.py", line 56, in runSingle
&gt;     modelDescription = read_model_description(fmuLocation, validate=False)
&gt;   File "/Users/sumo/clangMacOS_M1/sumo_test_env/lib/python3.13/site-packages/fmpy/model_description.py", line 441, in read_model_description
&gt;     with zipfile.ZipFile(filename, 'r') as zf:
&gt;          ~~~~~~~~~~~~~~~^^^^^^^^^^^^^^^
&gt;   File "/opt/homebrew/Cellar/python@3.13/3.13.9_1/Frameworks/Python.framework/Versions/3.13/lib/python3.13/zipfile/__init__.py", line 1367, in __init__
&gt;     self.fp = io.open(file, filemode)
&gt;               ~~~~~~~^^^^^^^^^^^^^^^^
&gt; FileNotFoundError: [Errno 2] No such file or directory: '/Users/sumo/clangMacOS_M1/sumo/bin/sumo-fmi2-linux64.fmu'
---------- Differences in output ----------
1,63d0
&lt; FMU validation successful
&lt; Simulating libsumofmi2 (model name 'SUMO', FMI v2.0)...
&lt; TIME 1.0: vehicle.getIDCount = 6
&lt; TIME 2.0: vehicle.getIDCount = 6
&lt; TIME 3.0: vehicle.getIDCount = 6
&lt; TIME 4.0: vehicle.getIDCount = 7
&lt; TIME 5.0: vehicle.getIDCount = 7
&lt; TIME 6.0: vehicle.getIDCount = 8
&lt; TIME 7.0: vehicle.getIDCount = 8
&lt; TIME 8.0: vehicle.getIDCount = 9
&lt; TIME 9.0: vehicle.getIDCount = 9
&lt; TIME 10.0: vehicle.getIDCount = 9
&lt; TIME 11.0: vehicle.getIDCount = 9
&lt; TIME 12.0: vehicle.getIDCount = 9
&lt; TIME 13.0: vehicle.getIDCount = 10
&lt; TIME 14.0: vehicle.getIDCount = 10
&lt; TIME 15.0: vehicle.getIDCount = 10
&lt; TIME 16.0: vehicle.getIDCount = 11
&lt; TIME 17.0: vehicle.getIDCount = 11
&lt; TIME 18.0: vehicle.getIDCount = 12
&lt; TIME 19.0: vehicle.getIDCount = 12
&lt; TIME 20.0: vehicle.getIDCount = 12
&lt; TIME 21.0: vehicle.getIDCount = 13
&lt; TIME 22.0: vehicle.getIDCount = 13
&lt; TIME 23.0: vehicle.getIDCount = 13
&lt; TIME 24.0: vehicle.getIDCount = 13
&lt; TIME 25.0: vehicle.getIDCount = 13
&lt; TIME 26.0: vehicle.getIDCount = 12
&lt; TIME 27.0: vehicle.getIDCount = 10
&lt;truncated after showing first 30 lines&gt;
</PRE>
<A NAME="defaultfmi vehicle_getParameterWithKey"></A>
<H4>TEST FAILED on ts-sim-mac-m1-ba : fmi vehicle_getParameterWithKey (
<A HREF="test_default.html#defaultfmi vehicle_getParameterWithKey">Last six runs</A>
<A HREF="test_default_all_Dec2025.html#defaultfmi vehicle_getParameterWithKey">Dec2025</A>

)</H4>

<PRE>---------- Differences in errors ----------
0a1,13
&gt; Traceback (most recent call last):
&gt;   File "/Users/sumo/clangMacOS_M1/sumo/tests/../tests/complex/fmi/runner.py", line 153, in &lt;module&gt;
&gt;     runSingle(startTime, endTime, validate, scalarVariable)
&gt;     ~~~~~~~~~^^^^^^^^^^^^^^^^^^^^^^^^^^^^^^^^^^^^^^^^^^^^^^
&gt;   File "/Users/sumo/clangMacOS_M1/sumo/tests/../tests/complex/fmi/runner.py", line 56, in runSingle
&gt;     modelDescription = read_model_description(fmuLocation, validate=False)
&gt;   File "/Users/sumo/clangMacOS_M1/sumo_test_env/lib/python3.13/site-packages/fmpy/model_description.py", line 441, in read_model_description
&gt;     with zipfile.ZipFile(filename, 'r') as zf:
&gt;          ~~~~~~~~~~~~~~~^^^^^^^^^^^^^^^
&gt;   File "/opt/homebrew/Cellar/python@3.13/3.13.9_1/Frameworks/Python.framework/Versions/3.13/lib/python3.13/zipfile/__init__.py", line 1367, in __init__
&gt;     self.fp = io.open(file, filemode)
&gt;               ~~~~~~~^^^^^^^^^^^^^^^^
&gt; FileNotFoundError: [Errno 2] No such file or directory: '/Users/sumo/clangMacOS_M1/sumo/bin/sumo-fmi2-linux64.fmu'
---------- Differences in output ----------
1,4d0
&lt; FMU validation successful
&lt; Simulating libsumofmi2 (model name 'SUMO', FMI v2.0)...
&lt; key, value: 'meaningOfLife', '42'
&lt; Print ended at step 60.0
</PRE>
<A NAME="defaultfmi vehicle_moveToXY"></A>
<H4>TEST FAILED on ts-sim-mac-m1-ba : fmi vehicle_moveToXY (
<A HREF="test_default.html#defaultfmi vehicle_moveToXY">Last six runs</A>
<A HREF="test_default_all_Dec2025.html#defaultfmi vehicle_moveToXY">Dec2025</A>

)</H4>

<PRE>---------- Differences in errors ----------
0a1,13
&gt; Traceback (most recent call last):
&gt;   File "/Users/sumo/clangMacOS_M1/sumo/tests/../tests/complex/fmi/runner.py", line 153, in &lt;module&gt;
&gt;     runSingle(startTime, endTime, validate, scalarVariable)
&gt;     ~~~~~~~~~^^^^^^^^^^^^^^^^^^^^^^^^^^^^^^^^^^^^^^^^^^^^^^
&gt;   File "/Users/sumo/clangMacOS_M1/sumo/tests/../tests/complex/fmi/runner.py", line 56, in runSingle
&gt;     modelDescription = read_model_description(fmuLocation, validate=False)
&gt;   File "/Users/sumo/clangMacOS_M1/sumo_test_env/lib/python3.13/site-packages/fmpy/model_description.py", line 441, in read_model_description
&gt;     with zipfile.ZipFile(filename, 'r') as zf:
&gt;          ~~~~~~~~~~~~~~~^^^^^^^^^^^^^^^
&gt;   File "/opt/homebrew/Cellar/python@3.13/3.13.9_1/Frameworks/Python.framework/Versions/3.13/lib/python3.13/zipfile/__init__.py", line 1367, in __init__
&gt;     self.fp = io.open(file, filemode)
&gt;               ~~~~~~~^^^^^^^^^^^^^^^^
&gt; FileNotFoundError: [Errno 2] No such file or directory: '/Users/sumo/clangMacOS_M1/sumo/bin/sumo-fmi2-linux64.fmu'
---------- Differences in output ----------
1,91d0
&lt; FMU validation successful
&lt; Simulating libsumofmi2 (model name 'SUMO', FMI v2.0)...
&lt; TIME 0: laneID = ''
&lt; TIME 1.0: laneID = 'WE1_0'
&lt; currentPos = [0.0, -1.6]
&lt; targetPos = (10.0, -1.6)
&lt; TIME 2.0: laneID = 'WE1_0'
&lt; currentPos = [10.0, -1.6]
&lt; targetPos = (20.0, -1.6)
&lt; TIME 3.0: laneID = 'WE1_0'
&lt; currentPos = [20.0, -1.6]
&lt; targetPos = (30.0, -1.6)
&lt; TIME 4.0: laneID = 'WE1_0'
&lt; currentPos = [30.0, -1.6]
&lt; targetPos = (40.0, -1.6)
&lt; TIME 5.0: laneID = 'WE1_0'
&lt; currentPos = [40.0, -1.6]
&lt; targetPos = (50.0, -1.6)
&lt; TIME 6.0: laneID = ':J1_10_0'
&lt; currentPos = [50.0, -1.6]
&lt; targetPos = (60.0, -1.6)
&lt; TIME 7.0: laneID = 'WE2_0'
&lt; currentPos = [60.0, -1.6]
&lt; targetPos = (70.0, -1.6)
&lt; TIME 8.0: laneID = 'WE2_0'
&lt; currentPos = [70.0, -1.6]
&lt; targetPos = (80.0, -1.6)
&lt; TIME 9.0: laneID = 'WE2_0'
&lt; currentPos = [80.0, -1.6]
&lt;truncated after showing first 30 lines&gt;
</PRE>
<A NAME="defaultstate rngState"></A>
<H4>TEST FAILED on ts-sim-mac-m1-ba : state rngState (
<A HREF="test_default.html#defaultstate rngState">Last six runs</A>
<A HREF="test_default_all_Dec2025.html#defaultstate rngState">Dec2025</A>

)</H4>

<PRE>---------- Differences in state ----------
15c15
&lt;         &lt;rngLane index="9" state="1376592 1634385620 2391428831 3027618348 3172428977 2075718519 2794386941 2857618958 511445565 861328788 3844735874 2464604174 3251040145 3644240371 452935487 1177193842 2000085540 2699483763 123553510 1722095379 1310467429 1266814572 538651267 3599137685 3120313899 632324034 3061020804 716815492 2935918058 3576009266 2397825946 863391684 748661345 4001621567 322132630 1714522115 842826370 1571606650 1842247542 3590657668 143182312 1970305649 3622287377 401494
4329 2021467673 3680046752 381022102 2118150598 2999237984 681541986 2301230086 688835995 3006699078 1319917557 1542327909 2692254661 876555078 196808919 3460999028 2802938547 877393808 3645830113 514216231 562882475 1184906932 3651121082 4034312616 1077740223 3056777771 642507207 1201965454 206996972 3581524986 2821694832 1081794578 1200972584 3852674486 317873458 913150084 3722178838 1143803819 3868128422 3449897973 2997818490 1739542750 1745612969 1642941841 1401818634 3624517967 638629926 10
46476483 1267059909 2952643826 3349661607 4099677294 4278928528 2906415800 1255805430 3911565950 3849096335 3067205896 3343228065 1493407582 1822397523 1434634880 2162678407 769959223 3109031728 3829551206 651670112 778590908 1099340476 1612450093 3867633320 643316476 431506112 569552086 2735536903 2273930762 2818976917 1939053670 2803675240 3927360027 4190111772 4165365198 4287848285 3477534718 1266404142 1888223419 3033285495 3759915007 777886272 3239848996 1158037396 4057014746 4049352693 415
2547722 96795355 1202356207 4261340890 1519654139 3290103098 2501614456 3891178854 3976477401 4240230115 529803986 353789691 2526218175 929323642 37218028 46769519 1969576806 1664845432 1514667178 2868471839 126338169 1080710915 2127951189 3380577016 2816399143 1712423205 1891968502 1445970869 2503714625 3160044519 2179546916 1649650296 4057653189 3542456038 227665954 3548337161 3592861635 2929847555 2192978297 1473563874 2232702349 3086883910 3971948697 1822416201 3446920457 1447384315 24782383
23 223569845 3347703054 4260010478 936861389 3527170349 3872399692 605115401 3264637759 4137400628 3496282388 3486893616 2042137949 304665421 1805880566 1794353005 90578173 759179415 205833087 1072938503 109519099 2070860037 1098777184 3478170113 559301922 610249796 2863251325 3770868115 32278896 3055986935 374945174 2751365733 3457521710 3269491265 2526346188 2640237038 4039878212 1695723226 1292642257 3345098396 212619048 1422766539 1667808164 861494482 1560592617 4133261915 3871226079 2695327
945 2399921627 3003875049 368705804 1084562141 4053292653 1322109251 1413319294 376162819 3750275340 421047910 3025545786 431257378 1011709767 4178121789 3510829903 4053965177 984382465 1003447393 718643896 2359129559 1284368434 742953971 2965545661 1616794420 235284745 1111683149 989444621 3849189233 1435883842 3266901095 4033519961 236161732 446081306 2401894286 319798922 1297531901 1814994793 583496345 1753788914 3991925032 2700045784 2054691278 3855011876 1460477583 607146627 1889402327 3206
273944 2473273339 1653170809 3444025809 1353293235 3837538155 2404822909 3348744017 2818376939 3975456995 3762814111 849492021 3312012236 2953935732 1848667582 1249992853 1871693499 530962049 3896900562 4023183347 3706290883 3990011153 3823874933 1637881361 1844326157 544590614 1368463346 2122430453 3237164024 3115860845 1971870346 446829022 522860819 2809269908 1159777155 1656216038 2700474566 3019543514 2230839944 739057474 3130887820 1922544572 3688260136 852741460 769524927 3987659003 315908
7625 2904002876 956110784 1037584615 3765174067 3446026701 1202643147 2254284168 3141202788 3974459860 3591189366 580174895 2828179377 2006307840 1960188752 654361162 474508453 575089639 1974121100 2456597904 1887469076 4054511804 161702367 1071579524 3641185179 1873023298 2438293033 2312306704 2166751044 380869174 324562902 558602840 872107829 141193939 2200346339 3324300675 936555480 2422827352 3102289596 2943504857 4227980779 2394637486 643368431 3530238726 554488732 1611110368 2489206819 208
4551075 1853730722 3651552240 1267511074 2651828822 107321335 1712420043 545443017 3939497003 3924501701 1621867278 1129596833 1121843622 2773704833 3426643265 4220078581 2812629685 3386767677 743257493 4294138345 272710752 3121324924 131254778 820783837 3831087974 3099270097 2297420350 2086595194 4275336131 1670246357 173511617 1435250391 3581427167 3911840840 945121273 3178429053 2755843261 86166764 2272389120 1827238021 677445387 180013457 235390990 214880901 2791459044 289290726 3014527513 8
13810631 700398129 330104226 4218836970 4133895656 2008584953 4071678272 907898191 3213845522 249382549 704356973 3552462351 89568471 2345788585 2782190551 3435532286 1150466192 3911866982 1946814633 3681975521 3889783640 2731208432 2020741112 2861978533 2214944219 1317474959 2992133794 212837562 2138504506 969258601 251810650 92612999 799476321 3097026853 1209594585 672583984 1747541115 2271147745 983140716 1072167115 3295739509 3306730050 3324949625 436690584 189220969 1556784534 905732410 315
7371347 3326351835 3518511815 3645966733 4210502347 135235632 2987732253 1959714317 3202722380 2823955852 3144247689 1083367207 988476131 2307386253 3290654879 1783482809 3108578828 254675213 3013635510 3830433165 2040421485 3064130453 702723875 4002578005 3035313903 3482908135 4164207721 2976337603 3892451822 3801421632 3170376300 1302849899 2888754042 3706074507 3225636126 464625704 4094867284 1371835776 3017523144 1064858409 3699567000 3806285361 3215296905 2401991389 2203982638 1407109102 36
50505796 3444203411 858424647 450988251 3143757529 1340961473 1974180982 3733845669 1800450107 3074194390 499675904 2277613870 2075078693 121385663 2041810382 2469253804 1926106678 3596011016 4089436282 2068270888 915739022 3821947836 3304579330 3350857505 3348312485 2561213525 1759376461 2664732308 1831420032 4117240847 3017046964 1659932362 3423848385 2174812280 2505681788 1430494820 3910339887 540056901 2563951716 1005857136 2817262722 1769486491 2423133830 3318843076 3337220177 2907958307 83
3983809 2241288490 521324831 330443062 3336312374 2943246171 253213408 1536532446 290524746 2988108506 1613814336 3720538537 4063950345 3874549495 279299023 1082809066 4038892577 1544360626 804588171 3345568332 2248270537 1468490067 2353881598 3119979915 733639542 2759488699 1179832641 3514203945 3226533882 878504816 693979703 2282586505 2156285311 2049951262 2237720421 1483433336 77592920 25645582 2863161094 3198247334 2268181790 4033649085 1857963451 3119712462 639995563 4195365757 2065810384 
3660274897 677220022 503537476 3359941396 283604388 1646992105 1833894438 3345699011 3294983287 1096075382 2327829067 3072427306 1882157842 3277342251 1911627459 227788746 1071853966 429210139 1908213579 606624925 3537244665 1098343268 3462474921 48"/&gt;
---
&gt;         &lt;rngLane index="9" state="1376592 151718638 2738151601 974130700 3257451473 323632569 2846413984 1989701949 1829289434 934229399 2821544783 1269031242 3479643720 3386422383 2597370278 1775994894 3472740537 583612344 1649824742 204198580 1987651851 2062129655 3326405917 1482436209 2720598044 1577970179 3205333321 1641630245 2208367587 513136903 4106440325 2175650832 3378234111 2620417598 2340759686 826707837 1131428400 1923074392 1118580944 2380132067 2559763499 4281331982 3187460552 42
61717233 924624621 1039447574 1408604227 293797352 3289626225 2169853178 14521657 4022987572 2389963263 696557724 205240922 3038890276 2658055526 807655740 977453916 3595440169 2093274720 240453604 1865378241 3883047159 686943346 3414168207 605822987 1744705264 3055362545 1300396941 2860629782 3359544955 1998963900 1565855624 1538922180 1190865476 2291115883 3341723617 1420775960 1803360269 1437337769 451264386 2067648803 1239391579 4090448797 1861372080 2518443736 3232632913 1923818498 27701912
59 2814810740 1363872563 372480371 1404193270 436385735 2742780821 2203801348 4194484876 3908589917 3988449842 2503760438 2154289569 635242728 3487731100 2274610035 3615732638 2600015715 3239287990 2476480088 185234176 684585521 1332608173 2021896807 1921465721 179325287 4176866074 1864045162 3417211283 2962485323 869486896 3535470744 1409277620 3618240088 2165709314 1553824120 4265345562 4022619349 634128596 2649083133 2237720514 1648098829 2893606859 3061631149 3045428703 2569589534 3427559635
 4180590058 2146874094 762530316 3723307187 698431038 1383299989 2988265390 1454249093 2357919076 295603786 4197410392 3423821468 2640000505 4241768114 759619187 343221148 390047194 1307035128 3472471509 1045040305 1919436177 546529747 3651233057 1449584978 3654496459 1347580295 3342589026 3270125640 3684779377 2699617427 4245464189 257307963 3095744591 2571359328 3243004800 571422507 177750787 483968302 2258009377 2040496000 2357141646 1969267842 3268150869 1391374030 705585521 1035496873 15494
33900 1996251118 2620925104 3699762422 4266049535 3080138950 2707654396 3470180308 3566400189 2598146564 2209210961 1522612114 2258014266 1959785578 2926480781 3813388920 3756973697 3088242212 3953558024 1118788008 1797119767 101074673 427305487 2566183745 508245727 3380554522 3949566705 3987288513 3607902678 3452382476 1851776435 1037209292 3124863140 2035171890 3359349671 491183584 1093757206 1179021925 1419736802 1005688582 4094726770 524335906 67796910 4248812808 2205278770 3034609290 916709
585 488232011 3028662266 2534367172 2095218478 1007391884 1286939555 3730590064 1432140177 1788692935 3313245998 246226008 231972682 944730202 4018091289 528028714 407026754 3727799229 1840758765 3806368613 3019684784 1196795831 3875342465 1835732109 3684842089 3113383237 1075729928 738781620 2220115257 370392107 767215213 3803592327 3172875498 3243834069 3584465602 1561255501 2318471792 2750247265 2520702249 2632100027 1511579045 2332757227 428903166 313932901 2286777075 1726146447 3018164522 1
09133106 2153244424 3830320236 468350093 2316232568 2003816842 3016202603 2360149011 492548049 3235780375 768988130 518046256 595931394 2512284019 604197472 2463183340 3147689010 79054228 340445687 3665330023 3530586536 312596843 1733186575 3267215011 1646034460 946805320 3969100930 3347809302 4056673968 4026175055 3951493289 3993746163 4043376694 1909253328 1876278056 1283384568 3005109040 2733279992 3385803759 1028055046 2596000828 1920154184 1195114088 2576599149 200608563 4112975414 26933601
78 1616454665 557278263 1766126162 1550955069 824594615 2800214552 1393919831 2949459302 3823191089 1683251947 731758800 1088390066 825494040 2673086780 627192783 3319225427 15740543 21297034 624338139 2178207783 3238540076 1784258605 398703817 2877150155 3412195460 2277507821 1919552502 3974600839 1419400829 3555988999 2331191739 3293242903 798759244 1340805355 1217594711 2501495926 2449205320 3547997002 335837714 1968720124 1170033487 2412993608 2701999039 1348073321 2440777197 3021316137 7211
80330 2837524380 3829646243 2021648531 1445379580 1936193456 2617261896 4079027621 3145581426 417916737 393655504 2306282996 233073503 1967789472 2830952731 258307099 694254211 2778023069 2733203255 2695580122 1673496376 238486934 4099780287 783822753 1267707353 1341636476 3006559485 1634752966 2254954323 4131469335 2685223397 3558996736 2433883308 1671116869 1517829541 3114960420 2533152040 3068133714 2258963887 2879084497 2158158231 3383696760 2485563186 1783338272 2684010280 398763368 3904144
969 4133703922 3792250597 307152399 2623612822 2994876009 490865122 595066404 782357771 2845767135 3746386438 870414826 2979744431 1991997068 545169590 171261108 2739691749 202028180 2467760482 1591784562 1230891201 4262136383 2261765312 2812164552 2028920002 3629454436 2298687340 2970066937 2002107225 4238172826 1141518199 3986081989 2478599093 3737204708 996000943 3792931142 3243786636 1133736908 598265568 227747358 2647046953 2680888828 3341968384 3815297940 2286466655 2228856344 368995461 37
04926389 763479666 363278724 2612945639 3728417231 3058443404 2057213416 3549744843 1564023714 2327952138 3379255097 1687120758 47812321 2512713297 1676725031 4171595685 2113855354 274340665 1576845709 2394066769 3060074620 1309150456 143563053 2282333684 2080671896 1445443553 3053931177 1877973692 1934438400 1343428102 498002541 2789410532 2416270239 298343058 1766416331 1602767840 1336433584 1703599630 633774114 3624464393 514097833 3075456278 986591985 3812057907 1107492345 3439599300 3228285
916 1815538452 127269188 4198569289 1287639163 564284032 702830423 2098936605 3623917500 1259219508 2552574111 4176571850 1293608227 3174164661 3912808142 1078688694 3494917395 3224279619 3349423724 1609257887 1670113187 2930313664 247046969 449920372 1821929157 1908685120 3094527097 3948100840 2150201931 2263663154 1457597529 1025504222 818532770 4041131910 2561297969 4072830236 531702291 3314415982 365532079 2774038667 257723699 652212858 716644739 2173162546 3232405116 3679601426 3359572566 2
055776334 1248145803 2445182206 1535653729 3277787042 1620680020 1123990160 3743807232 1148215428 280375916 1202348729 3660911100 4260952110 952405262 4183179140 1130382662 1562486995 1885597928 1391600012 433646053 2335698727 879990670 2052264508 1634385620 2391428831 3027618348 3172428977 2075718519 2794386941 2857618958 511445565 861328788 3844735874 2464604174 3251040145 3644240371 452935487 1177193842 2000085540 2699483763 123553510 1722095379 1310467429 1266814572 538651267 3599137685 3120
313899 632324034 3061020804 716815492 2935918058 3576009266 2397825946 863391684 748661345 4001621567 322132630 1714522115 842826370 1571606650 1842247542 3590657668 143182312 1970305649 3622287377 4014944329 2021467673 3680046752 381022102 2118150598 2999237984"/&gt;
</PRE>
<A NAME="defaultsumo b50"></A>
<H4>TEST FAILED on ts-sim-mac-m1-ba : sumo b50 (
<A HREF="test_default.html#defaultsumo b50">Last six runs</A>
<A HREF="test_default_all_Dec2025.html#defaultsumo b50">Dec2025</A>

)</H4>

<PRE>---------- Differences in errors ----------
6a7,8
&gt; Warning: Teleporting vehicle 'vehicle.624'; waited too long (wrong lane), lane='i7_0', time=2324.00.
&gt; Warning: Vehicle 'vehicle.624' teleports beyond arrival edge 'e8', time=2503.00.
---------- Differences in output ----------
11a12
&gt;  Teleports: 1 (Wrong Lane: 1)
13c14
&lt; Simulation ended at time: 9162.00.
---
&gt; Simulation ended at time: 8760.00.
</PRE>
<A NAME="defaultsumo insertionCapacity"></A>
<H4>TEST FAILED on ts-sim-mac-m1-ba : sumo insertionCapacity (
<A HREF="test_default.html#defaultsumo insertionCapacity">Last six runs</A>
<A HREF="test_default_all_Dec2025.html#defaultsumo insertionCapacity">Dec2025</A>

)</H4>

<PRE>---------- Differences in log ----------
19c19
&lt; 2184 0.1 false 0.5 0.1 max
---
&gt; 2191 0.1 false 0.5 0.1 max
27c27
&lt; 2191 0.1 true 0.5 0.1 max
---
&gt; 2187 0.1 true 0.5 0.1 max
---------- Differences in log2 ----------
22d21
&lt; 0.1 false 0.5 0.1 max
23a23
&gt; 0.1 false 0.5 0.1 max
</PRE>
<A NAME="defaultsumo insertionCapacity_2lane"></A>
<H4>TEST FAILED on ts-sim-mac-m1-ba : sumo insertionCapacity_2lane (
<A HREF="test_default.html#defaultsumo insertionCapacity_2lane">Last six runs</A>
<A HREF="test_default_all_Dec2025.html#defaultsumo insertionCapacity_2lane">Dec2025</A>

)</H4>

<PRE>---------- Differences in log ----------
5c5
&lt; 3331 1 false 0.5 0.1 max best_prob
---
&gt; 3336 1 false 0.5 0.1 max best_prob
13c13
&lt; 3331 1 true 0.5 0.1 max best_prob
---
&gt; 3321 1 true 0.5 0.1 max best_prob
18,20c18,20
&lt; 3233 0.1 false 0.5 0.1 max first
&lt; 4376 0.1 false 0.5 0.1 max random
&lt; 4379 0.1 false 0.5 0.1 max free
---
&gt; 3230 0.1 false 0.5 0.1 max first
&gt; 4375 0.1 false 0.5 0.1 max random
&gt; 4377 0.1 false 0.5 0.1 max free
26,29c26,29
&lt; 3234 0.1 true 0.5 0.1 max first
&lt; 4377 0.1 true 0.5 0.1 max random
&lt; 4373 0.1 true 0.5 0.1 max free
&lt; 4430 0.1 true 0.5 0.1 max best_prob
---
&gt; 3229 0.1 true 0.5 0.1 max first
&gt; 4375 0.1 true 0.5 0.1 max random
&gt; 4378 0.1 true 0.5 0.1 max free
&gt; 4432 0.1 true 0.5 0.1 max best_prob
---------- Differences in log2 ----------
8d7
&lt; 0.1 false 0.5 0.1 max first
9a9
&gt; 0.1 false 0.5 0.1 max first
14d13
&lt; 1 false 0.5 0.1 max best_prob
15a15
&gt; 1 false 0.5 0.1 max best_prob
22d21
&lt; 0.1 true 0.5 0.1 max free
25a25
&gt; 0.1 true 0.5 0.1 max free
30d29
&lt; 0.1 true 0.5 0.1 max best_prob
31a31
&gt; 0.1 true 0.5 0.1 max best_prob
</PRE>
<A NAME="defaultsumo insertionCapacity_3lane"></A>
<H4>TEST FAILED on ts-sim-mac-m1-ba : sumo insertionCapacity_3lane (
<A HREF="test_default.html#defaultsumo insertionCapacity_3lane">Last six runs</A>
<A HREF="test_default_all_Dec2025.html#defaultsumo insertionCapacity_3lane">Dec2025</A>

)</H4>

<PRE>---------- Differences in log ----------
5c5
&lt; 5035 1 false 0.5 0.1 max best_prob
---
&gt; 5045 1 false 0.5 0.1 max best_prob
13c13
&lt; 5053 1 true 0.5 0.1 max best_prob
---
&gt; 5051 1 true 0.5 0.1 max best_prob
18,21c18,21
&lt; 3240 0.1 false 0.5 0.1 max first
&lt; 6567 0.1 false 0.5 0.1 max random
&lt; 6564 0.1 false 0.5 0.1 max free
&lt; 6697 0.1 false 0.5 0.1 max best_prob
---
&gt; 3206 0.1 false 0.5 0.1 max first
&gt; 6568 0.1 false 0.5 0.1 max random
&gt; 6561 0.1 false 0.5 0.1 max free
&gt; 6705 0.1 false 0.5 0.1 max best_prob
26,29c26,29
&lt; 3225 0.1 true 0.5 0.1 max first
&lt; 6560 0.1 true 0.5 0.1 max random
&lt; 6562 0.1 true 0.5 0.1 max free
&lt; 6709 0.1 true 0.5 0.1 max best_prob
---
&gt; 3250 0.1 true 0.5 0.1 max first
&gt; 6566 0.1 true 0.5 0.1 max random
&gt; 6559 0.1 true 0.5 0.1 max free
&gt; 6705 0.1 true 0.5 0.1 max best_prob
---------- Differences in log2 ----------
8d7
&lt; 0.1 true 0.5 0.1 max first
9a9
&gt; 0.1 true 0.5 0.1 max first
22d21
&lt; 0.1 true 0.5 0.1 max random
24a24
&gt; 0.1 true 0.5 0.1 max random
</PRE>
<A NAME="defaultsumo protobuf"></A>
<H4>TEST FAILED on ts-sim-mac-m1-ba : sumo protobuf (
<A HREF="test_default.html#defaultsumo protobuf">Last six runs</A>
<A HREF="test_default_all_Dec2025.html#defaultsumo protobuf">Dec2025</A>

)</H4>

<PRE>---------- Differences in errors ----------
0a1,35
&gt; Traceback (most recent call last):
&gt;   File "/Users/sumo/clangMacOS_M1/sumo/tools/xml/protobuf2xml.py", line 32, in &lt;module&gt;
&gt;     import google.protobuf.descriptor  # we need to do this late because the xml2protobuf import modifies sys.path
&gt;     ^^^^^^^^^^^^^^^^^^^^^^^^^^^^^^^^^
&gt; ModuleNotFoundError: No module named 'google'
&gt; Traceback (most recent call last):
&gt;   File "/Users/sumo/clangMacOS_M1/sumo/tools/xml/xml2protobuf.py", line 208, in &lt;module&gt;
&gt;     main()
&gt;     ~~~~^^
&gt;   File "/Users/sumo/clangMacOS_M1/sumo/tools/xml/xml2protobuf.py", line 194, in main
&gt;     module = generateProto(attrFinder.tagAttrs, attrFinder.depthTags,
&gt;                            attrFinder.xsdStruc._namedEnumerations, options.protodir, base)
&gt;   File "/Users/sumo/clangMacOS_M1/sumo/tools/xml/xml2protobuf.py", line 185, in generateProto
&gt;     return importlib.import_module("%s_pb2" % base)
&gt;            ~~~~~~~~~~~~~~~~~~~~~~~^^^^^^^^^^^^^^^^^
&gt;   File "/opt/homebrew/Cellar/python@3.13/3.13.9_1/Frameworks/Python.framework/Versions/3.13/lib/python3.13/importlib/__init__.py", line 88, in import_module
&gt;     return _bootstrap._gcd_import(name[level:], package, level)
&gt;            ~~~~~~~~~~~~~~~~~~~~~~^^^^^^^^^^^^^^^^^^^^^^^^^^^^^^
&gt;   File "&lt;frozen importlib._bootstrap&gt;", line 1387, in _gcd_import
&gt;   File "&lt;frozen importlib._bootstrap&gt;", line 1360, in _find_and_load
&gt;   File "&lt;frozen importlib._bootstrap&gt;", line 1331, in _find_and_load_unlocked
&gt;   File "&lt;frozen importlib._bootstrap&gt;", line 935, in _load_unlocked
&gt;   File "&lt;frozen importlib._bootstrap_external&gt;", line 1027, in exec_module
&gt;   File "&lt;frozen importlib._bootstrap&gt;", line 488, in _call_with_frames_removed
&gt;   File "/Users/sumo/clangMacOS_M1/texttesttmp/clangMacOS_M1.03Dec004738.93938/complex/sumo/protobuf/trajectories_pb2.py", line 7, in &lt;module&gt;
&gt;     from google.protobuf import descriptor as _descriptor
&gt; ModuleNotFoundError: No module named 'google'
&gt; Traceback (most recent call last):
&gt;   File "/Users/sumo/clangMacOS_M1/sumo/tests/../tests/complex/sumo/protobuf/runner.py", line 80, in &lt;module&gt;
&lt;truncated after showing first 30 lines&gt;
---------- Differences in output ----------
1,5d0
&lt; --- 
&lt; +++ 
&lt; -
&lt; -&lt;trajectories xmlns:xsi="http://www.w3.org/2001/XMLSchema-instance" xsi:noNamespaceSchemaLocation="http://sumo.dlr.de/xsd/amitran/trajectories.xsd" timeStepSize="1000"&gt;
&lt; +&lt;trajectories timeStepSize="1000"&gt;
</PRE>
<A NAME="defaultsumo socketout"></A>
<H4>TEST FAILED on ts-sim-mac-m1-ba : sumo socketout (
<A HREF="test_default.html#defaultsumo socketout">Last six runs</A>
<A HREF="test_default_all_Dec2025.html#defaultsumo socketout">Dec2025</A>

)</H4>

<PRE>---------- Differences in errors ----------
1,2d0
&lt; Error: send failed: Software caused tcpip::Socket abort
&lt; Quitting (on error).
</PRE>
<A NAME="defaulttraas api"></A>
<H4>TEST FAILED on ts-sim-mac-m1-ba : traas api (
<A HREF="test_default.html#defaulttraas api">Last six runs</A>
<A HREF="test_default_all_Dec2025.html#defaulttraas api">Dec2025</A>

)</H4>

<PRE>---------- Differences in errors ----------
1,3c1,5
&lt; TraAS and TraCI4J are deprecated. Please use libtracijni instead, see https://sumo.dlr.de/docs/Libtraci.html.
&lt; TraAS and TraCI4J are deprecated. Please use libtracijni instead, see https://sumo.dlr.de/docs/Libtraci.html.
&lt; Received null repsonse for command 203 149. (Maybe you need to use do_job_set?)
---
&gt; Traceback (most recent call last):
&gt;   File "/Users/sumo/clangMacOS_M1/sumo/tests/../tests/complex/traas/runner.py", line 37, in &lt;module&gt;
&gt;     assert os.path.exists(traasJar)
&gt;            ~~~~~~~~~~~~~~^^^^^^^^^^
&gt; AssertionError
---------- Differences in output ----------
1,77d0
&lt; deltaT:1.0
&lt; findRoute result stage:
&lt;   gneE0
&lt;   -gneE2
&lt;   gneE2
&lt; findIntermodalRoute result stages:
&lt;   gneE0
&lt;   gneE2
&lt; Step 1.0, tlsPhase 0 (North-South)
&lt; Step 2.0, tlsPhase 0 (North-South)
&lt; Step 3.0, tlsPhase 0 (North-South)
&lt; Step 4.0, tlsPhase 0 (North-South)
&lt; Step 5.0, tlsPhase 0 (North-South)
&lt; Step 6.0, tlsPhase 0 (North-South)
&lt; Step 7.0, tlsPhase 0 (North-South)
&lt; Step 8.0, tlsPhase 0 (North-South)
&lt; Step 9.0, tlsPhase 0 (North-South)
&lt; Step 10.0, tlsPhase 0 (North-South)
&lt; Step 11.0, tlsPhase 0 (North-South)
&lt; Step 12.0, tlsPhase 0 (North-South)
&lt; Step 13.0, tlsPhase 0 (North-South)
&lt; Step 14.0, tlsPhase 0 (North-South)
&lt; Step 15.0, tlsPhase 0 (North-South)
&lt; Step 16.0, tlsPhase 0 (North-South)
&lt; Step 17.0, tlsPhase 0 (North-South)
&lt; Step 18.0, tlsPhase 0 (North-South)
&lt; Step 19.0, tlsPhase 0 (North-South)
&lt; Step 20.0, tlsPhase 0 (North-South)
&lt; Step 21.0, tlsPhase 0 (North-South)
&lt;truncated after showing first 30 lines&gt;
</PRE>
<A NAME="defaulttraas multiclient"></A>
<H4>TEST FAILED on ts-sim-mac-m1-ba : traas multiclient (
<A HREF="test_default.html#defaulttraas multiclient">Last six runs</A>
<A HREF="test_default_all_Dec2025.html#defaulttraas multiclient">Dec2025</A>

)</H4>

<PRE>---------- Differences in errors ----------
1,2c1,5
&lt; TraAS and TraCI4J are deprecated. Please use libtracijni instead, see https://sumo.dlr.de/docs/Libtraci.html.
&lt; TraAS and TraCI4J are deprecated. Please use libtracijni instead, see https://sumo.dlr.de/docs/Libtraci.html.
---
&gt; Traceback (most recent call last):
&gt;   File "/Users/sumo/clangMacOS_M1/sumo/tests/../tests/complex/traas/runner.py", line 37, in &lt;module&gt;
&gt;     assert os.path.exists(traasJar)
&gt;            ~~~~~~~~~~~~~~^^^^^^^^^^
&gt; AssertionError
---------- Differences in output ----------
1,4652d0
&lt; Step 0.1, tlsPhase 0 (North-South)
&lt; Step 0.1
&lt; Step 0.2
&lt; Step 0.3
&lt; Step 0.4
&lt; Step 0.5
&lt; Step 0.6
&lt; Step 0.7
&lt; Step 0.8
&lt; Step 0.9
&lt; Step 1.0
&lt; Step 1.1
&lt; Step 1.2
&lt; Step 1.3
&lt; Step 1.4
&lt; Step 1.5
&lt; Step 1.6
&lt; Step 1.7
&lt; Step 1.8
&lt; Step 1.9
&lt; Step 2.0
&lt; Step 2.1
&lt; Step 2.2
&lt; Step 2.3
&lt; Step 2.4
&lt; Step 2.5
&lt; Step 2.6
&lt; Step 2.7
&lt; Step 2.8
&lt;truncated after showing first 30 lines&gt;
</PRE>
<A NAME="defaulttraas simple"></A>
<H4>TEST FAILED on ts-sim-mac-m1-ba : traas simple (
<A HREF="test_default.html#defaulttraas simple">Last six runs</A>
<A HREF="test_default_all_Dec2025.html#defaulttraas simple">Dec2025</A>

)</H4>

<PRE>---------- Differences in errors ----------
1c1,5
&lt; TraAS and TraCI4J are deprecated. Please use libtracijni instead, see https://sumo.dlr.de/docs/Libtraci.html.
---
&gt; Traceback (most recent call last):
&gt;   File "/Users/sumo/clangMacOS_M1/sumo/tests/../tests/complex/traas/runner.py", line 37, in &lt;module&gt;
&gt;     assert os.path.exists(traasJar)
&gt;            ~~~~~~~~~~~~~~^^^^^^^^^^
&gt; AssertionError
---------- Differences in output ----------
1,4639d0
&lt; Step 0.1, tlsPhase 0 (North-South)
&lt; Step 0.2, tlsPhase 0 (North-South)
&lt; Step 0.3, tlsPhase 0 (North-South)
&lt; Step 0.4, tlsPhase 0 (North-South)
&lt; Step 0.5, tlsPhase 0 (North-South)
&lt; Step 0.6, tlsPhase 0 (North-South)
&lt; Step 0.7, tlsPhase 0 (North-South)
&lt; Step 0.8, tlsPhase 0 (North-South)
&lt; Step 0.9, tlsPhase 0 (North-South)
&lt; Step 1.0, tlsPhase 0 (North-South)
&lt; Step 1.1, tlsPhase 0 (North-South)
&lt; Step 1.2, tlsPhase 0 (North-South)
&lt; Step 1.3, tlsPhase 0 (North-South)
&lt; Step 1.4, tlsPhase 0 (North-South)
&lt; Step 1.5, tlsPhase 0 (North-South)
&lt; Step 1.6, tlsPhase 0 (North-South)
&lt; Step 1.7, tlsPhase 0 (North-South)
&lt; Step 1.8, tlsPhase 0 (North-South)
&lt; Step 1.9, tlsPhase 0 (North-South)
&lt; Step 2.0, tlsPhase 0 (North-South)
&lt; Step 2.1, tlsPhase 0 (North-South)
&lt; Step 2.2, tlsPhase 0 (North-South)
&lt; Step 2.3, tlsPhase 0 (North-South)
&lt; Step 2.4, tlsPhase 0 (North-South)
&lt; Step 2.5, tlsPhase 0 (North-South)
&lt; Step 2.6, tlsPhase 0 (North-South)
&lt; Step 2.7, tlsPhase 0 (North-South)
&lt; Step 2.8, tlsPhase 0 (North-South)
&lt; Step 2.9, tlsPhase 0 (North-South)
&lt;truncated after showing first 30 lines&gt;
</PRE>
<A NAME="defaulttraas subscription"></A>
<H4>TEST FAILED on ts-sim-mac-m1-ba : traas subscription (
<A HREF="test_default.html#defaulttraas subscription">Last six runs</A>
<A HREF="test_default_all_Dec2025.html#defaulttraas subscription">Dec2025</A>

)</H4>

<PRE>---------- Differences in errors ----------
1c1,5
&lt; TraAS and TraCI4J are deprecated. Please use libtracijni instead, see https://sumo.dlr.de/docs/Libtraci.html.
---
&gt; Traceback (most recent call last):
&gt;   File "/Users/sumo/clangMacOS_M1/sumo/tests/../tests/complex/traas/runner.py", line 37, in &lt;module&gt;
&gt;     assert os.path.exists(traasJar)
&gt;            ~~~~~~~~~~~~~~^^^^^^^^^^
&gt; AssertionError
---------- Differences in output ----------
1,88d0
&lt; Step: 0
&lt; Subscription Departed vehicles: v0
&lt; Step: 1
&lt; Subscription Departed vehicles: v1
&lt; Position of vehicle v0: x = 14.723400000000002 y = -4.8
&lt; Speed of vehicle v0: 14.723400000000002
&lt; Step: 2
&lt; Subscription Departed vehicles: v2
&lt; Position of vehicle v0: x = 29.446800000000003 y = -4.8
&lt; Speed of vehicle v0: 14.723400000000002
&lt; Position of vehicle v1: x = 13.032987 y = -4.8
&lt; Speed of vehicle v1: 13.032987
&lt; Step: 3
&lt; Subscription Departed vehicles: v3
&lt; Position of vehicle v0: x = 44.17020000000001 y = -4.8
&lt; Speed of vehicle v0: 14.723400000000002
&lt; Position of vehicle v1: x = 26.065974 y = -4.8
&lt; Speed of vehicle v1: 13.032987
&lt; Position of vehicle v2: x = 11.790983749999999 y = -4.8
&lt; Speed of vehicle v2: 11.790983749999999
&lt; Step: 4
&lt; Subscription Departed vehicles: v4
&lt; Position of vehicle v0: x = 58.893600000000006 y = -4.8
&lt; Speed of vehicle v0: 14.723400000000002
&lt; Position of vehicle v1: x = 39.098961 y = -4.8
&lt; Speed of vehicle v1: 13.032987
&lt; Position of vehicle v2: x = 23.8721714 y = -1.6
&lt; Speed of vehicle v2: 12.08118765
&lt; Position of vehicle v3: x = 10.29073375 y = -4.8
&lt;truncated after showing first 30 lines&gt;
</PRE>

<A NAME="defaulthad known bugs"></A>
<H3>Detailed information for the tests that had known bugs:</H3>

<A NAME="defaultsumo output one_vehicle"></A>
<H4>TEST had known bugs (see #254) on ts-sim-mac-m1-ba : sumo output one_vehicle (
<A HREF="test_default.html#defaultsumo output one_vehicle">Last six runs</A>
<A HREF="test_default_all_Dec2025.html#defaultsumo output one_vehicle">Dec2025</A>

)</H4>

<PRE>different outputs from detectors which should detect the same
(This bug was triggered by text found in file 'output' matching 'failed')
---------- Differences in output ----------
5,7c5,7
&lt; success 0.1 ['--step-length', '.1', '--end', '100'] ['3/1to2/1_0']
&lt; success 1 ['--step-length', '.1', '--end', '100'] ['3/1to2/1_0']
&lt; success 10 ['--step-length', '.1', '--end', '100'] ['3/1to2/1_0']
---
&gt; failed 0.1 ['--step-length', '.1', '--end', '100'] 3/1to2/1_0 (71.4, 71.5) &lt;zip object at 0x107c2c180&gt;
&gt; failed 1 ['--step-length', '.1', '--end', '100'] 3/1to2/1_0 (72.0, 73.0) &lt;zip object at 0x107bd54c0&gt;
&gt; failed 10 ['--step-length', '.1', '--end', '100'] 3/1to2/1_0 (80.0, 90.0) &lt;zip object at 0x107beb5c0&gt;
9,12c9,12
&lt; success 0.1 ['--step-length', '.1', '--end', '1000'] ['3/1to2/1_0']
&lt; success 1 ['--step-length', '.1', '--end', '1000'] ['3/1to2/1_0']
&lt; success 10 ['--step-length', '.1', '--end', '1000'] ['3/1to2/1_0']
&lt; success 100 ['--step-length', '.1', '--end', '1000'] ['3/1to2/1_0']
---
&gt; failed 0.1 ['--step-length', '.1', '--end', '1000'] 3/1to2/1_0 (71.4, 71.5) &lt;zip object at 0x107beb8c0&gt;
&gt; failed 1 ['--step-length', '.1', '--end', '1000'] 3/1to2/1_0 (72.0, 73.0) &lt;zip object at 0x107bfb640&gt;
&gt; failed 10 ['--step-length', '.1', '--end', '1000'] 3/1to2/1_0 (80.0, 90.0) &lt;zip object at 0x107bf9800&gt;
&gt; failed 100 ['--step-length', '.1', '--end', '1000'] 3/1to2/1_0 (100.0, 200.0) &lt;zip object at 0x107bf9800&gt;
17,19c17,19
&lt; success 0.1 ['--step-length', '1', '--end', '100'] ['3/1to2/1_0']
&lt; success 1 ['--step-length', '1', '--end', '100'] ['3/1to2/1_0']
&lt; success 10 ['--step-length', '1', '--end', '100'] ['3/1to2/1_0']
---
&gt; failed 0.1 ['--step-length', '1', '--end', '100'] 3/1to2/1_0 (73.0, 74.0) &lt;zip object at 0x107bfa640&gt;
&gt; failed 1 ['--step-length', '1', '--end', '100'] 3/1to2/1_0 (73.0, 74.0) &lt;zip object at 0x107bfbf40&gt;
&gt; failed 10 ['--step-length', '1', '--end', '100'] 3/1to2/1_0 (80.0, 90.0) &lt;zip object at 0x107bfb0c0&gt;
21,50c21,24
&lt; success 0.1 ['--step-length', '1', '--end', '1000'] ['3/1to2/1_0']
&lt; success 1 ['--step-length', '1', '--end', '1000'] ['3/1to2/1_0']
&lt; success 10 ['--step-length', '1', '--end', '1000'] ['3/1to2/1_0']
&lt;truncated after showing first 30 lines&gt;
</PRE>
<A NAME="defaultsumo output teleport"></A>
<H4>TEST had known bugs (see #254) on ts-sim-mac-m1-ba : sumo output teleport (
<A HREF="test_default.html#defaultsumo output teleport">Last six runs</A>
<A HREF="test_default_all_Dec2025.html#defaultsumo output teleport">Dec2025</A>

)</H4>

<PRE>different outputs from detectors which should detect the same
(This bug was triggered by text found in file 'output' matching 'failed')
---------- Differences in output ----------
1,98c1,48
&lt; success ['--step-length', '.1', '--end', '51'] ['2/1to1/1_0']
&lt; success ['--step-length', '.1', '--end', '51'] ['2/1to1/1_0', '1/1to0/1_0']
&lt; success ['--step-length', '.1', '--end', '51'] ['2/1to1/1_0']
&lt; success ['--step-length', '.1', '--end', '51'] ['2/1to1/1_0', '1/1to0/1_0']
&lt; success ['--step-length', '.1', '--end', '51'] ['2/1to1/1_0']
&lt; success ['--step-length', '.1', '--end', '51'] ['2/1to1/1_0', '1/1to0/1_0']
&lt; success ['--step-length', '.1', '--end', '51'] ['2/1to1/1_0']
&lt; success ['--step-length', '.1', '--end', '51'] ['2/1to1/1_0', '1/1to0/1_0']
&lt; success ['--step-length', '.1', '--end', '100'] ['2/1to1/1_0']
&lt; success ['--step-length', '.1', '--end', '100'] ['2/1to1/1_0', '1/1to0/1_0']
&lt; success ['--step-length', '.1', '--end', '100'] ['2/1to1/1_0']
&lt; success ['--step-length', '.1', '--end', '100'] ['2/1to1/1_0', '1/1to0/1_0']
&lt; success ['--step-length', '.1', '--end', '100'] ['2/1to1/1_0']
&lt; success ['--step-length', '.1', '--end', '100'] ['2/1to1/1_0', '1/1to0/1_0']
&lt; success ['--step-length', '.1', '--end', '100'] ['2/1to1/1_0']
&lt; success ['--step-length', '.1', '--end', '100'] ['2/1to1/1_0', '1/1to0/1_0']
&lt; failed ['--step-length', '.1', '--end', '1000'] 2/1to1/1_0 (108.6, 108.7) [9.9, 10.0, 9.9, 9.9]
&lt; failed ['--step-length', '.1', '--end', '1000'] 2/1to1/1_0 (108.6, 108.7) [9.9, 10.0, 9.9, 9.9]
&lt; failed ['--step-length', '.1', '--end', '1000'] 2/1to1/1_0 (108.0, 109.0) [9.87, 10.0, 9.87, 9.87]
&lt; failed ['--step-length', '.1', '--end', '1000'] 2/1to1/1_0 (108.0, 109.0) [9.87, 10.0, 9.87, 9.87]
&lt; failed ['--step-length', '.1', '--end', '1000'] 2/1to1/1_0 (100.0, 110.0) [9.85, 9.96, 9.85, 9.85]
&lt; failed ['--step-length', '.1', '--end', '1000'] 2/1to1/1_0 (100.0, 110.0) [9.85, 9.96, 9.85, 9.85]
&lt; failed ['--step-length', '.1', '--end', '1000'] 2/1to1/1_0 (100.0, 200.0) [-1.0, 2.26, 3.2, 2.27, 2.27]
&lt; failed ['--step-length', '.1', '--end', '1000'] 2/1to1/1_0 (100.0, 200.0) [-1.0, 2.26, 3.2, 2.27, 2.27]
&lt; success ['--step-length', '1', '--end', '51'] ['2/1to1/1_0']
&lt; success ['--step-length', '1', '--end', '51'] ['2/1to1/1_0', '1/1to0/1_0']
&lt; success ['--step-length', '1', '--end', '51'] ['2/1to1/1_0']
&lt; success ['--step-length', '1', '--end', '51'] ['2/1to1/1_0', '1/1to0/1_0']
&lt; success ['--step-length', '1', '--end', '51'] ['2/1to1/1_0']
&lt;truncated after showing first 30 lines&gt;
</PRE>
<A NAME="defaultsumo output teleport_multihop"></A>
<H4>TEST had known bugs (see #254) on ts-sim-mac-m1-ba : sumo output teleport_multihop (
<A HREF="test_default.html#defaultsumo output teleport_multihop">Last six runs</A>
<A HREF="test_default_all_Dec2025.html#defaultsumo output teleport_multihop">Dec2025</A>

)</H4>

<PRE>different outputs from detectors which should detect the same
(This bug was triggered by text found in file 'output' matching 'failed')
---------- Differences in output ----------
17,24c17,24
&lt; success 0.1 ['--step-length', '.1', '--end', '1000'] 2/1to1/1_0 (230.0, 230.1) [('e2', 9.99), ('e3', 10.0), ('edge', 9.99), ('lane', 9.99)]
&lt; success 0.1 ['--step-length', '.1', '--end', '1000'] 1/1to0/1_0 (148.1, 148.2) [('e2', 9.99), ('e3', 10.0), ('edge', 9.99), ('lane', 9.99)]
&lt; success 1 ['--step-length', '.1', '--end', '1000'] 2/1to1/1_0 (230.0, 231.0) [('e2', 9.99), ('e3', 10.0), ('edge', 9.99), ('lane', 9.99)]
&lt; success 1 ['--step-length', '.1', '--end', '1000'] 1/1to0/1_0 (148.0, 149.0) [('e2', 9.91), ('e3', 10.0), ('edge', 9.91), ('lane', 9.91)]
&lt; success 10 ['--step-length', '.1', '--end', '1000'] 2/1to1/1_0 (230.0, 240.0) [('e2', 9.42), ('e3', 9.9), ('edge', 9.42), ('lane', 9.42)]
&lt; success 10 ['--step-length', '.1', '--end', '1000'] 1/1to0/1_0 (140.0, 150.0) [('e2', 9.96), ('e3', 9.99), ('edge', 9.96), ('lane', 9.96)]
&lt; success 100 ['--step-length', '.1', '--end', '1000'] 2/1to1/1_0 (200.0, 300.0) [('e1', 10.0), ('e2', 9.22), ('e3', 5.71), ('edge', 9.22), ('lane', 9.22)]
&lt; success 100 ['--step-length', '.1', '--end', '1000'] 1/1to0/1_0 (100.0, 200.0) [('e1', 9.53), ('e2', 5.82), ('e3', 6.93), ('edge', 5.82), ('lane', 5.82)]
---
&gt; failed 0.1 ['--step-length', '.1', '--end', '1000'] 2/1to1/1_0 (148.9, 149.0) &lt;zip object at 0x1095e7c80&gt;
&gt; failed 0.1 ['--step-length', '.1', '--end', '1000'] 2/1to1/1_0 (148.9, 149.0) &lt;zip object at 0x1095effc0&gt;
&gt; failed 1 ['--step-length', '.1', '--end', '1000'] 2/1to1/1_0 (149.0, 150.0) &lt;zip object at 0x10965ea00&gt;
&gt; failed 1 ['--step-length', '.1', '--end', '1000'] 2/1to1/1_0 (149.0, 150.0) &lt;zip object at 0x10962cd40&gt;
&gt; failed 10 ['--step-length', '.1', '--end', '1000'] 2/1to1/1_0 (140.0, 150.0) &lt;zip object at 0x1096f55c0&gt;
&gt; failed 10 ['--step-length', '.1', '--end', '1000'] 2/1to1/1_0 (140.0, 150.0) &lt;zip object at 0x1096f5cc0&gt;
&gt; failed 100 ['--step-length', '.1', '--end', '1000'] 2/1to1/1_0 (100.0, 200.0) &lt;zip object at 0x1096f4440&gt;
&gt; failed 100 ['--step-length', '.1', '--end', '1000'] 2/1to1/1_0 (100.0, 200.0) &lt;zip object at 0x1096f7e80&gt;
41,98c41,48
&lt; success 0.1 ['--step-length', '1', '--end', '1000'] 2/1to1/1_0 (245.0, 246.0) [('e2', 8.92), ('e3', 10.0), ('edge', 8.92), ('lane', 8.92)]
&lt; success 0.1 ['--step-length', '1', '--end', '1000'] 1/1to0/1_0 (150.0, 151.0) [('e2', 9.82), ('e3', 10.0), ('edge', 9.82), ('lane', 9.82)]
&lt; success 1 ['--step-length', '1', '--end', '1000'] 2/1to1/1_0 (245.0, 246.0) [('e2', 8.92), ('e3', 10.0), ('edge', 8.92), ('lane', 8.92)]
&lt; success 1 ['--step-length', '1', '--end', '1000'] 1/1to0/1_0 (150.0, 151.0) [('e2', 9.82), ('e3', 10.0), ('edge', 9.82), ('lane', 9.82)]
&lt; success 10 ['--step-length', '1', '--end', '1000'] 2/1to1/1_0 (240.0, 250.0) [('e2', 9.9), ('e3', 10.0), ('edge', 9.9), ('lane', 9.9)]
&lt; success 10 ['--step-length', '1', '--end', '1000'] 1/1to0/1_0 (150.0, 160.0) [('e2', 9.15), ('e3', 9.84), ('edge', 9.15), ('lane', 9.15)]
&lt; success 100 ['--step-length', '1', '--end', '1000'] 2/1to1/1_0 (200.0, 300.0) [('e1', 10.0), ('e2', 9.41), ('e3', 5.84), ('edge', 9.41), ('lane', 9.41)]
&lt; success 100 ['--step-length', '1', '--end', '1000'] 1/1to0/1_0 (100.0, 200.0) [('e1', 10.0), ('e2', 5.94), ('e3', 7.08), ('edge', 5.94), ('lane', 5.94)]
&lt; -- Unordered text as found by filter '^Loading configuration ... done.' --
&lt; Loading configuration ... done.
&lt; Loading configuration ... done.
&lt;truncated after showing first 30 lines&gt;
</PRE>
<A NAME="defaultsumo output teleport_multihop_newDefaults"></A>
<H4>TEST had known bugs (see #254) on ts-sim-mac-m1-ba : sumo output teleport_multihop_newDefaults (
<A HREF="test_default.html#defaultsumo output teleport_multihop_newDefaults">Last six runs</A>
<A HREF="test_default_all_Dec2025.html#defaultsumo output teleport_multihop_newDefaults">Dec2025</A>

)</H4>

<PRE>different outputs from detectors which should detect the same
(This bug was triggered by text found in file 'output' matching 'failed')
---------- Differences in output ----------
9,24c9,24
&lt; failed 0.1 ['--step-length', '.1', '--end', '100'] 2/1to1/1_0 (76.2, 76.3) [('e2', 10.49), ('e3', 10.35), ('edge', 10.49), ('lane', 10.49)]
&lt; failed 0.1 ['--step-length', '.1', '--end', '100'] 2/1to1/1_0 (76.2, 76.3) [('e2', 10.49), ('e3', 10.35), ('edge', 10.49), ('lane', 10.49)]
&lt; failed 1 ['--step-length', '.1', '--end', '100'] 2/1to1/1_0 (76.0, 77.0) [('e2', 10.39), ('e3', 10.35), ('edge', 10.39), ('lane', 10.39)]
&lt; failed 1 ['--step-length', '.1', '--end', '100'] 2/1to1/1_0 (76.0, 77.0) [('e2', 10.39), ('e3', 10.35), ('edge', 10.39), ('lane', 10.39)]
&lt; failed 10 ['--step-length', '.1', '--end', '100'] 2/1to1/1_0 (70.0, 80.0) [('e2', 10.42), ('e3', 10.25), ('edge', 10.42), ('lane', 10.42)]
&lt; failed 10 ['--step-length', '.1', '--end', '100'] 2/1to1/1_0 (70.0, 80.0) [('e2', 10.42), ('e3', 10.25), ('edge', 10.42), ('lane', 10.42)]
&lt; failed 100 ['--step-length', '.1', '--end', '100'] 2/1to1/1_0 (0.0, 100.0) [('e1', 10.27), ('e2', 10.24), ('e3', 9.59), ('edge', 10.24), ('lane', 10.24)]
&lt; failed 100 ['--step-length', '.1', '--end', '100'] 2/1to1/1_0 (0.0, 100.0) [('e1', 10.27), ('e2', 10.24), ('e3', 9.59), ('edge', 10.24), ('lane', 10.24)]
&lt; failed 0.1 ['--step-length', '.1', '--end', '1000'] 2/1to1/1_0 (76.2, 76.3) [('e2', 10.49), ('e3', 10.35), ('edge', 10.49), ('lane', 10.49)]
&lt; failed 0.1 ['--step-length', '.1', '--end', '1000'] 2/1to1/1_0 (76.2, 76.3) [('e2', 10.49), ('e3', 10.35), ('edge', 10.49), ('lane', 10.49)]
&lt; failed 1 ['--step-length', '.1', '--end', '1000'] 2/1to1/1_0 (76.0, 77.0) [('e2', 10.39), ('e3', 10.35), ('edge', 10.39), ('lane', 10.39)]
&lt; failed 1 ['--step-length', '.1', '--end', '1000'] 2/1to1/1_0 (76.0, 77.0) [('e2', 10.39), ('e3', 10.35), ('edge', 10.39), ('lane', 10.39)]
&lt; failed 10 ['--step-length', '.1', '--end', '1000'] 2/1to1/1_0 (70.0, 80.0) [('e2', 10.42), ('e3', 10.25), ('edge', 10.42), ('lane', 10.42)]
&lt; failed 10 ['--step-length', '.1', '--end', '1000'] 2/1to1/1_0 (70.0, 80.0) [('e2', 10.42), ('e3', 10.25), ('edge', 10.42), ('lane', 10.42)]
&lt; failed 100 ['--step-length', '.1', '--end', '1000'] 2/1to1/1_0 (0.0, 100.0) [('e1', 10.27), ('e2', 10.24), ('e3', 9.59), ('edge', 10.24), ('lane', 10.24)]
&lt; failed 100 ['--step-length', '.1', '--end', '1000'] 2/1to1/1_0 (0.0, 100.0) [('e1', 10.27), ('e2', 10.24), ('e3', 9.59), ('edge', 10.24), ('lane', 10.24)]
---
&gt; failed 0.1 ['--step-length', '.1', '--end', '100'] 2/1to1/1_0 (70.9, 71.0) &lt;zip object at 0x1090d3980&gt;
&gt; failed 0.1 ['--step-length', '.1', '--end', '100'] 2/1to1/1_0 (70.9, 71.0) &lt;zip object at 0x10907bd00&gt;
&gt; failed 1 ['--step-length', '.1', '--end', '100'] 2/1to1/1_0 (70.0, 71.0) &lt;zip object at 0x1090db580&gt;
&gt; failed 1 ['--step-length', '.1', '--end', '100'] 2/1to1/1_0 (70.0, 71.0) &lt;zip object at 0x1090da480&gt;
&gt; failed 10 ['--step-length', '.1', '--end', '100'] 2/1to1/1_0 (70.0, 80.0) &lt;zip object at 0x1090db580&gt;
&gt; failed 10 ['--step-length', '.1', '--end', '100'] 2/1to1/1_0 (70.0, 80.0) &lt;zip object at 0x1090d8480&gt;
&gt; failed 100 ['--step-length', '.1', '--end', '100'] 2/1to1/1_0 (0.0, 100.0) &lt;zip object at 0x1090dae80&gt;
&gt; failed 100 ['--step-length', '.1', '--end', '100'] 2/1to1/1_0 (0.0, 100.0) &lt;zip object at 0x1090d9080&gt;
&gt; failed 0.1 ['--step-length', '.1', '--end', '1000'] 2/1to1/1_0 (70.9, 71.0) &lt;zip object at 0x1090d8f80&gt;
&gt; failed 0.1 ['--step-length', '.1', '--end', '1000'] 2/1to1/1_0 (70.9, 71.0) &lt;zip object at 0x1090e24c0&gt;
&gt; failed 1 ['--step-length', '.1', '--end', '1000'] 2/1to1/1_0 (70.0, 71.0) &lt;zip object at 0x1091cbc80&gt;
&gt; failed 1 ['--step-length', '.1', '--end', '1000'] 2/1to1/1_0 (70.0, 71.0) &lt;zip object at 0x109148c00&gt;
&lt;truncated after showing first 30 lines&gt;
</PRE>
<A NAME="defaultsumo output two_same_vehicles"></A>
<H4>TEST had known bugs (see #254) on ts-sim-mac-m1-ba : sumo output two_same_vehicles (
<A HREF="test_default.html#defaultsumo output two_same_vehicles">Last six runs</A>
<A HREF="test_default_all_Dec2025.html#defaultsumo output two_same_vehicles">Dec2025</A>

)</H4>

<PRE>different outputs from detectors which should detect the same
(This bug was triggered by text found in file 'output' matching 'failed')
---------- Differences in output ----------
5,7c5,7
&lt; success 0.1 ['--step-length', '.1', '--end', '100'] ['3/1to2/1_0']
&lt; success 1 ['--step-length', '.1', '--end', '100'] ['3/1to2/1_0']
&lt; success 10 ['--step-length', '.1', '--end', '100'] ['3/1to2/1_0']
---
&gt; failed 0.1 ['--step-length', '.1', '--end', '100'] 3/1to2/1_0 (75.4, 75.5) &lt;zip object at 0x10760d280&gt;
&gt; failed 1 ['--step-length', '.1', '--end', '100'] 3/1to2/1_0 (76.0, 77.0) &lt;zip object at 0x1075b8f40&gt;
&gt; failed 10 ['--step-length', '.1', '--end', '100'] 3/1to2/1_0 (80.0, 90.0) &lt;zip object at 0x107600880&gt;
9,12c9,12
&lt; success 0.1 ['--step-length', '.1', '--end', '1000'] ['3/1to2/1_0']
&lt; success 1 ['--step-length', '.1', '--end', '1000'] ['3/1to2/1_0']
&lt; success 10 ['--step-length', '.1', '--end', '1000'] ['3/1to2/1_0']
&lt; success 100 ['--step-length', '.1', '--end', '1000'] ['3/1to2/1_0']
---
&gt; failed 0.1 ['--step-length', '.1', '--end', '1000'] 3/1to2/1_0 (75.4, 75.5) &lt;zip object at 0x107601ac0&gt;
&gt; failed 1 ['--step-length', '.1', '--end', '1000'] 3/1to2/1_0 (76.0, 77.0) &lt;zip object at 0x1075ceb00&gt;
&gt; failed 10 ['--step-length', '.1', '--end', '1000'] 3/1to2/1_0 (80.0, 90.0) &lt;zip object at 0x1075ceb00&gt;
&gt; failed 100 ['--step-length', '.1', '--end', '1000'] 3/1to2/1_0 (100.0, 200.0) &lt;zip object at 0x1075ceb00&gt;
17,19c17,19
&lt; success 0.1 ['--step-length', '1', '--end', '100'] ['3/1to2/1_0']
&lt; success 1 ['--step-length', '1', '--end', '100'] ['3/1to2/1_0']
&lt; success 10 ['--step-length', '1', '--end', '100'] ['3/1to2/1_0']
---
&gt; failed 0.1 ['--step-length', '1', '--end', '100'] 3/1to2/1_0 (77.0, 78.0) &lt;zip object at 0x1075f8b00&gt;
&gt; failed 1 ['--step-length', '1', '--end', '100'] 3/1to2/1_0 (77.0, 78.0) &lt;zip object at 0x1075f8640&gt;
&gt; failed 10 ['--step-length', '1', '--end', '100'] 3/1to2/1_0 (80.0, 90.0) &lt;zip object at 0x1075fa440&gt;
21,50c21,24
&lt; success 0.1 ['--step-length', '1', '--end', '1000'] ['3/1to2/1_0']
&lt; success 1 ['--step-length', '1', '--end', '1000'] ['3/1to2/1_0']
&lt; success 10 ['--step-length', '1', '--end', '1000'] ['3/1to2/1_0']
&lt;truncated after showing first 30 lines&gt;
</PRE>
<A NAME="defaultsumo output two_vehicles_diff_length"></A>
<H4>TEST had known bugs (see #254) on ts-sim-mac-m1-ba : sumo output two_vehicles_diff_length (
<A HREF="test_default.html#defaultsumo output two_vehicles_diff_length">Last six runs</A>
<A HREF="test_default_all_Dec2025.html#defaultsumo output two_vehicles_diff_length">Dec2025</A>

)</H4>

<PRE>different outputs from detectors which should detect the same
(This bug was triggered by text found in file 'output' matching 'failed')
---------- Differences in output ----------
5,7c5,7
&lt; success 0.1 ['--step-length', '.1', '--end', '100'] ['3/1to2/1_0']
&lt; success 1 ['--step-length', '.1', '--end', '100'] ['3/1to2/1_0']
&lt; success 10 ['--step-length', '.1', '--end', '100'] ['3/1to2/1_0']
---
&gt; failed 0.1 ['--step-length', '.1', '--end', '100'] 3/1to2/1_0 (76.4, 76.5) &lt;zip object at 0x10695d0c0&gt;
&gt; failed 1 ['--step-length', '.1', '--end', '100'] 3/1to2/1_0 (77.0, 78.0) &lt;zip object at 0x106904f80&gt;
&gt; failed 10 ['--step-length', '.1', '--end', '100'] 3/1to2/1_0 (80.0, 90.0) &lt;zip object at 0x106935680&gt;
9,12c9,12
&lt; success 0.1 ['--step-length', '.1', '--end', '1000'] ['3/1to2/1_0']
&lt; success 1 ['--step-length', '.1', '--end', '1000'] ['3/1to2/1_0']
&lt; success 10 ['--step-length', '.1', '--end', '1000'] ['3/1to2/1_0']
&lt; success 100 ['--step-length', '.1', '--end', '1000'] ['3/1to2/1_0']
---
&gt; failed 0.1 ['--step-length', '.1', '--end', '1000'] 3/1to2/1_0 (76.4, 76.5) &lt;zip object at 0x106937780&gt;
&gt; failed 1 ['--step-length', '.1', '--end', '1000'] 3/1to2/1_0 (77.0, 78.0) &lt;zip object at 0x10691ad00&gt;
&gt; failed 10 ['--step-length', '.1', '--end', '1000'] 3/1to2/1_0 (80.0, 90.0) &lt;zip object at 0x10691a9c0&gt;
&gt; failed 100 ['--step-length', '.1', '--end', '1000'] 3/1to2/1_0 (100.0, 200.0) &lt;zip object at 0x10691a9c0&gt;
17,19c17,19
&lt; success 0.1 ['--step-length', '1', '--end', '100'] ['3/1to2/1_0']
&lt; success 1 ['--step-length', '1', '--end', '100'] ['3/1to2/1_0']
&lt; success 10 ['--step-length', '1', '--end', '100'] ['3/1to2/1_0']
---
&gt; failed 0.1 ['--step-length', '1', '--end', '100'] 3/1to2/1_0 (78.0, 79.0) &lt;zip object at 0x106929380&gt;
&gt; failed 1 ['--step-length', '1', '--end', '100'] 3/1to2/1_0 (78.0, 79.0) &lt;zip object at 0x106929640&gt;
&gt; failed 10 ['--step-length', '1', '--end', '100'] 3/1to2/1_0 (80.0, 90.0) &lt;zip object at 0x10692a6c0&gt;
21,50c21,24
&lt; success 0.1 ['--step-length', '1', '--end', '1000'] ['3/1to2/1_0']
&lt; success 1 ['--step-length', '1', '--end', '1000'] ['3/1to2/1_0']
&lt; success 10 ['--step-length', '1', '--end', '1000'] ['3/1to2/1_0']
&lt;truncated after showing first 30 lines&gt;
</PRE>
<A NAME="defaultsumo output two_vehicles_diff_speed"></A>
<H4>TEST had known bugs (see #254) on ts-sim-mac-m1-ba : sumo output two_vehicles_diff_speed (
<A HREF="test_default.html#defaultsumo output two_vehicles_diff_speed">Last six runs</A>
<A HREF="test_default_all_Dec2025.html#defaultsumo output two_vehicles_diff_speed">Dec2025</A>

)</H4>

<PRE>different outputs from detectors which should detect the same
(This bug was triggered by text found in file 'output' matching 'failed')
---------- Differences in output ----------
0a1,24
&gt; failed 0.1 ['--step-length', '.1', '--end', '51'] 3/1to2/1_0 (38.4, 38.5) &lt;zip object at 0x109c17780&gt;
&gt; failed 1 ['--step-length', '.1', '--end', '51'] 3/1to2/1_0 (38.0, 39.0) &lt;zip object at 0x10a5ae180&gt;
&gt; failed 10 ['--step-length', '.1', '--end', '51'] 3/1to2/1_0 (30.0, 40.0) &lt;zip object at 0x10acd02c0&gt;
&gt; failed 100 ['--step-length', '.1', '--end', '51'] 3/1to2/1_0 (0.0, 51.0) &lt;zip object at 0x10acd0080&gt;
&gt; failed 0.1 ['--step-length', '.1', '--end', '100'] 3/1to2/1_0 (38.4, 38.5) &lt;zip object at 0x10acd1080&gt;
&gt; failed 1 ['--step-length', '.1', '--end', '100'] 3/1to2/1_0 (38.0, 39.0) &lt;zip object at 0x10ac79340&gt;
&gt; failed 10 ['--step-length', '.1', '--end', '100'] 3/1to2/1_0 (30.0, 40.0) &lt;zip object at 0x10ac792c0&gt;
&gt; failed 100 ['--step-length', '.1', '--end', '100'] 3/1to2/1_0 (0.0, 100.0) &lt;zip object at 0x10ac8f900&gt;
&gt; failed 0.1 ['--step-length', '.1', '--end', '1000'] 3/1to2/1_0 (38.4, 38.5) &lt;zip object at 0x10ac8ed00&gt;
&gt; failed 1 ['--step-length', '.1', '--end', '1000'] 3/1to2/1_0 (38.0, 39.0) &lt;zip object at 0x10ad03f40&gt;
&gt; failed 10 ['--step-length', '.1', '--end', '1000'] 3/1to2/1_0 (30.0, 40.0) &lt;zip object at 0x10ad03580&gt;
&gt; failed 100 ['--step-length', '.1', '--end', '1000'] 3/1to2/1_0 (0.0, 100.0) &lt;zip object at 0x10ad03f40&gt;
&gt; failed 0.1 ['--step-length', '1', '--end', '51'] 3/1to2/1_0 (39.0, 40.0) &lt;zip object at 0x10ad03f40&gt;
&gt; failed 1 ['--step-length', '1', '--end', '51'] 3/1to2/1_0 (39.0, 40.0) &lt;zip object at 0x10ad03f40&gt;
&gt; failed 10 ['--step-length', '1', '--end', '51'] 3/1to2/1_0 (30.0, 40.0) &lt;zip object at 0x10ad02200&gt;
&gt; failed 100 ['--step-length', '1', '--end', '51'] 3/1to2/1_0 (0.0, 51.0) &lt;zip object at 0x10ad00240&gt;
&gt; failed 0.1 ['--step-length', '1', '--end', '100'] 3/1to2/1_0 (39.0, 40.0) &lt;zip object at 0x10ad03780&gt;
&gt; failed 1 ['--step-length', '1', '--end', '100'] 3/1to2/1_0 (39.0, 40.0) &lt;zip object at 0x10ad03780&gt;
&gt; failed 10 ['--step-length', '1', '--end', '100'] 3/1to2/1_0 (30.0, 40.0) &lt;zip object at 0x10ad03780&gt;
&gt; failed 100 ['--step-length', '1', '--end', '100'] 3/1to2/1_0 (0.0, 100.0) &lt;zip object at 0x10ac9c500&gt;
&gt; failed 0.1 ['--step-length', '1', '--end', '1000'] 3/1to2/1_0 (39.0, 40.0) &lt;zip object at 0x10ac9c900&gt;
&gt; failed 1 ['--step-length', '1', '--end', '1000'] 3/1to2/1_0 (39.0, 40.0) &lt;zip object at 0x10ad03500&gt;
&gt; failed 10 ['--step-length', '1', '--end', '1000'] 3/1to2/1_0 (30.0, 40.0) &lt;zip object at 0x10ad02e80&gt;
&gt; failed 100 ['--step-length', '1', '--end', '1000'] 3/1to2/1_0 (0.0, 100.0) &lt;zip object at 0x10ad02e80&gt;
</PRE>
<A NAME="defaulttraci vehicle moveToXY keepRoute2"></A>
<H4>TEST had known bugs (see #3263) on ts-sim-mac-m1-ba : traci vehicle moveToXY keepRoute2 (
<A HREF="test_default.html#defaulttraci vehicle moveToXY keepRoute2">Last six runs</A>
<A HREF="test_default_all_Dec2025.html#defaulttraci vehicle moveToXY keepRoute2">Dec2025</A>

)</H4>

<PRE>mapping failure
(This bug was triggered by text found in file 'output' matching 'failed')
---------- Differences in output ----------
0a1
&gt; internal corner (inside, segment2) failed: x=198, x2=198.0,   y=1.9, y2=1.9,   lane=middle_0, lane2=middle_0, pos=102, pos2=98.0   posLat=2.0 posLat2=1.9
</PRE>



</BODY> </HTML>
