<!DOCTYPE HTML PUBLIC "-//W3C//DTD HTML 3.2//EN">
<HTML>

<!-- This file generated using Python HTMLgen module. -->
<HEAD>
  <META NAME="GENERATOR" CONTENT="HTMLgen 2.2.2">
        <TITLE>Detailed test results for COMPLEX: 29Sep22rv1_14_1+1332-93e63d0d9e8 (generated by sumo at 04Oct01:00)</TITLE>
<meta charset="UTF-8"></HEAD>
<BODY>
<H1 align="center">29Sep22rv1_14_1+1332-93e63d0d9e8 - detailed test results for COMPLEX</H1>

<center><EM>To reconnect the TextTest GUI to these results, run:</EM></center>

<center><P style="font-family:monospace">texttest -a complex -d /Users/sumo/clangMacOS_M1/sumo/tests -reconnect /Users/sumo/clangMacOS_M1/texttesttmp/clangMacOS_M1.04Oct002122.7200 -g</P>
</center>

<center><EM>To start TextTest for these tests, run:</EM></center>

<center><P style="font-family:monospace">texttest -a complex -d /Users/sumo/clangMacOS_M1/sumo/tests</P>
</center>

<HR>
<H2>default: 667 tests: 632 succeeded 23 FAILED 10 known bugs 2 killed</H2>

<A NAME="defaultFAILED"></A>
<H3>Detailed information for the tests that FAILED:</H3>

<A NAME="defaultfmi model_validation"></A>
<H4>TEST FAILED on ts-bapmsumm1bld : fmi model_validation (
<A HREF="test_default.html#defaultfmi model_validation">Last six runs</A>
<A HREF="test_default_all_Oct2022.html#defaultfmi model_validation">Oct2022</A>
<A HREF="test_default_all_Sep2022.html#defaultfmi model_validation">Sep2022</A>

)</H4>

<PRE>---------- Differences in errors ----------
0a1,4
&gt; Traceback (most recent call last):
&gt;   File "/Users/sumo/clangMacOS_M1/sumo/tests/../tests/complex/fmi/runner.py", line 27, in &lt;module&gt;
&gt;     from fmpy import read_model_description, extract
&gt; ModuleNotFoundError: No module named 'fmpy'
---------- Differences in output ----------
1,3d0
&lt; FMU validation successful
&lt; Simulating libsumofmi2 (model name 'SUMO', FMI v2.0)...
&lt; Print ended at step 60.0
</PRE>
<A NAME="defaultfmi vehicle_getIDCount"></A>
<H4>TEST FAILED on ts-bapmsumm1bld : fmi vehicle_getIDCount (
<A HREF="test_default.html#defaultfmi vehicle_getIDCount">Last six runs</A>
<A HREF="test_default_all_Oct2022.html#defaultfmi vehicle_getIDCount">Oct2022</A>
<A HREF="test_default_all_Sep2022.html#defaultfmi vehicle_getIDCount">Sep2022</A>

)</H4>

<PRE>---------- Differences in errors ----------
0a1,4
&gt; Traceback (most recent call last):
&gt;   File "/Users/sumo/clangMacOS_M1/sumo/tests/../tests/complex/fmi/runner.py", line 27, in &lt;module&gt;
&gt;     from fmpy import read_model_description, extract
&gt; ModuleNotFoundError: No module named 'fmpy'
---------- Differences in output ----------
1,63d0
&lt; FMU validation successful
&lt; Simulating libsumofmi2 (model name 'SUMO', FMI v2.0)...
&lt; TIME 1.0: vehicle.getIDCount = 6
&lt; TIME 2.0: vehicle.getIDCount = 6
&lt; TIME 3.0: vehicle.getIDCount = 6
&lt; TIME 4.0: vehicle.getIDCount = 7
&lt; TIME 5.0: vehicle.getIDCount = 7
&lt; TIME 6.0: vehicle.getIDCount = 8
&lt; TIME 7.0: vehicle.getIDCount = 8
&lt; TIME 8.0: vehicle.getIDCount = 9
&lt; TIME 9.0: vehicle.getIDCount = 9
&lt; TIME 10.0: vehicle.getIDCount = 9
&lt; TIME 11.0: vehicle.getIDCount = 9
&lt; TIME 12.0: vehicle.getIDCount = 9
&lt; TIME 13.0: vehicle.getIDCount = 10
&lt; TIME 14.0: vehicle.getIDCount = 10
&lt; TIME 15.0: vehicle.getIDCount = 10
&lt; TIME 16.0: vehicle.getIDCount = 11
&lt; TIME 17.0: vehicle.getIDCount = 11
&lt; TIME 18.0: vehicle.getIDCount = 12
&lt; TIME 19.0: vehicle.getIDCount = 12
&lt; TIME 20.0: vehicle.getIDCount = 12
&lt; TIME 21.0: vehicle.getIDCount = 13
&lt; TIME 22.0: vehicle.getIDCount = 13
&lt; TIME 23.0: vehicle.getIDCount = 13
&lt; TIME 24.0: vehicle.getIDCount = 13
&lt; TIME 25.0: vehicle.getIDCount = 13
&lt; TIME 26.0: vehicle.getIDCount = 12
&lt; TIME 27.0: vehicle.getIDCount = 10
&lt;truncated after showing first 30 lines&gt;
</PRE>
<A NAME="defaultfmi vehicle_getParameterWithKey"></A>
<H4>TEST FAILED on ts-bapmsumm1bld : fmi vehicle_getParameterWithKey (
<A HREF="test_default.html#defaultfmi vehicle_getParameterWithKey">Last six runs</A>
<A HREF="test_default_all_Oct2022.html#defaultfmi vehicle_getParameterWithKey">Oct2022</A>
<A HREF="test_default_all_Sep2022.html#defaultfmi vehicle_getParameterWithKey">Sep2022</A>

)</H4>

<PRE>---------- Differences in errors ----------
0a1,4
&gt; Traceback (most recent call last):
&gt;   File "/Users/sumo/clangMacOS_M1/sumo/tests/../tests/complex/fmi/runner.py", line 27, in &lt;module&gt;
&gt;     from fmpy import read_model_description, extract
&gt; ModuleNotFoundError: No module named 'fmpy'
---------- Differences in output ----------
1,4d0
&lt; FMU validation successful
&lt; Simulating libsumofmi2 (model name 'SUMO', FMI v2.0)...
&lt; key, value: 'meaningOfLife', '42'
&lt; Print ended at step 60.0
</PRE>
<A NAME="defaultfmi vehicle_moveToXY"></A>
<H4>TEST FAILED on ts-bapmsumm1bld : fmi vehicle_moveToXY (
<A HREF="test_default.html#defaultfmi vehicle_moveToXY">Last six runs</A>
<A HREF="test_default_all_Oct2022.html#defaultfmi vehicle_moveToXY">Oct2022</A>
<A HREF="test_default_all_Sep2022.html#defaultfmi vehicle_moveToXY">Sep2022</A>

)</H4>

<PRE>---------- Differences in errors ----------
0a1,4
&gt; Traceback (most recent call last):
&gt;   File "/Users/sumo/clangMacOS_M1/sumo/tests/../tests/complex/fmi/runner.py", line 27, in &lt;module&gt;
&gt;     from fmpy import read_model_description, extract
&gt; ModuleNotFoundError: No module named 'fmpy'
---------- Differences in output ----------
1,91d0
&lt; FMU validation successful
&lt; Simulating libsumofmi2 (model name 'SUMO', FMI v2.0)...
&lt; TIME 0: laneID = ''
&lt; TIME 1.0: laneID = 'WE1_0'
&lt; currentPos = [0.0, -1.6]
&lt; targetPos = (10.0, -1.6)
&lt; TIME 2.0: laneID = 'WE1_0'
&lt; currentPos = [10.0, -1.6]
&lt; targetPos = (20.0, -1.6)
&lt; TIME 3.0: laneID = 'WE1_0'
&lt; currentPos = [20.0, -1.6]
&lt; targetPos = (30.0, -1.6)
&lt; TIME 4.0: laneID = 'WE1_0'
&lt; currentPos = [30.0, -1.6]
&lt; targetPos = (40.0, -1.6)
&lt; TIME 5.0: laneID = 'WE1_0'
&lt; currentPos = [40.0, -1.6]
&lt; targetPos = (50.0, -1.6)
&lt; TIME 6.0: laneID = ':J1_10_0'
&lt; currentPos = [50.0, -1.6]
&lt; targetPos = (60.0, -1.6)
&lt; TIME 7.0: laneID = 'WE2_0'
&lt; currentPos = [60.0, -1.6]
&lt; targetPos = (70.0, -1.6)
&lt; TIME 8.0: laneID = 'WE2_0'
&lt; currentPos = [70.0, -1.6]
&lt; targetPos = (80.0, -1.6)
&lt; TIME 9.0: laneID = 'WE2_0'
&lt; currentPos = [80.0, -1.6]
&lt;truncated after showing first 30 lines&gt;
</PRE>
<A NAME="defaultsumo protobuf"></A>
<H4>TEST FAILED on ts-bapmsumm1bld : sumo protobuf (
<A HREF="test_default.html#defaultsumo protobuf">Last six runs</A>
<A HREF="test_default_all_Oct2022.html#defaultsumo protobuf">Oct2022</A>
<A HREF="test_default_all_Sep2022.html#defaultsumo protobuf">Sep2022</A>

)</H4>

<PRE>---------- Differences in errors ----------
0a1,24
&gt; Traceback (most recent call last):
&gt;   File "/Users/sumo/clangMacOS_M1/sumo/tools/xml/protobuf2xml.py", line 32, in &lt;module&gt;
&gt;     import google.protobuf.descriptor  # we need to do this late because the xml2protobuf import modifies sys.path
&gt; ModuleNotFoundError: No module named 'google'
&gt; Traceback (most recent call last):
&gt;   File "/Users/sumo/clangMacOS_M1/sumo/tools/xml/xml2protobuf.py", line 210, in &lt;module&gt;
&gt;     main()
&gt;   File "/Users/sumo/clangMacOS_M1/sumo/tools/xml/xml2protobuf.py", line 196, in main
&gt;     module = generateProto(attrFinder.tagAttrs, attrFinder.depthTags,
&gt;   File "/Users/sumo/clangMacOS_M1/sumo/tools/xml/xml2protobuf.py", line 185, in generateProto
&gt;     subprocess.call([protoc, "%s.proto" % base, "--python_out=%s" % protodir])
&gt;   File "/opt/homebrew/Cellar/python@3.9/3.9.12_1/Frameworks/Python.framework/Versions/3.9/lib/python3.9/subprocess.py", line 349, in call
&gt;     with Popen(*popenargs, **kwargs) as p:
&gt;   File "/opt/homebrew/Cellar/python@3.9/3.9.12_1/Frameworks/Python.framework/Versions/3.9/lib/python3.9/subprocess.py", line 951, in __init__
&gt;     self._execute_child(args, executable, preexec_fn, close_fds,
&gt;   File "/opt/homebrew/Cellar/python@3.9/3.9.12_1/Frameworks/Python.framework/Versions/3.9/lib/python3.9/subprocess.py", line 1821, in _execute_child
&gt;     raise child_exception_type(errno_num, err_msg, err_filename)
&gt; FileNotFoundError: [Errno 2] No such file or directory: 'protoc'
&gt; Traceback (most recent call last):
&gt;   File "/Users/sumo/clangMacOS_M1/sumo/tests/../tests/complex/sumo/protobuf/runner.py", line 82, in &lt;module&gt;
&gt;     connect(IN_PORT, OUT_PORT)
&gt;   File "/Users/sumo/clangMacOS_M1/sumo/tests/../tests/complex/sumo/protobuf/runner.py", line 38, in connect
&gt;     i.connect(("localhost", inPort))
&gt; ConnectionRefusedError: [Errno 61] Connection refused
---------- Differences in output ----------
1,5d0
&lt; --- 
&lt; +++ 
&lt; -
&lt; -&lt;trajectories xmlns:xsi="http://www.w3.org/2001/XMLSchema-instance" xsi:noNamespaceSchemaLocation="http://sumo.dlr.de/xsd/amitran/trajectories.xsd" timeStepSize="1000"&gt;
&lt; +&lt;trajectories timeStepSize="1000"&gt;
</PRE>
<A NAME="defaultsumo socketout"></A>
<H4>TEST FAILED on ts-bapmsumm1bld : sumo socketout (
<A HREF="test_default.html#defaultsumo socketout">Last six runs</A>
<A HREF="test_default_all_Oct2022.html#defaultsumo socketout">Oct2022</A>
<A HREF="test_default_all_Sep2022.html#defaultsumo socketout">Sep2022</A>

)</H4>

<PRE>---------- Differences in errors ----------
1,2d0
&lt; Error: send failed: Software caused tcpip::Socket abort
&lt; Quitting (on error).
</PRE>
<A NAME="defaultsumo speedMap"></A>
<H4>TEST FAILED on ts-bapmsumm1bld : sumo speedMap (
<A HREF="test_default.html#defaultsumo speedMap">Last six runs</A>
<A HREF="test_default_all_Oct2022.html#defaultsumo speedMap">Oct2022</A>
<A HREF="test_default_all_Sep2022.html#defaultsumo speedMap">Sep2022</A>

)</H4>

<PRE>---------- Differences in errors ----------
1,8c1,4
&lt; Warning: Teleporting vehicle '7'; collision with vehicle '6', lane='1/1to2/1_0', gap=-0.73, time=5.00 stage=move.
&lt; Warning: Vehicle '7' ends teleporting on edge '2/1to3/1', time=5.00.
&lt; Warning: Teleporting vehicle '20'; collision with vehicle '19', lane='1/1to2/1_0', gap=-0.26, time=34.00 stage=move.
&lt; Warning: Vehicle '20' ends teleporting on edge '2/1to3/1', time=34.00.
&lt; Warning: Teleporting vehicle '18'; collision with vehicle '17', lane='1/1to2/1_0', gap=-0.77, time=52.00 stage=move.
&lt; Warning: Teleporting vehicle '24'; collision with vehicle '23', lane='1/1to2/1_0', gap=-0.15, time=52.00 stage=move.
&lt; Warning: Vehicle '18' ends teleporting on edge '2/1to3/1', time=52.00.
&lt; Warning: Vehicle '24' ends teleporting on edge '2/1to3/1', time=52.00.
---
&gt; Traceback (most recent call last):
&gt;   File "/Users/sumo/clangMacOS_M1/sumo/tests/../tests/complex/sumo/speedMap/runner.py", line 26, in &lt;module&gt;
&gt;     import matplotlib
&gt; ModuleNotFoundError: No module named 'matplotlib'
---------- Missing result in state ----------
&lt;?xml version="1.0" encoding="UTF-8"?&gt;


&lt;netstate xmlns:xsi="http://www.w3.org/2001/XMLSchema-instance" xsi:noNamespaceSchemaLocation="http://sumo.dlr.de/xsd/netstate_file.xsd"&gt;
    &lt;timestep time="0.00"&gt;
        &lt;edge id="1/1to2/1"&gt;
            &lt;lane id="1/1to2/1_0"&gt;
                &lt;vehicle id="24" pos="308.00" speed="0.00"/&gt;
                &lt;vehicle id="23" pos="316.00" speed="0.00"/&gt;
                &lt;vehicle id="22" pos="324.00" speed="0.00"/&gt;
                &lt;vehicle id="21" pos="332.00" speed="0.00"/&gt;
                &lt;vehicle id="20" pos="340.00" speed="0.00"/&gt;
                &lt;vehicle id="19" pos="348.00" speed="0.00"/&gt;
                &lt;vehicle id="18" pos="356.00" speed="0.00"/&gt;
                &lt;vehicle id="17" pos="364.00" speed="0.00"/&gt;
                &lt;vehicle id="16" pos="372.00" speed="0.00"/&gt;
                &lt;vehicle id="15" pos="380.00" speed="0.00"/&gt;
                &lt;vehicle id="14" pos="388.00" speed="0.00"/&gt;
                &lt;vehicle id="13" pos="396.00" speed="0.00"/&gt;
                &lt;vehicle id="12" pos="404.00" speed="0.00"/&gt;
                &lt;vehicle id="11" pos="412.00" speed="0.00"/&gt;
                &lt;vehicle id="10" pos="420.00" speed="0.00"/&gt;
                &lt;vehicle id="9" pos="428.00" speed="0.00"/&gt;
                &lt;vehicle id="8" pos="436.00" speed="0.00"/&gt;
                &lt;vehicle id="7" pos="444.00" speed="0.00"/&gt;
                &lt;vehicle id="6" pos="452.00" speed="0.00"/&gt;
                &lt;vehicle id="5" pos="460.00" speed="0.00"/&gt;
                &lt;vehicle id="4" pos="468.00" speed="0.00"/&gt;
                &lt;vehicle id="3" pos="476.00" speed="0.00"/&gt;
                &lt;vehicle id="2" pos="484.00" speed="0.00"/&gt;
&lt;truncated after showing first 30 lines&gt;
</PRE>
<A NAME="defaultsumo xmlValidation"></A>
<H4>TEST FAILED on ts-bapmsumm1bld : sumo xmlValidation (
<A HREF="test_default.html#defaultsumo xmlValidation">Last six runs</A>
<A HREF="test_default_all_Oct2022.html#defaultsumo xmlValidation">Oct2022</A>
<A HREF="test_default_all_Sep2022.html#defaultsumo xmlValidation">Sep2022</A>

)</H4>

<PRE>---------- Differences in output ----------
14,17c14,17
&lt; XML schema: None XML element: trip SUMO_HOME: /home/micha/sumo --xml-validation never
&lt; XML schema: None XML element: trip SUMO_HOME: /home/micha/sumo --xml-validation local
&lt; XML schema: None XML element: trip SUMO_HOME: /home/micha/sumo --xml-validation auto
&lt; XML schema: None XML element: trip SUMO_HOME: /home/micha/sumo --xml-validation always
---
&gt; XML schema: None XML element: trip SUMO_HOME: /Users/sumo/clangMacOS_M1/sumo --xml-validation never
&gt; XML schema: None XML element: trip SUMO_HOME: /Users/sumo/clangMacOS_M1/sumo --xml-validation local
&gt; XML schema: None XML element: trip SUMO_HOME: /Users/sumo/clangMacOS_M1/sumo --xml-validation auto
&gt; XML schema: None XML element: trip SUMO_HOME: /Users/sumo/clangMacOS_M1/sumo --xml-validation always
81,82c81,82
&lt; XML schema: None XML element: tri SUMO_HOME: /home/micha/sumo --xml-validation never
&lt; XML schema: None XML element: tri SUMO_HOME: /home/micha/sumo --xml-validation local
---
&gt; XML schema: None XML element: tri SUMO_HOME: /Users/sumo/clangMacOS_M1/sumo --xml-validation never
&gt; XML schema: None XML element: tri SUMO_HOME: /Users/sumo/clangMacOS_M1/sumo --xml-validation local
88c88
&lt; XML schema: None XML element: tri SUMO_HOME: /home/micha/sumo --xml-validation auto
---
&gt; XML schema: None XML element: tri SUMO_HOME: /Users/sumo/clangMacOS_M1/sumo --xml-validation auto
94c94
&lt; XML schema: None XML element: tri SUMO_HOME: /home/micha/sumo --xml-validation always
---
&gt; XML schema: None XML element: tri SUMO_HOME: /Users/sumo/clangMacOS_M1/sumo --xml-validation always
173,175c173,175
&lt; XML schema: blub XML element: trip SUMO_HOME: /home/micha/sumo --xml-validation never
&lt; XML schema: blub XML element: trip SUMO_HOME: /home/micha/sumo --xml-validation local
&lt; Warning: Cannot read local schema '/home/micha/sumo/data/xsd/blub', XML validation will fail.
---
&gt; XML schema: blub XML element: trip SUMO_HOME: /Users/sumo/clangMacOS_M1/sumo --xml-validation never
&lt;truncated after showing first 30 lines&gt;
</PRE>
<A NAME="defaulttraci connection clientCloses sumo-gui"></A>
<H4>TEST FAILED on ts-bapmsumm1bld : traci connection clientCloses sumo-gui (
<A HREF="test_default.html#defaulttraci connection clientCloses sumo-gui">Last six runs</A>
<A HREF="test_default_all_Oct2022.html#defaulttraci connection clientCloses sumo-gui">Oct2022</A>
<A HREF="test_default_all_Sep2022.html#defaulttraci connection clientCloses sumo-gui">Sep2022</A>

)</H4>

<PRE>---------- Differences in errors ----------
0a1,5
&gt; Error: This system has no OpenGL support. Exiting.
&gt; Quitting (on error).
&gt; Traceback (most recent call last):
&gt;     raise FatalTraCIError("Could not connect in %s tries" % (numRetries + 1))
&gt; traci.exceptions.FatalTraCIError: Could not connect in 61 tries
---------- Differences in output ----------
3,15d2
&lt; Print ended at step 100.0
&lt; ----------- SUMO end time is not given -----------
&lt; Print ended at step 100.0
&lt; =========== empty routes in SUMO ===========
&lt; ----------- SUMO end time is smaller than TraCI's -----------
&lt; Print ended at step 100.0
&lt; ----------- SUMO end time is not given -----------
&lt; Print ended at step 100.0
&lt; =========== vehicle leaves before TraCI ends ===========
&lt; ----------- SUMO end time is smaller than TraCI's -----------
&lt; Print ended at step 100.0
&lt; ----------- SUMO end time is not given -----------
&lt; Print ended at step 100.0
</PRE>
<A NAME="defaulttraci connection closingOutput sumo-gui"></A>
<H4>TEST FAILED on ts-bapmsumm1bld : traci connection closingOutput sumo-gui (
<A HREF="test_default.html#defaulttraci connection closingOutput sumo-gui">Last six runs</A>
<A HREF="test_default_all_Oct2022.html#defaulttraci connection closingOutput sumo-gui">Oct2022</A>
<A HREF="test_default_all_Sep2022.html#defaulttraci connection closingOutput sumo-gui">Sep2022</A>

)</H4>

<PRE>---------- Differences in errors ----------
0a1,245
&gt; Error: This system has no OpenGL support. Exiting.
&gt; Quitting (on error).
&gt;   warnings.warn(("Could not connect to TraCI server using port %s (%s)." +
&gt; Error: This system has no OpenGL support. Exiting.
&gt; Quitting (on error).
&gt;   warnings.warn(("Could not connect to TraCI server using port %s (%s)." +
&gt; Error: This system has no OpenGL support. Exiting.
&gt; Quitting (on error).
&gt;   warnings.warn(("Could not connect to TraCI server using port %s (%s)." +
&gt; Error: This system has no OpenGL support. Exiting.
&gt; Quitting (on error).
&gt;   warnings.warn(("Could not connect to TraCI server using port %s (%s)." +
&gt; Error: This system has no OpenGL support. Exiting.
&gt; Quitting (on error).
&gt;   warnings.warn(("Could not connect to TraCI server using port %s (%s)." +
&gt; Error: This system has no OpenGL support. Exiting.
&gt; Quitting (on error).
&gt;   warnings.warn(("Could not connect to TraCI server using port %s (%s)." +
&gt; Error: This system has no OpenGL support. Exiting.
&gt; Quitting (on error).
&gt;   warnings.warn(("Could not connect to TraCI server using port %s (%s)." +
&gt; Error: This system has no OpenGL support. Exiting.
&gt; Quitting (on error).
&gt;   warnings.warn(("Could not connect to TraCI server using port %s (%s)." +
&gt; Error: This system has no OpenGL support. Exiting.
&gt; Quitting (on error).
&gt;   warnings.warn(("Could not connect to TraCI server using port %s (%s)." +
&gt; Error: This system has no OpenGL support. Exiting.
&gt; Quitting (on error).
&lt;truncated after showing first 30 lines&gt;
---------- Missing result in state ----------
&lt;?xml version="1.0" encoding="UTF-8"?&gt;


&lt;netstate xmlns:xsi="http://www.w3.org/2001/XMLSchema-instance" xsi:noNamespaceSchemaLocation="http://sumo.dlr.de/xsd/netstate_file.xsd"&gt;
    &lt;timestep time="0.00"&gt;
        &lt;edge id="2fi"&gt;
            &lt;lane id="2fi_0"&gt;
                &lt;vehicle id="horiz" pos="5.10" speed="0.00"/&gt;
            &lt;/lane&gt;
        &lt;/edge&gt;
    &lt;/timestep&gt;
    &lt;timestep time="1.00"&gt;
        &lt;edge id="2fi"&gt;
            &lt;lane id="2fi_0"&gt;
                &lt;vehicle id="horiz" pos="6.53" speed="1.43"/&gt;
            &lt;/lane&gt;
        &lt;/edge&gt;
    &lt;/timestep&gt;
    &lt;timestep time="2.00"&gt;
        &lt;edge id="2fi"&gt;
            &lt;lane id="2fi_0"&gt;
                &lt;vehicle id="horiz" pos="10.57" speed="4.03"/&gt;
            &lt;/lane&gt;
        &lt;/edge&gt;
    &lt;/timestep&gt;
    &lt;timestep time="3.00"&gt;
        &lt;edge id="2fi"&gt;
            &lt;lane id="2fi_0"&gt;
                &lt;vehicle id="horiz" pos="16.77" speed="6.21"/&gt;
            &lt;/lane&gt;
&lt;truncated after showing first 30 lines&gt;
---------- Missing result in tripinfo ----------
&lt;?xml version="1.0" encoding="UTF-8"?&gt;


&lt;tripinfos xmlns:xsi="http://www.w3.org/2001/XMLSchema-instance" xsi:noNamespaceSchemaLocation="http://sumo.dlr.de/xsd/tripinfo_file.xsd"&gt;
&lt;/tripinfos&gt;
</PRE>
<A NAME="defaulttraci connection multipleConnections basic sumo-gui"></A>
<H4>TEST FAILED on ts-bapmsumm1bld : traci connection multipleConnections basic sumo-gui (
<A HREF="test_default.html#defaulttraci connection multipleConnections basic sumo-gui">Last six runs</A>
<A HREF="test_default_all_Oct2022.html#defaulttraci connection multipleConnections basic sumo-gui">Oct2022</A>
<A HREF="test_default_all_Sep2022.html#defaulttraci connection multipleConnections basic sumo-gui">Sep2022</A>

)</H4>

<PRE>---------- Differences in errors ----------
0a1,128
&gt; Error: This system has no OpenGL support. Exiting.
&gt; Quitting (on error).
&gt; Process Process-1:
&gt; Traceback (most recent call last):
&gt;     raise FatalTraCIError("Could not connect in %s tries" % (numRetries + 1))
&gt; traci.exceptions.FatalTraCIError: Could not connect in 61 tries
&gt; Process Process-2:
&gt; Traceback (most recent call last):
&gt;     raise FatalTraCIError("Could not connect in %s tries" % (numRetries + 1))
&gt; traci.exceptions.FatalTraCIError: Could not connect in 61 tries
&gt; Error: This system has no OpenGL support. Exiting.
&gt; Quitting (on error).
&gt; Process Process-4:
&gt; Traceback (most recent call last):
&gt;     raise FatalTraCIError("Could not connect in %s tries" % (numRetries + 1))
&gt; traci.exceptions.FatalTraCIError: Could not connect in 61 tries
&gt; Process Process-3:
&gt; Traceback (most recent call last):
&gt;     raise FatalTraCIError("Could not connect in %s tries" % (numRetries + 1))
&gt; traci.exceptions.FatalTraCIError: Could not connect in 61 tries
&gt; Error: This system has no OpenGL support. Exiting.
&gt; Quitting (on error).
&gt; Process Process-6:
&gt; Traceback (most recent call last):
&gt;     raise FatalTraCIError("Could not connect in %s tries" % (numRetries + 1))
&gt; traci.exceptions.FatalTraCIError: Could not connect in 61 tries
&gt; Process Process-5:
&gt; Traceback (most recent call last):
&gt;     raise FatalTraCIError("Could not connect in %s tries" % (numRetries + 1))
&lt;truncated after showing first 30 lines&gt;
---------- Differences in output ----------
15,44d14
&lt; -- Unordered text as found by filter 'Process [0-9]' --
&lt; Process 1 ended at step 99
&lt; Process 1 ended at step 99
&lt; Process 1 ended at step 99
&lt; Process 1 ended at step 99
&lt; Process 1 ended at step 99
&lt; Process 1 ended at step 99
&lt; Process 1 ended at step 99
&lt; Process 1 ended at step 99
&lt; Process 2 ended at step 99
&lt; Process 2 ended at step 99
&lt; Process 2 ended at step 99
&lt; Process 2 ended at step 99
&lt; Process 2 ended at step 99
&lt; Process 2 ended at step 99
&lt; Process 2 ended at step 99
&lt; Process 2 ended at step 99
&lt; Process 3 ended at step 99
&lt; Process 3 ended at step 99
&lt; Process 3 ended at step 99
&lt; Process 3 ended at step 99
&lt; Process 4 ended at step 99
&lt; Process 4 ended at step 99
&lt; Process 4 ended at step 99
&lt; Process 4 ended at step 99
&lt; Process 5 ended at step 99
&lt; Process 5 ended at step 99
&lt; Process 5 ended at step 99
&lt; Process 5 ended at step 99
&lt;truncated after showing first 30 lines&gt;
</PRE>
<A NAME="defaulttraci connection parallelConnection sumo-gui"></A>
<H4>TEST FAILED on ts-bapmsumm1bld : traci connection parallelConnection sumo-gui (
<A HREF="test_default.html#defaulttraci connection parallelConnection sumo-gui">Last six runs</A>
<A HREF="test_default_all_Oct2022.html#defaulttraci connection parallelConnection sumo-gui">Oct2022</A>
<A HREF="test_default_all_Sep2022.html#defaulttraci connection parallelConnection sumo-gui">Sep2022</A>

)</H4>

<PRE>---------- Differences in errors ----------
0a1,5
&gt; Error: This system has no OpenGL support. Exiting.
&gt; Quitting (on error).
&gt; Traceback (most recent call last):
&gt;     raise FatalTraCIError("Could not connect.")
&gt; traci.exceptions.FatalTraCIError: Could not connect.
---------- Differences in output ----------
3,16d2
&lt;  Run 1
&lt;  Run 2
&lt; Print ended at step 100.0
&lt; Print ended at step 100.0
&lt; Print ended at step 100.0
&lt; Connection already closed.
&lt; ----------- TraCI ends first -----------
&lt;  Run 0
&lt;  Run 1
&lt;  Run 2
&lt; Print ended at step 100.0
&lt; Print ended at step 100.0
&lt; Print ended at step 100.0
&lt; Connection '2' is not known.
</PRE>
<A NAME="defaulttraci connection repeatedConnection sumo-gui"></A>
<H4>TEST FAILED on ts-bapmsumm1bld : traci connection repeatedConnection sumo-gui (
<A HREF="test_default.html#defaulttraci connection repeatedConnection sumo-gui">Last six runs</A>
<A HREF="test_default_all_Oct2022.html#defaulttraci connection repeatedConnection sumo-gui">Oct2022</A>
<A HREF="test_default_all_Sep2022.html#defaulttraci connection repeatedConnection sumo-gui">Sep2022</A>

)</H4>

<PRE>---------- Differences in errors ----------
0a1,5
&gt; Error: This system has no OpenGL support. Exiting.
&gt; Quitting (on error).
&gt; Traceback (most recent call last):
&gt;     raise FatalTraCIError("Could not connect in %s tries" % (numRetries + 1))
&gt; traci.exceptions.FatalTraCIError: Could not connect in 61 tries
---------- Differences in output ----------
3,42d2
&lt; Print ended at step 100.0
&lt;  Run 1
&lt; Print ended at step 100.0
&lt;  Run 2
&lt; Print ended at step 100.0
&lt;  Run 3
&lt; Print ended at step 100.0
&lt;  Run 4
&lt; Print ended at step 100.0
&lt;  Run 5
&lt; Print ended at step 100.0
&lt;  Run 6
&lt; Print ended at step 100.0
&lt;  Run 7
&lt; Print ended at step 100.0
&lt;  Run 8
&lt; Print ended at step 100.0
&lt;  Run 9
&lt; Print ended at step 100.0
&lt; ----------- TraCI ends first -----------
&lt;  Run 0
&lt; Print ended at step 100.0
&lt;  Run 1
&lt; Print ended at step 100.0
&lt;  Run 2
&lt; Print ended at step 100.0
&lt;  Run 3
&lt; Print ended at step 100.0
&lt;  Run 4
&lt;truncated after showing first 30 lines&gt;
</PRE>
<A NAME="defaulttraci gui b50"></A>
<H4>TEST FAILED on ts-bapmsumm1bld : traci gui b50 (
<A HREF="test_default.html#defaulttraci gui b50">Last six runs</A>
<A HREF="test_default_all_Oct2022.html#defaulttraci gui b50">Oct2022</A>
<A HREF="test_default_all_Sep2022.html#defaulttraci gui b50">Sep2022</A>

)</H4>

<PRE>---------- Differences in errors ----------
6a7,11
&gt; Error: This system has no OpenGL support. Exiting.
&gt; Quitting (on error).
&gt; Traceback (most recent call last):
&gt;     raise FatalTraCIError("Could not connect in %s tries" % (numRetries + 1))
&gt; traci.exceptions.FatalTraCIError: Could not connect in 61 tries
---------- Differences in output ----------
2,4d1
&lt; -- Unordered text as found by filter '^Loading configuration ... done.' --
&lt; Loading configuration ... done.
&lt; 
</PRE>
<A NAME="defaulttraci gui gui"></A>
<H4>TEST FAILED on ts-bapmsumm1bld : traci gui gui (
<A HREF="test_default.html#defaulttraci gui gui">Last six runs</A>
<A HREF="test_default_all_Oct2022.html#defaulttraci gui gui">Oct2022</A>
<A HREF="test_default_all_Sep2022.html#defaulttraci gui gui">Sep2022</A>

)</H4>

<PRE>---------- Differences in errors ----------
0a1,4
&gt; Traceback (most recent call last):
&gt;   File "/Users/sumo/clangMacOS_M1/sumo/tests/../tests/complex/traci/gui/gui/runner.py", line 26, in &lt;module&gt;
&gt;     from matplotlib.pyplot import imread
&gt; ModuleNotFoundError: No module named 'matplotlib'
---------- Differences in output ----------
1,29d0
&lt; step 0
&lt; step 1
&lt; step 2
&lt; hasGUI True
&lt; views ('View #0',)
&lt; examining View #0
&lt; set zoom (80.0)
&lt; get zoom 80.0
&lt; set offset (400.0, 400.0)
&lt; get offset (400.0, 400.0)
&lt; set schema ('real world')
&lt; get schema real world
&lt; visible boundary ((-805.859375, -230.0), (1605.859375, 1030.0))
&lt; has view View #0 True
&lt; has view 'foo' False
&lt; track vehicle 'horiz'
&lt; get tracked vehicle horiz
&lt; {0: ('View #0',)}
&lt; step 3
&lt; {0: ('View #0',)}
&lt; step 4
&lt; {0: ('View #0',)}
&lt; step 5
&lt; {0: ('View #0',)}
&lt; veh selected: False
&lt; edge selected: False
&lt; veh selected: True
&lt; edge selected: True
&lt; screenshot dimensions (500, 500, 4)
&lt;truncated after showing first 30 lines&gt;
</PRE>
<A NAME="defaulttraci gui polygon_dynamics_gui"></A>
<H4>TEST FAILED on ts-bapmsumm1bld : traci gui polygon_dynamics_gui (
<A HREF="test_default.html#defaulttraci gui polygon_dynamics_gui">Last six runs</A>
<A HREF="test_default_all_Oct2022.html#defaulttraci gui polygon_dynamics_gui">Oct2022</A>
<A HREF="test_default_all_Sep2022.html#defaulttraci gui polygon_dynamics_gui">Sep2022</A>

)</H4>

<PRE>---------- Differences in errors ----------
0a1,245
&gt; Error: This system has no OpenGL support. Exiting.
&gt; Quitting (on error).
&gt;   warnings.warn(("Could not connect to TraCI server using port %s (%s)." +
&gt; Error: This system has no OpenGL support. Exiting.
&gt; Quitting (on error).
&gt;   warnings.warn(("Could not connect to TraCI server using port %s (%s)." +
&gt; Error: This system has no OpenGL support. Exiting.
&gt; Quitting (on error).
&gt;   warnings.warn(("Could not connect to TraCI server using port %s (%s)." +
&gt; Error: This system has no OpenGL support. Exiting.
&gt; Quitting (on error).
&gt;   warnings.warn(("Could not connect to TraCI server using port %s (%s)." +
&gt; Error: This system has no OpenGL support. Exiting.
&gt; Quitting (on error).
&gt;   warnings.warn(("Could not connect to TraCI server using port %s (%s)." +
&gt; Error: This system has no OpenGL support. Exiting.
&gt; Quitting (on error).
&gt;   warnings.warn(("Could not connect to TraCI server using port %s (%s)." +
&gt; Error: This system has no OpenGL support. Exiting.
&gt; Quitting (on error).
&gt;   warnings.warn(("Could not connect to TraCI server using port %s (%s)." +
&gt; Error: This system has no OpenGL support. Exiting.
&gt; Quitting (on error).
&gt;   warnings.warn(("Could not connect to TraCI server using port %s (%s)." +
&gt; Error: This system has no OpenGL support. Exiting.
&gt; Quitting (on error).
&gt;   warnings.warn(("Could not connect to TraCI server using port %s (%s)." +
&gt; Error: This system has no OpenGL support. Exiting.
&gt; Quitting (on error).
&lt;truncated after showing first 30 lines&gt;
---------- Differences in output ----------
1,256d0
&lt; step 0
&lt; step 1
&lt; step 2
&lt; adding poly0
&lt; polygons ('poly0',)
&lt; polygon count 1
&lt; # examining poly0
&lt; shape ((960.0, 510.0), (960.0, 550.0), (1000.0, 550.0), (1000.0, 510.0))
&lt; type test
&lt; color (100, 200, 0, 255)
&lt; filled True
&lt; step 3
&lt; step 4
&lt; step 5
&lt; # (1) Adding underspecified dynamics...
&lt; Caught TraCIException
&lt; # (2) Adding malformed dynamics 1 ...
&lt; Caught TraCIException
&lt; # (3) Adding malformed dynamics 2 ...
&lt; Caught TraCIException
&lt; # (4) Adding malformed dynamics 3 ...
&lt; Caught TraCIException
&lt; # (5) Adding malformed dynamics 4 ...
&lt; Caught TraCIException
&lt; # (6) Adding malformed dynamics 5 ...
&lt; Caught TraCIException
&lt; # examining poly0
&lt; shape ((960.0, 510.0), (960.0, 550.0), (1000.0, 550.0), (1000.0, 510.0))
&lt; type test
&lt;truncated after showing first 30 lines&gt;
</PRE>
<A NAME="defaulttraci gui polygon_dynamics_remove"></A>
<H4>TEST FAILED on ts-bapmsumm1bld : traci gui polygon_dynamics_remove (
<A HREF="test_default.html#defaulttraci gui polygon_dynamics_remove">Last six runs</A>
<A HREF="test_default_all_Oct2022.html#defaulttraci gui polygon_dynamics_remove">Oct2022</A>
<A HREF="test_default_all_Sep2022.html#defaulttraci gui polygon_dynamics_remove">Sep2022</A>

)</H4>

<PRE>---------- Differences in errors ----------
0a1,245
&gt; Error: This system has no OpenGL support. Exiting.
&gt; Quitting (on error).
&gt;   warnings.warn(("Could not connect to TraCI server using port %s (%s)." +
&gt; Error: This system has no OpenGL support. Exiting.
&gt; Quitting (on error).
&gt;   warnings.warn(("Could not connect to TraCI server using port %s (%s)." +
&gt; Error: This system has no OpenGL support. Exiting.
&gt; Quitting (on error).
&gt;   warnings.warn(("Could not connect to TraCI server using port %s (%s)." +
&gt; Error: This system has no OpenGL support. Exiting.
&gt; Quitting (on error).
&gt;   warnings.warn(("Could not connect to TraCI server using port %s (%s)." +
&gt; Error: This system has no OpenGL support. Exiting.
&gt; Quitting (on error).
&gt;   warnings.warn(("Could not connect to TraCI server using port %s (%s)." +
&gt; Error: This system has no OpenGL support. Exiting.
&gt; Quitting (on error).
&gt;   warnings.warn(("Could not connect to TraCI server using port %s (%s)." +
&gt; Error: This system has no OpenGL support. Exiting.
&gt; Quitting (on error).
&gt;   warnings.warn(("Could not connect to TraCI server using port %s (%s)." +
&gt; Error: This system has no OpenGL support. Exiting.
&gt; Quitting (on error).
&gt;   warnings.warn(("Could not connect to TraCI server using port %s (%s)." +
&gt; Error: This system has no OpenGL support. Exiting.
&gt; Quitting (on error).
&gt;   warnings.warn(("Could not connect to TraCI server using port %s (%s)." +
&gt; Error: This system has no OpenGL support. Exiting.
&gt; Quitting (on error).
&lt;truncated after showing first 30 lines&gt;
</PRE>
<A NAME="defaulttutorial city_mobil taxi_cyber"></A>
<H4>TEST FAILED on ts-bapmsumm1bld : tutorial city_mobil taxi_cyber (
<A HREF="test_default.html#defaulttutorial city_mobil taxi_cyber">Last six runs</A>
<A HREF="test_default_all_Oct2022.html#defaulttutorial city_mobil taxi_cyber">Oct2022</A>
<A HREF="test_default_all_Sep2022.html#defaulttutorial city_mobil taxi_cyber">Sep2022</A>

)</H4>

<PRE>---------- Differences in errors ----------
1,2c1
&lt; Warning: Person 'v-7.5p0' is jammed on edge 'cyber6to7', time=644.00.
&lt; Warning: Person 'v7.6p2' is jammed on edge 'cyber6to7', time=648.00.
---
&gt; Warning: Person 'v-7.6p0' is jammed on edge 'cyber6to7', time=681.00.
</PRE>
<A NAME="defaultunit_tests testcommon"></A>
<H4>TEST FAILED on ts-bapmsumm1bld : unit_tests testcommon (
<A HREF="test_default.html#defaultunit_tests testcommon">Last six runs</A>
<A HREF="test_default_all_Oct2022.html#defaultunit_tests testcommon">Oct2022</A>
<A HREF="test_default_all_Sep2022.html#defaultunit_tests testcommon">Sep2022</A>

)</H4>

<PRE>---------- Differences in errors ----------
0a1,10
&gt; Traceback (most recent call last):
&gt;   File "/Users/sumo/clangMacOS_M1/sumo/tests/toolrunner.py", line 39, in &lt;module&gt;
&gt;     subprocess.call(tool + sys.argv[1:], env=os.environ, stdout=sys.stdout, stderr=sys.stderr)
&gt;   File "/opt/homebrew/Cellar/python@3.9/3.9.12_1/Frameworks/Python.framework/Versions/3.9/lib/python3.9/subprocess.py", line 349, in call
&gt;     with Popen(*popenargs, **kwargs) as p:
&gt;   File "/opt/homebrew/Cellar/python@3.9/3.9.12_1/Frameworks/Python.framework/Versions/3.9/lib/python3.9/subprocess.py", line 951, in __init__
&gt;     self._execute_child(args, executable, preexec_fn, close_fds,
&gt;   File "/opt/homebrew/Cellar/python@3.9/3.9.12_1/Frameworks/Python.framework/Versions/3.9/lib/python3.9/subprocess.py", line 1821, in _execute_child
&gt;     raise child_exception_type(errno_num, err_msg, err_filename)
&gt; FileNotFoundError: [Errno 2] No such file or directory: '/Users/sumo/clangMacOS_M1/sumo/tests/../bin/testcommon'
---------- Differences in output ----------
1,111d0
&lt; Running main() from gtest_main.cc
&lt; [==========] Running 45 tests from 5 test suites.
&lt; [----------] Global test environment set-up.
&lt; [----------] 10 tests from StringTokenizer
&lt; [ RUN      ] StringTokenizer.test_split_with_whitechar
&lt; [       OK ] StringTokenizer.test_split_with_whitechar ((TIME))
&lt; [ RUN      ] StringTokenizer.test_split_with_newline
&lt; [       OK ] StringTokenizer.test_split_with_newline ((TIME))
&lt; [ RUN      ] StringTokenizer.test_split_with_x
&lt; [       OK ] StringTokenizer.test_split_with_x ((TIME))
&lt; [ RUN      ] StringTokenizer.test_split_any_char
&lt; [       OK ] StringTokenizer.test_split_any_char ((TIME))
&lt; [ RUN      ] StringTokenizer.test_method_reinit
&lt; [       OK ] StringTokenizer.test_method_reinit ((TIME))
&lt; [ RUN      ] StringTokenizer.test_method_size
&lt; [       OK ] StringTokenizer.test_method_size ((TIME))
&lt; [ RUN      ] StringTokenizer.test_method_front
&lt; [       OK ] StringTokenizer.test_method_front ((TIME))
&lt; [ RUN      ] StringTokenizer.test_method_get
&lt; [       OK ] StringTokenizer.test_method_get ((TIME))
&lt; [ RUN      ] StringTokenizer.test_method_get_with_empty_data
&lt; [       OK ] StringTokenizer.test_method_get_with_empty_data ((TIME))
&lt; [ RUN      ] StringTokenizer.test_method_getVector
&lt; [       OK ] StringTokenizer.test_method_getVector ((TIME))
&lt; [----------] 10 tests from StringTokenizer ((TIME) total)
&lt; 
&lt; [----------] 4 tests from FileHelpers
&lt; [ RUN      ] FileHelpers.test_method_checkForRelativity
&lt; [       OK ] FileHelpers.test_method_checkForRelativity ((TIME))
&lt;truncated after showing first 30 lines&gt;
---------- New result in exitcode ----------
1
</PRE>
<A NAME="defaultunit_tests testfoxtools"></A>
<H4>TEST FAILED on ts-bapmsumm1bld : unit_tests testfoxtools (
<A HREF="test_default.html#defaultunit_tests testfoxtools">Last six runs</A>
<A HREF="test_default_all_Oct2022.html#defaultunit_tests testfoxtools">Oct2022</A>
<A HREF="test_default_all_Sep2022.html#defaultunit_tests testfoxtools">Sep2022</A>

)</H4>

<PRE>---------- Differences in errors ----------
0a1,10
&gt; Traceback (most recent call last):
&gt;   File "/Users/sumo/clangMacOS_M1/sumo/tests/toolrunner.py", line 39, in &lt;module&gt;
&gt;     subprocess.call(tool + sys.argv[1:], env=os.environ, stdout=sys.stdout, stderr=sys.stderr)
&gt;   File "/opt/homebrew/Cellar/python@3.9/3.9.12_1/Frameworks/Python.framework/Versions/3.9/lib/python3.9/subprocess.py", line 349, in call
&gt;     with Popen(*popenargs, **kwargs) as p:
&gt;   File "/opt/homebrew/Cellar/python@3.9/3.9.12_1/Frameworks/Python.framework/Versions/3.9/lib/python3.9/subprocess.py", line 951, in __init__
&gt;     self._execute_child(args, executable, preexec_fn, close_fds,
&gt;   File "/opt/homebrew/Cellar/python@3.9/3.9.12_1/Frameworks/Python.framework/Versions/3.9/lib/python3.9/subprocess.py", line 1821, in _execute_child
&gt;     raise child_exception_type(errno_num, err_msg, err_filename)
&gt; FileNotFoundError: [Errno 2] No such file or directory: '/Users/sumo/clangMacOS_M1/sumo/tests/../bin/testfoxtools'
---------- Differences in output ----------
1,13d0
&lt; Running main() from gtest_main.cc
&lt; [==========] Running 2 tests from 1 test suite.
&lt; [----------] Global test environment set-up.
&lt; [----------] 2 tests from MFXWorkerThread
&lt; [ RUN      ] MFXWorkerThread.test_init
&lt; [       OK ] MFXWorkerThread.test_init ((TIME))
&lt; [ RUN      ] MFXWorkerThread.test_get_all
&lt; [       OK ] MFXWorkerThread.test_get_all ((TIME))
&lt; [----------] 2 tests from MFXWorkerThread ((TIME) total)
&lt; 
&lt; [----------] Global test environment tear-down
&lt; [==========] 2 tests from 1 test suite ran. ((TIME) total)
&lt; [  PASSED  ] 2 tests.
---------- New result in exitcode ----------
1
</PRE>
<A NAME="defaultunit_tests testgeom"></A>
<H4>TEST FAILED on ts-bapmsumm1bld : unit_tests testgeom (
<A HREF="test_default.html#defaultunit_tests testgeom">Last six runs</A>
<A HREF="test_default_all_Oct2022.html#defaultunit_tests testgeom">Oct2022</A>
<A HREF="test_default_all_Sep2022.html#defaultunit_tests testgeom">Sep2022</A>

)</H4>

<PRE>---------- Differences in errors ----------
0a1,10
&gt; Traceback (most recent call last):
&gt;   File "/Users/sumo/clangMacOS_M1/sumo/tests/toolrunner.py", line 39, in &lt;module&gt;
&gt;     subprocess.call(tool + sys.argv[1:], env=os.environ, stdout=sys.stdout, stderr=sys.stderr)
&gt;   File "/opt/homebrew/Cellar/python@3.9/3.9.12_1/Frameworks/Python.framework/Versions/3.9/lib/python3.9/subprocess.py", line 349, in call
&gt;     with Popen(*popenargs, **kwargs) as p:
&gt;   File "/opt/homebrew/Cellar/python@3.9/3.9.12_1/Frameworks/Python.framework/Versions/3.9/lib/python3.9/subprocess.py", line 951, in __init__
&gt;     self._execute_child(args, executable, preexec_fn, close_fds,
&gt;   File "/opt/homebrew/Cellar/python@3.9/3.9.12_1/Frameworks/Python.framework/Versions/3.9/lib/python3.9/subprocess.py", line 1821, in _execute_child
&gt;     raise child_exception_type(errno_num, err_msg, err_filename)
&gt; FileNotFoundError: [Errno 2] No such file or directory: '/Users/sumo/clangMacOS_M1/sumo/tests/../bin/testgeom'
---------- Differences in output ----------
1,71d0
&lt; Running main() from gtest_main.cc
&lt; [==========] Running 28 tests from 3 test suites.
&lt; [----------] Global test environment set-up.
&lt; [----------] 12 tests from Boundary
&lt; [ RUN      ] Boundary.test_method_add
&lt; [       OK ] Boundary.test_method_add ((TIME))
&lt; [ RUN      ] Boundary.test_method_add_multiple
&lt; [       OK ] Boundary.test_method_add_multiple ((TIME))
&lt; [ RUN      ] Boundary.test_method_getCenter
&lt; [       OK ] Boundary.test_method_getCenter ((TIME))
&lt; [ RUN      ] Boundary.test_method_getWidthHeight
&lt; [       OK ] Boundary.test_method_getWidthHeight ((TIME))
&lt; [ RUN      ] Boundary.test_method_around
&lt; [       OK ] Boundary.test_method_around ((TIME))
&lt; [ RUN      ] Boundary.test_method_overlapsWith
&lt; [       OK ] Boundary.test_method_overlapsWith ((TIME))
&lt; [ RUN      ] Boundary.test_method_crosses
&lt; [       OK ] Boundary.test_method_crosses ((TIME))
&lt; [ RUN      ] Boundary.test_method_partialWithin
&lt; [       OK ] Boundary.test_method_partialWithin ((TIME))
&lt; [ RUN      ] Boundary.test_method_flipY
&lt; [       OK ] Boundary.test_method_flipY ((TIME))
&lt; [ RUN      ] Boundary.test_method_moveby
&lt; [       OK ] Boundary.test_method_moveby ((TIME))
&lt; [ RUN      ] Boundary.test_method_growWidth
&lt; [       OK ] Boundary.test_method_growWidth ((TIME))
&lt; [ RUN      ] Boundary.test_method_growHeight
&lt; [       OK ] Boundary.test_method_growHeight ((TIME))
&lt; [----------] 12 tests from Boundary ((TIME) total)
&lt;truncated after showing first 30 lines&gt;
---------- New result in exitcode ----------
1
</PRE>
<A NAME="defaultunit_tests testmicrosim"></A>
<H4>TEST FAILED on ts-bapmsumm1bld : unit_tests testmicrosim (
<A HREF="test_default.html#defaultunit_tests testmicrosim">Last six runs</A>
<A HREF="test_default_all_Oct2022.html#defaultunit_tests testmicrosim">Oct2022</A>
<A HREF="test_default_all_Sep2022.html#defaultunit_tests testmicrosim">Sep2022</A>

)</H4>

<PRE>---------- Differences in errors ----------
0a1,10
&gt; Traceback (most recent call last):
&gt;   File "/Users/sumo/clangMacOS_M1/sumo/tests/toolrunner.py", line 39, in &lt;module&gt;
&gt;     subprocess.call(tool + sys.argv[1:], env=os.environ, stdout=sys.stdout, stderr=sys.stderr)
&gt;   File "/opt/homebrew/Cellar/python@3.9/3.9.12_1/Frameworks/Python.framework/Versions/3.9/lib/python3.9/subprocess.py", line 349, in call
&gt;     with Popen(*popenargs, **kwargs) as p:
&gt;   File "/opt/homebrew/Cellar/python@3.9/3.9.12_1/Frameworks/Python.framework/Versions/3.9/lib/python3.9/subprocess.py", line 951, in __init__
&gt;     self._execute_child(args, executable, preexec_fn, close_fds,
&gt;   File "/opt/homebrew/Cellar/python@3.9/3.9.12_1/Frameworks/Python.framework/Versions/3.9/lib/python3.9/subprocess.py", line 1821, in _execute_child
&gt;     raise child_exception_type(errno_num, err_msg, err_filename)
&gt; FileNotFoundError: [Errno 2] No such file or directory: '/Users/sumo/clangMacOS_M1/sumo/tests/../bin/testmicrosim'
---------- Differences in output ----------
1,29d0
&lt; Running main() from gtest_main.cc
&lt; [==========] Running 7 tests from 3 test suites.
&lt; [----------] Global test environment set-up.
&lt; [----------] 1 test from MSEventControl
&lt; [ RUN      ] MSEventControl.test_method_execute
&lt; [       OK ] MSEventControl.test_method_execute ((TIME))
&lt; [----------] 1 test from MSEventControl ((TIME) total)
&lt; 
&lt; [----------] 4 tests from MSCFModelTest
&lt; [ RUN      ] MSCFModelTest.test_method_brakeGap
&lt; [       OK ] MSCFModelTest.test_method_brakeGap ((TIME))
&lt; [ RUN      ] MSCFModelTest.test_method_static_brakeGap
&lt; [       OK ] MSCFModelTest.test_method_static_brakeGap ((TIME))
&lt; [ RUN      ] MSCFModelTest.test_method_static_freeSpeed
&lt; [       OK ] MSCFModelTest.test_method_static_freeSpeed ((TIME))
&lt; [ RUN      ] MSCFModelTest.test_method_static_freeSpeed_half
&lt; [       OK ] MSCFModelTest.test_method_static_freeSpeed_half ((TIME))
&lt; [----------] 4 tests from MSCFModelTest ((TIME) total)
&lt; 
&lt; [----------] 2 tests from MSCFModel_IDMTest
&lt; [ RUN      ] MSCFModel_IDMTest.test_method_brakeGap
&lt; [       OK ] MSCFModel_IDMTest.test_method_brakeGap ((TIME))
&lt; [ RUN      ] MSCFModel_IDMTest.test_method_getSecureGap
&lt; [       OK ] MSCFModel_IDMTest.test_method_getSecureGap ((TIME))
&lt; [----------] 2 tests from MSCFModel_IDMTest ((TIME) total)
&lt; 
&lt; [----------] Global test environment tear-down
&lt; [==========] 7 tests from 3 test suites ran. ((TIME) total)
&lt; [  PASSED  ] 7 tests.
&lt;truncated after showing first 30 lines&gt;
---------- New result in exitcode ----------
1
</PRE>
<A NAME="defaultunit_tests testnetbuild"></A>
<H4>TEST FAILED on ts-bapmsumm1bld : unit_tests testnetbuild (
<A HREF="test_default.html#defaultunit_tests testnetbuild">Last six runs</A>
<A HREF="test_default_all_Oct2022.html#defaultunit_tests testnetbuild">Oct2022</A>
<A HREF="test_default_all_Sep2022.html#defaultunit_tests testnetbuild">Sep2022</A>

)</H4>

<PRE>---------- Differences in errors ----------
0a1,10
&gt; Traceback (most recent call last):
&gt;   File "/Users/sumo/clangMacOS_M1/sumo/tests/toolrunner.py", line 39, in &lt;module&gt;
&gt;     subprocess.call(tool + sys.argv[1:], env=os.environ, stdout=sys.stdout, stderr=sys.stderr)
&gt;   File "/opt/homebrew/Cellar/python@3.9/3.9.12_1/Frameworks/Python.framework/Versions/3.9/lib/python3.9/subprocess.py", line 349, in call
&gt;     with Popen(*popenargs, **kwargs) as p:
&gt;   File "/opt/homebrew/Cellar/python@3.9/3.9.12_1/Frameworks/Python.framework/Versions/3.9/lib/python3.9/subprocess.py", line 951, in __init__
&gt;     self._execute_child(args, executable, preexec_fn, close_fds,
&gt;   File "/opt/homebrew/Cellar/python@3.9/3.9.12_1/Frameworks/Python.framework/Versions/3.9/lib/python3.9/subprocess.py", line 1821, in _execute_child
&gt;     raise child_exception_type(errno_num, err_msg, err_filename)
&gt; FileNotFoundError: [Errno 2] No such file or directory: '/Users/sumo/clangMacOS_M1/sumo/tests/../bin/testnetbuild'
---------- Differences in output ----------
1,16d0
&lt; Running main() from gtest_main.cc
&lt; [==========] Running 2 tests from 2 test suites.
&lt; [----------] Global test environment set-up.
&lt; [----------] 1 test from NBHeightMapperTest
&lt; [ RUN      ] NBHeightMapperTest.test_method_getZ
&lt; [       OK ] NBHeightMapperTest.test_method_getZ ((TIME))
&lt; [----------] 1 test from NBHeightMapperTest ((TIME) total)
&lt; 
&lt; [----------] 1 test from NBTrafficLightLogic
&lt; [ RUN      ] NBTrafficLightLogic.test_method_getDuration
&lt; [       OK ] NBTrafficLightLogic.test_method_getDuration ((TIME))
&lt; [----------] 1 test from NBTrafficLightLogic ((TIME) total)
&lt; 
&lt; [----------] Global test environment tear-down
&lt; [==========] 2 tests from 2 test suites ran. ((TIME) total)
&lt; [  PASSED  ] 2 tests.
---------- New result in exitcode ----------
1
</PRE>

<A NAME="defaulthad known bugs"></A>
<H3>Detailed information for the tests that had known bugs:</H3>

<A NAME="defaultsumo ToCDevice dynamic_ToC_stop"></A>
<H4>TEST had known bugs (see #8973) on ts-bapmsumm1bld : sumo ToCDevice dynamic_ToC_stop (
<A HREF="test_default.html#defaultsumo ToCDevice dynamic_ToC_stop">Last six runs</A>
<A HREF="test_default_all_Oct2022.html#defaultsumo ToCDevice dynamic_ToC_stop">Oct2022</A>
<A HREF="test_default_all_Sep2022.html#defaultsumo ToCDevice dynamic_ToC_stop">Sep2022</A>

)</H4>

<PRE>dynamic ToC triggered despite stop present on vehicle's lane continuation
(This bug was triggered by text found in file 'tocs' matching 'DYNTOR')
</PRE>
<A NAME="defaultsumo output one_vehicle"></A>
<H4>TEST had known bugs (see #254) on ts-bapmsumm1bld : sumo output one_vehicle (
<A HREF="test_default.html#defaultsumo output one_vehicle">Last six runs</A>
<A HREF="test_default_all_Oct2022.html#defaultsumo output one_vehicle">Oct2022</A>
<A HREF="test_default_all_Sep2022.html#defaultsumo output one_vehicle">Sep2022</A>

)</H4>

<PRE>different outputs from detectors which should detect the same
(This bug was triggered by text found in file 'output' matching 'failed')
---------- Differences in output ----------
5,7c5,7
&lt; success 0.1 ['--step-length', '.1', '--end', '100'] ['3/1to2/1_0']
&lt; success 1 ['--step-length', '.1', '--end', '100'] ['3/1to2/1_0']
&lt; success 10 ['--step-length', '.1', '--end', '100'] ['3/1to2/1_0']
---
&gt; failed 0.1 ['--step-length', '.1', '--end', '100'] 3/1to2/1_0 (71.4, 71.5) &lt;zip object at 0x104e367c0&gt;
&gt; failed 1 ['--step-length', '.1', '--end', '100'] 3/1to2/1_0 (72.0, 73.0) &lt;zip object at 0x104e4f240&gt;
&gt; failed 10 ['--step-length', '.1', '--end', '100'] 3/1to2/1_0 (80.0, 90.0) &lt;zip object at 0x104e315c0&gt;
9,12c9,12
&lt; success 0.1 ['--step-length', '.1', '--end', '1000'] ['3/1to2/1_0']
&lt; success 1 ['--step-length', '.1', '--end', '1000'] ['3/1to2/1_0']
&lt; success 10 ['--step-length', '.1', '--end', '1000'] ['3/1to2/1_0']
&lt; success 100 ['--step-length', '.1', '--end', '1000'] ['3/1to2/1_0']
---
&gt; failed 0.1 ['--step-length', '.1', '--end', '1000'] 3/1to2/1_0 (71.4, 71.5) &lt;zip object at 0x104e16700&gt;
&gt; failed 1 ['--step-length', '.1', '--end', '1000'] 3/1to2/1_0 (72.0, 73.0) &lt;zip object at 0x104e7b880&gt;
&gt; failed 10 ['--step-length', '.1', '--end', '1000'] 3/1to2/1_0 (80.0, 90.0) &lt;zip object at 0x104e3bbc0&gt;
&gt; failed 100 ['--step-length', '.1', '--end', '1000'] 3/1to2/1_0 (100.0, 200.0) &lt;zip object at 0x104e3ba80&gt;
17,19c17,19
&lt; success 0.1 ['--step-length', '1', '--end', '100'] ['3/1to2/1_0']
&lt; success 1 ['--step-length', '1', '--end', '100'] ['3/1to2/1_0']
&lt; success 10 ['--step-length', '1', '--end', '100'] ['3/1to2/1_0']
---
&gt; failed 0.1 ['--step-length', '1', '--end', '100'] 3/1to2/1_0 (73.0, 74.0) &lt;zip object at 0x104e3b1c0&gt;
&gt; failed 1 ['--step-length', '1', '--end', '100'] 3/1to2/1_0 (73.0, 74.0) &lt;zip object at 0x104e3b1c0&gt;
&gt; failed 10 ['--step-length', '1', '--end', '100'] 3/1to2/1_0 (80.0, 90.0) &lt;zip object at 0x104e3b1c0&gt;
21,50c21,24
&lt; success 0.1 ['--step-length', '1', '--end', '1000'] ['3/1to2/1_0']
&lt; success 1 ['--step-length', '1', '--end', '1000'] ['3/1to2/1_0']
&lt; success 10 ['--step-length', '1', '--end', '1000'] ['3/1to2/1_0']
&lt;truncated after showing first 30 lines&gt;
</PRE>
<A NAME="defaultsumo output teleport"></A>
<H4>TEST had known bugs (see #254) on ts-bapmsumm1bld : sumo output teleport (
<A HREF="test_default.html#defaultsumo output teleport">Last six runs</A>
<A HREF="test_default_all_Oct2022.html#defaultsumo output teleport">Oct2022</A>
<A HREF="test_default_all_Sep2022.html#defaultsumo output teleport">Sep2022</A>

)</H4>

<PRE>different outputs from detectors which should detect the same
(This bug was triggered by text found in file 'output' matching 'failed')
---------- Differences in output ----------
1,98c1,48
&lt; success ['--step-length', '.1', '--end', '51'] ['2/1to1/1_0']
&lt; success ['--step-length', '.1', '--end', '51'] ['2/1to1/1_0', '1/1to0/1_0']
&lt; success ['--step-length', '.1', '--end', '51'] ['2/1to1/1_0']
&lt; success ['--step-length', '.1', '--end', '51'] ['2/1to1/1_0', '1/1to0/1_0']
&lt; success ['--step-length', '.1', '--end', '51'] ['2/1to1/1_0']
&lt; success ['--step-length', '.1', '--end', '51'] ['2/1to1/1_0', '1/1to0/1_0']
&lt; success ['--step-length', '.1', '--end', '51'] ['2/1to1/1_0']
&lt; success ['--step-length', '.1', '--end', '51'] ['2/1to1/1_0', '1/1to0/1_0']
&lt; success ['--step-length', '.1', '--end', '100'] ['2/1to1/1_0']
&lt; success ['--step-length', '.1', '--end', '100'] ['2/1to1/1_0', '1/1to0/1_0']
&lt; success ['--step-length', '.1', '--end', '100'] ['2/1to1/1_0']
&lt; success ['--step-length', '.1', '--end', '100'] ['2/1to1/1_0', '1/1to0/1_0']
&lt; success ['--step-length', '.1', '--end', '100'] ['2/1to1/1_0']
&lt; success ['--step-length', '.1', '--end', '100'] ['2/1to1/1_0', '1/1to0/1_0']
&lt; success ['--step-length', '.1', '--end', '100'] ['2/1to1/1_0']
&lt; success ['--step-length', '.1', '--end', '100'] ['2/1to1/1_0', '1/1to0/1_0']
&lt; failed ['--step-length', '.1', '--end', '1000'] 2/1to1/1_0 (108.6, 108.7) [9.9, 10.0, 9.9, 9.9]
&lt; failed ['--step-length', '.1', '--end', '1000'] 2/1to1/1_0 (108.6, 108.7) [9.9, 10.0, 9.9, 9.9]
&lt; failed ['--step-length', '.1', '--end', '1000'] 2/1to1/1_0 (108.0, 109.0) [9.87, 10.0, 9.87, 9.87]
&lt; failed ['--step-length', '.1', '--end', '1000'] 2/1to1/1_0 (108.0, 109.0) [9.87, 10.0, 9.87, 9.87]
&lt; failed ['--step-length', '.1', '--end', '1000'] 2/1to1/1_0 (100.0, 110.0) [9.85, 9.96, 9.85, 9.85]
&lt; failed ['--step-length', '.1', '--end', '1000'] 2/1to1/1_0 (100.0, 110.0) [9.85, 9.96, 9.85, 9.85]
&lt; failed ['--step-length', '.1', '--end', '1000'] 2/1to1/1_0 (100.0, 200.0) [-1.0, 2.26, 3.2, 2.27, 2.27]
&lt; failed ['--step-length', '.1', '--end', '1000'] 2/1to1/1_0 (100.0, 200.0) [-1.0, 2.26, 3.2, 2.27, 2.27]
&lt; success ['--step-length', '1', '--end', '51'] ['2/1to1/1_0']
&lt; success ['--step-length', '1', '--end', '51'] ['2/1to1/1_0', '1/1to0/1_0']
&lt; success ['--step-length', '1', '--end', '51'] ['2/1to1/1_0']
&lt; success ['--step-length', '1', '--end', '51'] ['2/1to1/1_0', '1/1to0/1_0']
&lt; success ['--step-length', '1', '--end', '51'] ['2/1to1/1_0']
&lt;truncated after showing first 30 lines&gt;
</PRE>
<A NAME="defaultsumo output teleport_multihop"></A>
<H4>TEST had known bugs (see #254) on ts-bapmsumm1bld : sumo output teleport_multihop (
<A HREF="test_default.html#defaultsumo output teleport_multihop">Last six runs</A>
<A HREF="test_default_all_Oct2022.html#defaultsumo output teleport_multihop">Oct2022</A>
<A HREF="test_default_all_Sep2022.html#defaultsumo output teleport_multihop">Sep2022</A>

)</H4>

<PRE>different outputs from detectors which should detect the same
(This bug was triggered by text found in file 'output' matching 'failed')
---------- Differences in output ----------
17,24c17,24
&lt; success 0.1 ['--step-length', '.1', '--end', '1000'] 2/1to1/1_0 (230.0, 230.1) [('e2', 9.99), ('e3', 10.0), ('edge', 9.99), ('lane', 9.99)]
&lt; success 0.1 ['--step-length', '.1', '--end', '1000'] 1/1to0/1_0 (148.1, 148.2) [('e2', 9.99), ('e3', 10.0), ('edge', 9.99), ('lane', 9.99)]
&lt; success 1 ['--step-length', '.1', '--end', '1000'] 2/1to1/1_0 (230.0, 231.0) [('e2', 9.99), ('e3', 10.0), ('edge', 9.99), ('lane', 9.99)]
&lt; success 1 ['--step-length', '.1', '--end', '1000'] 1/1to0/1_0 (148.0, 149.0) [('e2', 9.91), ('e3', 10.0), ('edge', 9.91), ('lane', 9.91)]
&lt; success 10 ['--step-length', '.1', '--end', '1000'] 2/1to1/1_0 (230.0, 240.0) [('e2', 9.42), ('e3', 9.9), ('edge', 9.42), ('lane', 9.42)]
&lt; success 10 ['--step-length', '.1', '--end', '1000'] 1/1to0/1_0 (140.0, 150.0) [('e2', 9.96), ('e3', 9.99), ('edge', 9.96), ('lane', 9.96)]
&lt; success 100 ['--step-length', '.1', '--end', '1000'] 2/1to1/1_0 (200.0, 300.0) [('e1', 10.0), ('e2', 9.22), ('e3', 5.71), ('edge', 9.22), ('lane', 9.22)]
&lt; success 100 ['--step-length', '.1', '--end', '1000'] 1/1to0/1_0 (100.0, 200.0) [('e1', 9.53), ('e2', 5.82), ('e3', 6.93), ('edge', 5.82), ('lane', 5.82)]
---
&gt; failed 0.1 ['--step-length', '.1', '--end', '1000'] 2/1to1/1_0 (148.9, 149.0) &lt;zip object at 0x1046174c0&gt;
&gt; failed 0.1 ['--step-length', '.1', '--end', '1000'] 2/1to1/1_0 (148.9, 149.0) &lt;zip object at 0x104651f00&gt;
&gt; failed 1 ['--step-length', '.1', '--end', '1000'] 2/1to1/1_0 (149.0, 150.0) &lt;zip object at 0x104a4c180&gt;
&gt; failed 1 ['--step-length', '.1', '--end', '1000'] 2/1to1/1_0 (149.0, 150.0) &lt;zip object at 0x1048a8b40&gt;
&gt; failed 10 ['--step-length', '.1', '--end', '1000'] 2/1to1/1_0 (140.0, 150.0) &lt;zip object at 0x104660bc0&gt;
&gt; failed 10 ['--step-length', '.1', '--end', '1000'] 2/1to1/1_0 (140.0, 150.0) &lt;zip object at 0x104660b40&gt;
&gt; failed 100 ['--step-length', '.1', '--end', '1000'] 2/1to1/1_0 (100.0, 200.0) &lt;zip object at 0x1039a2cc0&gt;
&gt; failed 100 ['--step-length', '.1', '--end', '1000'] 2/1to1/1_0 (100.0, 200.0) &lt;zip object at 0x104660f80&gt;
41,98c41,48
&lt; success 0.1 ['--step-length', '1', '--end', '1000'] 2/1to1/1_0 (245.0, 246.0) [('e2', 8.92), ('e3', 10.0), ('edge', 8.92), ('lane', 8.92)]
&lt; success 0.1 ['--step-length', '1', '--end', '1000'] 1/1to0/1_0 (150.0, 151.0) [('e2', 9.82), ('e3', 10.0), ('edge', 9.82), ('lane', 9.82)]
&lt; success 1 ['--step-length', '1', '--end', '1000'] 2/1to1/1_0 (245.0, 246.0) [('e2', 8.92), ('e3', 10.0), ('edge', 8.92), ('lane', 8.92)]
&lt; success 1 ['--step-length', '1', '--end', '1000'] 1/1to0/1_0 (150.0, 151.0) [('e2', 9.82), ('e3', 10.0), ('edge', 9.82), ('lane', 9.82)]
&lt; success 10 ['--step-length', '1', '--end', '1000'] 2/1to1/1_0 (240.0, 250.0) [('e2', 9.9), ('e3', 10.0), ('edge', 9.9), ('lane', 9.9)]
&lt; success 10 ['--step-length', '1', '--end', '1000'] 1/1to0/1_0 (150.0, 160.0) [('e2', 9.15), ('e3', 9.84), ('edge', 9.15), ('lane', 9.15)]
&lt; success 100 ['--step-length', '1', '--end', '1000'] 2/1to1/1_0 (200.0, 300.0) [('e1', 10.0), ('e2', 9.41), ('e3', 5.84), ('edge', 9.41), ('lane', 9.41)]
&lt; success 100 ['--step-length', '1', '--end', '1000'] 1/1to0/1_0 (100.0, 200.0) [('e1', 10.0), ('e2', 5.94), ('e3', 7.08), ('edge', 5.94), ('lane', 5.94)]
&lt; -- Unordered text as found by filter '^Loading configuration ... done.' --
&lt; Loading configuration ... done.
&lt; Loading configuration ... done.
&lt;truncated after showing first 30 lines&gt;
</PRE>
<A NAME="defaultsumo output teleport_multihop_newDefaults"></A>
<H4>TEST had known bugs (see #254) on ts-bapmsumm1bld : sumo output teleport_multihop_newDefaults (
<A HREF="test_default.html#defaultsumo output teleport_multihop_newDefaults">Last six runs</A>
<A HREF="test_default_all_Oct2022.html#defaultsumo output teleport_multihop_newDefaults">Oct2022</A>
<A HREF="test_default_all_Sep2022.html#defaultsumo output teleport_multihop_newDefaults">Sep2022</A>

)</H4>

<PRE>different outputs from detectors which should detect the same
(This bug was triggered by text found in file 'output' matching 'failed')
---------- Differences in output ----------
9,24c9,24
&lt; failed 0.1 ['--step-length', '.1', '--end', '100'] 2/1to1/1_0 (76.2, 76.3) [('e2', 10.49), ('e3', 10.35), ('edge', 10.49), ('lane', 10.49)]
&lt; failed 0.1 ['--step-length', '.1', '--end', '100'] 2/1to1/1_0 (76.2, 76.3) [('e2', 10.49), ('e3', 10.35), ('edge', 10.49), ('lane', 10.49)]
&lt; failed 1 ['--step-length', '.1', '--end', '100'] 2/1to1/1_0 (76.0, 77.0) [('e2', 10.39), ('e3', 10.35), ('edge', 10.39), ('lane', 10.39)]
&lt; failed 1 ['--step-length', '.1', '--end', '100'] 2/1to1/1_0 (76.0, 77.0) [('e2', 10.39), ('e3', 10.35), ('edge', 10.39), ('lane', 10.39)]
&lt; failed 10 ['--step-length', '.1', '--end', '100'] 2/1to1/1_0 (70.0, 80.0) [('e2', 10.42), ('e3', 10.25), ('edge', 10.42), ('lane', 10.42)]
&lt; failed 10 ['--step-length', '.1', '--end', '100'] 2/1to1/1_0 (70.0, 80.0) [('e2', 10.42), ('e3', 10.25), ('edge', 10.42), ('lane', 10.42)]
&lt; failed 100 ['--step-length', '.1', '--end', '100'] 2/1to1/1_0 (0.0, 100.0) [('e1', 10.27), ('e2', 10.24), ('e3', 9.59), ('edge', 10.24), ('lane', 10.24)]
&lt; failed 100 ['--step-length', '.1', '--end', '100'] 2/1to1/1_0 (0.0, 100.0) [('e1', 10.27), ('e2', 10.24), ('e3', 9.59), ('edge', 10.24), ('lane', 10.24)]
&lt; failed 0.1 ['--step-length', '.1', '--end', '1000'] 2/1to1/1_0 (76.2, 76.3) [('e2', 10.49), ('e3', 10.35), ('edge', 10.49), ('lane', 10.49)]
&lt; failed 0.1 ['--step-length', '.1', '--end', '1000'] 2/1to1/1_0 (76.2, 76.3) [('e2', 10.49), ('e3', 10.35), ('edge', 10.49), ('lane', 10.49)]
&lt; failed 1 ['--step-length', '.1', '--end', '1000'] 2/1to1/1_0 (76.0, 77.0) [('e2', 10.39), ('e3', 10.35), ('edge', 10.39), ('lane', 10.39)]
&lt; failed 1 ['--step-length', '.1', '--end', '1000'] 2/1to1/1_0 (76.0, 77.0) [('e2', 10.39), ('e3', 10.35), ('edge', 10.39), ('lane', 10.39)]
&lt; failed 10 ['--step-length', '.1', '--end', '1000'] 2/1to1/1_0 (70.0, 80.0) [('e2', 10.42), ('e3', 10.25), ('edge', 10.42), ('lane', 10.42)]
&lt; failed 10 ['--step-length', '.1', '--end', '1000'] 2/1to1/1_0 (70.0, 80.0) [('e2', 10.42), ('e3', 10.25), ('edge', 10.42), ('lane', 10.42)]
&lt; failed 100 ['--step-length', '.1', '--end', '1000'] 2/1to1/1_0 (0.0, 100.0) [('e1', 10.27), ('e2', 10.24), ('e3', 9.59), ('edge', 10.24), ('lane', 10.24)]
&lt; failed 100 ['--step-length', '.1', '--end', '1000'] 2/1to1/1_0 (0.0, 100.0) [('e1', 10.27), ('e2', 10.24), ('e3', 9.59), ('edge', 10.24), ('lane', 10.24)]
---
&gt; failed 0.1 ['--step-length', '.1', '--end', '100'] 2/1to1/1_0 (70.9, 71.0) &lt;zip object at 0x105018140&gt;
&gt; failed 0.1 ['--step-length', '.1', '--end', '100'] 2/1to1/1_0 (70.9, 71.0) &lt;zip object at 0x104fe5300&gt;
&gt; failed 1 ['--step-length', '.1', '--end', '100'] 2/1to1/1_0 (70.0, 71.0) &lt;zip object at 0x104fd23c0&gt;
&gt; failed 1 ['--step-length', '.1', '--end', '100'] 2/1to1/1_0 (70.0, 71.0) &lt;zip object at 0x104fd2280&gt;
&gt; failed 10 ['--step-length', '.1', '--end', '100'] 2/1to1/1_0 (70.0, 80.0) &lt;zip object at 0x104fd2e00&gt;
&gt; failed 10 ['--step-length', '.1', '--end', '100'] 2/1to1/1_0 (70.0, 80.0) &lt;zip object at 0x104fd2280&gt;
&gt; failed 100 ['--step-length', '.1', '--end', '100'] 2/1to1/1_0 (0.0, 100.0) &lt;zip object at 0x10501f300&gt;
&gt; failed 100 ['--step-length', '.1', '--end', '100'] 2/1to1/1_0 (0.0, 100.0) &lt;zip object at 0x10501f540&gt;
&gt; failed 0.1 ['--step-length', '.1', '--end', '1000'] 2/1to1/1_0 (70.9, 71.0) &lt;zip object at 0x10501f680&gt;
&gt; failed 0.1 ['--step-length', '.1', '--end', '1000'] 2/1to1/1_0 (70.9, 71.0) &lt;zip object at 0x105031680&gt;
&gt; failed 1 ['--step-length', '.1', '--end', '1000'] 2/1to1/1_0 (70.0, 71.0) &lt;zip object at 0x105318500&gt;
&gt; failed 1 ['--step-length', '.1', '--end', '1000'] 2/1to1/1_0 (70.0, 71.0) &lt;zip object at 0x1054427c0&gt;
&lt;truncated after showing first 30 lines&gt;
</PRE>
<A NAME="defaultsumo output two_same_vehicles"></A>
<H4>TEST had known bugs (see #254) on ts-bapmsumm1bld : sumo output two_same_vehicles (
<A HREF="test_default.html#defaultsumo output two_same_vehicles">Last six runs</A>
<A HREF="test_default_all_Oct2022.html#defaultsumo output two_same_vehicles">Oct2022</A>
<A HREF="test_default_all_Sep2022.html#defaultsumo output two_same_vehicles">Sep2022</A>

)</H4>

<PRE>different outputs from detectors which should detect the same
(This bug was triggered by text found in file 'output' matching 'failed')
---------- Differences in output ----------
5,7c5,7
&lt; success 0.1 ['--step-length', '.1', '--end', '100'] ['3/1to2/1_0']
&lt; success 1 ['--step-length', '.1', '--end', '100'] ['3/1to2/1_0']
&lt; success 10 ['--step-length', '.1', '--end', '100'] ['3/1to2/1_0']
---
&gt; failed 0.1 ['--step-length', '.1', '--end', '100'] 3/1to2/1_0 (75.4, 75.5) &lt;zip object at 0x102afaac0&gt;
&gt; failed 1 ['--step-length', '.1', '--end', '100'] 3/1to2/1_0 (76.0, 77.0) &lt;zip object at 0x102ad8900&gt;
&gt; failed 10 ['--step-length', '.1', '--end', '100'] 3/1to2/1_0 (80.0, 90.0) &lt;zip object at 0x102ad8740&gt;
9,12c9,12
&lt; success 0.1 ['--step-length', '.1', '--end', '1000'] ['3/1to2/1_0']
&lt; success 1 ['--step-length', '.1', '--end', '1000'] ['3/1to2/1_0']
&lt; success 10 ['--step-length', '.1', '--end', '1000'] ['3/1to2/1_0']
&lt; success 100 ['--step-length', '.1', '--end', '1000'] ['3/1to2/1_0']
---
&gt; failed 0.1 ['--step-length', '.1', '--end', '1000'] 3/1to2/1_0 (75.4, 75.5) &lt;zip object at 0x102b09740&gt;
&gt; failed 1 ['--step-length', '.1', '--end', '1000'] 3/1to2/1_0 (76.0, 77.0) &lt;zip object at 0x102af5bc0&gt;
&gt; failed 10 ['--step-length', '.1', '--end', '1000'] 3/1to2/1_0 (80.0, 90.0) &lt;zip object at 0x102af5bc0&gt;
&gt; failed 100 ['--step-length', '.1', '--end', '1000'] 3/1to2/1_0 (100.0, 200.0) &lt;zip object at 0x102b3d1c0&gt;
17,19c17,19
&lt; success 0.1 ['--step-length', '1', '--end', '100'] ['3/1to2/1_0']
&lt; success 1 ['--step-length', '1', '--end', '100'] ['3/1to2/1_0']
&lt; success 10 ['--step-length', '1', '--end', '100'] ['3/1to2/1_0']
---
&gt; failed 0.1 ['--step-length', '1', '--end', '100'] 3/1to2/1_0 (77.0, 78.0) &lt;zip object at 0x102aeed80&gt;
&gt; failed 1 ['--step-length', '1', '--end', '100'] 3/1to2/1_0 (77.0, 78.0) &lt;zip object at 0x102aeedc0&gt;
&gt; failed 10 ['--step-length', '1', '--end', '100'] 3/1to2/1_0 (80.0, 90.0) &lt;zip object at 0x102aeea00&gt;
21,50c21,24
&lt; success 0.1 ['--step-length', '1', '--end', '1000'] ['3/1to2/1_0']
&lt; success 1 ['--step-length', '1', '--end', '1000'] ['3/1to2/1_0']
&lt; success 10 ['--step-length', '1', '--end', '1000'] ['3/1to2/1_0']
&lt;truncated after showing first 30 lines&gt;
</PRE>
<A NAME="defaultsumo output two_vehicles_diff_length"></A>
<H4>TEST had known bugs (see #254) on ts-bapmsumm1bld : sumo output two_vehicles_diff_length (
<A HREF="test_default.html#defaultsumo output two_vehicles_diff_length">Last six runs</A>
<A HREF="test_default_all_Oct2022.html#defaultsumo output two_vehicles_diff_length">Oct2022</A>
<A HREF="test_default_all_Sep2022.html#defaultsumo output two_vehicles_diff_length">Sep2022</A>

)</H4>

<PRE>different outputs from detectors which should detect the same
(This bug was triggered by text found in file 'output' matching 'failed')
---------- Differences in output ----------
5,7c5,7
&lt; success 0.1 ['--step-length', '.1', '--end', '100'] ['3/1to2/1_0']
&lt; success 1 ['--step-length', '.1', '--end', '100'] ['3/1to2/1_0']
&lt; success 10 ['--step-length', '.1', '--end', '100'] ['3/1to2/1_0']
---
&gt; failed 0.1 ['--step-length', '.1', '--end', '100'] 3/1to2/1_0 (76.4, 76.5) &lt;zip object at 0x106b1d440&gt;
&gt; failed 1 ['--step-length', '.1', '--end', '100'] 3/1to2/1_0 (77.0, 78.0) &lt;zip object at 0x106af5bc0&gt;
&gt; failed 10 ['--step-length', '.1', '--end', '100'] 3/1to2/1_0 (80.0, 90.0) &lt;zip object at 0x106af5600&gt;
9,12c9,12
&lt; success 0.1 ['--step-length', '.1', '--end', '1000'] ['3/1to2/1_0']
&lt; success 1 ['--step-length', '.1', '--end', '1000'] ['3/1to2/1_0']
&lt; success 10 ['--step-length', '.1', '--end', '1000'] ['3/1to2/1_0']
&lt; success 100 ['--step-length', '.1', '--end', '1000'] ['3/1to2/1_0']
---
&gt; failed 0.1 ['--step-length', '.1', '--end', '1000'] 3/1to2/1_0 (76.4, 76.5) &lt;zip object at 0x106af5a40&gt;
&gt; failed 1 ['--step-length', '.1', '--end', '1000'] 3/1to2/1_0 (77.0, 78.0) &lt;zip object at 0x106aec900&gt;
&gt; failed 10 ['--step-length', '.1', '--end', '1000'] 3/1to2/1_0 (80.0, 90.0) &lt;zip object at 0x106b45bc0&gt;
&gt; failed 100 ['--step-length', '.1', '--end', '1000'] 3/1to2/1_0 (100.0, 200.0) &lt;zip object at 0x106b40c80&gt;
17,19c17,19
&lt; success 0.1 ['--step-length', '1', '--end', '100'] ['3/1to2/1_0']
&lt; success 1 ['--step-length', '1', '--end', '100'] ['3/1to2/1_0']
&lt; success 10 ['--step-length', '1', '--end', '100'] ['3/1to2/1_0']
---
&gt; failed 0.1 ['--step-length', '1', '--end', '100'] 3/1to2/1_0 (78.0, 79.0) &lt;zip object at 0x106b40f80&gt;
&gt; failed 1 ['--step-length', '1', '--end', '100'] 3/1to2/1_0 (78.0, 79.0) &lt;zip object at 0x106b00780&gt;
&gt; failed 10 ['--step-length', '1', '--end', '100'] 3/1to2/1_0 (80.0, 90.0) &lt;zip object at 0x106b00bc0&gt;
21,50c21,24
&lt; success 0.1 ['--step-length', '1', '--end', '1000'] ['3/1to2/1_0']
&lt; success 1 ['--step-length', '1', '--end', '1000'] ['3/1to2/1_0']
&lt; success 10 ['--step-length', '1', '--end', '1000'] ['3/1to2/1_0']
&lt;truncated after showing first 30 lines&gt;
</PRE>
<A NAME="defaultsumo output two_vehicles_diff_speed"></A>
<H4>TEST had known bugs (see #254) on ts-bapmsumm1bld : sumo output two_vehicles_diff_speed (
<A HREF="test_default.html#defaultsumo output two_vehicles_diff_speed">Last six runs</A>
<A HREF="test_default_all_Oct2022.html#defaultsumo output two_vehicles_diff_speed">Oct2022</A>
<A HREF="test_default_all_Sep2022.html#defaultsumo output two_vehicles_diff_speed">Sep2022</A>

)</H4>

<PRE>different outputs from detectors which should detect the same
(This bug was triggered by text found in file 'output' matching 'failed')
---------- Differences in output ----------
0a1,24
&gt; failed 0.1 ['--step-length', '.1', '--end', '51'] 3/1to2/1_0 (38.4, 38.5) &lt;zip object at 0x1047825c0&gt;
&gt; failed 1 ['--step-length', '.1', '--end', '51'] 3/1to2/1_0 (38.0, 39.0) &lt;zip object at 0x10477b1c0&gt;
&gt; failed 10 ['--step-length', '.1', '--end', '51'] 3/1to2/1_0 (30.0, 40.0) &lt;zip object at 0x1047bb2c0&gt;
&gt; failed 100 ['--step-length', '.1', '--end', '51'] 3/1to2/1_0 (0.0, 51.0) &lt;zip object at 0x1047b99c0&gt;
&gt; failed 0.1 ['--step-length', '.1', '--end', '100'] 3/1to2/1_0 (38.4, 38.5) &lt;zip object at 0x1047beb80&gt;
&gt; failed 1 ['--step-length', '.1', '--end', '100'] 3/1to2/1_0 (38.0, 39.0) &lt;zip object at 0x1047d82c0&gt;
&gt; failed 10 ['--step-length', '.1', '--end', '100'] 3/1to2/1_0 (30.0, 40.0) &lt;zip object at 0x10478b340&gt;
&gt; failed 100 ['--step-length', '.1', '--end', '100'] 3/1to2/1_0 (0.0, 100.0) &lt;zip object at 0x10478bac0&gt;
&gt; failed 0.1 ['--step-length', '.1', '--end', '1000'] 3/1to2/1_0 (38.4, 38.5) &lt;zip object at 0x10478bac0&gt;
&gt; failed 1 ['--step-length', '.1', '--end', '1000'] 3/1to2/1_0 (38.0, 39.0) &lt;zip object at 0x104804c00&gt;
&gt; failed 10 ['--step-length', '.1', '--end', '1000'] 3/1to2/1_0 (30.0, 40.0) &lt;zip object at 0x1048047c0&gt;
&gt; failed 100 ['--step-length', '.1', '--end', '1000'] 3/1to2/1_0 (0.0, 100.0) &lt;zip object at 0x1047b9e00&gt;
&gt; failed 0.1 ['--step-length', '1', '--end', '51'] 3/1to2/1_0 (39.0, 40.0) &lt;zip object at 0x104809940&gt;
&gt; failed 1 ['--step-length', '1', '--end', '51'] 3/1to2/1_0 (39.0, 40.0) &lt;zip object at 0x104809300&gt;
&gt; failed 10 ['--step-length', '1', '--end', '51'] 3/1to2/1_0 (30.0, 40.0) &lt;zip object at 0x104809e80&gt;
&gt; failed 100 ['--step-length', '1', '--end', '51'] 3/1to2/1_0 (0.0, 51.0) &lt;zip object at 0x104809300&gt;
&gt; failed 0.1 ['--step-length', '1', '--end', '100'] 3/1to2/1_0 (39.0, 40.0) &lt;zip object at 0x1047b9e00&gt;
&gt; failed 1 ['--step-length', '1', '--end', '100'] 3/1to2/1_0 (39.0, 40.0) &lt;zip object at 0x104809940&gt;
&gt; failed 10 ['--step-length', '1', '--end', '100'] 3/1to2/1_0 (30.0, 40.0) &lt;zip object at 0x104809300&gt;
&gt; failed 100 ['--step-length', '1', '--end', '100'] 3/1to2/1_0 (0.0, 100.0) &lt;zip object at 0x104802b40&gt;
&gt; failed 0.1 ['--step-length', '1', '--end', '1000'] 3/1to2/1_0 (39.0, 40.0) &lt;zip object at 0x104802740&gt;
&gt; failed 1 ['--step-length', '1', '--end', '1000'] 3/1to2/1_0 (39.0, 40.0) &lt;zip object at 0x1047b9380&gt;
&gt; failed 10 ['--step-length', '1', '--end', '1000'] 3/1to2/1_0 (30.0, 40.0) &lt;zip object at 0x1047fae80&gt;
&gt; failed 100 ['--step-length', '1', '--end', '1000'] 3/1to2/1_0 (0.0, 100.0) &lt;zip object at 0x1047fae80&gt;
</PRE>
<A NAME="defaulttraci vehicle moveToXY keepRoute2"></A>
<H4>TEST had known bugs (see #3263) on ts-bapmsumm1bld : traci vehicle moveToXY keepRoute2 (
<A HREF="test_default.html#defaulttraci vehicle moveToXY keepRoute2">Last six runs</A>
<A HREF="test_default_all_Oct2022.html#defaulttraci vehicle moveToXY keepRoute2">Oct2022</A>
<A HREF="test_default_all_Sep2022.html#defaulttraci vehicle moveToXY keepRoute2">Sep2022</A>

)</H4>

<PRE>mapping failure
(This bug was triggered by text found in file 'output' matching 'failed')
---------- Differences in output ----------
0a1
&gt; internal corner (inside, segment2) failed: x=198, x2=198.0,   y=1.9, y2=1.9,   lane=middle_0, lane2=middle_0, pos=102, pos2=98.0   posLat=2.0 posLat2=1.9
</PRE>
<A NAME="defaulttraci vehicle openGap with_low_maxDecel_fast_CACC"></A>
<H4>TEST had known bugs (see #6192) on ts-bapmsumm1bld : traci vehicle openGap with_low_maxDecel_fast_CACC (
<A HREF="test_default.html#defaulttraci vehicle openGap with_low_maxDecel_fast_CACC">Last six runs</A>
<A HREF="test_default_all_Oct2022.html#defaulttraci vehicle openGap with_low_maxDecel_fast_CACC">Oct2022</A>
<A HREF="test_default_all_Sep2022.html#defaulttraci vehicle openGap with_low_maxDecel_fast_CACC">Sep2022</A>

)</H4>

<PRE>not even failing as intended
(This bug was triggered by text found in file 'errors' matching 'Error')
---------- Differences in errors ----------
0a1,8
&gt; Traceback (most recent call last):
&gt;   File "/Users/sumo/clangMacOS_M1/sumo/tests/../tests/complex/traci/vehicle/openGap/runner.py", line 156, in &lt;module&gt;
&gt;     runSingle(targetTimeHeadway, targetSpaceHeadway, duration, changeRate, maxDecel, refVehID)
&gt;   File "/Users/sumo/clangMacOS_M1/sumo/tests/../tests/complex/traci/vehicle/openGap/runner.py", line 66, in runSingle
&gt;     leader = results[tc.VAR_LEADER][0]
&gt; TypeError: 'NoneType' object is not subscriptable
&gt; Error: tcpip::Socket::recvAndCheck @ recv: peer shutdown
&gt; Quitting (on error).
---------- Differences in output ----------
3,102c3,102
&lt; Time 2.0: Gap 'follower'-&gt;'leader' = 5.938 (headway=0.367)
&lt; 'follower' speed = 16.161582708
&lt; Time 3.0: Gap 'follower'-&gt;'leader' = 8.966 (headway=0.528)
&lt; 'follower' speed = 16.9836198736
&lt; Time 4.0: Gap 'follower'-&gt;'leader' = 11.281 (headway=0.641)
&lt; 'follower' speed = 17.5863190784
&lt; Time 5.0: Gap 'follower'-&gt;'leader' = 13.069 (headway=0.725)
&lt; 'follower' speed = 18.0379935645
&lt; Time 6.0: Gap 'follower'-&gt;'leader' = 14.459 (headway=0.787)
&lt; 'follower' speed = 18.3815472225
&lt; Time 7.0: Gap 'follower'-&gt;'leader' = 15.545 (headway=0.834)
&lt; 'follower' speed = 18.6456171431
&lt; Time 8.0: Gap 'follower'-&gt;'leader' = 16.397 (headway=0.870)
&lt; 'follower' speed = 18.8501483763
&lt; Time 9.0: Gap 'follower'-&gt;'leader' = 17.068 (headway=0.898)
&lt; 'follower' speed = 19.0094667411
&lt; Time 10.0: Gap 'follower'-&gt;'leader' = 17.596 (headway=0.920)
&lt; 'follower' speed = 19.1340998278
&lt; Time 11.0: Gap 'follower'-&gt;'leader' = 18.013 (headway=0.937)
&lt; 'follower' speed = 19.231918606
&lt; Time 12.0: Gap 'follower'-&gt;'leader' = 18.342 (headway=0.950)
&lt; 'follower' speed = 19.3088858604
&lt; Time 13.0: Gap 'follower'-&gt;'leader' = 18.603 (headway=0.960)
&lt; 'follower' speed = 19.3695649077
&lt; Time 14.0: Gap 'follower'-&gt;'leader' = 18.810 (headway=0.969)
&lt; 'follower' speed = 19.4174756866
&lt; Time 15.0: Gap 'follower'-&gt;'leader' = 18.973 (headway=0.975)
&lt; 'follower' speed = 19.4553500651
&lt; Time 16.0: Gap 'follower'-&gt;'leader' = 19.103 (headway=0.980)
&lt;truncated after showing first 30 lines&gt;
</PRE>

<A NAME="defaultwere terminated before completion"></A>
<H3>Detailed information for the tests that were terminated before completion:</H3>

<A NAME="defaulttraci connection busySocket sumo"></A>
<H4>TEST were terminated before completion (TIMEOUT) on ts-bapmsumm1bld : traci connection busySocket sumo (
<A HREF="test_default.html#defaulttraci connection busySocket sumo">Last six runs</A>
<A HREF="test_default_all_Oct2022.html#defaulttraci connection busySocket sumo">Oct2022</A>
<A HREF="test_default_all_Sep2022.html#defaulttraci connection busySocket sumo">Sep2022</A>

)</H4>

<PRE>Test exceeded wallclock time limit of 900.0 seconds
---------- Differences in errors ----------
3d2
&lt; Could not connect in 61 tries
</PRE>
<A NAME="defaulttraci connection busySocket sumo-gui"></A>
<H4>TEST were terminated before completion (TIMEOUT) on ts-bapmsumm1bld : traci connection busySocket sumo-gui (
<A HREF="test_default.html#defaulttraci connection busySocket sumo-gui">Last six runs</A>
<A HREF="test_default_all_Oct2022.html#defaulttraci connection busySocket sumo-gui">Oct2022</A>
<A HREF="test_default_all_Sep2022.html#defaulttraci connection busySocket sumo-gui">Sep2022</A>

)</H4>

<PRE>Test exceeded wallclock time limit of 900.0 seconds
---------- Differences in errors ----------
1,2c1
&lt; Could not connect in 61 tries
&lt; Error: tcpip::Socket::accept() Unable to create listening socket: Address already in use
---
&gt; Error: This system has no OpenGL support. Exiting.
</PRE>



</BODY> </HTML>
