<!DOCTYPE HTML PUBLIC "-//W3C//DTD HTML 3.2//EN">
<HTML>

<!-- This file generated using Python HTMLgen module. -->
<HEAD>
  <META NAME="GENERATOR" CONTENT="HTMLgen 2.2.2">
        <TITLE>Detailed test results for COMPLEX: 14May23rv1_17_0+0272-c60cea0d0d8 (generated by sumo at 31May01:39)</TITLE>
<meta charset="UTF-8"></HEAD>
<BODY>
<H1 align="center">14May23rv1_17_0+0272-c60cea0d0d8 - detailed test results for COMPLEX</H1>

<center><EM>To reconnect the TextTest GUI to these results, run:</EM></center>

<center><P style="font-family:monospace">texttest -a complex -d /Users/sumo/clangMacOS_M1/sumo/tests -reconnect /Users/sumo/clangMacOS_M1/texttesttmp/clangMacOS_M1.31May005439.68973 -g</P>
</center>

<center><EM>To start TextTest for these tests, run:</EM></center>

<center><P style="font-family:monospace">texttest -a complex -d /Users/sumo/clangMacOS_M1/sumo/tests</P>
</center>

<HR>
<H2>default: 711 tests: 652 succeeded 48 FAILED 9 known bugs 2 killed</H2>

<A NAME="defaultFAILED"></A>
<H3>Detailed information for the tests that FAILED:</H3>

<A NAME="defaultfmi model_validation"></A>
<H4>TEST FAILED on ts-bapmsumm1bld : fmi model_validation (
<A HREF="test_default.html#defaultfmi model_validation">Last six runs</A>
<A HREF="test_default_all_May2023.html#defaultfmi model_validation">May2023</A>

)</H4>

<PRE>---------- Differences in errors ----------
0a1,4
&gt; Traceback (most recent call last):
&gt;   File "/Users/sumo/clangMacOS_M1/sumo/tests/../tests/complex/fmi/runner.py", line 27, in &lt;module&gt;
&gt;     from fmpy import read_model_description, extract
&gt; ModuleNotFoundError: No module named 'fmpy'
---------- Differences in output ----------
1,3d0
&lt; FMU validation successful
&lt; Simulating libsumofmi2 (model name 'SUMO', FMI v2.0)...
&lt; Print ended at step 60.0
</PRE>
<A NAME="defaultfmi vehicle_getIDCount"></A>
<H4>TEST FAILED on ts-bapmsumm1bld : fmi vehicle_getIDCount (
<A HREF="test_default.html#defaultfmi vehicle_getIDCount">Last six runs</A>
<A HREF="test_default_all_May2023.html#defaultfmi vehicle_getIDCount">May2023</A>

)</H4>

<PRE>---------- Differences in errors ----------
0a1,4
&gt; Traceback (most recent call last):
&gt;   File "/Users/sumo/clangMacOS_M1/sumo/tests/../tests/complex/fmi/runner.py", line 27, in &lt;module&gt;
&gt;     from fmpy import read_model_description, extract
&gt; ModuleNotFoundError: No module named 'fmpy'
---------- Differences in output ----------
1,63d0
&lt; FMU validation successful
&lt; Simulating libsumofmi2 (model name 'SUMO', FMI v2.0)...
&lt; TIME 1.0: vehicle.getIDCount = 6
&lt; TIME 2.0: vehicle.getIDCount = 6
&lt; TIME 3.0: vehicle.getIDCount = 6
&lt; TIME 4.0: vehicle.getIDCount = 7
&lt; TIME 5.0: vehicle.getIDCount = 7
&lt; TIME 6.0: vehicle.getIDCount = 8
&lt; TIME 7.0: vehicle.getIDCount = 8
&lt; TIME 8.0: vehicle.getIDCount = 9
&lt; TIME 9.0: vehicle.getIDCount = 9
&lt; TIME 10.0: vehicle.getIDCount = 9
&lt; TIME 11.0: vehicle.getIDCount = 9
&lt; TIME 12.0: vehicle.getIDCount = 9
&lt; TIME 13.0: vehicle.getIDCount = 10
&lt; TIME 14.0: vehicle.getIDCount = 10
&lt; TIME 15.0: vehicle.getIDCount = 10
&lt; TIME 16.0: vehicle.getIDCount = 11
&lt; TIME 17.0: vehicle.getIDCount = 11
&lt; TIME 18.0: vehicle.getIDCount = 12
&lt; TIME 19.0: vehicle.getIDCount = 12
&lt; TIME 20.0: vehicle.getIDCount = 12
&lt; TIME 21.0: vehicle.getIDCount = 13
&lt; TIME 22.0: vehicle.getIDCount = 13
&lt; TIME 23.0: vehicle.getIDCount = 13
&lt; TIME 24.0: vehicle.getIDCount = 13
&lt; TIME 25.0: vehicle.getIDCount = 13
&lt; TIME 26.0: vehicle.getIDCount = 12
&lt; TIME 27.0: vehicle.getIDCount = 10
&lt;truncated after showing first 30 lines&gt;
</PRE>
<A NAME="defaultfmi vehicle_getParameterWithKey"></A>
<H4>TEST FAILED on ts-bapmsumm1bld : fmi vehicle_getParameterWithKey (
<A HREF="test_default.html#defaultfmi vehicle_getParameterWithKey">Last six runs</A>
<A HREF="test_default_all_May2023.html#defaultfmi vehicle_getParameterWithKey">May2023</A>

)</H4>

<PRE>---------- Differences in errors ----------
0a1,4
&gt; Traceback (most recent call last):
&gt;   File "/Users/sumo/clangMacOS_M1/sumo/tests/../tests/complex/fmi/runner.py", line 27, in &lt;module&gt;
&gt;     from fmpy import read_model_description, extract
&gt; ModuleNotFoundError: No module named 'fmpy'
---------- Differences in output ----------
1,4d0
&lt; FMU validation successful
&lt; Simulating libsumofmi2 (model name 'SUMO', FMI v2.0)...
&lt; key, value: 'meaningOfLife', '42'
&lt; Print ended at step 60.0
</PRE>
<A NAME="defaultfmi vehicle_moveToXY"></A>
<H4>TEST FAILED on ts-bapmsumm1bld : fmi vehicle_moveToXY (
<A HREF="test_default.html#defaultfmi vehicle_moveToXY">Last six runs</A>
<A HREF="test_default_all_May2023.html#defaultfmi vehicle_moveToXY">May2023</A>

)</H4>

<PRE>---------- Differences in errors ----------
0a1,4
&gt; Traceback (most recent call last):
&gt;   File "/Users/sumo/clangMacOS_M1/sumo/tests/../tests/complex/fmi/runner.py", line 27, in &lt;module&gt;
&gt;     from fmpy import read_model_description, extract
&gt; ModuleNotFoundError: No module named 'fmpy'
---------- Differences in output ----------
1,91d0
&lt; FMU validation successful
&lt; Simulating libsumofmi2 (model name 'SUMO', FMI v2.0)...
&lt; TIME 0: laneID = ''
&lt; TIME 1.0: laneID = 'WE1_0'
&lt; currentPos = [0.0, -1.6]
&lt; targetPos = (10.0, -1.6)
&lt; TIME 2.0: laneID = 'WE1_0'
&lt; currentPos = [10.0, -1.6]
&lt; targetPos = (20.0, -1.6)
&lt; TIME 3.0: laneID = 'WE1_0'
&lt; currentPos = [20.0, -1.6]
&lt; targetPos = (30.0, -1.6)
&lt; TIME 4.0: laneID = 'WE1_0'
&lt; currentPos = [30.0, -1.6]
&lt; targetPos = (40.0, -1.6)
&lt; TIME 5.0: laneID = 'WE1_0'
&lt; currentPos = [40.0, -1.6]
&lt; targetPos = (50.0, -1.6)
&lt; TIME 6.0: laneID = ':J1_10_0'
&lt; currentPos = [50.0, -1.6]
&lt; targetPos = (60.0, -1.6)
&lt; TIME 7.0: laneID = 'WE2_0'
&lt; currentPos = [60.0, -1.6]
&lt; targetPos = (70.0, -1.6)
&lt; TIME 8.0: laneID = 'WE2_0'
&lt; currentPos = [70.0, -1.6]
&lt; targetPos = (80.0, -1.6)
&lt; TIME 9.0: laneID = 'WE2_0'
&lt; currentPos = [80.0, -1.6]
&lt;truncated after showing first 30 lines&gt;
</PRE>
<A NAME="defaultstate replay"></A>
<H4>TEST FAILED on ts-bapmsumm1bld : state replay (
<A HREF="test_default.html#defaultstate replay">Last six runs</A>
<A HREF="test_default_all_May2023.html#defaultstate replay">May2023</A>

)</H4>

<PRE>---------- Differences in errors ----------
0a1,245
&gt; Error: This system has no OpenGL support. Exiting.
&gt; Quitting (on error).
&gt;   warnings.warn(("Could not connect to TraCI server using port %s (%s)." +
&gt; Error: This system has no OpenGL support. Exiting.
&gt; Quitting (on error).
&gt;   warnings.warn(("Could not connect to TraCI server using port %s (%s)." +
&gt; Error: This system has no OpenGL support. Exiting.
&gt; Quitting (on error).
&gt;   warnings.warn(("Could not connect to TraCI server using port %s (%s)." +
&gt; Error: This system has no OpenGL support. Exiting.
&gt; Quitting (on error).
&gt;   warnings.warn(("Could not connect to TraCI server using port %s (%s)." +
&gt; Error: This system has no OpenGL support. Exiting.
&gt; Quitting (on error).
&gt;   warnings.warn(("Could not connect to TraCI server using port %s (%s)." +
&gt; Error: This system has no OpenGL support. Exiting.
&gt; Quitting (on error).
&gt;   warnings.warn(("Could not connect to TraCI server using port %s (%s)." +
&gt; Error: This system has no OpenGL support. Exiting.
&gt; Quitting (on error).
&gt;   warnings.warn(("Could not connect to TraCI server using port %s (%s)." +
&gt; Error: This system has no OpenGL support. Exiting.
&gt; Quitting (on error).
&gt;   warnings.warn(("Could not connect to TraCI server using port %s (%s)." +
&gt; Error: This system has no OpenGL support. Exiting.
&gt; Quitting (on error).
&gt;   warnings.warn(("Could not connect to TraCI server using port %s (%s)." +
&gt; Error: This system has no OpenGL support. Exiting.
&gt; Quitting (on error).
&lt;truncated after showing first 30 lines&gt;
</PRE>
<A NAME="defaultstate save_on_rail_signal"></A>
<H4>TEST FAILED on ts-bapmsumm1bld : state save_on_rail_signal (
<A HREF="test_default.html#defaultstate save_on_rail_signal">Last six runs</A>
<A HREF="test_default_all_May2023.html#defaultstate save_on_rail_signal">May2023</A>

)</H4>

<PRE>---------- Differences in output ----------
3a4,7
&gt; 37.00 conflictLane -e_0 occupied ego=NULL vehNumber=1
&gt; 37.00 rsl=A_0 red for default driveway (b e)
&gt;    checkLinkConflict foeLink=A_0
&gt; 37.00 rsl=B_0 veh=train2 reserved
</PRE>
<A NAME="defaultstate save_rail_signal"></A>
<H4>TEST FAILED on ts-bapmsumm1bld : state save_rail_signal (
<A HREF="test_default.html#defaultstate save_rail_signal">Last six runs</A>
<A HREF="test_default_all_May2023.html#defaultstate save_rail_signal">May2023</A>

)</H4>

<PRE>---------- Differences in output ----------
3a4,7
&gt; 37.00 conflictLane -e_0 occupied ego=NULL vehNumber=1
&gt; 37.00 rsl=A_0 red for default driveway (b e)
&gt;    checkLinkConflict foeLink=A_0
&gt; 37.00 rsl=B_0 veh=train2 reserved
8a13,16
&gt; 37.00 conflictLane -e_0 occupied ego=NULL vehNumber=1
&gt; 37.00 rsl=A_0 red for default driveway (b e)
&gt;    checkLinkConflict foeLink=A_0
&gt; 37.00 rsl=B_0 veh=train2 reserved
</PRE>
<A NAME="defaultstate save_rail_signal_constraint"></A>
<A NAME="defaultstate save_rail_signal_constraint_include"></A>
<H4>2 TESTS FAILED on ts-bapmsumm1bld :</H4>

<PRE>---------- Differences in output ----------
5a6,13
&gt;   constraint 'predecessor  t1 at signal D passed=between' not cleared
&gt; 37.00 rsl=A_0 veh=t0 notReserved
&gt;    checkLinkConflict foeLink=A_0
&gt;      approaching foe=t0
&gt;   constraint 'predecessor  t1 at signal D passed=between' not cleared
&gt;   constraint 'predecessor  t1 at signal D passed=between' not cleared
&gt;      foe constrained
&gt; 37.00 rsl=D_0 veh=t1 reserved
</PRE>
state save_rail_signal_constraint (
<A HREF="test_default.html#defaultstate save_rail_signal_constraint">Last six runs</A>
<A HREF="test_default_all_May2023.html#defaultstate save_rail_signal_constraint">May2023</A>

)<br>

state save_rail_signal_constraint_include (
<A HREF="test_default.html#defaultstate save_rail_signal_constraint_include">Last six runs</A>
<A HREF="test_default_all_May2023.html#defaultstate save_rail_signal_constraint_include">May2023</A>

)<br>

<A NAME="defaultsumo fcdReplay"></A>
<A NAME="defaulttraci gui polygon_dynamics_remove"></A>
<H4>2 TESTS FAILED on ts-bapmsumm1bld :</H4>

<PRE>---------- Differences in errors ----------
0a1,247
&gt; Error: This system has no OpenGL support. Exiting.
&gt; Quitting (on error).
&gt;   warnings.warn(("Could not connect to TraCI server using port %s (%s)." +
&gt; Error: This system has no OpenGL support. Exiting.
&gt; Quitting (on error).
&gt;   warnings.warn(("Could not connect to TraCI server using port %s (%s)." +
&gt; Error: This system has no OpenGL support. Exiting.
&gt; Quitting (on error).
&gt;   warnings.warn(("Could not connect to TraCI server using port %s (%s)." +
&gt; Error: This system has no OpenGL support. Exiting.
&gt; Quitting (on error).
&gt;   warnings.warn(("Could not connect to TraCI server using port %s (%s)." +
&gt; Error: This system has no OpenGL support. Exiting.
&gt; Quitting (on error).
&gt;   warnings.warn(("Could not connect to TraCI server using port %s (%s)." +
&gt; Error: This system has no OpenGL support. Exiting.
&gt; Quitting (on error).
&gt;   warnings.warn(("Could not connect to TraCI server using port %s (%s)." +
&gt; Error: This system has no OpenGL support. Exiting.
&gt; Quitting (on error).
&gt;   warnings.warn(("Could not connect to TraCI server using port %s (%s)." +
&gt; Error: This system has no OpenGL support. Exiting.
&gt; Quitting (on error).
&gt;   warnings.warn(("Could not connect to TraCI server using port %s (%s)." +
&gt; Error: This system has no OpenGL support. Exiting.
&gt; Quitting (on error).
&gt;   warnings.warn(("Could not connect to TraCI server using port %s (%s)." +
&gt; Error: This system has no OpenGL support. Exiting.
&gt; Quitting (on error).
&lt;truncated after showing first 30 lines&gt;
</PRE>
sumo fcdReplay (
<A HREF="test_default.html#defaultsumo fcdReplay">Last six runs</A>
<A HREF="test_default_all_May2023.html#defaultsumo fcdReplay">May2023</A>

)<br>

traci gui polygon_dynamics_remove (
<A HREF="test_default.html#defaulttraci gui polygon_dynamics_remove">Last six runs</A>
<A HREF="test_default_all_May2023.html#defaulttraci gui polygon_dynamics_remove">May2023</A>

)<br>

<A NAME="defaultsumo protobuf"></A>
<H4>TEST FAILED on ts-bapmsumm1bld : sumo protobuf (
<A HREF="test_default.html#defaultsumo protobuf">Last six runs</A>
<A HREF="test_default_all_May2023.html#defaultsumo protobuf">May2023</A>

)</H4>

<PRE>---------- Differences in errors ----------
0a1,24
&gt; Traceback (most recent call last):
&gt;   File "/Users/sumo/clangMacOS_M1/sumo/tools/xml/protobuf2xml.py", line 32, in &lt;module&gt;
&gt;     import google.protobuf.descriptor  # we need to do this late because the xml2protobuf import modifies sys.path
&gt; ModuleNotFoundError: No module named 'google'
&gt; Traceback (most recent call last):
&gt;   File "/Users/sumo/clangMacOS_M1/sumo/tools/xml/xml2protobuf.py", line 208, in &lt;module&gt;
&gt;     main()
&gt;   File "/Users/sumo/clangMacOS_M1/sumo/tools/xml/xml2protobuf.py", line 194, in main
&gt;     module = generateProto(attrFinder.tagAttrs, attrFinder.depthTags,
&gt;   File "/Users/sumo/clangMacOS_M1/sumo/tools/xml/xml2protobuf.py", line 183, in generateProto
&gt;     subprocess.call([protoc, "%s.proto" % base, "--python_out=%s" % protodir])
&gt;   File "/opt/homebrew/Cellar/python@3.9/3.9.12_1/Frameworks/Python.framework/Versions/3.9/lib/python3.9/subprocess.py", line 349, in call
&gt;     with Popen(*popenargs, **kwargs) as p:
&gt;   File "/opt/homebrew/Cellar/python@3.9/3.9.12_1/Frameworks/Python.framework/Versions/3.9/lib/python3.9/subprocess.py", line 951, in __init__
&gt;     self._execute_child(args, executable, preexec_fn, close_fds,
&gt;   File "/opt/homebrew/Cellar/python@3.9/3.9.12_1/Frameworks/Python.framework/Versions/3.9/lib/python3.9/subprocess.py", line 1821, in _execute_child
&gt;     raise child_exception_type(errno_num, err_msg, err_filename)
&gt; FileNotFoundError: [Errno 2] No such file or directory: 'protoc'
&gt; Traceback (most recent call last):
&gt;   File "/Users/sumo/clangMacOS_M1/sumo/tests/../tests/complex/sumo/protobuf/runner.py", line 80, in &lt;module&gt;
&gt;     connect(IN_PORT, OUT_PORT)
&gt;   File "/Users/sumo/clangMacOS_M1/sumo/tests/../tests/complex/sumo/protobuf/runner.py", line 37, in connect
&gt;     i.connect(("localhost", inPort))
&gt; ConnectionRefusedError: [Errno 61] Connection refused
---------- Differences in output ----------
1,5d0
&lt; --- 
&lt; +++ 
&lt; -
&lt; -&lt;trajectories xmlns:xsi="http://www.w3.org/2001/XMLSchema-instance" xsi:noNamespaceSchemaLocation="http://sumo.dlr.de/xsd/amitran/trajectories.xsd" timeStepSize="1000"&gt;
&lt; +&lt;trajectories timeStepSize="1000"&gt;
</PRE>
<A NAME="defaultsumo socketout"></A>
<H4>TEST FAILED on ts-bapmsumm1bld : sumo socketout (
<A HREF="test_default.html#defaultsumo socketout">Last six runs</A>
<A HREF="test_default_all_May2023.html#defaultsumo socketout">May2023</A>

)</H4>

<PRE>---------- Differences in errors ----------
1,2d0
&lt; Error: send failed: Software caused tcpip::Socket abort
&lt; Quitting (on error).
</PRE>
<A NAME="defaultsumo speedMap"></A>
<H4>TEST FAILED on ts-bapmsumm1bld : sumo speedMap (
<A HREF="test_default.html#defaultsumo speedMap">Last six runs</A>
<A HREF="test_default_all_May2023.html#defaultsumo speedMap">May2023</A>

)</H4>

<PRE>---------- Differences in errors ----------
1,8c1,4
&lt; Warning: Teleporting vehicle '7'; collision with vehicle '6', lane='1/1to2/1_0', gap=-0.73, time=5.00 stage=move.
&lt; Warning: Vehicle '7' ends teleporting on edge '2/1to3/1', time=5.00.
&lt; Warning: Teleporting vehicle '20'; collision with vehicle '19', lane='1/1to2/1_0', gap=-0.26, time=34.00 stage=move.
&lt; Warning: Vehicle '20' ends teleporting on edge '2/1to3/1', time=34.00.
&lt; Warning: Teleporting vehicle '18'; collision with vehicle '17', lane='1/1to2/1_0', gap=-0.77, time=52.00 stage=move.
&lt; Warning: Teleporting vehicle '24'; collision with vehicle '23', lane='1/1to2/1_0', gap=-0.15, time=52.00 stage=move.
&lt; Warning: Vehicle '18' ends teleporting on edge '2/1to3/1', time=52.00.
&lt; Warning: Vehicle '24' ends teleporting on edge '2/1to3/1', time=52.00.
---
&gt; Traceback (most recent call last):
&gt;   File "/Users/sumo/clangMacOS_M1/sumo/tests/../tests/complex/sumo/speedMap/runner.py", line 26, in &lt;module&gt;
&gt;     import matplotlib
&gt; ModuleNotFoundError: No module named 'matplotlib'
---------- Missing result in state ----------
&lt;?xml version="1.0" encoding="UTF-8"?&gt;


&lt;netstate xmlns:xsi="http://www.w3.org/2001/XMLSchema-instance" xsi:noNamespaceSchemaLocation="http://sumo.dlr.de/xsd/netstate_file.xsd"&gt;
    &lt;timestep time="0.00"&gt;
        &lt;edge id="1/1to2/1"&gt;
            &lt;lane id="1/1to2/1_0"&gt;
                &lt;vehicle id="24" pos="308.00" speed="0.00"/&gt;
                &lt;vehicle id="23" pos="316.00" speed="0.00"/&gt;
                &lt;vehicle id="22" pos="324.00" speed="0.00"/&gt;
                &lt;vehicle id="21" pos="332.00" speed="0.00"/&gt;
                &lt;vehicle id="20" pos="340.00" speed="0.00"/&gt;
                &lt;vehicle id="19" pos="348.00" speed="0.00"/&gt;
                &lt;vehicle id="18" pos="356.00" speed="0.00"/&gt;
                &lt;vehicle id="17" pos="364.00" speed="0.00"/&gt;
                &lt;vehicle id="16" pos="372.00" speed="0.00"/&gt;
                &lt;vehicle id="15" pos="380.00" speed="0.00"/&gt;
                &lt;vehicle id="14" pos="388.00" speed="0.00"/&gt;
                &lt;vehicle id="13" pos="396.00" speed="0.00"/&gt;
                &lt;vehicle id="12" pos="404.00" speed="0.00"/&gt;
                &lt;vehicle id="11" pos="412.00" speed="0.00"/&gt;
                &lt;vehicle id="10" pos="420.00" speed="0.00"/&gt;
                &lt;vehicle id="9" pos="428.00" speed="0.00"/&gt;
                &lt;vehicle id="8" pos="436.00" speed="0.00"/&gt;
                &lt;vehicle id="7" pos="444.00" speed="0.00"/&gt;
                &lt;vehicle id="6" pos="452.00" speed="0.00"/&gt;
                &lt;vehicle id="5" pos="460.00" speed="0.00"/&gt;
                &lt;vehicle id="4" pos="468.00" speed="0.00"/&gt;
                &lt;vehicle id="3" pos="476.00" speed="0.00"/&gt;
                &lt;vehicle id="2" pos="484.00" speed="0.00"/&gt;
&lt;truncated after showing first 30 lines&gt;
</PRE>
<A NAME="defaulttraci connection clientCloses sumo-gui"></A>
<H4>TEST FAILED on ts-bapmsumm1bld : traci connection clientCloses sumo-gui (
<A HREF="test_default.html#defaulttraci connection clientCloses sumo-gui">Last six runs</A>
<A HREF="test_default_all_May2023.html#defaulttraci connection clientCloses sumo-gui">May2023</A>

)</H4>

<PRE>---------- Differences in errors ----------
0a1,7
&gt; Error: This system has no OpenGL support. Exiting.
&gt; Quitting (on error).
&gt; Traceback (most recent call last):
&gt;     raise FatalTraCIError("Could not connect in %s tries" % (numRetries + 1))
&gt; traci.exceptions.FatalTraCIError: Could not connect in 61 tries
&gt; /opt/homebrew/Cellar/python@3.9/3.9.12_1/Frameworks/Python.framework/Versions/3.9/lib/python3.9/subprocess.py:1052: ResourceWarning: subprocess 76279 is still running
&gt;   _warn("subprocess %s is still running" % self.pid,
---------- Differences in output ----------
3,15d2
&lt; Print ended at step 100.0
&lt; ----------- SUMO end time is not given -----------
&lt; Print ended at step 100.0
&lt; =========== empty routes in SUMO ===========
&lt; ----------- SUMO end time is smaller than TraCI's -----------
&lt; Print ended at step 100.0
&lt; ----------- SUMO end time is not given -----------
&lt; Print ended at step 100.0
&lt; =========== vehicle leaves before TraCI ends ===========
&lt; ----------- SUMO end time is smaller than TraCI's -----------
&lt; Print ended at step 100.0
&lt; ----------- SUMO end time is not given -----------
&lt; Print ended at step 100.0
</PRE>
<A NAME="defaulttraci connection closingOutput sumo-gui"></A>
<H4>TEST FAILED on ts-bapmsumm1bld : traci connection closingOutput sumo-gui (
<A HREF="test_default.html#defaulttraci connection closingOutput sumo-gui">Last six runs</A>
<A HREF="test_default_all_May2023.html#defaulttraci connection closingOutput sumo-gui">May2023</A>

)</H4>

<PRE>---------- Differences in errors ----------
0a1,247
&gt; Error: This system has no OpenGL support. Exiting.
&gt; Quitting (on error).
&gt;   warnings.warn(("Could not connect to TraCI server using port %s (%s)." +
&gt; Error: This system has no OpenGL support. Exiting.
&gt; Quitting (on error).
&gt;   warnings.warn(("Could not connect to TraCI server using port %s (%s)." +
&gt; Error: This system has no OpenGL support. Exiting.
&gt; Quitting (on error).
&gt;   warnings.warn(("Could not connect to TraCI server using port %s (%s)." +
&gt; Error: This system has no OpenGL support. Exiting.
&gt; Quitting (on error).
&gt;   warnings.warn(("Could not connect to TraCI server using port %s (%s)." +
&gt; Error: This system has no OpenGL support. Exiting.
&gt; Quitting (on error).
&gt;   warnings.warn(("Could not connect to TraCI server using port %s (%s)." +
&gt; Error: This system has no OpenGL support. Exiting.
&gt; Quitting (on error).
&gt;   warnings.warn(("Could not connect to TraCI server using port %s (%s)." +
&gt; Error: This system has no OpenGL support. Exiting.
&gt; Quitting (on error).
&gt;   warnings.warn(("Could not connect to TraCI server using port %s (%s)." +
&gt; Error: This system has no OpenGL support. Exiting.
&gt; Quitting (on error).
&gt;   warnings.warn(("Could not connect to TraCI server using port %s (%s)." +
&gt; Error: This system has no OpenGL support. Exiting.
&gt; Quitting (on error).
&gt;   warnings.warn(("Could not connect to TraCI server using port %s (%s)." +
&gt; Error: This system has no OpenGL support. Exiting.
&gt; Quitting (on error).
&lt;truncated after showing first 30 lines&gt;
---------- Missing result in state ----------
&lt;?xml version="1.0" encoding="UTF-8"?&gt;


&lt;netstate xmlns:xsi="http://www.w3.org/2001/XMLSchema-instance" xsi:noNamespaceSchemaLocation="http://sumo.dlr.de/xsd/netstate_file.xsd"&gt;
    &lt;timestep time="0.00"&gt;
        &lt;edge id="2fi"&gt;
            &lt;lane id="2fi_0"&gt;
                &lt;vehicle id="horiz" pos="5.10" speed="0.00"/&gt;
            &lt;/lane&gt;
        &lt;/edge&gt;
    &lt;/timestep&gt;
    &lt;timestep time="1.00"&gt;
        &lt;edge id="2fi"&gt;
            &lt;lane id="2fi_0"&gt;
                &lt;vehicle id="horiz" pos="6.53" speed="1.43"/&gt;
            &lt;/lane&gt;
        &lt;/edge&gt;
    &lt;/timestep&gt;
    &lt;timestep time="2.00"&gt;
        &lt;edge id="2fi"&gt;
            &lt;lane id="2fi_0"&gt;
                &lt;vehicle id="horiz" pos="10.57" speed="4.03"/&gt;
            &lt;/lane&gt;
        &lt;/edge&gt;
    &lt;/timestep&gt;
    &lt;timestep time="3.00"&gt;
        &lt;edge id="2fi"&gt;
            &lt;lane id="2fi_0"&gt;
                &lt;vehicle id="horiz" pos="16.77" speed="6.21"/&gt;
            &lt;/lane&gt;
&lt;truncated after showing first 30 lines&gt;
---------- Missing result in tripinfo ----------
&lt;?xml version="1.0" encoding="UTF-8"?&gt;


&lt;tripinfos xmlns:xsi="http://www.w3.org/2001/XMLSchema-instance" xsi:noNamespaceSchemaLocation="http://sumo.dlr.de/xsd/tripinfo_file.xsd"&gt;
&lt;/tripinfos&gt;
</PRE>
<A NAME="defaulttraci connection multipleConnections basic sumo-gui"></A>
<H4>TEST FAILED on ts-bapmsumm1bld : traci connection multipleConnections basic sumo-gui (
<A HREF="test_default.html#defaulttraci connection multipleConnections basic sumo-gui">Last six runs</A>
<A HREF="test_default_all_May2023.html#defaulttraci connection multipleConnections basic sumo-gui">May2023</A>

)</H4>

<PRE>---------- Differences in errors ----------
0a1,128
&gt; Error: This system has no OpenGL support. Exiting.
&gt; Quitting (on error).
&gt; Process Process-2:
&gt; Traceback (most recent call last):
&gt;     raise FatalTraCIError("Could not connect in %s tries" % (numRetries + 1))
&gt; traci.exceptions.FatalTraCIError: Could not connect in 61 tries
&gt; Process Process-1:
&gt; Traceback (most recent call last):
&gt;     raise FatalTraCIError("Could not connect in %s tries" % (numRetries + 1))
&gt; traci.exceptions.FatalTraCIError: Could not connect in 61 tries
&gt; Error: This system has no OpenGL support. Exiting.
&gt; Quitting (on error).
&gt; Process Process-4:
&gt; Traceback (most recent call last):
&gt;     raise FatalTraCIError("Could not connect in %s tries" % (numRetries + 1))
&gt; traci.exceptions.FatalTraCIError: Could not connect in 61 tries
&gt; Process Process-3:
&gt; Traceback (most recent call last):
&gt;     raise FatalTraCIError("Could not connect in %s tries" % (numRetries + 1))
&gt; traci.exceptions.FatalTraCIError: Could not connect in 61 tries
&gt; Error: This system has no OpenGL support. Exiting.
&gt; Quitting (on error).
&gt; Process Process-6:
&gt; Traceback (most recent call last):
&gt;     raise FatalTraCIError("Could not connect in %s tries" % (numRetries + 1))
&gt; traci.exceptions.FatalTraCIError: Could not connect in 61 tries
&gt; Process Process-5:
&gt; Traceback (most recent call last):
&gt;     raise FatalTraCIError("Could not connect in %s tries" % (numRetries + 1))
&lt;truncated after showing first 30 lines&gt;
---------- Differences in output ----------
15,44d14
&lt; -- Unordered text as found by filter 'Process [0-9]' --
&lt; Process 1 ended at step 99
&lt; Process 1 ended at step 99
&lt; Process 1 ended at step 99
&lt; Process 1 ended at step 99
&lt; Process 1 ended at step 99
&lt; Process 1 ended at step 99
&lt; Process 1 ended at step 99
&lt; Process 1 ended at step 99
&lt; Process 2 ended at step 99
&lt; Process 2 ended at step 99
&lt; Process 2 ended at step 99
&lt; Process 2 ended at step 99
&lt; Process 2 ended at step 99
&lt; Process 2 ended at step 99
&lt; Process 2 ended at step 99
&lt; Process 2 ended at step 99
&lt; Process 3 ended at step 99
&lt; Process 3 ended at step 99
&lt; Process 3 ended at step 99
&lt; Process 3 ended at step 99
&lt; Process 4 ended at step 99
&lt; Process 4 ended at step 99
&lt; Process 4 ended at step 99
&lt; Process 4 ended at step 99
&lt; Process 5 ended at step 99
&lt; Process 5 ended at step 99
&lt; Process 5 ended at step 99
&lt; Process 5 ended at step 99
&lt;truncated after showing first 30 lines&gt;
</PRE>
<A NAME="defaulttraci connection parallelConnection sumo-gui"></A>
<H4>TEST FAILED on ts-bapmsumm1bld : traci connection parallelConnection sumo-gui (
<A HREF="test_default.html#defaulttraci connection parallelConnection sumo-gui">Last six runs</A>
<A HREF="test_default_all_May2023.html#defaulttraci connection parallelConnection sumo-gui">May2023</A>

)</H4>

<PRE>---------- Differences in errors ----------
0a1,5
&gt; Error: This system has no OpenGL support. Exiting.
&gt; Quitting (on error).
&gt; Traceback (most recent call last):
&gt;     raise FatalTraCIError("Could not connect.")
&gt; traci.exceptions.FatalTraCIError: Could not connect.
---------- Differences in output ----------
3,16d2
&lt;  Run 1
&lt;  Run 2
&lt; Print ended at step 100.0
&lt; Print ended at step 100.0
&lt; Print ended at step 100.0
&lt; Connection already closed.
&lt; ----------- TraCI ends first -----------
&lt;  Run 0
&lt;  Run 1
&lt;  Run 2
&lt; Print ended at step 100.0
&lt; Print ended at step 100.0
&lt; Print ended at step 100.0
&lt; Connection '2' is not known.
</PRE>
<A NAME="defaulttraci connection repeatedConnection sumo-gui"></A>
<H4>TEST FAILED on ts-bapmsumm1bld : traci connection repeatedConnection sumo-gui (
<A HREF="test_default.html#defaulttraci connection repeatedConnection sumo-gui">Last six runs</A>
<A HREF="test_default_all_May2023.html#defaulttraci connection repeatedConnection sumo-gui">May2023</A>

)</H4>

<PRE>---------- Differences in errors ----------
0a1,7
&gt; Error: This system has no OpenGL support. Exiting.
&gt; Quitting (on error).
&gt; Traceback (most recent call last):
&gt;     raise FatalTraCIError("Could not connect in %s tries" % (numRetries + 1))
&gt; traci.exceptions.FatalTraCIError: Could not connect in 61 tries
&gt; /opt/homebrew/Cellar/python@3.9/3.9.12_1/Frameworks/Python.framework/Versions/3.9/lib/python3.9/subprocess.py:1052: ResourceWarning: subprocess 76034 is still running
&gt;   _warn("subprocess %s is still running" % self.pid,
---------- Differences in output ----------
3,42d2
&lt; Print ended at step 100.0
&lt;  Run 1
&lt; Print ended at step 100.0
&lt;  Run 2
&lt; Print ended at step 100.0
&lt;  Run 3
&lt; Print ended at step 100.0
&lt;  Run 4
&lt; Print ended at step 100.0
&lt;  Run 5
&lt; Print ended at step 100.0
&lt;  Run 6
&lt; Print ended at step 100.0
&lt;  Run 7
&lt; Print ended at step 100.0
&lt;  Run 8
&lt; Print ended at step 100.0
&lt;  Run 9
&lt; Print ended at step 100.0
&lt; ----------- TraCI ends first -----------
&lt;  Run 0
&lt; Print ended at step 100.0
&lt;  Run 1
&lt; Print ended at step 100.0
&lt;  Run 2
&lt; Print ended at step 100.0
&lt;  Run 3
&lt; Print ended at step 100.0
&lt;  Run 4
&lt;truncated after showing first 30 lines&gt;
</PRE>
<A NAME="defaulttraci gui b50"></A>
<H4>TEST FAILED on ts-bapmsumm1bld : traci gui b50 (
<A HREF="test_default.html#defaulttraci gui b50">Last six runs</A>
<A HREF="test_default_all_May2023.html#defaulttraci gui b50">May2023</A>

)</H4>

<PRE>---------- Differences in errors ----------
6a7,13
&gt; Error: This system has no OpenGL support. Exiting.
&gt; Quitting (on error).
&gt; Traceback (most recent call last):
&gt;     raise FatalTraCIError("Could not connect in %s tries" % (numRetries + 1))
&gt; traci.exceptions.FatalTraCIError: Could not connect in 61 tries
&gt; /opt/homebrew/Cellar/python@3.9/3.9.12_1/Frameworks/Python.framework/Versions/3.9/lib/python3.9/subprocess.py:1052: ResourceWarning: subprocess 75682 is still running
&gt;   _warn("subprocess %s is still running" % self.pid,
---------- Differences in output ----------
2,4d1
&lt; -- Unordered text as found by filter '^Loading configuration ... done.' --
&lt; Loading configuration ... done.
&lt; 
</PRE>
<A NAME="defaulttraci gui gui"></A>
<H4>TEST FAILED on ts-bapmsumm1bld : traci gui gui (
<A HREF="test_default.html#defaulttraci gui gui">Last six runs</A>
<A HREF="test_default_all_May2023.html#defaulttraci gui gui">May2023</A>

)</H4>

<PRE>---------- Differences in errors ----------
0a1,4
&gt; Traceback (most recent call last):
&gt;   File "/Users/sumo/clangMacOS_M1/sumo/tests/../tests/complex/traci/gui/gui/runner.py", line 26, in &lt;module&gt;
&gt;     from matplotlib.pyplot import imread
&gt; ModuleNotFoundError: No module named 'matplotlib'
---------- Differences in output ----------
1,33d0
&lt; step 0
&lt; step 1
&lt; step 2
&lt; hasGUI True
&lt; views ('View #0',)
&lt; examining View #0
&lt; set zoom (80.0)
&lt; get zoom 80.0
&lt; set offset (400.0, 400.0)
&lt; get offset (400.0, 400.0)
&lt; set schema ('real world')
&lt; get schema real world
&lt; visible boundary ((-809.6875, -232.0), (1609.6875, 1032.0))
&lt; has view View #0 True
&lt; has view 'foo' False
&lt; track vehicle 'horiz'
&lt; get tracked vehicle horiz
&lt; {0: ('View #0',)}
&lt; step 3
&lt; {0: ('View #0',)}
&lt; step 4
&lt; {0: ('View #0',)}
&lt; step 5
&lt; {0: ('View #0',)}
&lt; veh selected: False
&lt; edge selected: False
&lt; veh selected: True
&lt; edge selected: True
&lt; screenshot dimensions (500, 500, 4)
&lt;truncated after showing first 30 lines&gt;
</PRE>
<A NAME="defaulttraci gui polygon_dynamics_gui"></A>
<H4>TEST FAILED on ts-bapmsumm1bld : traci gui polygon_dynamics_gui (
<A HREF="test_default.html#defaulttraci gui polygon_dynamics_gui">Last six runs</A>
<A HREF="test_default_all_May2023.html#defaulttraci gui polygon_dynamics_gui">May2023</A>

)</H4>

<PRE>---------- Differences in errors ----------
0a1,247
&gt; Error: This system has no OpenGL support. Exiting.
&gt; Quitting (on error).
&gt;   warnings.warn(("Could not connect to TraCI server using port %s (%s)." +
&gt; Error: This system has no OpenGL support. Exiting.
&gt; Quitting (on error).
&gt;   warnings.warn(("Could not connect to TraCI server using port %s (%s)." +
&gt; Error: This system has no OpenGL support. Exiting.
&gt; Quitting (on error).
&gt;   warnings.warn(("Could not connect to TraCI server using port %s (%s)." +
&gt; Error: This system has no OpenGL support. Exiting.
&gt; Quitting (on error).
&gt;   warnings.warn(("Could not connect to TraCI server using port %s (%s)." +
&gt; Error: This system has no OpenGL support. Exiting.
&gt; Quitting (on error).
&gt;   warnings.warn(("Could not connect to TraCI server using port %s (%s)." +
&gt; Error: This system has no OpenGL support. Exiting.
&gt; Quitting (on error).
&gt;   warnings.warn(("Could not connect to TraCI server using port %s (%s)." +
&gt; Error: This system has no OpenGL support. Exiting.
&gt; Quitting (on error).
&gt;   warnings.warn(("Could not connect to TraCI server using port %s (%s)." +
&gt; Error: This system has no OpenGL support. Exiting.
&gt; Quitting (on error).
&gt;   warnings.warn(("Could not connect to TraCI server using port %s (%s)." +
&gt; Error: This system has no OpenGL support. Exiting.
&gt; Quitting (on error).
&gt;   warnings.warn(("Could not connect to TraCI server using port %s (%s)." +
&gt; Error: This system has no OpenGL support. Exiting.
&gt; Quitting (on error).
&lt;truncated after showing first 30 lines&gt;
---------- Differences in output ----------
1,256d0
&lt; step 0
&lt; step 1
&lt; step 2
&lt; adding poly0
&lt; polygons ('poly0',)
&lt; polygon count 1
&lt; # examining poly0
&lt; shape ((960.0, 510.0), (960.0, 550.0), (1000.0, 550.0), (1000.0, 510.0))
&lt; type test
&lt; color (100, 200, 0, 255)
&lt; filled True
&lt; step 3
&lt; step 4
&lt; step 5
&lt; # (1) Adding underspecified dynamics...
&lt; Caught TraCIException
&lt; # (2) Adding malformed dynamics 1 ...
&lt; Caught TraCIException
&lt; # (3) Adding malformed dynamics 2 ...
&lt; Caught TraCIException
&lt; # (4) Adding malformed dynamics 3 ...
&lt; Caught TraCIException
&lt; # (5) Adding malformed dynamics 4 ...
&lt; Caught TraCIException
&lt; # (6) Adding malformed dynamics 5 ...
&lt; Caught TraCIException
&lt; # examining poly0
&lt; shape ((960.0, 510.0), (960.0, 550.0), (1000.0, 550.0), (1000.0, 510.0))
&lt; type test
&lt;truncated after showing first 30 lines&gt;
</PRE>
<A NAME="defaulttraci simulation loadState railSignal"></A>
<H4>TEST FAILED on ts-bapmsumm1bld : traci simulation loadState railSignal (
<A HREF="test_default.html#defaulttraci simulation loadState railSignal">Last six runs</A>
<A HREF="test_default_all_May2023.html#defaulttraci simulation loadState railSignal">May2023</A>

)</H4>

<PRE>---------- Differences in output ----------
0a1,16
&gt; 37.00 conflictLane :B_0_0 occupied ego=NULL vehNumber=0
&gt; 37.00 rsl=B_0 red for default driveway (b)
&gt; 37.00 rsl=E_0 veh=t0 reserved
&gt; 37.00 conflictLane :D_0_0 occupied ego=NULL vehNumber=0
&gt; 37.00 rsl=D_0 red for default driveway (d)
&gt; 37.00 conflictLane c_0 occupied ego=t1 vehNumber=0
&gt;   conflictLaneOccupied by= ego=t1
&gt; 37.00 rsl=C_0 veh=t1 notReserved
&gt; 37.00 conflictLane c_0 occupied ego=t1 vehNumber=0
&gt;   conflictLaneOccupied by= ego=t1
&gt; 37.00 rsl=C_0 veh=t1 notReserved
&gt; 37.00 conflictLane :D_0_0 occupied ego=NULL vehNumber=0
&gt; 37.00 rsl=D_0 red for default driveway (d)
&gt; 37.00 conflictLane :B_0_0 occupied ego=NULL vehNumber=0
&gt; 37.00 rsl=B_0 red for default driveway (b)
&gt; 37.00 rsl=E_0 veh=t0 reserved
</PRE>
<A NAME="defaulttraci trafficlight constraints getConstraints"></A>
<H4>TEST FAILED on ts-bapmsumm1bld : traci trafficlight constraints getConstraints (
<A HREF="test_default.html#defaulttraci trafficlight constraints getConstraints">Last six runs</A>
<A HREF="test_default_all_May2023.html#defaulttraci trafficlight constraints getConstraints">May2023</A>

)</H4>

<PRE>---------- Differences in output ----------
0a1,4
&gt;   constraint 'predecessor  t2 at signal D passed=t1' not cleared
&gt; 37.00 rsl=A_0 veh=t0 notReserved
&gt; 37.00 conflictLane e_0 occupied ego=NULL vehNumber=0
&gt; 37.00 rsl=D_0 red for default driveway (e c)
</PRE>
<A NAME="defaulttraci trafficlight constraints swap 1"></A>
<A NAME="defaulttraci trafficlight constraints swap 2_swapLater"></A>
<H4>2 TESTS FAILED on ts-bapmsumm1bld :</H4>

<PRE>---------- Differences in output ----------
0a1,13
&gt; 37.00 conflictLane c_0 occupied ego=t1 vehNumber=1
&gt;   conflictLaneOccupied by= ego=t1
&gt; 37.00 rsl=A_0 veh=t1 notReserved
&gt;   constraint 'predecessor  t0 at signal C passed=' not cleared
&gt; 37.00 rsl=H_0 veh=t2 notReserved
&gt; 37.00 conflictLane e_0 occupied ego=NULL vehNumber=0
&gt; 37.00 rsl=D_0 red for default driveway (e c)
&gt;    checkLinkConflict foeLink=H_0
&gt;      approaching foe=t2
&gt;   constraint 'predecessor  t0 at signal C passed=' not cleared
&gt;   constraint 'predecessor  t0 at signal C passed=' not cleared
&gt;      foe constrained
&gt; 37.00 rsl=C_0 veh=t0 reserved
</PRE>
traci trafficlight constraints swap 1 (
<A HREF="test_default.html#defaulttraci trafficlight constraints swap 1">Last six runs</A>
<A HREF="test_default_all_May2023.html#defaulttraci trafficlight constraints swap 1">May2023</A>

)<br>

traci trafficlight constraints swap 2_swapLater (
<A HREF="test_default.html#defaulttraci trafficlight constraints swap 2_swapLater">Last six runs</A>
<A HREF="test_default_all_May2023.html#defaulttraci trafficlight constraints swap 2_swapLater">May2023</A>

)<br>

<A NAME="defaulttraci trafficlight constraints swap 2"></A>
<H4>TEST FAILED on ts-bapmsumm1bld : traci trafficlight constraints swap 2 (
<A HREF="test_default.html#defaulttraci trafficlight constraints swap 2">Last six runs</A>
<A HREF="test_default_all_May2023.html#defaulttraci trafficlight constraints swap 2">May2023</A>

)</H4>

<PRE>---------- Differences in output ----------
0a1,37
&gt; 37.00 conflictLane c_0 occupied ego=NULL vehNumber=1
&gt; 37.00 rsl=A_0 red for default driveway (b c)
&gt;   constraint 'predecessor  t1 at signal C passed=
&gt;   key=arrival value=00:02:40
&gt;   key=busStop value=stop_g
&gt;   key=foeArrival value=00:02:10
&gt;   key=foeID value=t1
&gt;   key=foeLine value=S4
&gt;   key=line value=S5
&gt;   key=switch value=g
&gt;   key=vehID value=t2' not cleared
&gt; 37.00 rsl=H_0 veh=t2 notReserved
&gt; 37.00 conflictLane c_0 occupied ego=t0 vehNumber=1
&gt;   conflictLaneOccupied by= ego=t0
&gt; 37.00 rsl=D_0 veh=t0 notReserved
&gt;    checkLinkConflict foeLink=H_0
&gt;      approaching foe=t2
&gt;   constraint 'predecessor  t1 at signal C passed=
&gt;   key=arrival value=00:02:40
&gt;   key=busStop value=stop_g
&gt;   key=foeArrival value=00:02:10
&gt;   key=foeID value=t1
&gt;   key=foeLine value=S4
&gt;   key=line value=S5
&gt;   key=switch value=g
&gt;   key=vehID value=t2' not cleared
&gt;   constraint 'predecessor  t1 at signal C passed=
&gt;   key=arrival value=00:02:40
&gt;   key=busStop value=stop_g
&lt;truncated after showing first 30 lines&gt;
</PRE>
<A NAME="defaulttraci trafficlight constraints swap 3"></A>
<H4>TEST FAILED on ts-bapmsumm1bld : traci trafficlight constraints swap 3 (
<A HREF="test_default.html#defaulttraci trafficlight constraints swap 3">Last six runs</A>
<A HREF="test_default_all_May2023.html#defaulttraci trafficlight constraints swap 3">May2023</A>

)</H4>

<PRE>---------- Differences in output ----------
0a1,13
&gt; 37.00 conflictLane c_0 occupied ego=NULL vehNumber=1
&gt; 37.00 rsl=A_0 red for default driveway (b c)
&gt;   constraint 'predecessor  t0 at signal C passed=' not cleared
&gt; 37.00 rsl=H_0 veh=t2 notReserved
&gt; 37.00 conflictLane c_0 occupied ego=t0 vehNumber=1
&gt;   conflictLaneOccupied by= ego=t0
&gt; 37.00 rsl=D_0 veh=t0 notReserved
&gt;    checkLinkConflict foeLink=H_0
&gt;      approaching foe=t2
&gt;   constraint 'predecessor  t0 at signal C passed=' not cleared
&gt;   constraint 'predecessor  t0 at signal C passed=' not cleared
&gt;      foe constrained
&gt; 37.00 rsl=C_0 veh=t1 reserved
</PRE>
<A NAME="defaulttraci trafficlight constraints swap 4"></A>
<A NAME="defaulttraci trafficlight constraints swap 4b"></A>
<H4>2 TESTS FAILED on ts-bapmsumm1bld :</H4>

<PRE>---------- Differences in output ----------
0a1,19
&gt; 37.00 conflictLane c_0 occupied ego=NULL vehNumber=1
&gt; 37.00 rsl=A_0 red for default driveway (b c)
&gt; 37.00 rsl=H_0 red for unitialized signal (no driveways yet)
&gt; 37.00 conflictLane c_0 occupied ego=t0 vehNumber=1
&gt;   conflictLaneOccupied by= ego=t0
&gt; 37.00 rsl=D_0 veh=t0 notReserved
&gt;   constraint 'predecessor  t0 at signal C passed=' not cleared
&gt; 37.00 rsl=L_0 veh=t3 notReserved
&gt;    checkLinkConflict foeLink=H_0
&gt;    checkLinkConflict foeLink=L_0
&gt;      approaching foe=t3
&gt;   constraint 'predecessor  t0 at signal C passed=' not cleared
&gt;   constraint 'predecessor  t0 at signal C passed=' not cleared
&gt;      foe constrained
&gt; 37.00 rsl=C_0 veh=t2 reserved
&gt; 37.00 conflictLane o_0 occupied ego=NULL vehNumber=0
&gt; 37.00 rsl=N_0 red for default driveway (o l)
&gt;   constraint 'predecessor  t2 at signal C passed=' not cleared
&gt; 37.00 rsl=J_0 veh=t1 notReserved
</PRE>
traci trafficlight constraints swap 4 (
<A HREF="test_default.html#defaulttraci trafficlight constraints swap 4">Last six runs</A>
<A HREF="test_default_all_May2023.html#defaulttraci trafficlight constraints swap 4">May2023</A>

)<br>

traci trafficlight constraints swap 4b (
<A HREF="test_default.html#defaulttraci trafficlight constraints swap 4b">Last six runs</A>
<A HREF="test_default_all_May2023.html#defaulttraci trafficlight constraints swap 4b">May2023</A>

)<br>

<A NAME="defaulttraci trafficlight constraints swap 5"></A>
<H4>TEST FAILED on ts-bapmsumm1bld : traci trafficlight constraints swap 5 (
<A HREF="test_default.html#defaulttraci trafficlight constraints swap 5">Last six runs</A>
<A HREF="test_default_all_May2023.html#defaulttraci trafficlight constraints swap 5">May2023</A>

)</H4>

<PRE>---------- Differences in output ----------
0a1,14
&gt; 37.00 conflictLane c_0 occupied ego=NULL vehNumber=1
&gt; 37.00 rsl=A_0 red for default driveway (b c)
&gt;    checkLinkConflict foeLink=C_0
&gt;      approaching foe=t2
&gt;   constraint 'predecessor  t1 at signal H passed=' not cleared
&gt;   constraint 'predecessor  t1 at signal H passed=' not cleared
&gt;      foe constrained
&gt; 37.00 rsl=H_0 veh=t1 reserved
&gt; 37.00 conflictLane c_0 occupied ego=tx vehNumber=1
&gt;   conflictLaneOccupied by= ego=tx
&gt; 37.00 rsl=D_0 veh=tx notReserved
&gt;   constraint 'predecessor  t1 at signal H passed=' not cleared
&gt; 37.00 rsl=C_0 veh=t2 notReserved
&gt; 37.00 rsl=C_1 green for default driveway (j)
</PRE>
<A NAME="defaulttraci trafficlight constraints swap 6"></A>
<H4>TEST FAILED on ts-bapmsumm1bld : traci trafficlight constraints swap 6 (
<A HREF="test_default.html#defaulttraci trafficlight constraints swap 6">Last six runs</A>
<A HREF="test_default_all_May2023.html#defaulttraci trafficlight constraints swap 6">May2023</A>

)</H4>

<PRE>---------- Differences in output ----------
0a1,13
&gt; 37.00 conflictLane c_0 occupied ego=NULL vehNumber=1
&gt; 37.00 rsl=A_0 red for default driveway (b c)
&gt;    checkLinkConflict foeLink=C_0
&gt;      approaching foe=t3
&gt;   constraint 'predecessor  t2 at signal H passed=' not cleared
&gt;   constraint 'predecessor  t2 at signal H passed=' not cleared
&gt;      foe constrained
&gt; 37.00 rsl=H_0 veh=t2 reserved
&gt; 37.00 conflictLane c_0 occupied ego=t0 vehNumber=1
&gt;   conflictLaneOccupied by= ego=t0
&gt; 37.00 rsl=D_0 veh=t0 notReserved
&gt;   constraint 'predecessor  t2 at signal H passed=' not cleared
&gt; 37.00 rsl=C_0 veh=t3 notReserved
</PRE>
<A NAME="defaulttraci trafficlight constraints swap bidi"></A>
<H4>TEST FAILED on ts-bapmsumm1bld : traci trafficlight constraints swap bidi (
<A HREF="test_default.html#defaulttraci trafficlight constraints swap bidi">Last six runs</A>
<A HREF="test_default_all_May2023.html#defaulttraci trafficlight constraints swap bidi">May2023</A>

)</H4>

<PRE>---------- Differences in output ----------
0a1,39
&gt; 37.00 rsl=A_0 red for unitialized signal (no driveways yet)
&gt;    checkLinkConflict foeLink=D_1
&gt;    checkLinkConflict foeLink=J1_0
&gt;      approaching foe=t1
&gt;   constraint 'bidiPredecessor  t0 at signal A passed=
&gt;   key=arrival value=00:01:24
&gt;   key=busStop value=-a2
&gt;   key=busStop2 value=f
&gt;   key=foeArrival value=00:03:45
&gt;   key=foeStopArrival value=00:04:00
&gt;   key=priorStop value=-f2
&gt;   key=priorStop2 value=a
&gt;   key=stopArrival value=00:01:40' not cleared
&gt;   constraint 'bidiPredecessor  t0 at signal A passed=
&gt;   key=arrival value=00:01:24
&gt;   key=busStop value=-a2
&gt;   key=busStop2 value=f
&gt;   key=foeArrival value=00:03:45
&gt;   key=foeStopArrival value=00:04:00
&gt;   key=priorStop value=-f2
&gt;   key=priorStop2 value=a
&gt;   key=stopArrival value=00:01:40' not cleared
&gt;      foe constrained
&gt; 37.00 rsl=A_1 veh=t0 reserved
&gt;   constraint 'bidiPredecessor  t0 at signal A passed=
&gt;   key=arrival value=00:01:24
&gt;   key=busStop value=-a2
&gt;   key=busStop2 value=f
&gt;   key=foeArrival value=00:03:45
&lt;truncated after showing first 30 lines&gt;
</PRE>
<A NAME="defaulttraci trafficlight constraints swap egoLeader"></A>
<H4>TEST FAILED on ts-bapmsumm1bld : traci trafficlight constraints swap egoLeader (
<A HREF="test_default.html#defaulttraci trafficlight constraints swap egoLeader">Last six runs</A>
<A HREF="test_default_all_May2023.html#defaulttraci trafficlight constraints swap egoLeader">May2023</A>

)</H4>

<PRE>---------- Differences in output ----------
0a1,8
&gt; 37.00 conflictLane b_0 occupied ego=NULL vehNumber=1
&gt; 37.00 rsl=A_0 red for default driveway (b c)
&gt;   constraint 'predecessor  t2 at signal C passed=t1' not cleared
&gt; 37.00 rsl=H_0 veh=t0 notReserved
&gt; 37.00 rsl=D_0 red for unitialized signal (no driveways yet)
&gt; 37.00 conflictLane f_0 occupied ego=t2 vehNumber=0
&gt;   conflictLaneOccupied by= ego=t2
&gt; 37.00 rsl=C_0 veh=t2 notReserved
</PRE>
<A NAME="defaulttraci trafficlight constraints swap foeInsertion"></A>
<H4>TEST FAILED on ts-bapmsumm1bld : traci trafficlight constraints swap foeInsertion (
<A HREF="test_default.html#defaulttraci trafficlight constraints swap foeInsertion">Last six runs</A>
<A HREF="test_default_all_May2023.html#defaulttraci trafficlight constraints swap foeInsertion">May2023</A>

)</H4>

<PRE>---------- Differences in output ----------
0a1,11
&gt;   constraint 'predecessor  t0 at signal C passed=' not cleared
&gt; 37.00 rsl=A_0 veh=t1 notReserved
&gt;    checkLinkConflict foeLink=C_0
&gt;      approaching foe=t0
&gt;   constraint 'predecessor  t2 at signal H passed=' not cleared
&gt;   constraint 'predecessor  t2 at signal H passed=' not cleared
&gt;      foe constrained
&gt; 37.00 rsl=H_0 veh=t2 reserved
&gt; 37.00 rsl=D_0 red for unitialized signal (no driveways yet)
&gt;   constraint 'predecessor  t2 at signal H passed=' not cleared
&gt; 37.00 rsl=C_0 veh=t0 notReserved
</PRE>
<A NAME="defaulttraci trafficlight constraints swap insertion"></A>
<H4>TEST FAILED on ts-bapmsumm1bld : traci trafficlight constraints swap insertion (
<A HREF="test_default.html#defaulttraci trafficlight constraints swap insertion">Last six runs</A>
<A HREF="test_default_all_May2023.html#defaulttraci trafficlight constraints swap insertion">May2023</A>

)</H4>

<PRE>---------- Differences in output ----------
0a1,13
&gt; 37.00 conflictLane c_0 occupied ego=NULL vehNumber=1
&gt; 37.00 rsl=A_0 red for default driveway (b c)
&gt;    checkLinkConflict foeLink=C_0
&gt;      approaching foe=t0
&gt;   constraint 'predecessor  t2 at signal H passed=' not cleared
&gt;   constraint 'predecessor  t2 at signal H passed=' not cleared
&gt;      foe constrained
&gt; 37.00 rsl=H_0 veh=t2 reserved
&gt; 37.00 rsl=D_0 red for unitialized signal (no driveways yet)
&gt;   constraint 'predecessor  t2 at signal H passed=' not cleared
&gt; 37.00 rsl=C_0 veh=t0 notReserved
&gt; 37.00 rsl=C_1 red for unitialized signal (no driveways yet)
&gt; 37.00 rsl=C insertion constraint 'insertionPredecessor  t0 at signal C passed=' for vehicle 't1' not cleared
</PRE>
<A NAME="defaulttraci trafficlight constraints swap insertion_tripId"></A>
<H4>TEST FAILED on ts-bapmsumm1bld : traci trafficlight constraints swap insertion_tripId (
<A HREF="test_default.html#defaulttraci trafficlight constraints swap insertion_tripId">Last six runs</A>
<A HREF="test_default_all_May2023.html#defaulttraci trafficlight constraints swap insertion_tripId">May2023</A>

)</H4>

<PRE>---------- Differences in output ----------
0a1,13
&gt; 37.00 conflictLane c_0 occupied ego=NULL vehNumber=1
&gt; 37.00 rsl=A_0 red for default driveway (b c)
&gt;    checkLinkConflict foeLink=C_0
&gt;      approaching foe=t0
&gt;   constraint 'predecessor  t2_tripId (t2) at signal H passed=' not cleared
&gt;   constraint 'predecessor  t2_tripId (t2) at signal H passed=' not cleared
&gt;      foe constrained
&gt; 37.00 rsl=H_0 veh=t2 reserved
&gt; 37.00 rsl=D_0 red for unitialized signal (no driveways yet)
&gt;   constraint 'predecessor  t2_tripId (t2) at signal H passed=' not cleared
&gt; 37.00 rsl=C_0 veh=t0 notReserved
&gt; 37.00 rsl=C_1 red for unitialized signal (no driveways yet)
&gt; 37.00 rsl=C insertion constraint 'insertionPredecessor  t0_tripId (t0) at signal C passed=' for vehicle 't1' not cleared
</PRE>
<A NAME="defaulttraci trafficlight constraints swap looped"></A>
<H4>TEST FAILED on ts-bapmsumm1bld : traci trafficlight constraints swap looped (
<A HREF="test_default.html#defaulttraci trafficlight constraints swap looped">Last six runs</A>
<A HREF="test_default_all_May2023.html#defaulttraci trafficlight constraints swap looped">May2023</A>

)</H4>

<PRE>---------- Differences in output ----------
0a1,16
&gt; 37.00 conflictLane c_0 occupied ego=t0 vehNumber=1
&gt;   conflictLaneOccupied by= ego=t0
&gt; 37.00 rsl=A_0 veh=t0 notReserved
&gt; 37.00 rsl=G_0 veh=t1 reserved
&gt;    checkLinkConflict foeLink=C_0
&gt;      approaching foe=t2
&gt;   constraint 'predecessor  t1 at signal H passed=' not cleared
&gt;   constraint 'predecessor  t1 at signal H passed=' not cleared
&gt;      foe constrained
&gt; 37.00 rsl=H_0 veh=t1 reserved
&gt; 37.00 conflictLane e_0 occupied ego=NULL vehNumber=0
&gt; 37.00 rsl=D_0 red for default driveway (e c)
&gt;   constraint 'predecessor  t1 at signal H passed=' not cleared
&gt; 37.00 rsl=C_0 veh=t2 notReserved
&gt; 37.00 conflictLane a_0 occupied ego=NULL vehNumber=1
&gt; 37.00 rsl=J_0 red for default driveway (l a)
</PRE>
<A NAME="defaulttraci trafficlight constraints swap redundant_1"></A>
<H4>TEST FAILED on ts-bapmsumm1bld : traci trafficlight constraints swap redundant_1 (
<A HREF="test_default.html#defaulttraci trafficlight constraints swap redundant_1">Last six runs</A>
<A HREF="test_default_all_May2023.html#defaulttraci trafficlight constraints swap redundant_1">May2023</A>

)</H4>

<PRE>---------- Differences in output ----------
0a1,12
&gt; 37.00 conflictLane c_0 occupied ego=t1 vehNumber=1
&gt;   conflictLaneOccupied by= ego=t1
&gt; 37.00 rsl=A_0 veh=t1 notReserved
&gt;    checkLinkConflict foeLink=C_0
&gt;      approaching foe=t0
&gt;   constraint 'predecessor  t2 at signal H passed=' not cleared
&gt;   constraint 'predecessor  t2 at signal H passed=' not cleared
&gt;      foe constrained
&gt; 37.00 rsl=H_0 veh=t2 reserved
&gt; 37.00 rsl=D_0 red for unitialized signal (no driveways yet)
&gt;   constraint 'predecessor  t2 at signal H passed=' not cleared
&gt; 37.00 rsl=C_0 veh=t0 notReserved
</PRE>
<A NAME="defaulttraci trafficlight constraints swap redundant_2"></A>
<A NAME="defaulttraci trafficlight constraints swap redundant_2_routes"></A>
<H4>2 TESTS FAILED on ts-bapmsumm1bld :</H4>

<PRE>---------- Differences in output ----------
0a1,7
&gt; 37.00 conflictLane c_0 occupied ego=NULL vehNumber=1
&gt; 37.00 rsl=A_0 red for default driveway (b c)
&gt;   constraint 'predecessor  t0 at signal C passed=' not cleared
&gt; 37.00 rsl=H_0 veh=t1 notReserved
&gt; 37.00 rsl=D_0 red for unitialized signal (no driveways yet)
&gt;   constraint 'predecessor  t2 at signal H passed=' not cleared
&gt; 37.00 rsl=C_0 veh=t0 notReserved
</PRE>
traci trafficlight constraints swap redundant_2 (
<A HREF="test_default.html#defaulttraci trafficlight constraints swap redundant_2">Last six runs</A>
<A HREF="test_default_all_May2023.html#defaulttraci trafficlight constraints swap redundant_2">May2023</A>

)<br>

traci trafficlight constraints swap redundant_2_routes (
<A HREF="test_default.html#defaulttraci trafficlight constraints swap redundant_2_routes">Last six runs</A>
<A HREF="test_default_all_May2023.html#defaulttraci trafficlight constraints swap redundant_2_routes">May2023</A>

)<br>

<A NAME="defaulttraci trafficlight constraints swapConstraints"></A>
<H4>TEST FAILED on ts-bapmsumm1bld : traci trafficlight constraints swapConstraints (
<A HREF="test_default.html#defaulttraci trafficlight constraints swapConstraints">Last six runs</A>
<A HREF="test_default_all_May2023.html#defaulttraci trafficlight constraints swapConstraints">May2023</A>

)</H4>

<PRE>---------- Differences in output ----------
0a1,13
&gt; 37.00 conflictLane c_0 occupied ego=t0 vehNumber=1
&gt;   conflictLaneOccupied by= ego=t0
&gt; 37.00 rsl=A_0 veh=t0 notReserved
&gt;    checkLinkConflict foeLink=C_0
&gt;      approaching foe=t2
&gt;   constraint 'predecessor  t1 at signal H passed=' not cleared
&gt;   constraint 'predecessor  t1 at signal H passed=' not cleared
&gt;      foe constrained
&gt; 37.00 rsl=H_0 veh=t1 reserved
&gt; 37.00 conflictLane e_0 occupied ego=NULL vehNumber=0
&gt; 37.00 rsl=D_0 red for default driveway (e c)
&gt;   constraint 'predecessor  t1 at signal H passed=' not cleared
&gt; 37.00 rsl=C_0 veh=t2 notReserved
</PRE>
<A NAME="defaulttraci trafficlight constraints swapConstraints_loadState"></A>
<H4>TEST FAILED on ts-bapmsumm1bld : traci trafficlight constraints swapConstraints_loadState (
<A HREF="test_default.html#defaulttraci trafficlight constraints swapConstraints_loadState">Last six runs</A>
<A HREF="test_default_all_May2023.html#defaulttraci trafficlight constraints swapConstraints_loadState">May2023</A>

)</H4>

<PRE>---------- Differences in output ----------
0a1,13
&gt;    checkLinkConflict foeLink=C_0
&gt;      approaching foe=t2
&gt;   constraint 'predecessor  t1 at signal H passed=' not cleared
&gt;   constraint 'predecessor  t1 at signal H passed=' not cleared
&gt;      foe constrained
&gt; 37.00 rsl=H_0 veh=t1 reserved
&gt; 37.00 conflictLane c_0 occupied ego=t0 vehNumber=1
&gt;   conflictLaneOccupied by= ego=t0
&gt; 37.00 rsl=A_0 veh=t0 notReserved
&gt; 37.00 conflictLane e_0 occupied ego=NULL vehNumber=0
&gt; 37.00 rsl=D_0 red for default driveway (e c)
&gt;   constraint 'predecessor  t1 at signal H passed=' not cleared
&gt; 37.00 rsl=C_0 veh=t2 notReserved
</PRE>
<A NAME="defaulttraci trafficlight constraints updateConstraints"></A>
<H4>TEST FAILED on ts-bapmsumm1bld : traci trafficlight constraints updateConstraints (
<A HREF="test_default.html#defaulttraci trafficlight constraints updateConstraints">Last six runs</A>
<A HREF="test_default_all_May2023.html#defaulttraci trafficlight constraints updateConstraints">May2023</A>

)</H4>

<PRE>---------- Differences in output ----------
0a1,16
&gt;    checkLinkConflict foeLink=J9_0
&gt;      approaching foe=t1
&gt;   constraint 'predecessor  t0 at signal J10 passed=' not cleared
&gt;   constraint 'predecessor  t0 at signal J10 passed=' not cleared
&gt;      foe constrained
&gt; 37.00 rsl=J10_0 veh=t0 reserved
&gt; 37.00 foeLink=E0_0-&gt;E1_0 approachedBy=t0
&gt; 37.00 rsl=J6_0 red for default driveway (E4 E2)
&gt;    checkLinkConflict foeLink=J4_0
&gt; 37.00 rsl=J8_0 veh=t1 reserved
&gt; 37.00 foeLink=E6_0-&gt;E7_0 approachedBy=t1
&gt; 37.00 rsl=J4_0 red for default driveway (E5 E8)
&gt;    checkLinkConflict foeLink=J6_0
&gt; 37.00 rsl=J2_0 veh=t0 reserved
&gt;   constraint 'predecessor  t0 at signal J10 passed=' not cleared
&gt; 37.00 rsl=J9_0 veh=t1 notReserved
</PRE>
<A NAME="defaulttraci trafficlight railsignal_state"></A>
<H4>TEST FAILED on ts-bapmsumm1bld : traci trafficlight railsignal_state (
<A HREF="test_default.html#defaulttraci trafficlight railsignal_state">Last six runs</A>
<A HREF="test_default_all_May2023.html#defaulttraci trafficlight railsignal_state">May2023</A>

)</H4>

<PRE>---------- Differences in errors ----------
0a1
&gt; Warning: Invalid approach information to rail signal 'junction 'P2', link 0' after rerouting for vehicle 'rail3' first driveway edge 'T7_1' time=37.00.
---------- Differences in output ----------
0a1,20
&gt; 37.00 rsl=11_0 red for unitialized signal (no driveways yet)
&gt; 37.00 conflictLane T7_0_0 occupied ego=rail3 vehNumber=1
&gt;   conflictLaneOccupied by= ego=rail3
&gt; 37.00 rsl=F_0 veh=rail3 notReserved
&gt; 37.00 rsl=P1_0 red for unitialized signal (no driveways yet)
&gt; 37.00 rsl=N1_0 red for unitialized signal (no driveways yet)
&gt; 37.00 findProtection for link=T28_1_0-&gt;:w5_1_0 flankApproachingDist=325.27
&gt;  protectionCandidate=T28_1_0-&gt;:w5_0_0 l2Via=:w5_0_0 occupied=0
&gt; 37.00 tmpDW flank=T28_1_0 :w6_0_0 T11_1_0 :F_0_0 protSwitch= cLinks=T12_1_0-&gt;:F_0_0 
&gt;    checkLinkConflict foeLink=F_0
&gt;      approaching foe=rail3
&gt;      no overlap
&gt;    checkLinkConflict foeLink=N1_0
&gt; 37.00 rsl=N2_0 veh=rail1 reserved
&gt; 37.00 rsl=A_0 red for unitialized signal (no driveways yet)
&gt; 37.00 rsl=N3_0 red for unitialized signal (no driveways yet)
&gt; 37.00 rsl=P3_0 red for unitialized signal (no driveways yet)
&gt; 37.00 rsl=G_0 red for unitialized signal (no driveways yet)
&gt; 37.00 conflictLane T6_0_0 occupied ego=NULL vehNumber=0
&gt; 37.00 rsl=B_0 red for default driveway (T5_0 T6_0 T27_0 T7_0 T8_0 T9_0 T15_0 T30_0 T25_0 T26_0)
1380a1401,1403
&gt; 37.00 conflictLane T7_0_0 occupied ego=rail3 vehNumber=1
&gt;   conflictLaneOccupied by= ego=rail3
&gt; 37.00 rsl=P2_0 veh=rail3 notReserved
</PRE>
<A NAME="defaulttraci vehicle insertStop second_teleport_oncoming"></A>
<A NAME="defaulttraci vehicle replaceStop second_teleport_oncoming"></A>
<H4>2 TESTS FAILED on ts-bapmsumm1bld :</H4>

<PRE>---------- Differences in output ----------
0a1,81
&gt; 37.00 rsl=A0_0 red for unitialized signal (no driveways yet)
&gt; 37.00 rsl=A0_1 red for unitialized signal (no driveways yet)
&gt; 37.00 rsl=D3_0 red for unitialized signal (no driveways yet)
&gt; 37.00 rsl=D3_1 red for unitialized signal (no driveways yet)
&gt; 37.00 rsl=D2_0 red for unitialized signal (no driveways yet)
&gt; 37.00 rsl=D2_1 red for unitialized signal (no driveways yet)
&gt; 37.00 rsl=D2_2 green for default driveway (D2D3)
&gt; 37.00 rsl=D2_3 red for unitialized signal (no driveways yet)
&gt; 37.00 rsl=D2_4 red for unitialized signal (no driveways yet)
&gt; 37.00 rsl=D2_5 red for unitialized signal (no driveways yet)
&gt; 37.00 rsl=B2_0 red for unitialized signal (no driveways yet)
&gt; 37.00 rsl=B2_1 red for unitialized signal (no driveways yet)
&gt; 37.00 rsl=B2_2 red for unitialized signal (no driveways yet)
&gt; 37.00 rsl=B2_3 red for unitialized signal (no driveways yet)
&gt; 37.00 rsl=B2_4 red for unitialized signal (no driveways yet)
&gt; 37.00 rsl=B2_5 red for unitialized signal (no driveways yet)
&gt; 37.00 rsl=C0_0 red for unitialized signal (no driveways yet)
&gt; 37.00 rsl=C0_1 red for unitialized signal (no driveways yet)
&gt; 37.00 rsl=C0_2 red for unitialized signal (no driveways yet)
&gt; 37.00 rsl=C0_3 red for unitialized signal (no driveways yet)
&gt; 37.00 rsl=C0_4 red for unitialized signal (no driveways yet)
&gt; 37.00 rsl=C0_5 red for unitialized signal (no driveways yet)
&gt; 37.00 rsl=C2_0 red for unitialized signal (no driveways yet)
&gt; 37.00 rsl=C2_1 red for unitialized signal (no driveways yet)
&gt; 37.00 rsl=C2_2 green for default driveway (C2C3)
&gt; 37.00 rsl=C2_3 red for unitialized signal (no driveways yet)
&gt; 37.00 rsl=C2_4 red for unitialized signal (no driveways yet)
&gt; 37.00 rsl=C2_5 red for unitialized signal (no driveways yet)
&gt; 37.00 rsl=C3_0 red for unitialized signal (no driveways yet)
&lt;truncated after showing first 30 lines&gt;
</PRE>
traci vehicle insertStop second_teleport_oncoming (
<A HREF="test_default.html#defaulttraci vehicle insertStop second_teleport_oncoming">Last six runs</A>
<A HREF="test_default_all_May2023.html#defaulttraci vehicle insertStop second_teleport_oncoming">May2023</A>

)<br>

traci vehicle replaceStop second_teleport_oncoming (
<A HREF="test_default.html#defaulttraci vehicle replaceStop second_teleport_oncoming">Last six runs</A>
<A HREF="test_default_all_May2023.html#defaulttraci vehicle replaceStop second_teleport_oncoming">May2023</A>

)<br>

<A NAME="defaultunit_tests testmicrosim"></A>
<H4>TEST FAILED on ts-bapmsumm1bld : unit_tests testmicrosim (
<A HREF="test_default.html#defaultunit_tests testmicrosim">Last six runs</A>
<A HREF="test_default_all_May2023.html#defaultunit_tests testmicrosim">May2023</A>

)</H4>

<PRE>---------- Differences in output ----------
24,29d23
&lt; [       OK ] MSCFModel_IDMTest.test_method_getSecureGap ((TIME))
&lt; [----------] 2 tests from MSCFModel_IDMTest ((TIME) total)
&lt; 
&lt; [----------] Global test environment tear-down
&lt; [==========] 7 tests from 3 test suites ran. ((TIME) total)
&lt; [  PASSED  ] 7 tests.
</PRE>

<A NAME="defaulthad known bugs"></A>
<H3>Detailed information for the tests that had known bugs:</H3>

<A NAME="defaultsumo ToCDevice dynamic_ToC_stop"></A>
<H4>TEST had known bugs (see #8973) on ts-bapmsumm1bld : sumo ToCDevice dynamic_ToC_stop (
<A HREF="test_default.html#defaultsumo ToCDevice dynamic_ToC_stop">Last six runs</A>
<A HREF="test_default_all_May2023.html#defaultsumo ToCDevice dynamic_ToC_stop">May2023</A>

)</H4>

<PRE>dynamic ToC triggered despite stop present on vehicle's lane continuation
(This bug was triggered by text found in file 'tocs' matching 'DYNTOR')
</PRE>
<A NAME="defaultsumo output one_vehicle"></A>
<H4>TEST had known bugs (see #254) on ts-bapmsumm1bld : sumo output one_vehicle (
<A HREF="test_default.html#defaultsumo output one_vehicle">Last six runs</A>
<A HREF="test_default_all_May2023.html#defaultsumo output one_vehicle">May2023</A>

)</H4>

<PRE>different outputs from detectors which should detect the same
(This bug was triggered by text found in file 'output' matching 'failed')
---------- Differences in output ----------
5,7c5,7
&lt; success 0.1 ['--step-length', '.1', '--end', '100'] ['3/1to2/1_0']
&lt; success 1 ['--step-length', '.1', '--end', '100'] ['3/1to2/1_0']
&lt; success 10 ['--step-length', '.1', '--end', '100'] ['3/1to2/1_0']
---
&gt; failed 0.1 ['--step-length', '.1', '--end', '100'] 3/1to2/1_0 (71.4, 71.5) &lt;zip object at 0x106b7ffc0&gt;
&gt; failed 1 ['--step-length', '.1', '--end', '100'] 3/1to2/1_0 (72.0, 73.0) &lt;zip object at 0x106b9a040&gt;
&gt; failed 10 ['--step-length', '.1', '--end', '100'] 3/1to2/1_0 (80.0, 90.0) &lt;zip object at 0x106b7ce40&gt;
9,12c9,12
&lt; success 0.1 ['--step-length', '.1', '--end', '1000'] ['3/1to2/1_0']
&lt; success 1 ['--step-length', '.1', '--end', '1000'] ['3/1to2/1_0']
&lt; success 10 ['--step-length', '.1', '--end', '1000'] ['3/1to2/1_0']
&lt; success 100 ['--step-length', '.1', '--end', '1000'] ['3/1to2/1_0']
---
&gt; failed 0.1 ['--step-length', '.1', '--end', '1000'] 3/1to2/1_0 (71.4, 71.5) &lt;zip object at 0x106b62f80&gt;
&gt; failed 1 ['--step-length', '.1', '--end', '1000'] 3/1to2/1_0 (72.0, 73.0) &lt;zip object at 0x106b696c0&gt;
&gt; failed 10 ['--step-length', '.1', '--end', '1000'] 3/1to2/1_0 (80.0, 90.0) &lt;zip object at 0x106bb5a40&gt;
&gt; failed 100 ['--step-length', '.1', '--end', '1000'] 3/1to2/1_0 (100.0, 200.0) &lt;zip object at 0x106bc6d00&gt;
17,19c17,19
&lt; success 0.1 ['--step-length', '1', '--end', '100'] ['3/1to2/1_0']
&lt; success 1 ['--step-length', '1', '--end', '100'] ['3/1to2/1_0']
&lt; success 10 ['--step-length', '1', '--end', '100'] ['3/1to2/1_0']
---
&gt; failed 0.1 ['--step-length', '1', '--end', '100'] 3/1to2/1_0 (73.0, 74.0) &lt;zip object at 0x106bc6580&gt;
&gt; failed 1 ['--step-length', '1', '--end', '100'] 3/1to2/1_0 (73.0, 74.0) &lt;zip object at 0x106bc6580&gt;
&gt; failed 10 ['--step-length', '1', '--end', '100'] 3/1to2/1_0 (80.0, 90.0) &lt;zip object at 0x106bc6580&gt;
21,50c21,24
&lt; success 0.1 ['--step-length', '1', '--end', '1000'] ['3/1to2/1_0']
&lt; success 1 ['--step-length', '1', '--end', '1000'] ['3/1to2/1_0']
&lt; success 10 ['--step-length', '1', '--end', '1000'] ['3/1to2/1_0']
&lt;truncated after showing first 30 lines&gt;
</PRE>
<A NAME="defaultsumo output teleport"></A>
<H4>TEST had known bugs (see #254) on ts-bapmsumm1bld : sumo output teleport (
<A HREF="test_default.html#defaultsumo output teleport">Last six runs</A>
<A HREF="test_default_all_May2023.html#defaultsumo output teleport">May2023</A>

)</H4>

<PRE>different outputs from detectors which should detect the same
(This bug was triggered by text found in file 'output' matching 'failed')
---------- Differences in output ----------
1,98c1,48
&lt; success ['--step-length', '.1', '--end', '51'] ['2/1to1/1_0']
&lt; success ['--step-length', '.1', '--end', '51'] ['2/1to1/1_0', '1/1to0/1_0']
&lt; success ['--step-length', '.1', '--end', '51'] ['2/1to1/1_0']
&lt; success ['--step-length', '.1', '--end', '51'] ['2/1to1/1_0', '1/1to0/1_0']
&lt; success ['--step-length', '.1', '--end', '51'] ['2/1to1/1_0']
&lt; success ['--step-length', '.1', '--end', '51'] ['2/1to1/1_0', '1/1to0/1_0']
&lt; success ['--step-length', '.1', '--end', '51'] ['2/1to1/1_0']
&lt; success ['--step-length', '.1', '--end', '51'] ['2/1to1/1_0', '1/1to0/1_0']
&lt; success ['--step-length', '.1', '--end', '100'] ['2/1to1/1_0']
&lt; success ['--step-length', '.1', '--end', '100'] ['2/1to1/1_0', '1/1to0/1_0']
&lt; success ['--step-length', '.1', '--end', '100'] ['2/1to1/1_0']
&lt; success ['--step-length', '.1', '--end', '100'] ['2/1to1/1_0', '1/1to0/1_0']
&lt; success ['--step-length', '.1', '--end', '100'] ['2/1to1/1_0']
&lt; success ['--step-length', '.1', '--end', '100'] ['2/1to1/1_0', '1/1to0/1_0']
&lt; success ['--step-length', '.1', '--end', '100'] ['2/1to1/1_0']
&lt; success ['--step-length', '.1', '--end', '100'] ['2/1to1/1_0', '1/1to0/1_0']
&lt; failed ['--step-length', '.1', '--end', '1000'] 2/1to1/1_0 (108.6, 108.7) [9.9, 10.0, 9.9, 9.9]
&lt; failed ['--step-length', '.1', '--end', '1000'] 2/1to1/1_0 (108.6, 108.7) [9.9, 10.0, 9.9, 9.9]
&lt; failed ['--step-length', '.1', '--end', '1000'] 2/1to1/1_0 (108.0, 109.0) [9.87, 10.0, 9.87, 9.87]
&lt; failed ['--step-length', '.1', '--end', '1000'] 2/1to1/1_0 (108.0, 109.0) [9.87, 10.0, 9.87, 9.87]
&lt; failed ['--step-length', '.1', '--end', '1000'] 2/1to1/1_0 (100.0, 110.0) [9.85, 9.96, 9.85, 9.85]
&lt; failed ['--step-length', '.1', '--end', '1000'] 2/1to1/1_0 (100.0, 110.0) [9.85, 9.96, 9.85, 9.85]
&lt; failed ['--step-length', '.1', '--end', '1000'] 2/1to1/1_0 (100.0, 200.0) [-1.0, 2.26, 3.2, 2.27, 2.27]
&lt; failed ['--step-length', '.1', '--end', '1000'] 2/1to1/1_0 (100.0, 200.0) [-1.0, 2.26, 3.2, 2.27, 2.27]
&lt; success ['--step-length', '1', '--end', '51'] ['2/1to1/1_0']
&lt; success ['--step-length', '1', '--end', '51'] ['2/1to1/1_0', '1/1to0/1_0']
&lt; success ['--step-length', '1', '--end', '51'] ['2/1to1/1_0']
&lt; success ['--step-length', '1', '--end', '51'] ['2/1to1/1_0', '1/1to0/1_0']
&lt; success ['--step-length', '1', '--end', '51'] ['2/1to1/1_0']
&lt;truncated after showing first 30 lines&gt;
</PRE>
<A NAME="defaultsumo output teleport_multihop"></A>
<H4>TEST had known bugs (see #254) on ts-bapmsumm1bld : sumo output teleport_multihop (
<A HREF="test_default.html#defaultsumo output teleport_multihop">Last six runs</A>
<A HREF="test_default_all_May2023.html#defaultsumo output teleport_multihop">May2023</A>

)</H4>

<PRE>different outputs from detectors which should detect the same
(This bug was triggered by text found in file 'output' matching 'failed')
---------- Differences in output ----------
17,24c17,24
&lt; success 0.1 ['--step-length', '.1', '--end', '1000'] 2/1to1/1_0 (230.0, 230.1) [('e2', 9.99), ('e3', 10.0), ('edge', 9.99), ('lane', 9.99)]
&lt; success 0.1 ['--step-length', '.1', '--end', '1000'] 1/1to0/1_0 (148.1, 148.2) [('e2', 9.99), ('e3', 10.0), ('edge', 9.99), ('lane', 9.99)]
&lt; success 1 ['--step-length', '.1', '--end', '1000'] 2/1to1/1_0 (230.0, 231.0) [('e2', 9.99), ('e3', 10.0), ('edge', 9.99), ('lane', 9.99)]
&lt; success 1 ['--step-length', '.1', '--end', '1000'] 1/1to0/1_0 (148.0, 149.0) [('e2', 9.91), ('e3', 10.0), ('edge', 9.91), ('lane', 9.91)]
&lt; success 10 ['--step-length', '.1', '--end', '1000'] 2/1to1/1_0 (230.0, 240.0) [('e2', 9.42), ('e3', 9.9), ('edge', 9.42), ('lane', 9.42)]
&lt; success 10 ['--step-length', '.1', '--end', '1000'] 1/1to0/1_0 (140.0, 150.0) [('e2', 9.96), ('e3', 9.99), ('edge', 9.96), ('lane', 9.96)]
&lt; success 100 ['--step-length', '.1', '--end', '1000'] 2/1to1/1_0 (200.0, 300.0) [('e1', 10.0), ('e2', 9.22), ('e3', 5.71), ('edge', 9.22), ('lane', 9.22)]
&lt; success 100 ['--step-length', '.1', '--end', '1000'] 1/1to0/1_0 (100.0, 200.0) [('e1', 9.53), ('e2', 5.82), ('e3', 6.93), ('edge', 5.82), ('lane', 5.82)]
---
&gt; failed 0.1 ['--step-length', '.1', '--end', '1000'] 2/1to1/1_0 (148.9, 149.0) &lt;zip object at 0x102623dc0&gt;
&gt; failed 0.1 ['--step-length', '.1', '--end', '1000'] 2/1to1/1_0 (148.9, 149.0) &lt;zip object at 0x10263f700&gt;
&gt; failed 1 ['--step-length', '.1', '--end', '1000'] 2/1to1/1_0 (149.0, 150.0) &lt;zip object at 0x102dcce80&gt;
&gt; failed 1 ['--step-length', '.1', '--end', '1000'] 2/1to1/1_0 (149.0, 150.0) &lt;zip object at 0x102a30940&gt;
&gt; failed 10 ['--step-length', '.1', '--end', '1000'] 2/1to1/1_0 (140.0, 150.0) &lt;zip object at 0x10198d780&gt;
&gt; failed 10 ['--step-length', '.1', '--end', '1000'] 2/1to1/1_0 (140.0, 150.0) &lt;zip object at 0x1025ccb00&gt;
&gt; failed 100 ['--step-length', '.1', '--end', '1000'] 2/1to1/1_0 (100.0, 200.0) &lt;zip object at 0x1024d4800&gt;
&gt; failed 100 ['--step-length', '.1', '--end', '1000'] 2/1to1/1_0 (100.0, 200.0) &lt;zip object at 0x101993700&gt;
41,98c41,48
&lt; success 0.1 ['--step-length', '1', '--end', '1000'] 2/1to1/1_0 (245.0, 246.0) [('e2', 8.92), ('e3', 10.0), ('edge', 8.92), ('lane', 8.92)]
&lt; success 0.1 ['--step-length', '1', '--end', '1000'] 1/1to0/1_0 (150.0, 151.0) [('e2', 9.82), ('e3', 10.0), ('edge', 9.82), ('lane', 9.82)]
&lt; success 1 ['--step-length', '1', '--end', '1000'] 2/1to1/1_0 (245.0, 246.0) [('e2', 8.92), ('e3', 10.0), ('edge', 8.92), ('lane', 8.92)]
&lt; success 1 ['--step-length', '1', '--end', '1000'] 1/1to0/1_0 (150.0, 151.0) [('e2', 9.82), ('e3', 10.0), ('edge', 9.82), ('lane', 9.82)]
&lt; success 10 ['--step-length', '1', '--end', '1000'] 2/1to1/1_0 (240.0, 250.0) [('e2', 9.9), ('e3', 10.0), ('edge', 9.9), ('lane', 9.9)]
&lt; success 10 ['--step-length', '1', '--end', '1000'] 1/1to0/1_0 (150.0, 160.0) [('e2', 9.15), ('e3', 9.84), ('edge', 9.15), ('lane', 9.15)]
&lt; success 100 ['--step-length', '1', '--end', '1000'] 2/1to1/1_0 (200.0, 300.0) [('e1', 10.0), ('e2', 9.41), ('e3', 5.84), ('edge', 9.41), ('lane', 9.41)]
&lt; success 100 ['--step-length', '1', '--end', '1000'] 1/1to0/1_0 (100.0, 200.0) [('e1', 10.0), ('e2', 5.94), ('e3', 7.08), ('edge', 5.94), ('lane', 5.94)]
&lt; -- Unordered text as found by filter '^Loading configuration ... done.' --
&lt; Loading configuration ... done.
&lt; Loading configuration ... done.
&lt;truncated after showing first 30 lines&gt;
</PRE>
<A NAME="defaultsumo output teleport_multihop_newDefaults"></A>
<H4>TEST had known bugs (see #254) on ts-bapmsumm1bld : sumo output teleport_multihop_newDefaults (
<A HREF="test_default.html#defaultsumo output teleport_multihop_newDefaults">Last six runs</A>
<A HREF="test_default_all_May2023.html#defaultsumo output teleport_multihop_newDefaults">May2023</A>

)</H4>

<PRE>different outputs from detectors which should detect the same
(This bug was triggered by text found in file 'output' matching 'failed')
---------- Differences in output ----------
9,24c9,24
&lt; failed 0.1 ['--step-length', '.1', '--end', '100'] 2/1to1/1_0 (76.2, 76.3) [('e2', 10.49), ('e3', 10.35), ('edge', 10.49), ('lane', 10.49)]
&lt; failed 0.1 ['--step-length', '.1', '--end', '100'] 2/1to1/1_0 (76.2, 76.3) [('e2', 10.49), ('e3', 10.35), ('edge', 10.49), ('lane', 10.49)]
&lt; failed 1 ['--step-length', '.1', '--end', '100'] 2/1to1/1_0 (76.0, 77.0) [('e2', 10.39), ('e3', 10.35), ('edge', 10.39), ('lane', 10.39)]
&lt; failed 1 ['--step-length', '.1', '--end', '100'] 2/1to1/1_0 (76.0, 77.0) [('e2', 10.39), ('e3', 10.35), ('edge', 10.39), ('lane', 10.39)]
&lt; failed 10 ['--step-length', '.1', '--end', '100'] 2/1to1/1_0 (70.0, 80.0) [('e2', 10.42), ('e3', 10.25), ('edge', 10.42), ('lane', 10.42)]
&lt; failed 10 ['--step-length', '.1', '--end', '100'] 2/1to1/1_0 (70.0, 80.0) [('e2', 10.42), ('e3', 10.25), ('edge', 10.42), ('lane', 10.42)]
&lt; failed 100 ['--step-length', '.1', '--end', '100'] 2/1to1/1_0 (0.0, 100.0) [('e1', 10.27), ('e2', 10.24), ('e3', 9.59), ('edge', 10.24), ('lane', 10.24)]
&lt; failed 100 ['--step-length', '.1', '--end', '100'] 2/1to1/1_0 (0.0, 100.0) [('e1', 10.27), ('e2', 10.24), ('e3', 9.59), ('edge', 10.24), ('lane', 10.24)]
&lt; failed 0.1 ['--step-length', '.1', '--end', '1000'] 2/1to1/1_0 (76.2, 76.3) [('e2', 10.49), ('e3', 10.35), ('edge', 10.49), ('lane', 10.49)]
&lt; failed 0.1 ['--step-length', '.1', '--end', '1000'] 2/1to1/1_0 (76.2, 76.3) [('e2', 10.49), ('e3', 10.35), ('edge', 10.49), ('lane', 10.49)]
&lt; failed 1 ['--step-length', '.1', '--end', '1000'] 2/1to1/1_0 (76.0, 77.0) [('e2', 10.39), ('e3', 10.35), ('edge', 10.39), ('lane', 10.39)]
&lt; failed 1 ['--step-length', '.1', '--end', '1000'] 2/1to1/1_0 (76.0, 77.0) [('e2', 10.39), ('e3', 10.35), ('edge', 10.39), ('lane', 10.39)]
&lt; failed 10 ['--step-length', '.1', '--end', '1000'] 2/1to1/1_0 (70.0, 80.0) [('e2', 10.42), ('e3', 10.25), ('edge', 10.42), ('lane', 10.42)]
&lt; failed 10 ['--step-length', '.1', '--end', '1000'] 2/1to1/1_0 (70.0, 80.0) [('e2', 10.42), ('e3', 10.25), ('edge', 10.42), ('lane', 10.42)]
&lt; failed 100 ['--step-length', '.1', '--end', '1000'] 2/1to1/1_0 (0.0, 100.0) [('e1', 10.27), ('e2', 10.24), ('e3', 9.59), ('edge', 10.24), ('lane', 10.24)]
&lt; failed 100 ['--step-length', '.1', '--end', '1000'] 2/1to1/1_0 (0.0, 100.0) [('e1', 10.27), ('e2', 10.24), ('e3', 9.59), ('edge', 10.24), ('lane', 10.24)]
---
&gt; failed 0.1 ['--step-length', '.1', '--end', '100'] 2/1to1/1_0 (70.9, 71.0) &lt;zip object at 0x102e91300&gt;
&gt; failed 0.1 ['--step-length', '.1', '--end', '100'] 2/1to1/1_0 (70.9, 71.0) &lt;zip object at 0x102e8f500&gt;
&gt; failed 1 ['--step-length', '.1', '--end', '100'] 2/1to1/1_0 (70.0, 71.0) &lt;zip object at 0x102e74180&gt;
&gt; failed 1 ['--step-length', '.1', '--end', '100'] 2/1to1/1_0 (70.0, 71.0) &lt;zip object at 0x102e74540&gt;
&gt; failed 10 ['--step-length', '.1', '--end', '100'] 2/1to1/1_0 (70.0, 80.0) &lt;zip object at 0x102e9d7c0&gt;
&gt; failed 10 ['--step-length', '.1', '--end', '100'] 2/1to1/1_0 (70.0, 80.0) &lt;zip object at 0x102e74f80&gt;
&gt; failed 100 ['--step-length', '.1', '--end', '100'] 2/1to1/1_0 (0.0, 100.0) &lt;zip object at 0x102e9d7c0&gt;
&gt; failed 100 ['--step-length', '.1', '--end', '100'] 2/1to1/1_0 (0.0, 100.0) &lt;zip object at 0x102e9da80&gt;
&gt; failed 0.1 ['--step-length', '.1', '--end', '1000'] 2/1to1/1_0 (70.9, 71.0) &lt;zip object at 0x102e9d340&gt;
&gt; failed 0.1 ['--step-length', '.1', '--end', '1000'] 2/1to1/1_0 (70.9, 71.0) &lt;zip object at 0x102eaf140&gt;
&gt; failed 1 ['--step-length', '.1', '--end', '1000'] 2/1to1/1_0 (70.0, 71.0) &lt;zip object at 0x10348bec0&gt;
&gt; failed 1 ['--step-length', '.1', '--end', '1000'] 2/1to1/1_0 (70.0, 71.0) &lt;zip object at 0x1032a76c0&gt;
&lt;truncated after showing first 30 lines&gt;
</PRE>
<A NAME="defaultsumo output two_same_vehicles"></A>
<H4>TEST had known bugs (see #254) on ts-bapmsumm1bld : sumo output two_same_vehicles (
<A HREF="test_default.html#defaultsumo output two_same_vehicles">Last six runs</A>
<A HREF="test_default_all_May2023.html#defaultsumo output two_same_vehicles">May2023</A>

)</H4>

<PRE>different outputs from detectors which should detect the same
(This bug was triggered by text found in file 'output' matching 'failed')
---------- Differences in output ----------
5,7c5,7
&lt; success 0.1 ['--step-length', '.1', '--end', '100'] ['3/1to2/1_0']
&lt; success 1 ['--step-length', '.1', '--end', '100'] ['3/1to2/1_0']
&lt; success 10 ['--step-length', '.1', '--end', '100'] ['3/1to2/1_0']
---
&gt; failed 0.1 ['--step-length', '.1', '--end', '100'] 3/1to2/1_0 (75.4, 75.5) &lt;zip object at 0x1049f1740&gt;
&gt; failed 1 ['--step-length', '.1', '--end', '100'] 3/1to2/1_0 (76.0, 77.0) &lt;zip object at 0x1049b5340&gt;
&gt; failed 10 ['--step-length', '.1', '--end', '100'] 3/1to2/1_0 (80.0, 90.0) &lt;zip object at 0x1049b5f80&gt;
9,12c9,12
&lt; success 0.1 ['--step-length', '.1', '--end', '1000'] ['3/1to2/1_0']
&lt; success 1 ['--step-length', '.1', '--end', '1000'] ['3/1to2/1_0']
&lt; success 10 ['--step-length', '.1', '--end', '1000'] ['3/1to2/1_0']
&lt; success 100 ['--step-length', '.1', '--end', '1000'] ['3/1to2/1_0']
---
&gt; failed 0.1 ['--step-length', '.1', '--end', '1000'] 3/1to2/1_0 (75.4, 75.5) &lt;zip object at 0x1049b5d80&gt;
&gt; failed 1 ['--step-length', '.1', '--end', '1000'] 3/1to2/1_0 (76.0, 77.0) &lt;zip object at 0x104a25540&gt;
&gt; failed 10 ['--step-length', '.1', '--end', '1000'] 3/1to2/1_0 (80.0, 90.0) &lt;zip object at 0x104a252c0&gt;
&gt; failed 100 ['--step-length', '.1', '--end', '1000'] 3/1to2/1_0 (100.0, 200.0) &lt;zip object at 0x104a37440&gt;
17,19c17,19
&lt; success 0.1 ['--step-length', '1', '--end', '100'] ['3/1to2/1_0']
&lt; success 1 ['--step-length', '1', '--end', '100'] ['3/1to2/1_0']
&lt; success 10 ['--step-length', '1', '--end', '100'] ['3/1to2/1_0']
---
&gt; failed 0.1 ['--step-length', '1', '--end', '100'] 3/1to2/1_0 (77.0, 78.0) &lt;zip object at 0x104a37500&gt;
&gt; failed 1 ['--step-length', '1', '--end', '100'] 3/1to2/1_0 (77.0, 78.0) &lt;zip object at 0x104a37b00&gt;
&gt; failed 10 ['--step-length', '1', '--end', '100'] 3/1to2/1_0 (80.0, 90.0) &lt;zip object at 0x104a37500&gt;
21,50c21,24
&lt; success 0.1 ['--step-length', '1', '--end', '1000'] ['3/1to2/1_0']
&lt; success 1 ['--step-length', '1', '--end', '1000'] ['3/1to2/1_0']
&lt; success 10 ['--step-length', '1', '--end', '1000'] ['3/1to2/1_0']
&lt;truncated after showing first 30 lines&gt;
</PRE>
<A NAME="defaultsumo output two_vehicles_diff_length"></A>
<H4>TEST had known bugs (see #254) on ts-bapmsumm1bld : sumo output two_vehicles_diff_length (
<A HREF="test_default.html#defaultsumo output two_vehicles_diff_length">Last six runs</A>
<A HREF="test_default_all_May2023.html#defaultsumo output two_vehicles_diff_length">May2023</A>

)</H4>

<PRE>different outputs from detectors which should detect the same
(This bug was triggered by text found in file 'output' matching 'failed')
---------- Differences in output ----------
5,7c5,7
&lt; success 0.1 ['--step-length', '.1', '--end', '100'] ['3/1to2/1_0']
&lt; success 1 ['--step-length', '.1', '--end', '100'] ['3/1to2/1_0']
&lt; success 10 ['--step-length', '.1', '--end', '100'] ['3/1to2/1_0']
---
&gt; failed 0.1 ['--step-length', '.1', '--end', '100'] 3/1to2/1_0 (76.4, 76.5) &lt;zip object at 0x1020d5480&gt;
&gt; failed 1 ['--step-length', '.1', '--end', '100'] 3/1to2/1_0 (77.0, 78.0) &lt;zip object at 0x1020b3c00&gt;
&gt; failed 10 ['--step-length', '.1', '--end', '100'] 3/1to2/1_0 (80.0, 90.0) &lt;zip object at 0x1020b3340&gt;
9,12c9,12
&lt; success 0.1 ['--step-length', '.1', '--end', '1000'] ['3/1to2/1_0']
&lt; success 1 ['--step-length', '.1', '--end', '1000'] ['3/1to2/1_0']
&lt; success 10 ['--step-length', '.1', '--end', '1000'] ['3/1to2/1_0']
&lt; success 100 ['--step-length', '.1', '--end', '1000'] ['3/1to2/1_0']
---
&gt; failed 0.1 ['--step-length', '.1', '--end', '1000'] 3/1to2/1_0 (76.4, 76.5) &lt;zip object at 0x1020c9ac0&gt;
&gt; failed 1 ['--step-length', '.1', '--end', '1000'] 3/1to2/1_0 (77.0, 78.0) &lt;zip object at 0x1020d8b80&gt;
&gt; failed 10 ['--step-length', '.1', '--end', '1000'] 3/1to2/1_0 (80.0, 90.0) &lt;zip object at 0x1020d8a80&gt;
&gt; failed 100 ['--step-length', '.1', '--end', '1000'] 3/1to2/1_0 (100.0, 200.0) &lt;zip object at 0x1020d8440&gt;
17,19c17,19
&lt; success 0.1 ['--step-length', '1', '--end', '100'] ['3/1to2/1_0']
&lt; success 1 ['--step-length', '1', '--end', '100'] ['3/1to2/1_0']
&lt; success 10 ['--step-length', '1', '--end', '100'] ['3/1to2/1_0']
---
&gt; failed 0.1 ['--step-length', '1', '--end', '100'] 3/1to2/1_0 (78.0, 79.0) &lt;zip object at 0x1020d8440&gt;
&gt; failed 1 ['--step-length', '1', '--end', '100'] 3/1to2/1_0 (78.0, 79.0) &lt;zip object at 0x1020d8a40&gt;
&gt; failed 10 ['--step-length', '1', '--end', '100'] 3/1to2/1_0 (80.0, 90.0) &lt;zip object at 0x1020d8440&gt;
21,50c21,24
&lt; success 0.1 ['--step-length', '1', '--end', '1000'] ['3/1to2/1_0']
&lt; success 1 ['--step-length', '1', '--end', '1000'] ['3/1to2/1_0']
&lt; success 10 ['--step-length', '1', '--end', '1000'] ['3/1to2/1_0']
&lt;truncated after showing first 30 lines&gt;
</PRE>
<A NAME="defaultsumo output two_vehicles_diff_speed"></A>
<H4>TEST had known bugs (see #254) on ts-bapmsumm1bld : sumo output two_vehicles_diff_speed (
<A HREF="test_default.html#defaultsumo output two_vehicles_diff_speed">Last six runs</A>
<A HREF="test_default_all_May2023.html#defaultsumo output two_vehicles_diff_speed">May2023</A>

)</H4>

<PRE>different outputs from detectors which should detect the same
(This bug was triggered by text found in file 'output' matching 'failed')
---------- Differences in output ----------
0a1,24
&gt; failed 0.1 ['--step-length', '.1', '--end', '51'] 3/1to2/1_0 (38.4, 38.5) &lt;zip object at 0x106d63f40&gt;
&gt; failed 1 ['--step-length', '.1', '--end', '51'] 3/1to2/1_0 (38.0, 39.0) &lt;zip object at 0x10682ba40&gt;
&gt; failed 10 ['--step-length', '.1', '--end', '51'] 3/1to2/1_0 (30.0, 40.0) &lt;zip object at 0x106d9c240&gt;
&gt; failed 100 ['--step-length', '.1', '--end', '51'] 3/1to2/1_0 (0.0, 51.0) &lt;zip object at 0x106d9f3c0&gt;
&gt; failed 0.1 ['--step-length', '.1', '--end', '100'] 3/1to2/1_0 (38.4, 38.5) &lt;zip object at 0x106d75640&gt;
&gt; failed 1 ['--step-length', '.1', '--end', '100'] 3/1to2/1_0 (38.0, 39.0) &lt;zip object at 0x106d76480&gt;
&gt; failed 10 ['--step-length', '.1', '--end', '100'] 3/1to2/1_0 (30.0, 40.0) &lt;zip object at 0x106d76d80&gt;
&gt; failed 100 ['--step-length', '.1', '--end', '100'] 3/1to2/1_0 (0.0, 100.0) &lt;zip object at 0x106d7ba00&gt;
&gt; failed 0.1 ['--step-length', '.1', '--end', '1000'] 3/1to2/1_0 (38.4, 38.5) &lt;zip object at 0x106d7bec0&gt;
&gt; failed 1 ['--step-length', '.1', '--end', '1000'] 3/1to2/1_0 (38.0, 39.0) &lt;zip object at 0x106dd5840&gt;
&gt; failed 10 ['--step-length', '.1', '--end', '1000'] 3/1to2/1_0 (30.0, 40.0) &lt;zip object at 0x106dd5740&gt;
&gt; failed 100 ['--step-length', '.1', '--end', '1000'] 3/1to2/1_0 (0.0, 100.0) &lt;zip object at 0x106d73240&gt;
&gt; failed 0.1 ['--step-length', '1', '--end', '51'] 3/1to2/1_0 (39.0, 40.0) &lt;zip object at 0x106d73640&gt;
&gt; failed 1 ['--step-length', '1', '--end', '51'] 3/1to2/1_0 (39.0, 40.0) &lt;zip object at 0x106d73e00&gt;
&gt; failed 10 ['--step-length', '1', '--end', '51'] 3/1to2/1_0 (30.0, 40.0) &lt;zip object at 0x106d73a00&gt;
&gt; failed 100 ['--step-length', '1', '--end', '51'] 3/1to2/1_0 (0.0, 51.0) &lt;zip object at 0x106d73e80&gt;
&gt; failed 0.1 ['--step-length', '1', '--end', '100'] 3/1to2/1_0 (39.0, 40.0) &lt;zip object at 0x106d736c0&gt;
&gt; failed 1 ['--step-length', '1', '--end', '100'] 3/1to2/1_0 (39.0, 40.0) &lt;zip object at 0x106d73a00&gt;
&gt; failed 10 ['--step-length', '1', '--end', '100'] 3/1to2/1_0 (30.0, 40.0) &lt;zip object at 0x106d736c0&gt;
&gt; failed 100 ['--step-length', '1', '--end', '100'] 3/1to2/1_0 (0.0, 100.0) &lt;zip object at 0x106d73240&gt;
&gt; failed 0.1 ['--step-length', '1', '--end', '1000'] 3/1to2/1_0 (39.0, 40.0) &lt;zip object at 0x106dae3c0&gt;
&gt; failed 1 ['--step-length', '1', '--end', '1000'] 3/1to2/1_0 (39.0, 40.0) &lt;zip object at 0x106dd36c0&gt;
&gt; failed 10 ['--step-length', '1', '--end', '1000'] 3/1to2/1_0 (30.0, 40.0) &lt;zip object at 0x106de4040&gt;
&gt; failed 100 ['--step-length', '1', '--end', '1000'] 3/1to2/1_0 (0.0, 100.0) &lt;zip object at 0x106de4040&gt;
</PRE>
<A NAME="defaulttraci vehicle moveToXY keepRoute2"></A>
<H4>TEST had known bugs (see #3263) on ts-bapmsumm1bld : traci vehicle moveToXY keepRoute2 (
<A HREF="test_default.html#defaulttraci vehicle moveToXY keepRoute2">Last six runs</A>
<A HREF="test_default_all_May2023.html#defaulttraci vehicle moveToXY keepRoute2">May2023</A>

)</H4>

<PRE>mapping failure
(This bug was triggered by text found in file 'output' matching 'failed')
---------- Differences in output ----------
0a1
&gt; internal corner (inside, segment2) failed: x=198, x2=198.0,   y=1.9, y2=1.9,   lane=middle_0, lane2=middle_0, pos=102, pos2=98.0   posLat=2.0 posLat2=1.9
</PRE>

<A NAME="defaultwere terminated before completion"></A>
<H3>Detailed information for the tests that were terminated before completion:</H3>

<A NAME="defaulttraci connection busySocket sumo"></A>
<H4>TEST were terminated before completion (TIMEOUT) on ts-bapmsumm1bld : traci connection busySocket sumo (
<A HREF="test_default.html#defaulttraci connection busySocket sumo">Last six runs</A>
<A HREF="test_default_all_May2023.html#defaulttraci connection busySocket sumo">May2023</A>

)</H4>

<PRE>Test exceeded wallclock time limit of 900.0 seconds
---------- Differences in errors ----------
3d2
&lt; Could not connect in 61 tries
</PRE>
<A NAME="defaulttraci connection busySocket sumo-gui"></A>
<H4>TEST were terminated before completion (TIMEOUT) on ts-bapmsumm1bld : traci connection busySocket sumo-gui (
<A HREF="test_default.html#defaulttraci connection busySocket sumo-gui">Last six runs</A>
<A HREF="test_default_all_May2023.html#defaulttraci connection busySocket sumo-gui">May2023</A>

)</H4>

<PRE>Test exceeded wallclock time limit of 900.0 seconds
---------- Differences in errors ----------
1,2c1
&lt; Could not connect in 61 tries
&lt; Error: tcpip::Socket::accept() Unable to create listening socket: Address already in use
---
&gt; Error: This system has no OpenGL support. Exiting.
</PRE>



</BODY> </HTML>
