<!DOCTYPE HTML PUBLIC "-//W3C//DTD HTML 3.2//EN">
<HTML>

<!-- This file generated using Python HTMLgen module. -->
<HEAD>
  <META NAME="GENERATOR" CONTENT="HTMLgen 2.2.2">
        <TITLE>Detailed test results for COMPLEX: 05Apr25rv1_22_0+1293-64915b9955c (generated by sumo at 30Apr02:36)</TITLE>
<meta charset="utf-8"></HEAD>
<BODY>
<H1 align="center">05Apr25rv1_22_0+1293-64915b9955c - detailed test results for COMPLEX</H1>

<center><EM>To reconnect the TextTest GUI to these results, run:</EM></center>

<center><P style="font-family:monospace">texttest -a complex -d /Users/sumo/clangMacOS_M1/sumo/tests -reconnect /Users/sumo/clangMacOS_M1/texttesttmp/clangMacOS_M1.30Apr003943.62297 -g</P>
</center>

<center><EM>To start TextTest for these tests, run:</EM></center>

<center><P style="font-family:monospace">texttest -a complex -d /Users/sumo/clangMacOS_M1/sumo/tests</P>
</center>

<HR>
<H2>default: 809 tests: 767 succeeded 34 FAILED 8 known bugs</H2>

<A NAME="defaultFAILED"></A>
<H3>Detailed information for the tests that FAILED:</H3>

<A NAME="defaultbroken_nets dfrouter"></A>
<A NAME="defaultbroken_nets duarouter"></A>
<A NAME="defaultbroken_nets jtrrouter"></A>
<H4>3 TESTS FAILED on ts-bapmsumm1bld :</H4>

<PRE>---------- Differences in errors ----------
502c502
&lt;  At line/column 44/109.
---
&gt;  At line/column 44/111.
532c532
&lt;  At line/column 44/103.
---
&gt;  At line/column 44/105.
550c550
&lt;  At line/column 44/102.
---
&gt;  At line/column 44/104.
568c568
&lt;  At line/column 44/103.
---
&gt;  At line/column 44/105.
586c586
&lt;  At line/column 44/94.
---
&gt;  At line/column 44/96.
</PRE>
broken_nets dfrouter (
<A HREF="test_default.html#defaultbroken_nets dfrouter">Last six runs</A>
<A HREF="test_default_all_Apr2025.html#defaultbroken_nets dfrouter">Apr2025</A>

)<br>

broken_nets duarouter (
<A HREF="test_default.html#defaultbroken_nets duarouter">Last six runs</A>
<A HREF="test_default_all_Apr2025.html#defaultbroken_nets duarouter">Apr2025</A>

)<br>

broken_nets jtrrouter (
<A HREF="test_default.html#defaultbroken_nets jtrrouter">Last six runs</A>
<A HREF="test_default_all_Apr2025.html#defaultbroken_nets jtrrouter">Apr2025</A>

)<br>

<A NAME="defaultbroken_nets netconvert"></A>
<H4>TEST FAILED on ts-bapmsumm1bld : broken_nets netconvert (
<A HREF="test_default.html#defaultbroken_nets netconvert">Last six runs</A>
<A HREF="test_default_all_Apr2025.html#defaultbroken_nets netconvert">Apr2025</A>

)</H4>

<PRE>---------- Differences in errors ----------
605c605
&lt;  At line/column 44/109.
---
&gt;  At line/column 44/111.
641c641
&lt;  At line/column 44/103.
---
&gt;  At line/column 44/105.
666c666
&lt;  At line/column 44/102.
---
&gt;  At line/column 44/104.
691c691
&lt;  At line/column 44/103.
---
&gt;  At line/column 44/105.
716c716
&lt;  At line/column 44/94.
---
&gt;  At line/column 44/96.
</PRE>
<A NAME="defaultbroken_nets sumo"></A>
<H4>TEST FAILED on ts-bapmsumm1bld : broken_nets sumo (
<A HREF="test_default.html#defaultbroken_nets sumo">Last six runs</A>
<A HREF="test_default_all_Apr2025.html#defaultbroken_nets sumo">Apr2025</A>

)</H4>

<PRE>---------- Differences in errors ----------
553c553
&lt;  At line/column 44/109.
---
&gt;  At line/column 44/111.
580c580
&lt;  At line/column 44/103.
---
&gt;  At line/column 44/105.
598c598
&lt;  At line/column 44/102.
---
&gt;  At line/column 44/104.
616c616
&lt;  At line/column 44/103.
---
&gt;  At line/column 44/105.
634c634
&lt;  At line/column 44/94.
---
&gt;  At line/column 44/96.
</PRE>
<A NAME="defaultfmi model_validation"></A>
<H4>TEST FAILED on ts-bapmsumm1bld : fmi model_validation (
<A HREF="test_default.html#defaultfmi model_validation">Last six runs</A>
<A HREF="test_default_all_Apr2025.html#defaultfmi model_validation">Apr2025</A>

)</H4>

<PRE>---------- Differences in errors ----------
0a1,13
&gt; Traceback (most recent call last):
&gt;   File "/Users/sumo/clangMacOS_M1/sumo/tests/../tests/complex/fmi/runner.py", line 153, in &lt;module&gt;
&gt;     runSingle(startTime, endTime, validate, scalarVariable)
&gt;     ~~~~~~~~~^^^^^^^^^^^^^^^^^^^^^^^^^^^^^^^^^^^^^^^^^^^^^^
&gt;   File "/Users/sumo/clangMacOS_M1/sumo/tests/../tests/complex/fmi/runner.py", line 56, in runSingle
&gt;     modelDescription = read_model_description(fmuLocation, validate=False)
&gt;   File "/Users/sumo/clangMacOS_M1/sumo_test_env/lib/python3.13/site-packages/fmpy/model_description.py", line 441, in read_model_description
&gt;     with zipfile.ZipFile(filename, 'r') as zf:
&gt;          ~~~~~~~~~~~~~~~^^^^^^^^^^^^^^^
&gt;   File "/opt/homebrew/Cellar/python@3.13/3.13.1/Frameworks/Python.framework/Versions/3.13/lib/python3.13/zipfile/__init__.py", line 1362, in __init__
&gt;     self.fp = io.open(file, filemode)
&gt;               ~~~~~~~^^^^^^^^^^^^^^^^
&gt; FileNotFoundError: [Errno 2] No such file or directory: '/Users/sumo/clangMacOS_M1/sumo/bin/sumo-fmi2-linux64.fmu'
---------- Differences in output ----------
1,3d0
&lt; FMU validation successful
&lt; Simulating libsumofmi2 (model name 'SUMO', FMI v2.0)...
&lt; Print ended at step 60.0
</PRE>
<A NAME="defaultfmi vehicle_getIDCount"></A>
<H4>TEST FAILED on ts-bapmsumm1bld : fmi vehicle_getIDCount (
<A HREF="test_default.html#defaultfmi vehicle_getIDCount">Last six runs</A>
<A HREF="test_default_all_Apr2025.html#defaultfmi vehicle_getIDCount">Apr2025</A>

)</H4>

<PRE>---------- Differences in errors ----------
0a1,13
&gt; Traceback (most recent call last):
&gt;   File "/Users/sumo/clangMacOS_M1/sumo/tests/../tests/complex/fmi/runner.py", line 153, in &lt;module&gt;
&gt;     runSingle(startTime, endTime, validate, scalarVariable)
&gt;     ~~~~~~~~~^^^^^^^^^^^^^^^^^^^^^^^^^^^^^^^^^^^^^^^^^^^^^^
&gt;   File "/Users/sumo/clangMacOS_M1/sumo/tests/../tests/complex/fmi/runner.py", line 56, in runSingle
&gt;     modelDescription = read_model_description(fmuLocation, validate=False)
&gt;   File "/Users/sumo/clangMacOS_M1/sumo_test_env/lib/python3.13/site-packages/fmpy/model_description.py", line 441, in read_model_description
&gt;     with zipfile.ZipFile(filename, 'r') as zf:
&gt;          ~~~~~~~~~~~~~~~^^^^^^^^^^^^^^^
&gt;   File "/opt/homebrew/Cellar/python@3.13/3.13.1/Frameworks/Python.framework/Versions/3.13/lib/python3.13/zipfile/__init__.py", line 1362, in __init__
&gt;     self.fp = io.open(file, filemode)
&gt;               ~~~~~~~^^^^^^^^^^^^^^^^
&gt; FileNotFoundError: [Errno 2] No such file or directory: '/Users/sumo/clangMacOS_M1/sumo/bin/sumo-fmi2-linux64.fmu'
---------- Differences in output ----------
1,63d0
&lt; FMU validation successful
&lt; Simulating libsumofmi2 (model name 'SUMO', FMI v2.0)...
&lt; TIME 1.0: vehicle.getIDCount = 6
&lt; TIME 2.0: vehicle.getIDCount = 6
&lt; TIME 3.0: vehicle.getIDCount = 6
&lt; TIME 4.0: vehicle.getIDCount = 7
&lt; TIME 5.0: vehicle.getIDCount = 7
&lt; TIME 6.0: vehicle.getIDCount = 8
&lt; TIME 7.0: vehicle.getIDCount = 8
&lt; TIME 8.0: vehicle.getIDCount = 9
&lt; TIME 9.0: vehicle.getIDCount = 9
&lt; TIME 10.0: vehicle.getIDCount = 9
&lt; TIME 11.0: vehicle.getIDCount = 9
&lt; TIME 12.0: vehicle.getIDCount = 9
&lt; TIME 13.0: vehicle.getIDCount = 10
&lt; TIME 14.0: vehicle.getIDCount = 10
&lt; TIME 15.0: vehicle.getIDCount = 10
&lt; TIME 16.0: vehicle.getIDCount = 11
&lt; TIME 17.0: vehicle.getIDCount = 11
&lt; TIME 18.0: vehicle.getIDCount = 12
&lt; TIME 19.0: vehicle.getIDCount = 12
&lt; TIME 20.0: vehicle.getIDCount = 12
&lt; TIME 21.0: vehicle.getIDCount = 13
&lt; TIME 22.0: vehicle.getIDCount = 13
&lt; TIME 23.0: vehicle.getIDCount = 13
&lt; TIME 24.0: vehicle.getIDCount = 13
&lt; TIME 25.0: vehicle.getIDCount = 13
&lt; TIME 26.0: vehicle.getIDCount = 12
&lt; TIME 27.0: vehicle.getIDCount = 10
&lt;truncated after showing first 30 lines&gt;
</PRE>
<A NAME="defaultfmi vehicle_getParameterWithKey"></A>
<H4>TEST FAILED on ts-bapmsumm1bld : fmi vehicle_getParameterWithKey (
<A HREF="test_default.html#defaultfmi vehicle_getParameterWithKey">Last six runs</A>
<A HREF="test_default_all_Apr2025.html#defaultfmi vehicle_getParameterWithKey">Apr2025</A>

)</H4>

<PRE>---------- Differences in errors ----------
0a1,13
&gt; Traceback (most recent call last):
&gt;   File "/Users/sumo/clangMacOS_M1/sumo/tests/../tests/complex/fmi/runner.py", line 153, in &lt;module&gt;
&gt;     runSingle(startTime, endTime, validate, scalarVariable)
&gt;     ~~~~~~~~~^^^^^^^^^^^^^^^^^^^^^^^^^^^^^^^^^^^^^^^^^^^^^^
&gt;   File "/Users/sumo/clangMacOS_M1/sumo/tests/../tests/complex/fmi/runner.py", line 56, in runSingle
&gt;     modelDescription = read_model_description(fmuLocation, validate=False)
&gt;   File "/Users/sumo/clangMacOS_M1/sumo_test_env/lib/python3.13/site-packages/fmpy/model_description.py", line 441, in read_model_description
&gt;     with zipfile.ZipFile(filename, 'r') as zf:
&gt;          ~~~~~~~~~~~~~~~^^^^^^^^^^^^^^^
&gt;   File "/opt/homebrew/Cellar/python@3.13/3.13.1/Frameworks/Python.framework/Versions/3.13/lib/python3.13/zipfile/__init__.py", line 1362, in __init__
&gt;     self.fp = io.open(file, filemode)
&gt;               ~~~~~~~^^^^^^^^^^^^^^^^
&gt; FileNotFoundError: [Errno 2] No such file or directory: '/Users/sumo/clangMacOS_M1/sumo/bin/sumo-fmi2-linux64.fmu'
---------- Differences in output ----------
1,4d0
&lt; FMU validation successful
&lt; Simulating libsumofmi2 (model name 'SUMO', FMI v2.0)...
&lt; key, value: 'meaningOfLife', '42'
&lt; Print ended at step 60.0
</PRE>
<A NAME="defaultfmi vehicle_moveToXY"></A>
<H4>TEST FAILED on ts-bapmsumm1bld : fmi vehicle_moveToXY (
<A HREF="test_default.html#defaultfmi vehicle_moveToXY">Last six runs</A>
<A HREF="test_default_all_Apr2025.html#defaultfmi vehicle_moveToXY">Apr2025</A>

)</H4>

<PRE>---------- Differences in errors ----------
0a1,13
&gt; Traceback (most recent call last):
&gt;   File "/Users/sumo/clangMacOS_M1/sumo/tests/../tests/complex/fmi/runner.py", line 153, in &lt;module&gt;
&gt;     runSingle(startTime, endTime, validate, scalarVariable)
&gt;     ~~~~~~~~~^^^^^^^^^^^^^^^^^^^^^^^^^^^^^^^^^^^^^^^^^^^^^^
&gt;   File "/Users/sumo/clangMacOS_M1/sumo/tests/../tests/complex/fmi/runner.py", line 56, in runSingle
&gt;     modelDescription = read_model_description(fmuLocation, validate=False)
&gt;   File "/Users/sumo/clangMacOS_M1/sumo_test_env/lib/python3.13/site-packages/fmpy/model_description.py", line 441, in read_model_description
&gt;     with zipfile.ZipFile(filename, 'r') as zf:
&gt;          ~~~~~~~~~~~~~~~^^^^^^^^^^^^^^^
&gt;   File "/opt/homebrew/Cellar/python@3.13/3.13.1/Frameworks/Python.framework/Versions/3.13/lib/python3.13/zipfile/__init__.py", line 1362, in __init__
&gt;     self.fp = io.open(file, filemode)
&gt;               ~~~~~~~^^^^^^^^^^^^^^^^
&gt; FileNotFoundError: [Errno 2] No such file or directory: '/Users/sumo/clangMacOS_M1/sumo/bin/sumo-fmi2-linux64.fmu'
---------- Differences in output ----------
1,91d0
&lt; FMU validation successful
&lt; Simulating libsumofmi2 (model name 'SUMO', FMI v2.0)...
&lt; TIME 0: laneID = ''
&lt; TIME 1.0: laneID = 'WE1_0'
&lt; currentPos = [0.0, -1.6]
&lt; targetPos = (10.0, -1.6)
&lt; TIME 2.0: laneID = 'WE1_0'
&lt; currentPos = [10.0, -1.6]
&lt; targetPos = (20.0, -1.6)
&lt; TIME 3.0: laneID = 'WE1_0'
&lt; currentPos = [20.0, -1.6]
&lt; targetPos = (30.0, -1.6)
&lt; TIME 4.0: laneID = 'WE1_0'
&lt; currentPos = [30.0, -1.6]
&lt; targetPos = (40.0, -1.6)
&lt; TIME 5.0: laneID = 'WE1_0'
&lt; currentPos = [40.0, -1.6]
&lt; targetPos = (50.0, -1.6)
&lt; TIME 6.0: laneID = ':J1_10_0'
&lt; currentPos = [50.0, -1.6]
&lt; targetPos = (60.0, -1.6)
&lt; TIME 7.0: laneID = 'WE2_0'
&lt; currentPos = [60.0, -1.6]
&lt; targetPos = (70.0, -1.6)
&lt; TIME 8.0: laneID = 'WE2_0'
&lt; currentPos = [70.0, -1.6]
&lt; targetPos = (80.0, -1.6)
&lt; TIME 9.0: laneID = 'WE2_0'
&lt; currentPos = [80.0, -1.6]
&lt;truncated after showing first 30 lines&gt;
</PRE>
<A NAME="defaultstate replay"></A>
<H4>TEST FAILED on ts-bapmsumm1bld : state replay (
<A HREF="test_default.html#defaultstate replay">Last six runs</A>
<A HREF="test_default_all_Apr2025.html#defaultstate replay">Apr2025</A>

)</H4>

<PRE>---------- Differences in errors ----------
0a1,237
&gt; Error: This system has no OpenGL support. Exiting.
&gt; Quitting (on error).
&gt;   warnings.warn(("Could not connect to TraCI server using port %s (%s)." +
&gt; Error: This system has no OpenGL support. Exiting.
&gt; Quitting (on error).
&gt;   warnings.warn(("Could not connect to TraCI server using port %s (%s)." +
&gt; Error: This system has no OpenGL support. Exiting.
&gt; Quitting (on error).
&gt;   warnings.warn(("Could not connect to TraCI server using port %s (%s)." +
&gt; Error: This system has no OpenGL support. Exiting.
&gt; Quitting (on error).
&gt;   warnings.warn(("Could not connect to TraCI server using port %s (%s)." +
&gt; Error: This system has no OpenGL support. Exiting.
&gt; Quitting (on error).
&gt;   warnings.warn(("Could not connect to TraCI server using port %s (%s)." +
&gt; Error: This system has no OpenGL support. Exiting.
&gt; Quitting (on error).
&gt;   warnings.warn(("Could not connect to TraCI server using port %s (%s)." +
&gt; Error: This system has no OpenGL support. Exiting.
&gt; Quitting (on error).
&gt;   warnings.warn(("Could not connect to TraCI server using port %s (%s)." +
&gt; Error: This system has no OpenGL support. Exiting.
&gt; Quitting (on error).
&gt;   warnings.warn(("Could not connect to TraCI server using port %s (%s)." +
&gt; Error: This system has no OpenGL support. Exiting.
&gt; Quitting (on error).
&gt;   warnings.warn(("Could not connect to TraCI server using port %s (%s)." +
&gt; Error: This system has no OpenGL support. Exiting.
&gt; Quitting (on error).
&lt;truncated after showing first 30 lines&gt;
</PRE>
<A NAME="defaultsumo b50"></A>
<H4>TEST FAILED on ts-bapmsumm1bld : sumo b50 (
<A HREF="test_default.html#defaultsumo b50">Last six runs</A>
<A HREF="test_default_all_Apr2025.html#defaultsumo b50">Apr2025</A>

)</H4>

<PRE>---------- Differences in errors ----------
7,8c7,12
&lt; Warning: Teleporting vehicle 'vehicle.960'; waited too long (wrong lane), lane='i7_1', time=3164.00.
&lt; Warning: Vehicle 'vehicle.960' ends teleporting on edge 'e1', time=3195.00.
---
&gt; Warning: Teleporting vehicle 'vehicle.733'; waited too long (wrong lane), lane='i7_1', time=2422.00.
&gt; Warning: Vehicle 'vehicle.733' ends teleporting on edge 'e3', time=2491.00.
&gt; Warning: Teleporting vehicle 'vehicle.2009'; waited too long (wrong lane), lane='i7_1', time=6792.00.
&gt; Warning: Teleporting vehicle 'vehicle.2300'; waited too long (wrong lane), lane='i7_1', time=6793.00.
&gt; Warning: Vehicle 'vehicle.2009' ends teleporting on edge 'e2', time=6836.00.
&gt; Warning: Vehicle 'vehicle.2300' ends teleporting on edge 'e2', time=6852.00.
---------- Differences in output ----------
12c12
&lt;  Teleports: 1 (Wrong Lane: 1)
---
&gt;  Teleports: 3 (Wrong Lane: 3)
14c14
&lt; Simulation ended at time: 8615.00.
---
&gt; Simulation ended at time: 8532.00.
</PRE>
<A NAME="defaultsumo fcdReplay"></A>
<A NAME="defaulttraci gui polygon_dynamics_remove"></A>
<H4>2 TESTS FAILED on ts-bapmsumm1bld :</H4>

<PRE>---------- Differences in errors ----------
0a1,247
&gt; Error: This system has no OpenGL support. Exiting.
&gt; Quitting (on error).
&gt;   warnings.warn(("Could not connect to TraCI server using port %s (%s)." +
&gt; Error: This system has no OpenGL support. Exiting.
&gt; Quitting (on error).
&gt;   warnings.warn(("Could not connect to TraCI server using port %s (%s)." +
&gt; Error: This system has no OpenGL support. Exiting.
&gt; Quitting (on error).
&gt;   warnings.warn(("Could not connect to TraCI server using port %s (%s)." +
&gt; Error: This system has no OpenGL support. Exiting.
&gt; Quitting (on error).
&gt;   warnings.warn(("Could not connect to TraCI server using port %s (%s)." +
&gt; Error: This system has no OpenGL support. Exiting.
&gt; Quitting (on error).
&gt;   warnings.warn(("Could not connect to TraCI server using port %s (%s)." +
&gt; Error: This system has no OpenGL support. Exiting.
&gt; Quitting (on error).
&gt;   warnings.warn(("Could not connect to TraCI server using port %s (%s)." +
&gt; Error: This system has no OpenGL support. Exiting.
&gt; Quitting (on error).
&gt;   warnings.warn(("Could not connect to TraCI server using port %s (%s)." +
&gt; Error: This system has no OpenGL support. Exiting.
&gt; Quitting (on error).
&gt;   warnings.warn(("Could not connect to TraCI server using port %s (%s)." +
&gt; Error: This system has no OpenGL support. Exiting.
&gt; Quitting (on error).
&gt;   warnings.warn(("Could not connect to TraCI server using port %s (%s)." +
&gt; Error: This system has no OpenGL support. Exiting.
&gt; Quitting (on error).
&lt;truncated after showing first 30 lines&gt;
</PRE>
sumo fcdReplay (
<A HREF="test_default.html#defaultsumo fcdReplay">Last six runs</A>
<A HREF="test_default_all_Apr2025.html#defaultsumo fcdReplay">Apr2025</A>

)<br>

traci gui polygon_dynamics_remove (
<A HREF="test_default.html#defaulttraci gui polygon_dynamics_remove">Last six runs</A>
<A HREF="test_default_all_Apr2025.html#defaulttraci gui polygon_dynamics_remove">Apr2025</A>

)<br>

<A NAME="defaultsumo gui"></A>
<H4>TEST FAILED on ts-bapmsumm1bld : sumo gui (
<A HREF="test_default.html#defaultsumo gui">Last six runs</A>
<A HREF="test_default_all_Apr2025.html#defaultsumo gui">Apr2025</A>

)</H4>

<PRE>---------- Differences in errors ----------
0a1,5
&gt; Traceback (most recent call last):
&gt;   File "/Users/sumo/clangMacOS_M1/sumo/tests/../tests/complex/sumo/gui/runner.py", line 26, in &lt;module&gt;
&gt;     import pyautogui  # noqa
&gt;     ^^^^^^^^^^^^^^^^
&gt; ModuleNotFoundError: No module named 'pyautogui'
---------- Missing result in vehroutes ----------
&lt;?xml version="1.0" encoding="UTF-8"?&gt;


&lt;routes xmlns:xsi="http://www.w3.org/2001/XMLSchema-instance" xsi:noNamespaceSchemaLocation="http://sumo.dlr.de/xsd/routes_file.xsd"&gt;
    &lt;vehicle id="vertical.0" depart="103.00" arrival="344.00"&gt;
        &lt;route edges="3fi 3si 4o 4fi 4si 3o 3fi"/&gt;
    &lt;/vehicle&gt;

    &lt;vehicle id="vertical.1" depart="113.00" arrival="378.00"&gt;
        &lt;route edges="3fi 3si 4o 4fi 4si 3o 3fi"/&gt;
    &lt;/vehicle&gt;

    &lt;vehicle id="vertical.2" depart="123.00" arrival="380.00"&gt;
        &lt;route edges="3fi 3si 4o 4fi 4si 3o 3fi"/&gt;
    &lt;/vehicle&gt;

    &lt;vehicle id="vertical.3" depart="133.00" arrival="382.00"&gt;
        &lt;route edges="3fi 3si 4o 4fi 4si 3o 3fi"/&gt;
    &lt;/vehicle&gt;

    &lt;vehicle id="vertical.4" depart="143.00" arrival="384.00"&gt;
        &lt;route edges="3fi 3si 4o 4fi 4si 3o 3fi"/&gt;
    &lt;/vehicle&gt;

    &lt;vehicle id="vertical.5" depart="153.00" arrival="386.00"&gt;
        &lt;route edges="3fi 3si 4o 4fi 4si 3o 3fi"/&gt;
    &lt;/vehicle&gt;

    &lt;vehicle id="vertical.6" depart="163.00" arrival="435.00"&gt;
        &lt;route edges="3fi 3si 4o 4fi 4si 3o 3fi"/&gt;
&lt;truncated after showing first 30 lines&gt;
</PRE>
<A NAME="defaultsumo insertionCapacity"></A>
<H4>TEST FAILED on ts-bapmsumm1bld : sumo insertionCapacity (
<A HREF="test_default.html#defaultsumo insertionCapacity">Last six runs</A>
<A HREF="test_default_all_Apr2025.html#defaultsumo insertionCapacity">Apr2025</A>

)</H4>

<PRE>---------- Differences in log ----------
19c19
&lt; 2184 0.1 false 0.5 0.1 max
---
&gt; 2191 0.1 false 0.5 0.1 max
27c27
&lt; 2191 0.1 true 0.5 0.1 max
---
&gt; 2187 0.1 true 0.5 0.1 max
---------- Differences in log2 ----------
22d21
&lt; 0.1 false 0.5 0.1 max
23a23
&gt; 0.1 false 0.5 0.1 max
</PRE>
<A NAME="defaultsumo insertionCapacity_2lane"></A>
<H4>TEST FAILED on ts-bapmsumm1bld : sumo insertionCapacity_2lane (
<A HREF="test_default.html#defaultsumo insertionCapacity_2lane">Last six runs</A>
<A HREF="test_default_all_Apr2025.html#defaultsumo insertionCapacity_2lane">Apr2025</A>

)</H4>

<PRE>---------- Differences in log ----------
5c5
&lt; 3331 1 false 0.5 0.1 max best_prob
---
&gt; 3315 1 false 0.5 0.1 max best_prob
18,21c18,21
&lt; 3224 0.1 false 0.5 0.1 max first
&lt; 4370 0.1 false 0.5 0.1 max random
&lt; 4378 0.1 false 0.5 0.1 max free
&lt; 4419 0.1 false 0.5 0.1 max best_prob
---
&gt; 3217 0.1 false 0.5 0.1 max first
&gt; 4371 0.1 false 0.5 0.1 max random
&gt; 4370 0.1 false 0.5 0.1 max free
&gt; 4432 0.1 false 0.5 0.1 max best_prob
26,29c26,29
&lt; 3210 0.1 true 0.5 0.1 max first
&lt; 4376 0.1 true 0.5 0.1 max random
&lt; 4379 0.1 true 0.5 0.1 max free
&lt; 4432 0.1 true 0.5 0.1 max best_prob
---
&gt; 3241 0.1 true 0.5 0.1 max first
&gt; 4372 0.1 true 0.5 0.1 max random
&gt; 4378 0.1 true 0.5 0.1 max free
&gt; 4429 0.1 true 0.5 0.1 max best_prob
---------- Differences in log2 ----------
8d7
&lt; 0.1 true 0.5 0.1 max first
9a9
&gt; 0.1 true 0.5 0.1 max first
14d13
&lt; 1 true 0.5 0.1 max best_prob
15a15
&gt; 1 true 0.5 0.1 max best_prob
21a22
&gt; 0.1 false 0.5 0.1 max free
24d24
&lt; 0.1 false 0.5 0.1 max free
26d25
&lt; 0.1 false 0.5 0.1 max best_prob
28a28
&gt; 0.1 true 0.5 0.1 max best_prob
31c31
&lt; 0.1 true 0.5 0.1 max best_prob
---
&gt; 0.1 false 0.5 0.1 max best_prob
</PRE>
<A NAME="defaultsumo insertionCapacity_3lane"></A>
<H4>TEST FAILED on ts-bapmsumm1bld : sumo insertionCapacity_3lane (
<A HREF="test_default.html#defaultsumo insertionCapacity_3lane">Last six runs</A>
<A HREF="test_default_all_Apr2025.html#defaultsumo insertionCapacity_3lane">Apr2025</A>

)</H4>

<PRE>---------- Differences in log ----------
5c5
&lt; 5068 1 false 0.5 0.1 max best_prob
---
&gt; 5047 1 false 0.5 0.1 max best_prob
13c13
&lt; 5053 1 true 0.5 0.1 max best_prob
---
&gt; 5045 1 true 0.5 0.1 max best_prob
18,22c18,22
&lt; 3216 0.1 false 0.5 0.1 max first
&lt; 6569 0.1 false 0.5 0.1 max random
&lt; 6568 0.1 false 0.5 0.1 max free
&lt; 6683 0.1 false 0.5 0.1 max best_prob
&lt; 2623 0.1 false 0.5 0.1 avg first
---
&gt; 3239 0.1 false 0.5 0.1 max first
&gt; 6560 0.1 false 0.5 0.1 max random
&gt; 6561 0.1 false 0.5 0.1 max free
&gt; 6702 0.1 false 0.5 0.1 max best_prob
&gt; 2616 0.1 false 0.5 0.1 avg first
26,30c26,30
&lt; 3224 0.1 true 0.5 0.1 max first
&lt; 6575 0.1 true 0.5 0.1 max random
&lt; 6562 0.1 true 0.5 0.1 max free
&lt; 6706 0.1 true 0.5 0.1 max best_prob
&lt; 2708 0.1 true 0.5 0.1 avg first
---
&gt; 3236 0.1 true 0.5 0.1 max first
&gt; 6563 0.1 true 0.5 0.1 max random
&gt; 6557 0.1 true 0.5 0.1 max free
&lt;truncated after showing first 30 lines&gt;
---------- Differences in log2 ----------
8d7
&lt; 0.1 false 0.5 0.1 max first
9a9
&gt; 0.1 false 0.5 0.1 max first
23d22
&lt; 0.1 false 0.5 0.1 max free
24a24
&gt; 0.1 false 0.5 0.1 max free
30d29
&lt; 0.1 false 0.5 0.1 max best_prob
31a31
&gt; 0.1 false 0.5 0.1 max best_prob
</PRE>
<A NAME="defaultsumo protobuf"></A>
<H4>TEST FAILED on ts-bapmsumm1bld : sumo protobuf (
<A HREF="test_default.html#defaultsumo protobuf">Last six runs</A>
<A HREF="test_default_all_Apr2025.html#defaultsumo protobuf">Apr2025</A>

)</H4>

<PRE>---------- Differences in errors ----------
0a1,35
&gt; Traceback (most recent call last):
&gt;   File "/Users/sumo/clangMacOS_M1/sumo/tools/xml/protobuf2xml.py", line 32, in &lt;module&gt;
&gt;     import google.protobuf.descriptor  # we need to do this late because the xml2protobuf import modifies sys.path
&gt;     ^^^^^^^^^^^^^^^^^^^^^^^^^^^^^^^^^
&gt; ModuleNotFoundError: No module named 'google'
&gt; Traceback (most recent call last):
&gt;   File "/Users/sumo/clangMacOS_M1/sumo/tools/xml/xml2protobuf.py", line 208, in &lt;module&gt;
&gt;     main()
&gt;     ~~~~^^
&gt;   File "/Users/sumo/clangMacOS_M1/sumo/tools/xml/xml2protobuf.py", line 194, in main
&gt;     module = generateProto(attrFinder.tagAttrs, attrFinder.depthTags,
&gt;                            attrFinder.xsdStruc._namedEnumerations, options.protodir, base)
&gt;   File "/Users/sumo/clangMacOS_M1/sumo/tools/xml/xml2protobuf.py", line 185, in generateProto
&gt;     return importlib.import_module("%s_pb2" % base)
&gt;            ~~~~~~~~~~~~~~~~~~~~~~~^^^^^^^^^^^^^^^^^
&gt;   File "/opt/homebrew/Cellar/python@3.13/3.13.1/Frameworks/Python.framework/Versions/3.13/lib/python3.13/importlib/__init__.py", line 88, in import_module
&gt;     return _bootstrap._gcd_import(name[level:], package, level)
&gt;            ~~~~~~~~~~~~~~~~~~~~~~^^^^^^^^^^^^^^^^^^^^^^^^^^^^^^
&gt;   File "&lt;frozen importlib._bootstrap&gt;", line 1387, in _gcd_import
&gt;   File "&lt;frozen importlib._bootstrap&gt;", line 1360, in _find_and_load
&gt;   File "&lt;frozen importlib._bootstrap&gt;", line 1331, in _find_and_load_unlocked
&gt;   File "&lt;frozen importlib._bootstrap&gt;", line 935, in _load_unlocked
&gt;   File "&lt;frozen importlib._bootstrap_external&gt;", line 1026, in exec_module
&gt;   File "&lt;frozen importlib._bootstrap&gt;", line 488, in _call_with_frames_removed
&gt;   File "/Users/sumo/clangMacOS_M1/texttesttmp/clangMacOS_M1.05Apr010136.20269/complex/sumo/protobuf/trajectories_pb2.py", line 7, in &lt;module&gt;
&gt;     from google.protobuf import descriptor as _descriptor
&gt; ModuleNotFoundError: No module named 'google'
&gt; Traceback (most recent call last):
&gt;   File "/Users/sumo/clangMacOS_M1/sumo/tests/../tests/complex/sumo/protobuf/runner.py", line 80, in &lt;module&gt;
&lt;truncated after showing first 30 lines&gt;
---------- Differences in output ----------
1,5d0
&lt; --- 
&lt; +++ 
&lt; -
&lt; -&lt;trajectories xmlns:xsi="http://www.w3.org/2001/XMLSchema-instance" xsi:noNamespaceSchemaLocation="http://sumo.dlr.de/xsd/amitran/trajectories.xsd" timeStepSize="1000"&gt;
&lt; +&lt;trajectories timeStepSize="1000"&gt;
</PRE>
<A NAME="defaultsumo socketout"></A>
<H4>TEST FAILED on ts-bapmsumm1bld : sumo socketout (
<A HREF="test_default.html#defaultsumo socketout">Last six runs</A>
<A HREF="test_default_all_Apr2025.html#defaultsumo socketout">Apr2025</A>

)</H4>

<PRE>---------- Differences in errors ----------
1,2d0
&lt; Error: send failed: Software caused tcpip::Socket abort
&lt; Quitting (on error).
</PRE>
<A NAME="defaulttraas multiclient"></A>
<A NAME="defaulttraci_java multiclient"></A>
<H4>2 TESTS FAILED on ts-bapmsumm1bld :</H4>

<PRE>---------- Differences in output ----------
1544c1544
&lt;   veh=v88 len=4.5 entry=136.32840850958843 leave=-1.0 type=car
---
&gt;   veh=v88 len=4.5 entry=136.3085357066153 leave=-1.0 type=car
1546c1546
&lt;   veh=v88 len=4.5 entry=136.32840850958843 leave=-1.0 type=car
---
&gt;   veh=v88 len=4.5 entry=136.3085357066153 leave=-1.0 type=car
1548c1548
&lt;   veh=v88 len=4.5 entry=136.32840850958843 leave=-1.0 type=car
---
&gt;   veh=v88 len=4.5 entry=136.3085357066153 leave=-1.0 type=car
1550c1550
&lt;   veh=v88 len=4.5 entry=136.32840850958843 leave=136.65009859207618 type=car
---
&gt;   veh=v88 len=4.5 entry=136.3085357066153 leave=136.63022578910306 type=car
1573d1572
&lt;   veh=v90 len=4.5 entry=138.80982679521847 leave=-1.0 type=car
1575d1573
&lt;   veh=v90 len=4.5 entry=138.80982679521847 leave=-1.0 type=car
1577d1574
&lt;   veh=v90 len=4.5 entry=138.80982679521847 leave=-1.0 type=car
1579d1575
&lt;   veh=v90 len=4.5 entry=138.80982679521847 leave=139.13764752625357 type=car
1643d1638
&lt;   veh=v92 len=4.5 entry=145.48443240273102 leave=-1.0 type=car
1645c1640
&lt;   veh=v92 len=4.5 entry=145.48443240273102 leave=-1.0 type=car
---
&gt;   veh=v92 len=4.5 entry=145.51593508620863 leave=-1.0 type=car
&lt;truncated after showing first 30 lines&gt;
</PRE>
traas multiclient (
<A HREF="test_default.html#defaulttraas multiclient">Last six runs</A>
<A HREF="test_default_all_Apr2025.html#defaulttraas multiclient">Apr2025</A>

)<br>

traci_java multiclient (
<A HREF="test_default.html#defaulttraci_java multiclient">Last six runs</A>
<A HREF="test_default_all_Apr2025.html#defaulttraci_java multiclient">Apr2025</A>

)<br>

<A NAME="defaulttraas simple"></A>
<A NAME="defaulttraci_java simple"></A>
<H4>2 TESTS FAILED on ts-bapmsumm1bld :</H4>

<PRE>---------- Differences in output ----------
1540c1540
&lt;   veh=v88 len=4.5 entry=136.32840850958843 leave=-1.0 type=car
---
&gt;   veh=v88 len=4.5 entry=136.3085357066153 leave=-1.0 type=car
1542c1542
&lt;   veh=v88 len=4.5 entry=136.32840850958843 leave=-1.0 type=car
---
&gt;   veh=v88 len=4.5 entry=136.3085357066153 leave=-1.0 type=car
1544c1544
&lt;   veh=v88 len=4.5 entry=136.32840850958843 leave=-1.0 type=car
---
&gt;   veh=v88 len=4.5 entry=136.3085357066153 leave=-1.0 type=car
1546c1546
&lt;   veh=v88 len=4.5 entry=136.32840850958843 leave=136.65009859207618 type=car
---
&gt;   veh=v88 len=4.5 entry=136.3085357066153 leave=136.63022578910306 type=car
1569d1568
&lt;   veh=v90 len=4.5 entry=138.80982679521847 leave=-1.0 type=car
1571d1569
&lt;   veh=v90 len=4.5 entry=138.80982679521847 leave=-1.0 type=car
1573d1570
&lt;   veh=v90 len=4.5 entry=138.80982679521847 leave=-1.0 type=car
1575d1571
&lt;   veh=v90 len=4.5 entry=138.80982679521847 leave=139.13764752625357 type=car
1639d1634
&lt;   veh=v92 len=4.5 entry=145.48443240273102 leave=-1.0 type=car
1641c1636
&lt;   veh=v92 len=4.5 entry=145.48443240273102 leave=-1.0 type=car
---
&gt;   veh=v92 len=4.5 entry=145.51593508620863 leave=-1.0 type=car
&lt;truncated after showing first 30 lines&gt;
</PRE>
traas simple (
<A HREF="test_default.html#defaulttraas simple">Last six runs</A>
<A HREF="test_default_all_Apr2025.html#defaulttraas simple">Apr2025</A>

)<br>

traci_java simple (
<A HREF="test_default.html#defaulttraci_java simple">Last six runs</A>
<A HREF="test_default_all_Apr2025.html#defaulttraci_java simple">Apr2025</A>

)<br>

<A NAME="defaulttraci connection busySocket sumo-gui"></A>
<H4>TEST FAILED on ts-bapmsumm1bld : traci connection busySocket sumo-gui (
<A HREF="test_default.html#defaulttraci connection busySocket sumo-gui">Last six runs</A>
<A HREF="test_default_all_Apr2025.html#defaulttraci connection busySocket sumo-gui">Apr2025</A>

)</H4>

<PRE>---------- Differences in errors ----------
1,2c1
&lt; Could not connect in 61 tries
&lt; Error: tcpip::Socket::accept() Unable to create listening socket: Address already in use
---
&gt; Error: This system has no OpenGL support. Exiting.
3a3
&gt; Could not connect in 61 tries
</PRE>
<A NAME="defaulttraci connection clientCloses sumo-gui"></A>
<H4>TEST FAILED on ts-bapmsumm1bld : traci connection clientCloses sumo-gui (
<A HREF="test_default.html#defaulttraci connection clientCloses sumo-gui">Last six runs</A>
<A HREF="test_default_all_Apr2025.html#defaulttraci connection clientCloses sumo-gui">Apr2025</A>

)</H4>

<PRE>---------- Differences in errors ----------
0a1,7
&gt; Error: This system has no OpenGL support. Exiting.
&gt; Quitting (on error).
&gt; Traceback (most recent call last):
&gt;     raise FatalTraCIError("Could not connect in %s tries" % (numRetries + 1))
&gt; traci.exceptions.FatalTraCIError: Could not connect in 61 tries
&gt; /opt/homebrew/Cellar/python@3.13/3.13.1/Frameworks/Python.framework/Versions/3.13/lib/python3.13/subprocess.py:1137: ResourceWarning: subprocess 26820 is still running
&gt;   _warn("subprocess %s is still running" % self.pid,
---------- Differences in output ----------
3,15d2
&lt; Print ended at step 100.0
&lt; ----------- SUMO end time is not given -----------
&lt; Print ended at step 100.0
&lt; =========== empty routes in SUMO ===========
&lt; ----------- SUMO end time is smaller than TraCI's -----------
&lt; Print ended at step 100.0
&lt; ----------- SUMO end time is not given -----------
&lt; Print ended at step 100.0
&lt; =========== vehicle leaves before TraCI ends ===========
&lt; ----------- SUMO end time is smaller than TraCI's -----------
&lt; Print ended at step 100.0
&lt; ----------- SUMO end time is not given -----------
&lt; Print ended at step 100.0
</PRE>
<A NAME="defaulttraci connection closingOutput sumo-gui"></A>
<H4>TEST FAILED on ts-bapmsumm1bld : traci connection closingOutput sumo-gui (
<A HREF="test_default.html#defaulttraci connection closingOutput sumo-gui">Last six runs</A>
<A HREF="test_default_all_Apr2025.html#defaulttraci connection closingOutput sumo-gui">Apr2025</A>

)</H4>

<PRE>---------- Differences in errors ----------
0a1,247
&gt; Error: This system has no OpenGL support. Exiting.
&gt; Quitting (on error).
&gt;   warnings.warn(("Could not connect to TraCI server using port %s (%s)." +
&gt; Error: This system has no OpenGL support. Exiting.
&gt; Quitting (on error).
&gt;   warnings.warn(("Could not connect to TraCI server using port %s (%s)." +
&gt; Error: This system has no OpenGL support. Exiting.
&gt; Quitting (on error).
&gt;   warnings.warn(("Could not connect to TraCI server using port %s (%s)." +
&gt; Error: This system has no OpenGL support. Exiting.
&gt; Quitting (on error).
&gt;   warnings.warn(("Could not connect to TraCI server using port %s (%s)." +
&gt; Error: This system has no OpenGL support. Exiting.
&gt; Quitting (on error).
&gt;   warnings.warn(("Could not connect to TraCI server using port %s (%s)." +
&gt; Error: This system has no OpenGL support. Exiting.
&gt; Quitting (on error).
&gt;   warnings.warn(("Could not connect to TraCI server using port %s (%s)." +
&gt; Error: This system has no OpenGL support. Exiting.
&gt; Quitting (on error).
&gt;   warnings.warn(("Could not connect to TraCI server using port %s (%s)." +
&gt; Error: This system has no OpenGL support. Exiting.
&gt; Quitting (on error).
&gt;   warnings.warn(("Could not connect to TraCI server using port %s (%s)." +
&gt; Error: This system has no OpenGL support. Exiting.
&gt; Quitting (on error).
&gt;   warnings.warn(("Could not connect to TraCI server using port %s (%s)." +
&gt; Error: This system has no OpenGL support. Exiting.
&gt; Quitting (on error).
&lt;truncated after showing first 30 lines&gt;
---------- Missing result in state ----------
&lt;?xml version="1.0" encoding="UTF-8"?&gt;


&lt;netstate xmlns:xsi="http://www.w3.org/2001/XMLSchema-instance" xsi:noNamespaceSchemaLocation="http://sumo.dlr.de/xsd/netstate_file.xsd"&gt;
    &lt;timestep time="0.00"&gt;
        &lt;edge id="2fi"&gt;
            &lt;lane id="2fi_0"&gt;
                &lt;vehicle id="horiz" pos="5.10" speed="0.00"/&gt;
            &lt;/lane&gt;
        &lt;/edge&gt;
    &lt;/timestep&gt;
    &lt;timestep time="1.00"&gt;
        &lt;edge id="2fi"&gt;
            &lt;lane id="2fi_0"&gt;
                &lt;vehicle id="horiz" pos="6.53" speed="1.43"/&gt;
            &lt;/lane&gt;
        &lt;/edge&gt;
    &lt;/timestep&gt;
    &lt;timestep time="2.00"&gt;
        &lt;edge id="2fi"&gt;
            &lt;lane id="2fi_0"&gt;
                &lt;vehicle id="horiz" pos="10.57" speed="4.03"/&gt;
            &lt;/lane&gt;
        &lt;/edge&gt;
    &lt;/timestep&gt;
    &lt;timestep time="3.00"&gt;
        &lt;edge id="2fi"&gt;
            &lt;lane id="2fi_0"&gt;
                &lt;vehicle id="horiz" pos="16.77" speed="6.21"/&gt;
            &lt;/lane&gt;
&lt;truncated after showing first 30 lines&gt;
---------- Missing result in tripinfo ----------
&lt;?xml version="1.0" encoding="UTF-8"?&gt;


&lt;tripinfos xmlns:xsi="http://www.w3.org/2001/XMLSchema-instance" xsi:noNamespaceSchemaLocation="http://sumo.dlr.de/xsd/tripinfo_file.xsd"&gt;
&lt;/tripinfos&gt;
</PRE>
<A NAME="defaulttraci connection multipleConnections basic sumo-gui"></A>
<H4>TEST FAILED on ts-bapmsumm1bld : traci connection multipleConnections basic sumo-gui (
<A HREF="test_default.html#defaulttraci connection multipleConnections basic sumo-gui">Last six runs</A>
<A HREF="test_default_all_Apr2025.html#defaulttraci connection multipleConnections basic sumo-gui">Apr2025</A>

)</H4>

<PRE>---------- Differences in errors ----------
0a1,128
&gt; Error: This system has no OpenGL support. Exiting.
&gt; Quitting (on error).
&gt; Process Process-1:
&gt; Traceback (most recent call last):
&gt;     raise FatalTraCIError("Could not connect in %s tries" % (numRetries + 1))
&gt; traci.exceptions.FatalTraCIError: Could not connect in 61 tries
&gt; Process Process-2:
&gt; Traceback (most recent call last):
&gt;     raise FatalTraCIError("Could not connect in %s tries" % (numRetries + 1))
&gt; traci.exceptions.FatalTraCIError: Could not connect in 61 tries
&gt; Error: This system has no OpenGL support. Exiting.
&gt; Quitting (on error).
&gt; Process Process-4:
&gt; Traceback (most recent call last):
&gt;     raise FatalTraCIError("Could not connect in %s tries" % (numRetries + 1))
&gt; traci.exceptions.FatalTraCIError: Could not connect in 61 tries
&gt; Process Process-3:
&gt; Traceback (most recent call last):
&gt;     raise FatalTraCIError("Could not connect in %s tries" % (numRetries + 1))
&gt; traci.exceptions.FatalTraCIError: Could not connect in 61 tries
&gt; Error: This system has no OpenGL support. Exiting.
&gt; Quitting (on error).
&gt; Process Process-5:
&gt; Traceback (most recent call last):
&gt;     raise FatalTraCIError("Could not connect in %s tries" % (numRetries + 1))
&gt; traci.exceptions.FatalTraCIError: Could not connect in 61 tries
&gt; Process Process-6:
&gt; Traceback (most recent call last):
&gt;     raise FatalTraCIError("Could not connect in %s tries" % (numRetries + 1))
&lt;truncated after showing first 30 lines&gt;
---------- Differences in output ----------
15,44d14
&lt; -- Unordered text as found by filter 'Process [0-9]' --
&lt; Process 1 ended at step 99.0
&lt; Process 1 ended at step 99.0
&lt; Process 1 ended at step 99.0
&lt; Process 1 ended at step 99.0
&lt; Process 1 ended at step 99.0
&lt; Process 1 ended at step 99.0
&lt; Process 1 ended at step 99.0
&lt; Process 1 ended at step 99.0
&lt; Process 2 ended at step 99.0
&lt; Process 2 ended at step 99.0
&lt; Process 2 ended at step 99.0
&lt; Process 2 ended at step 99.0
&lt; Process 2 ended at step 99.0
&lt; Process 2 ended at step 99.0
&lt; Process 2 ended at step 99.0
&lt; Process 2 ended at step 99.0
&lt; Process 3 ended at step 99.0
&lt; Process 3 ended at step 99.0
&lt; Process 3 ended at step 99.0
&lt; Process 3 ended at step 99.0
&lt; Process 4 ended at step 99.0
&lt; Process 4 ended at step 99.0
&lt; Process 4 ended at step 99.0
&lt; Process 4 ended at step 99.0
&lt; Process 5 ended at step 99.0
&lt; Process 5 ended at step 99.0
&lt; Process 5 ended at step 99.0
&lt; Process 5 ended at step 99.0
&lt;truncated after showing first 30 lines&gt;
</PRE>
<A NAME="defaulttraci connection parallelConnection sumo-gui"></A>
<H4>TEST FAILED on ts-bapmsumm1bld : traci connection parallelConnection sumo-gui (
<A HREF="test_default.html#defaulttraci connection parallelConnection sumo-gui">Last six runs</A>
<A HREF="test_default_all_Apr2025.html#defaulttraci connection parallelConnection sumo-gui">Apr2025</A>

)</H4>

<PRE>---------- Differences in errors ----------
0a1,5
&gt; Error: This system has no OpenGL support. Exiting.
&gt; Quitting (on error).
&gt; Traceback (most recent call last):
&gt;     raise FatalTraCIError("Could not connect.")
&gt; traci.exceptions.FatalTraCIError: Could not connect.
---------- Differences in output ----------
3,16d2
&lt;  Run 1
&lt;  Run 2
&lt; Print ended at step 100.0
&lt; Print ended at step 100.0
&lt; Print ended at step 100.0
&lt; Connection already closed.
&lt; ----------- TraCI ends first -----------
&lt;  Run 0
&lt;  Run 1
&lt;  Run 2
&lt; Print ended at step 100.0
&lt; Print ended at step 100.0
&lt; Print ended at step 100.0
&lt; Connection '2' is not known.
</PRE>
<A NAME="defaulttraci connection repeatedConnection sumo-gui"></A>
<H4>TEST FAILED on ts-bapmsumm1bld : traci connection repeatedConnection sumo-gui (
<A HREF="test_default.html#defaulttraci connection repeatedConnection sumo-gui">Last six runs</A>
<A HREF="test_default_all_Apr2025.html#defaulttraci connection repeatedConnection sumo-gui">Apr2025</A>

)</H4>

<PRE>---------- Differences in errors ----------
0a1,7
&gt; Error: This system has no OpenGL support. Exiting.
&gt; Quitting (on error).
&gt; Traceback (most recent call last):
&gt;     raise FatalTraCIError("Could not connect in %s tries" % (numRetries + 1))
&gt; traci.exceptions.FatalTraCIError: Could not connect in 61 tries
&gt; /opt/homebrew/Cellar/python@3.13/3.13.1/Frameworks/Python.framework/Versions/3.13/lib/python3.13/subprocess.py:1137: ResourceWarning: subprocess 26600 is still running
&gt;   _warn("subprocess %s is still running" % self.pid,
---------- Differences in output ----------
3,42d2
&lt; Print ended at step 100.0
&lt;  Run 1
&lt; Print ended at step 100.0
&lt;  Run 2
&lt; Print ended at step 100.0
&lt;  Run 3
&lt; Print ended at step 100.0
&lt;  Run 4
&lt; Print ended at step 100.0
&lt;  Run 5
&lt; Print ended at step 100.0
&lt;  Run 6
&lt; Print ended at step 100.0
&lt;  Run 7
&lt; Print ended at step 100.0
&lt;  Run 8
&lt; Print ended at step 100.0
&lt;  Run 9
&lt; Print ended at step 100.0
&lt; ----------- TraCI ends first -----------
&lt;  Run 0
&lt; Print ended at step 100.0
&lt;  Run 1
&lt; Print ended at step 100.0
&lt;  Run 2
&lt; Print ended at step 100.0
&lt;  Run 3
&lt; Print ended at step 100.0
&lt;  Run 4
&lt;truncated after showing first 30 lines&gt;
</PRE>
<A NAME="defaulttraci gui b50"></A>
<H4>TEST FAILED on ts-bapmsumm1bld : traci gui b50 (
<A HREF="test_default.html#defaulttraci gui b50">Last six runs</A>
<A HREF="test_default_all_Apr2025.html#defaulttraci gui b50">Apr2025</A>

)</H4>

<PRE>---------- Differences in errors ----------
6a7,12
&gt; Error: This system has no OpenGL support. Exiting.
&gt; Quitting (on error).
&gt; Traceback (most recent call last):
&gt;     raise FatalTraCIError("Could not connect in %s tries" % (numRetries + 1))
&gt; traci.exceptions.FatalTraCIError: Could not connect in 61 tries
&gt; /opt/homebrew/Cellar/python@3.13/3.13.1/Frameworks/Python.framework/Versions/3.13/lib/python3.13/subprocess.py:1137: ResourceWarning: subprocess 26205 is still running
---------- Differences in output ----------
2,4d1
&lt; -- Unordered text as found by filter '^Loading configuration ... done.' --
&lt; Loading configuration ... done.
&lt; 
</PRE>
<A NAME="defaulttraci gui gui"></A>
<H4>TEST FAILED on ts-bapmsumm1bld : traci gui gui (
<A HREF="test_default.html#defaulttraci gui gui">Last six runs</A>
<A HREF="test_default_all_Apr2025.html#defaulttraci gui gui">Apr2025</A>

)</H4>

<PRE>---------- Differences in errors ----------
0a1,247
&gt; Error: This system has no OpenGL support. Exiting.
&gt; Quitting (on error).
&gt;   warnings.warn(("Could not connect to TraCI server using port %s (%s)." +
&gt; Error: This system has no OpenGL support. Exiting.
&gt; Quitting (on error).
&gt;   warnings.warn(("Could not connect to TraCI server using port %s (%s)." +
&gt; Error: This system has no OpenGL support. Exiting.
&gt; Quitting (on error).
&gt;   warnings.warn(("Could not connect to TraCI server using port %s (%s)." +
&gt; Error: This system has no OpenGL support. Exiting.
&gt; Quitting (on error).
&gt;   warnings.warn(("Could not connect to TraCI server using port %s (%s)." +
&gt; Error: This system has no OpenGL support. Exiting.
&gt; Quitting (on error).
&gt;   warnings.warn(("Could not connect to TraCI server using port %s (%s)." +
&gt; Error: This system has no OpenGL support. Exiting.
&gt; Quitting (on error).
&gt;   warnings.warn(("Could not connect to TraCI server using port %s (%s)." +
&gt; Error: This system has no OpenGL support. Exiting.
&gt; Quitting (on error).
&gt;   warnings.warn(("Could not connect to TraCI server using port %s (%s)." +
&gt; Error: This system has no OpenGL support. Exiting.
&gt; Quitting (on error).
&gt;   warnings.warn(("Could not connect to TraCI server using port %s (%s)." +
&gt; Error: This system has no OpenGL support. Exiting.
&gt; Quitting (on error).
&gt;   warnings.warn(("Could not connect to TraCI server using port %s (%s)." +
&gt; Error: This system has no OpenGL support. Exiting.
&gt; Quitting (on error).
&lt;truncated after showing first 30 lines&gt;
---------- Differences in output ----------
1,33d0
&lt; step 0
&lt; step 1
&lt; step 2
&lt; hasGUI True
&lt; views ('View #0',)
&lt; examining View #0
&lt; set zoom (80.0)
&lt; get zoom 80.0
&lt; set offset (400.0, 400.0)
&lt; get offset (400.0, 400.0)
&lt; set schema ('real world')
&lt; get schema real world
&lt; visible boundary ((-809.6875, -232.0), (1609.6875, 1032.0))
&lt; has view View #0 True
&lt; has view 'foo' False
&lt; track vehicle 'horiz'
&lt; get tracked vehicle horiz
&lt; {0: ('View #0',)}
&lt; step 3
&lt; {0: ('View #0',)}
&lt; step 4
&lt; {0: ('View #0',)}
&lt; step 5
&lt; {0: ('View #0',)}
&lt; veh selected: False
&lt; edge selected: False
&lt; veh selected: True
&lt; edge selected: True
&lt; screenshot dimensions (500, 500, 4)
&lt;truncated after showing first 30 lines&gt;
</PRE>
<A NAME="defaulttraci gui polygon_dynamics_gui"></A>
<H4>TEST FAILED on ts-bapmsumm1bld : traci gui polygon_dynamics_gui (
<A HREF="test_default.html#defaulttraci gui polygon_dynamics_gui">Last six runs</A>
<A HREF="test_default_all_Apr2025.html#defaulttraci gui polygon_dynamics_gui">Apr2025</A>

)</H4>

<PRE>---------- Differences in errors ----------
0a1,247
&gt; Error: This system has no OpenGL support. Exiting.
&gt; Quitting (on error).
&gt;   warnings.warn(("Could not connect to TraCI server using port %s (%s)." +
&gt; Error: This system has no OpenGL support. Exiting.
&gt; Quitting (on error).
&gt;   warnings.warn(("Could not connect to TraCI server using port %s (%s)." +
&gt; Error: This system has no OpenGL support. Exiting.
&gt; Quitting (on error).
&gt;   warnings.warn(("Could not connect to TraCI server using port %s (%s)." +
&gt; Error: This system has no OpenGL support. Exiting.
&gt; Quitting (on error).
&gt;   warnings.warn(("Could not connect to TraCI server using port %s (%s)." +
&gt; Error: This system has no OpenGL support. Exiting.
&gt; Quitting (on error).
&gt;   warnings.warn(("Could not connect to TraCI server using port %s (%s)." +
&gt; Error: This system has no OpenGL support. Exiting.
&gt; Quitting (on error).
&gt;   warnings.warn(("Could not connect to TraCI server using port %s (%s)." +
&gt; Error: This system has no OpenGL support. Exiting.
&gt; Quitting (on error).
&gt;   warnings.warn(("Could not connect to TraCI server using port %s (%s)." +
&gt; Error: This system has no OpenGL support. Exiting.
&gt; Quitting (on error).
&gt;   warnings.warn(("Could not connect to TraCI server using port %s (%s)." +
&gt; Error: This system has no OpenGL support. Exiting.
&gt; Quitting (on error).
&gt;   warnings.warn(("Could not connect to TraCI server using port %s (%s)." +
&gt; Error: This system has no OpenGL support. Exiting.
&gt; Quitting (on error).
&lt;truncated after showing first 30 lines&gt;
---------- Differences in output ----------
1,256d0
&lt; step 0
&lt; step 1
&lt; step 2
&lt; adding poly0
&lt; polygons ('poly0',)
&lt; polygon count 1
&lt; # examining poly0
&lt; shape ((960.0, 510.0), (960.0, 550.0), (1000.0, 550.0), (1000.0, 510.0))
&lt; type test
&lt; color (100, 200, 0, 255)
&lt; filled True
&lt; step 3
&lt; step 4
&lt; step 5
&lt; # (1) Adding underspecified dynamics...
&lt; Caught TraCIException
&lt; # (2) Adding malformed dynamics 1 ...
&lt; Caught TraCIException
&lt; # (3) Adding malformed dynamics 2 ...
&lt; Caught TraCIException
&lt; # (4) Adding malformed dynamics 3 ...
&lt; Caught TraCIException
&lt; # (5) Adding malformed dynamics 4 ...
&lt; Caught TraCIException
&lt; # (6) Adding malformed dynamics 5 ...
&lt; Caught TraCIException
&lt; # examining poly0
&lt; shape ((960.0, 510.0), (960.0, 550.0), (1000.0, 550.0), (1000.0, 510.0))
&lt; type test
&lt;truncated after showing first 30 lines&gt;
</PRE>
<A NAME="defaulttraci misc signature"></A>
<H4>TEST FAILED on ts-bapmsumm1bld : traci misc signature (
<A HREF="test_default.html#defaulttraci misc signature">Last six runs</A>
<A HREF="test_default_all_Apr2025.html#defaulttraci misc signature">Apr2025</A>

)</H4>

<PRE>---------- Differences in errors ----------
0a1,3
&gt; &lt;frozen importlib._bootstrap&gt;:488: DeprecationWarning: builtin type SwigPyPacked has no __module__ attribute
&gt; &lt;frozen importlib._bootstrap&gt;:488: DeprecationWarning: builtin type SwigPyObject has no __module__ attribute
&gt; &lt;frozen importlib._bootstrap&gt;:488: DeprecationWarning: builtin type swigvarlink has no __module__ attribute
</PRE>
<A NAME="defaulttutorial city_mobil taxi_cyber"></A>
<H4>TEST FAILED on ts-bapmsumm1bld : tutorial city_mobil taxi_cyber (
<A HREF="test_default.html#defaulttutorial city_mobil taxi_cyber">Last six runs</A>
<A HREF="test_default_all_Apr2025.html#defaulttutorial city_mobil taxi_cyber">Apr2025</A>

)</H4>

<PRE>---------- Differences in errors ----------
0a1
&gt; Warning: Person 'v7.8p1' is jammed on edge 'cyber6to7', time=1177.00.
</PRE>

<A NAME="defaulthad known bugs"></A>
<H3>Detailed information for the tests that had known bugs:</H3>

<A NAME="defaultsumo output one_vehicle"></A>
<H4>TEST had known bugs (see #254) on ts-bapmsumm1bld : sumo output one_vehicle (
<A HREF="test_default.html#defaultsumo output one_vehicle">Last six runs</A>
<A HREF="test_default_all_Apr2025.html#defaultsumo output one_vehicle">Apr2025</A>

)</H4>

<PRE>different outputs from detectors which should detect the same
(This bug was triggered by text found in file 'output' matching 'failed')
---------- Differences in output ----------
5,7c5,7
&lt; success 0.1 ['--step-length', '.1', '--end', '100'] ['3/1to2/1_0']
&lt; success 1 ['--step-length', '.1', '--end', '100'] ['3/1to2/1_0']
&lt; success 10 ['--step-length', '.1', '--end', '100'] ['3/1to2/1_0']
---
&gt; failed 0.1 ['--step-length', '.1', '--end', '100'] 3/1to2/1_0 (71.4, 71.5) &lt;zip object at 0x102bf2240&gt;
&gt; failed 1 ['--step-length', '.1', '--end', '100'] 3/1to2/1_0 (72.0, 73.0) &lt;zip object at 0x102be2bc0&gt;
&gt; failed 10 ['--step-length', '.1', '--end', '100'] 3/1to2/1_0 (80.0, 90.0) &lt;zip object at 0x102be2bc0&gt;
9,12c9,12
&lt; success 0.1 ['--step-length', '.1', '--end', '1000'] ['3/1to2/1_0']
&lt; success 1 ['--step-length', '.1', '--end', '1000'] ['3/1to2/1_0']
&lt; success 10 ['--step-length', '.1', '--end', '1000'] ['3/1to2/1_0']
&lt; success 100 ['--step-length', '.1', '--end', '1000'] ['3/1to2/1_0']
---
&gt; failed 0.1 ['--step-length', '.1', '--end', '1000'] 3/1to2/1_0 (71.4, 71.5) &lt;zip object at 0x102be1540&gt;
&gt; failed 1 ['--step-length', '.1', '--end', '1000'] 3/1to2/1_0 (72.0, 73.0) &lt;zip object at 0x102be7bc0&gt;
&gt; failed 10 ['--step-length', '.1', '--end', '1000'] 3/1to2/1_0 (80.0, 90.0) &lt;zip object at 0x102be5d00&gt;
&gt; failed 100 ['--step-length', '.1', '--end', '1000'] 3/1to2/1_0 (100.0, 200.0) &lt;zip object at 0x102be5f00&gt;
17,19c17,19
&lt; success 0.1 ['--step-length', '1', '--end', '100'] ['3/1to2/1_0']
&lt; success 1 ['--step-length', '1', '--end', '100'] ['3/1to2/1_0']
&lt; success 10 ['--step-length', '1', '--end', '100'] ['3/1to2/1_0']
---
&gt; failed 0.1 ['--step-length', '1', '--end', '100'] 3/1to2/1_0 (73.0, 74.0) &lt;zip object at 0x102be4200&gt;
&gt; failed 1 ['--step-length', '1', '--end', '100'] 3/1to2/1_0 (73.0, 74.0) &lt;zip object at 0x102be4200&gt;
&gt; failed 10 ['--step-length', '1', '--end', '100'] 3/1to2/1_0 (80.0, 90.0) &lt;zip object at 0x102be6c40&gt;
21,50c21,24
&lt; success 0.1 ['--step-length', '1', '--end', '1000'] ['3/1to2/1_0']
&lt; success 1 ['--step-length', '1', '--end', '1000'] ['3/1to2/1_0']
&lt; success 10 ['--step-length', '1', '--end', '1000'] ['3/1to2/1_0']
&lt;truncated after showing first 30 lines&gt;
</PRE>
<A NAME="defaultsumo output teleport"></A>
<H4>TEST had known bugs (see #254) on ts-bapmsumm1bld : sumo output teleport (
<A HREF="test_default.html#defaultsumo output teleport">Last six runs</A>
<A HREF="test_default_all_Apr2025.html#defaultsumo output teleport">Apr2025</A>

)</H4>

<PRE>different outputs from detectors which should detect the same
(This bug was triggered by text found in file 'output' matching 'failed')
---------- Differences in output ----------
1,98c1,48
&lt; success ['--step-length', '.1', '--end', '51'] ['2/1to1/1_0']
&lt; success ['--step-length', '.1', '--end', '51'] ['2/1to1/1_0', '1/1to0/1_0']
&lt; success ['--step-length', '.1', '--end', '51'] ['2/1to1/1_0']
&lt; success ['--step-length', '.1', '--end', '51'] ['2/1to1/1_0', '1/1to0/1_0']
&lt; success ['--step-length', '.1', '--end', '51'] ['2/1to1/1_0']
&lt; success ['--step-length', '.1', '--end', '51'] ['2/1to1/1_0', '1/1to0/1_0']
&lt; success ['--step-length', '.1', '--end', '51'] ['2/1to1/1_0']
&lt; success ['--step-length', '.1', '--end', '51'] ['2/1to1/1_0', '1/1to0/1_0']
&lt; success ['--step-length', '.1', '--end', '100'] ['2/1to1/1_0']
&lt; success ['--step-length', '.1', '--end', '100'] ['2/1to1/1_0', '1/1to0/1_0']
&lt; success ['--step-length', '.1', '--end', '100'] ['2/1to1/1_0']
&lt; success ['--step-length', '.1', '--end', '100'] ['2/1to1/1_0', '1/1to0/1_0']
&lt; success ['--step-length', '.1', '--end', '100'] ['2/1to1/1_0']
&lt; success ['--step-length', '.1', '--end', '100'] ['2/1to1/1_0', '1/1to0/1_0']
&lt; success ['--step-length', '.1', '--end', '100'] ['2/1to1/1_0']
&lt; success ['--step-length', '.1', '--end', '100'] ['2/1to1/1_0', '1/1to0/1_0']
&lt; failed ['--step-length', '.1', '--end', '1000'] 2/1to1/1_0 (108.6, 108.7) [9.9, 10.0, 9.9, 9.9]
&lt; failed ['--step-length', '.1', '--end', '1000'] 2/1to1/1_0 (108.6, 108.7) [9.9, 10.0, 9.9, 9.9]
&lt; failed ['--step-length', '.1', '--end', '1000'] 2/1to1/1_0 (108.0, 109.0) [9.87, 10.0, 9.87, 9.87]
&lt; failed ['--step-length', '.1', '--end', '1000'] 2/1to1/1_0 (108.0, 109.0) [9.87, 10.0, 9.87, 9.87]
&lt; failed ['--step-length', '.1', '--end', '1000'] 2/1to1/1_0 (100.0, 110.0) [9.85, 9.96, 9.85, 9.85]
&lt; failed ['--step-length', '.1', '--end', '1000'] 2/1to1/1_0 (100.0, 110.0) [9.85, 9.96, 9.85, 9.85]
&lt; failed ['--step-length', '.1', '--end', '1000'] 2/1to1/1_0 (100.0, 200.0) [-1.0, 2.26, 3.2, 2.27, 2.27]
&lt; failed ['--step-length', '.1', '--end', '1000'] 2/1to1/1_0 (100.0, 200.0) [-1.0, 2.26, 3.2, 2.27, 2.27]
&lt; success ['--step-length', '1', '--end', '51'] ['2/1to1/1_0']
&lt; success ['--step-length', '1', '--end', '51'] ['2/1to1/1_0', '1/1to0/1_0']
&lt; success ['--step-length', '1', '--end', '51'] ['2/1to1/1_0']
&lt; success ['--step-length', '1', '--end', '51'] ['2/1to1/1_0', '1/1to0/1_0']
&lt; success ['--step-length', '1', '--end', '51'] ['2/1to1/1_0']
&lt;truncated after showing first 30 lines&gt;
</PRE>
<A NAME="defaultsumo output teleport_multihop"></A>
<H4>TEST had known bugs (see #254) on ts-bapmsumm1bld : sumo output teleport_multihop (
<A HREF="test_default.html#defaultsumo output teleport_multihop">Last six runs</A>
<A HREF="test_default_all_Apr2025.html#defaultsumo output teleport_multihop">Apr2025</A>

)</H4>

<PRE>different outputs from detectors which should detect the same
(This bug was triggered by text found in file 'output' matching 'failed')
---------- Differences in output ----------
17,24c17,24
&lt; success 0.1 ['--step-length', '.1', '--end', '1000'] 2/1to1/1_0 (230.0, 230.1) [('e2', 9.99), ('e3', 10.0), ('edge', 9.99), ('lane', 9.99)]
&lt; success 0.1 ['--step-length', '.1', '--end', '1000'] 1/1to0/1_0 (148.1, 148.2) [('e2', 9.99), ('e3', 10.0), ('edge', 9.99), ('lane', 9.99)]
&lt; success 1 ['--step-length', '.1', '--end', '1000'] 2/1to1/1_0 (230.0, 231.0) [('e2', 9.99), ('e3', 10.0), ('edge', 9.99), ('lane', 9.99)]
&lt; success 1 ['--step-length', '.1', '--end', '1000'] 1/1to0/1_0 (148.0, 149.0) [('e2', 9.91), ('e3', 10.0), ('edge', 9.91), ('lane', 9.91)]
&lt; success 10 ['--step-length', '.1', '--end', '1000'] 2/1to1/1_0 (230.0, 240.0) [('e2', 9.42), ('e3', 9.9), ('edge', 9.42), ('lane', 9.42)]
&lt; success 10 ['--step-length', '.1', '--end', '1000'] 1/1to0/1_0 (140.0, 150.0) [('e2', 9.96), ('e3', 9.99), ('edge', 9.96), ('lane', 9.96)]
&lt; success 100 ['--step-length', '.1', '--end', '1000'] 2/1to1/1_0 (200.0, 300.0) [('e1', 10.0), ('e2', 9.22), ('e3', 5.71), ('edge', 9.22), ('lane', 9.22)]
&lt; success 100 ['--step-length', '.1', '--end', '1000'] 1/1to0/1_0 (100.0, 200.0) [('e1', 9.53), ('e2', 5.82), ('e3', 6.93), ('edge', 5.82), ('lane', 5.82)]
---
&gt; failed 0.1 ['--step-length', '.1', '--end', '1000'] 2/1to1/1_0 (148.9, 149.0) &lt;zip object at 0x10302c7c0&gt;
&gt; failed 0.1 ['--step-length', '.1', '--end', '1000'] 2/1to1/1_0 (148.9, 149.0) &lt;zip object at 0x10300b280&gt;
&gt; failed 1 ['--step-length', '.1', '--end', '1000'] 2/1to1/1_0 (149.0, 150.0) &lt;zip object at 0x102fe1440&gt;
&gt; failed 1 ['--step-length', '.1', '--end', '1000'] 2/1to1/1_0 (149.0, 150.0) &lt;zip object at 0x103093380&gt;
&gt; failed 10 ['--step-length', '.1', '--end', '1000'] 2/1to1/1_0 (140.0, 150.0) &lt;zip object at 0x1032986c0&gt;
&gt; failed 10 ['--step-length', '.1', '--end', '1000'] 2/1to1/1_0 (140.0, 150.0) &lt;zip object at 0x10329be00&gt;
&gt; failed 100 ['--step-length', '.1', '--end', '1000'] 2/1to1/1_0 (100.0, 200.0) &lt;zip object at 0x103299c00&gt;
&gt; failed 100 ['--step-length', '.1', '--end', '1000'] 2/1to1/1_0 (100.0, 200.0) &lt;zip object at 0x10329b1c0&gt;
41,98c41,48
&lt; success 0.1 ['--step-length', '1', '--end', '1000'] 2/1to1/1_0 (245.0, 246.0) [('e2', 8.92), ('e3', 10.0), ('edge', 8.92), ('lane', 8.92)]
&lt; success 0.1 ['--step-length', '1', '--end', '1000'] 1/1to0/1_0 (150.0, 151.0) [('e2', 9.82), ('e3', 10.0), ('edge', 9.82), ('lane', 9.82)]
&lt; success 1 ['--step-length', '1', '--end', '1000'] 2/1to1/1_0 (245.0, 246.0) [('e2', 8.92), ('e3', 10.0), ('edge', 8.92), ('lane', 8.92)]
&lt; success 1 ['--step-length', '1', '--end', '1000'] 1/1to0/1_0 (150.0, 151.0) [('e2', 9.82), ('e3', 10.0), ('edge', 9.82), ('lane', 9.82)]
&lt; success 10 ['--step-length', '1', '--end', '1000'] 2/1to1/1_0 (240.0, 250.0) [('e2', 9.9), ('e3', 10.0), ('edge', 9.9), ('lane', 9.9)]
&lt; success 10 ['--step-length', '1', '--end', '1000'] 1/1to0/1_0 (150.0, 160.0) [('e2', 9.15), ('e3', 9.84), ('edge', 9.15), ('lane', 9.15)]
&lt; success 100 ['--step-length', '1', '--end', '1000'] 2/1to1/1_0 (200.0, 300.0) [('e1', 10.0), ('e2', 9.41), ('e3', 5.84), ('edge', 9.41), ('lane', 9.41)]
&lt; success 100 ['--step-length', '1', '--end', '1000'] 1/1to0/1_0 (100.0, 200.0) [('e1', 10.0), ('e2', 5.94), ('e3', 7.08), ('edge', 5.94), ('lane', 5.94)]
&lt; -- Unordered text as found by filter '^Loading configuration ... done.' --
&lt; Loading configuration ... done.
&lt; Loading configuration ... done.
&lt;truncated after showing first 30 lines&gt;
</PRE>
<A NAME="defaultsumo output teleport_multihop_newDefaults"></A>
<H4>TEST had known bugs (see #254) on ts-bapmsumm1bld : sumo output teleport_multihop_newDefaults (
<A HREF="test_default.html#defaultsumo output teleport_multihop_newDefaults">Last six runs</A>
<A HREF="test_default_all_Apr2025.html#defaultsumo output teleport_multihop_newDefaults">Apr2025</A>

)</H4>

<PRE>different outputs from detectors which should detect the same
(This bug was triggered by text found in file 'output' matching 'failed')
---------- Differences in output ----------
9,24c9,24
&lt; failed 0.1 ['--step-length', '.1', '--end', '100'] 2/1to1/1_0 (76.2, 76.3) [('e2', 10.49), ('e3', 10.35), ('edge', 10.49), ('lane', 10.49)]
&lt; failed 0.1 ['--step-length', '.1', '--end', '100'] 2/1to1/1_0 (76.2, 76.3) [('e2', 10.49), ('e3', 10.35), ('edge', 10.49), ('lane', 10.49)]
&lt; failed 1 ['--step-length', '.1', '--end', '100'] 2/1to1/1_0 (76.0, 77.0) [('e2', 10.39), ('e3', 10.35), ('edge', 10.39), ('lane', 10.39)]
&lt; failed 1 ['--step-length', '.1', '--end', '100'] 2/1to1/1_0 (76.0, 77.0) [('e2', 10.39), ('e3', 10.35), ('edge', 10.39), ('lane', 10.39)]
&lt; failed 10 ['--step-length', '.1', '--end', '100'] 2/1to1/1_0 (70.0, 80.0) [('e2', 10.42), ('e3', 10.25), ('edge', 10.42), ('lane', 10.42)]
&lt; failed 10 ['--step-length', '.1', '--end', '100'] 2/1to1/1_0 (70.0, 80.0) [('e2', 10.42), ('e3', 10.25), ('edge', 10.42), ('lane', 10.42)]
&lt; failed 100 ['--step-length', '.1', '--end', '100'] 2/1to1/1_0 (0.0, 100.0) [('e1', 10.27), ('e2', 10.24), ('e3', 9.59), ('edge', 10.24), ('lane', 10.24)]
&lt; failed 100 ['--step-length', '.1', '--end', '100'] 2/1to1/1_0 (0.0, 100.0) [('e1', 10.27), ('e2', 10.24), ('e3', 9.59), ('edge', 10.24), ('lane', 10.24)]
&lt; failed 0.1 ['--step-length', '.1', '--end', '1000'] 2/1to1/1_0 (76.2, 76.3) [('e2', 10.49), ('e3', 10.35), ('edge', 10.49), ('lane', 10.49)]
&lt; failed 0.1 ['--step-length', '.1', '--end', '1000'] 2/1to1/1_0 (76.2, 76.3) [('e2', 10.49), ('e3', 10.35), ('edge', 10.49), ('lane', 10.49)]
&lt; failed 1 ['--step-length', '.1', '--end', '1000'] 2/1to1/1_0 (76.0, 77.0) [('e2', 10.39), ('e3', 10.35), ('edge', 10.39), ('lane', 10.39)]
&lt; failed 1 ['--step-length', '.1', '--end', '1000'] 2/1to1/1_0 (76.0, 77.0) [('e2', 10.39), ('e3', 10.35), ('edge', 10.39), ('lane', 10.39)]
&lt; failed 10 ['--step-length', '.1', '--end', '1000'] 2/1to1/1_0 (70.0, 80.0) [('e2', 10.42), ('e3', 10.25), ('edge', 10.42), ('lane', 10.42)]
&lt; failed 10 ['--step-length', '.1', '--end', '1000'] 2/1to1/1_0 (70.0, 80.0) [('e2', 10.42), ('e3', 10.25), ('edge', 10.42), ('lane', 10.42)]
&lt; failed 100 ['--step-length', '.1', '--end', '1000'] 2/1to1/1_0 (0.0, 100.0) [('e1', 10.27), ('e2', 10.24), ('e3', 9.59), ('edge', 10.24), ('lane', 10.24)]
&lt; failed 100 ['--step-length', '.1', '--end', '1000'] 2/1to1/1_0 (0.0, 100.0) [('e1', 10.27), ('e2', 10.24), ('e3', 9.59), ('edge', 10.24), ('lane', 10.24)]
---
&gt; failed 0.1 ['--step-length', '.1', '--end', '100'] 2/1to1/1_0 (70.9, 71.0) &lt;zip object at 0x1069fc7c0&gt;
&gt; failed 0.1 ['--step-length', '.1', '--end', '100'] 2/1to1/1_0 (70.9, 71.0) &lt;zip object at 0x1069eb340&gt;
&gt; failed 1 ['--step-length', '.1', '--end', '100'] 2/1to1/1_0 (70.0, 71.0) &lt;zip object at 0x106a08100&gt;
&gt; failed 1 ['--step-length', '.1', '--end', '100'] 2/1to1/1_0 (70.0, 71.0) &lt;zip object at 0x106a09400&gt;
&gt; failed 10 ['--step-length', '.1', '--end', '100'] 2/1to1/1_0 (70.0, 80.0) &lt;zip object at 0x106a0ae40&gt;
&gt; failed 10 ['--step-length', '.1', '--end', '100'] 2/1to1/1_0 (70.0, 80.0) &lt;zip object at 0x106a0ba40&gt;
&gt; failed 100 ['--step-length', '.1', '--end', '100'] 2/1to1/1_0 (0.0, 100.0) &lt;zip object at 0x106a08400&gt;
&gt; failed 100 ['--step-length', '.1', '--end', '100'] 2/1to1/1_0 (0.0, 100.0) &lt;zip object at 0x106a0b940&gt;
&gt; failed 0.1 ['--step-length', '.1', '--end', '1000'] 2/1to1/1_0 (70.9, 71.0) &lt;zip object at 0x106a0be40&gt;
&gt; failed 0.1 ['--step-length', '.1', '--end', '1000'] 2/1to1/1_0 (70.9, 71.0) &lt;zip object at 0x106a14800&gt;
&gt; failed 1 ['--step-length', '.1', '--end', '1000'] 2/1to1/1_0 (70.0, 71.0) &lt;zip object at 0x106c42b40&gt;
&gt; failed 1 ['--step-length', '.1', '--end', '1000'] 2/1to1/1_0 (70.0, 71.0) &lt;zip object at 0x106a82180&gt;
&lt;truncated after showing first 30 lines&gt;
</PRE>
<A NAME="defaultsumo output two_same_vehicles"></A>
<H4>TEST had known bugs (see #254) on ts-bapmsumm1bld : sumo output two_same_vehicles (
<A HREF="test_default.html#defaultsumo output two_same_vehicles">Last six runs</A>
<A HREF="test_default_all_Apr2025.html#defaultsumo output two_same_vehicles">Apr2025</A>

)</H4>

<PRE>different outputs from detectors which should detect the same
(This bug was triggered by text found in file 'output' matching 'failed')
---------- Differences in output ----------
5,7c5,7
&lt; success 0.1 ['--step-length', '.1', '--end', '100'] ['3/1to2/1_0']
&lt; success 1 ['--step-length', '.1', '--end', '100'] ['3/1to2/1_0']
&lt; success 10 ['--step-length', '.1', '--end', '100'] ['3/1to2/1_0']
---
&gt; failed 0.1 ['--step-length', '.1', '--end', '100'] 3/1to2/1_0 (75.4, 75.5) &lt;zip object at 0x102f1edc0&gt;
&gt; failed 1 ['--step-length', '.1', '--end', '100'] 3/1to2/1_0 (76.0, 77.0) &lt;zip object at 0x102ed16c0&gt;
&gt; failed 10 ['--step-length', '.1', '--end', '100'] 3/1to2/1_0 (80.0, 90.0) &lt;zip object at 0x102f0f7c0&gt;
9,12c9,12
&lt; success 0.1 ['--step-length', '.1', '--end', '1000'] ['3/1to2/1_0']
&lt; success 1 ['--step-length', '.1', '--end', '1000'] ['3/1to2/1_0']
&lt; success 10 ['--step-length', '.1', '--end', '1000'] ['3/1to2/1_0']
&lt; success 100 ['--step-length', '.1', '--end', '1000'] ['3/1to2/1_0']
---
&gt; failed 0.1 ['--step-length', '.1', '--end', '1000'] 3/1to2/1_0 (75.4, 75.5) &lt;zip object at 0x102f0d1c0&gt;
&gt; failed 1 ['--step-length', '.1', '--end', '1000'] 3/1to2/1_0 (76.0, 77.0) &lt;zip object at 0x102f05a80&gt;
&gt; failed 10 ['--step-length', '.1', '--end', '1000'] 3/1to2/1_0 (80.0, 90.0) &lt;zip object at 0x102f07680&gt;
&gt; failed 100 ['--step-length', '.1', '--end', '1000'] 3/1to2/1_0 (100.0, 200.0) &lt;zip object at 0x102f07640&gt;
17,19c17,19
&lt; success 0.1 ['--step-length', '1', '--end', '100'] ['3/1to2/1_0']
&lt; success 1 ['--step-length', '1', '--end', '100'] ['3/1to2/1_0']
&lt; success 10 ['--step-length', '1', '--end', '100'] ['3/1to2/1_0']
---
&gt; failed 0.1 ['--step-length', '1', '--end', '100'] 3/1to2/1_0 (77.0, 78.0) &lt;zip object at 0x102f05980&gt;
&gt; failed 1 ['--step-length', '1', '--end', '100'] 3/1to2/1_0 (77.0, 78.0) &lt;zip object at 0x102f05980&gt;
&gt; failed 10 ['--step-length', '1', '--end', '100'] 3/1to2/1_0 (80.0, 90.0) &lt;zip object at 0x102f05d40&gt;
21,50c21,24
&lt; success 0.1 ['--step-length', '1', '--end', '1000'] ['3/1to2/1_0']
&lt; success 1 ['--step-length', '1', '--end', '1000'] ['3/1to2/1_0']
&lt; success 10 ['--step-length', '1', '--end', '1000'] ['3/1to2/1_0']
&lt;truncated after showing first 30 lines&gt;
</PRE>
<A NAME="defaultsumo output two_vehicles_diff_length"></A>
<H4>TEST had known bugs (see #254) on ts-bapmsumm1bld : sumo output two_vehicles_diff_length (
<A HREF="test_default.html#defaultsumo output two_vehicles_diff_length">Last six runs</A>
<A HREF="test_default_all_Apr2025.html#defaultsumo output two_vehicles_diff_length">Apr2025</A>

)</H4>

<PRE>different outputs from detectors which should detect the same
(This bug was triggered by text found in file 'output' matching 'failed')
---------- Differences in output ----------
5,7c5,7
&lt; success 0.1 ['--step-length', '.1', '--end', '100'] ['3/1to2/1_0']
&lt; success 1 ['--step-length', '.1', '--end', '100'] ['3/1to2/1_0']
&lt; success 10 ['--step-length', '.1', '--end', '100'] ['3/1to2/1_0']
---
&gt; failed 0.1 ['--step-length', '.1', '--end', '100'] 3/1to2/1_0 (76.4, 76.5) &lt;zip object at 0x106a65ec0&gt;
&gt; failed 1 ['--step-length', '.1', '--end', '100'] 3/1to2/1_0 (77.0, 78.0) &lt;zip object at 0x106a1ff40&gt;
&gt; failed 10 ['--step-length', '.1', '--end', '100'] 3/1to2/1_0 (80.0, 90.0) &lt;zip object at 0x106a1fb00&gt;
9,12c9,12
&lt; success 0.1 ['--step-length', '.1', '--end', '1000'] ['3/1to2/1_0']
&lt; success 1 ['--step-length', '.1', '--end', '1000'] ['3/1to2/1_0']
&lt; success 10 ['--step-length', '.1', '--end', '1000'] ['3/1to2/1_0']
&lt; success 100 ['--step-length', '.1', '--end', '1000'] ['3/1to2/1_0']
---
&gt; failed 0.1 ['--step-length', '.1', '--end', '1000'] 3/1to2/1_0 (76.4, 76.5) &lt;zip object at 0x106a1f9c0&gt;
&gt; failed 1 ['--step-length', '.1', '--end', '1000'] 3/1to2/1_0 (77.0, 78.0) &lt;zip object at 0x106a4dd80&gt;
&gt; failed 10 ['--step-length', '.1', '--end', '1000'] 3/1to2/1_0 (80.0, 90.0) &lt;zip object at 0x106a4dc80&gt;
&gt; failed 100 ['--step-length', '.1', '--end', '1000'] 3/1to2/1_0 (100.0, 200.0) &lt;zip object at 0x106a4dc80&gt;
17,19c17,19
&lt; success 0.1 ['--step-length', '1', '--end', '100'] ['3/1to2/1_0']
&lt; success 1 ['--step-length', '1', '--end', '100'] ['3/1to2/1_0']
&lt; success 10 ['--step-length', '1', '--end', '100'] ['3/1to2/1_0']
---
&gt; failed 0.1 ['--step-length', '1', '--end', '100'] 3/1to2/1_0 (78.0, 79.0) &lt;zip object at 0x106a4dd00&gt;
&gt; failed 1 ['--step-length', '1', '--end', '100'] 3/1to2/1_0 (78.0, 79.0) &lt;zip object at 0x106a4dd00&gt;
&gt; failed 10 ['--step-length', '1', '--end', '100'] 3/1to2/1_0 (80.0, 90.0) &lt;zip object at 0x106a4c980&gt;
21,50c21,24
&lt; success 0.1 ['--step-length', '1', '--end', '1000'] ['3/1to2/1_0']
&lt; success 1 ['--step-length', '1', '--end', '1000'] ['3/1to2/1_0']
&lt; success 10 ['--step-length', '1', '--end', '1000'] ['3/1to2/1_0']
&lt;truncated after showing first 30 lines&gt;
</PRE>
<A NAME="defaultsumo output two_vehicles_diff_speed"></A>
<H4>TEST had known bugs (see #254) on ts-bapmsumm1bld : sumo output two_vehicles_diff_speed (
<A HREF="test_default.html#defaultsumo output two_vehicles_diff_speed">Last six runs</A>
<A HREF="test_default_all_Apr2025.html#defaultsumo output two_vehicles_diff_speed">Apr2025</A>

)</H4>

<PRE>different outputs from detectors which should detect the same
(This bug was triggered by text found in file 'output' matching 'failed')
---------- Differences in output ----------
0a1,24
&gt; failed 0.1 ['--step-length', '.1', '--end', '51'] 3/1to2/1_0 (38.4, 38.5) &lt;zip object at 0x106f035c0&gt;
&gt; failed 1 ['--step-length', '.1', '--end', '51'] 3/1to2/1_0 (38.0, 39.0) &lt;zip object at 0x106f3dcc0&gt;
&gt; failed 10 ['--step-length', '.1', '--end', '51'] 3/1to2/1_0 (30.0, 40.0) &lt;zip object at 0x1073fc200&gt;
&gt; failed 100 ['--step-length', '.1', '--end', '51'] 3/1to2/1_0 (0.0, 51.0) &lt;zip object at 0x1073fc300&gt;
&gt; failed 0.1 ['--step-length', '.1', '--end', '100'] 3/1to2/1_0 (38.4, 38.5) &lt;zip object at 0x1073fe3c0&gt;
&gt; failed 1 ['--step-length', '.1', '--end', '100'] 3/1to2/1_0 (38.0, 39.0) &lt;zip object at 0x1073c9640&gt;
&gt; failed 10 ['--step-length', '.1', '--end', '100'] 3/1to2/1_0 (30.0, 40.0) &lt;zip object at 0x1073cb140&gt;
&gt; failed 100 ['--step-length', '.1', '--end', '100'] 3/1to2/1_0 (0.0, 100.0) &lt;zip object at 0x1073ca880&gt;
&gt; failed 0.1 ['--step-length', '.1', '--end', '1000'] 3/1to2/1_0 (38.4, 38.5) &lt;zip object at 0x1073ca880&gt;
&gt; failed 1 ['--step-length', '.1', '--end', '1000'] 3/1to2/1_0 (38.0, 39.0) &lt;zip object at 0x1073b7e40&gt;
&gt; failed 10 ['--step-length', '.1', '--end', '1000'] 3/1to2/1_0 (30.0, 40.0) &lt;zip object at 0x1073b7e40&gt;
&gt; failed 100 ['--step-length', '.1', '--end', '1000'] 3/1to2/1_0 (0.0, 100.0) &lt;zip object at 0x1073b7cc0&gt;
&gt; failed 0.1 ['--step-length', '1', '--end', '51'] 3/1to2/1_0 (39.0, 40.0) &lt;zip object at 0x1073b7cc0&gt;
&gt; failed 1 ['--step-length', '1', '--end', '51'] 3/1to2/1_0 (39.0, 40.0) &lt;zip object at 0x1073b7cc0&gt;
&gt; failed 10 ['--step-length', '1', '--end', '51'] 3/1to2/1_0 (30.0, 40.0) &lt;zip object at 0x1073b7d80&gt;
&gt; failed 100 ['--step-length', '1', '--end', '51'] 3/1to2/1_0 (0.0, 51.0) &lt;zip object at 0x1073b7d80&gt;
&gt; failed 0.1 ['--step-length', '1', '--end', '100'] 3/1to2/1_0 (39.0, 40.0) &lt;zip object at 0x1073f45c0&gt;
&gt; failed 1 ['--step-length', '1', '--end', '100'] 3/1to2/1_0 (39.0, 40.0) &lt;zip object at 0x1073f4c00&gt;
&gt; failed 10 ['--step-length', '1', '--end', '100'] 3/1to2/1_0 (30.0, 40.0) &lt;zip object at 0x1073f4340&gt;
&gt; failed 100 ['--step-length', '1', '--end', '100'] 3/1to2/1_0 (0.0, 100.0) &lt;zip object at 0x1073f4340&gt;
&gt; failed 0.1 ['--step-length', '1', '--end', '1000'] 3/1to2/1_0 (39.0, 40.0) &lt;zip object at 0x1073f4d00&gt;
&gt; failed 1 ['--step-length', '1', '--end', '1000'] 3/1to2/1_0 (39.0, 40.0) &lt;zip object at 0x1073f6940&gt;
&gt; failed 10 ['--step-length', '1', '--end', '1000'] 3/1to2/1_0 (30.0, 40.0) &lt;zip object at 0x1073f5c00&gt;
&gt; failed 100 ['--step-length', '1', '--end', '1000'] 3/1to2/1_0 (0.0, 100.0) &lt;zip object at 0x1073f5c00&gt;
</PRE>
<A NAME="defaulttraci vehicle moveToXY keepRoute2"></A>
<H4>TEST had known bugs (see #3263) on ts-bapmsumm1bld : traci vehicle moveToXY keepRoute2 (
<A HREF="test_default.html#defaulttraci vehicle moveToXY keepRoute2">Last six runs</A>
<A HREF="test_default_all_Apr2025.html#defaulttraci vehicle moveToXY keepRoute2">Apr2025</A>

)</H4>

<PRE>mapping failure
(This bug was triggered by text found in file 'output' matching 'failed')
---------- Differences in output ----------
0a1
&gt; internal corner (inside, segment2) failed: x=198, x2=198.0,   y=1.9, y2=1.9,   lane=middle_0, lane2=middle_0, pos=102, pos2=98.0   posLat=2.0 posLat2=1.9
</PRE>



</BODY> </HTML>
