<!DOCTYPE HTML PUBLIC "-//W3C//DTD HTML 3.2//EN">
<HTML>

<!-- This file generated using Python HTMLgen module. -->
<HEAD>
  <META NAME="GENERATOR" CONTENT="HTMLgen 2.2.2">
        <TITLE>Detailed test results for COMPLEX: 03Feb24rv1_19_0+0753-9f595940624 (generated by sumo at 29Feb02:35)</TITLE>
<meta charset="UTF-8"></HEAD>
<BODY>
<H1 align="center">03Feb24rv1_19_0+0753-9f595940624 - detailed test results for COMPLEX</H1>

<center><EM>To reconnect the TextTest GUI to these results, run:</EM></center>

<center><P style="font-family:monospace">texttest -a complex -d /Users/sumo/clangMacOS_M1/sumo/tests -reconnect /Users/sumo/clangMacOS_M1/texttesttmp/clangMacOS_M1.29Feb005548.36828 -g</P>
</center>

<center><EM>To start TextTest for these tests, run:</EM></center>

<center><P style="font-family:monospace">texttest -a complex -d /Users/sumo/clangMacOS_M1/sumo/tests</P>
</center>

<HR>
<H2>default: 723 tests: 680 succeeded 32 FAILED 9 known bugs 2 killed</H2>

<A NAME="defaultFAILED"></A>
<H3>Detailed information for the tests that FAILED:</H3>

<A NAME="defaultbroken_nets dfrouter"></A>
<A NAME="defaultbroken_nets duarouter"></A>
<A NAME="defaultbroken_nets jtrrouter"></A>
<H4>3 TESTS FAILED on ts-bapmsumm1bld :</H4>

<PRE>---------- Differences in errors ----------
502c502
&lt;  At line/column 33/109.
---
&gt;  At line/column 33/111.
532c532
&lt;  At line/column 33/103.
---
&gt;  At line/column 33/105.
550c550
&lt;  At line/column 33/102.
---
&gt;  At line/column 33/104.
568c568
&lt;  At line/column 33/103.
---
&gt;  At line/column 33/105.
586c586
&lt;  At line/column 33/94.
---
&gt;  At line/column 33/96.
</PRE>
broken_nets dfrouter (
<A HREF="test_default.html#defaultbroken_nets dfrouter">Last six runs</A>
<A HREF="test_default_all_Feb2024.html#defaultbroken_nets dfrouter">Feb2024</A>

)<br>

broken_nets duarouter (
<A HREF="test_default.html#defaultbroken_nets duarouter">Last six runs</A>
<A HREF="test_default_all_Feb2024.html#defaultbroken_nets duarouter">Feb2024</A>

)<br>

broken_nets jtrrouter (
<A HREF="test_default.html#defaultbroken_nets jtrrouter">Last six runs</A>
<A HREF="test_default_all_Feb2024.html#defaultbroken_nets jtrrouter">Feb2024</A>

)<br>

<A NAME="defaultbroken_nets netconvert"></A>
<H4>TEST FAILED on ts-bapmsumm1bld : broken_nets netconvert (
<A HREF="test_default.html#defaultbroken_nets netconvert">Last six runs</A>
<A HREF="test_default_all_Feb2024.html#defaultbroken_nets netconvert">Feb2024</A>

)</H4>

<PRE>---------- Differences in errors ----------
605c605
&lt;  At line/column 33/109.
---
&gt;  At line/column 33/111.
641c641
&lt;  At line/column 33/103.
---
&gt;  At line/column 33/105.
666c666
&lt;  At line/column 33/102.
---
&gt;  At line/column 33/104.
691c691
&lt;  At line/column 33/103.
---
&gt;  At line/column 33/105.
716c716
&lt;  At line/column 33/94.
---
&gt;  At line/column 33/96.
</PRE>
<A NAME="defaultbroken_nets sumo"></A>
<H4>TEST FAILED on ts-bapmsumm1bld : broken_nets sumo (
<A HREF="test_default.html#defaultbroken_nets sumo">Last six runs</A>
<A HREF="test_default_all_Feb2024.html#defaultbroken_nets sumo">Feb2024</A>

)</H4>

<PRE>---------- Differences in errors ----------
553c553
&lt;  At line/column 33/109.
---
&gt;  At line/column 33/111.
580c580
&lt;  At line/column 33/103.
---
&gt;  At line/column 33/105.
598c598
&lt;  At line/column 33/102.
---
&gt;  At line/column 33/104.
616c616
&lt;  At line/column 33/103.
---
&gt;  At line/column 33/105.
634c634
&lt;  At line/column 33/94.
---
&gt;  At line/column 33/96.
</PRE>
<A NAME="defaultemissionsMap phemlight5"></A>
<H4>TEST FAILED on ts-bapmsumm1bld : emissionsMap phemlight5 (
<A HREF="test_default.html#defaultemissionsMap phemlight5">Last six runs</A>
<A HREF="test_default_all_Feb2024.html#defaultemissionsMap phemlight5">Feb2024</A>

)</H4>

<PRE>---------- Differences in errors ----------
0a1
&gt; sys:1: ResourceWarning: unclosed file &lt;_io.TextIOWrapper name='results.csv' mode='w' encoding='UTF-8'&gt;
---------- Differences in output ----------
4,6c4
&lt; Success.
&lt; Running 'PHEMlight5/PC_EU4_G'
&lt; Success.
---
&gt; Error on building PHEMlight measurements
---------- Differences in results ----------
442,1329d441
&lt; 30;4;0;electricity;0
&lt; -----
&lt; 
&lt; PHEMlight5/PC_EU4_D_MW
&lt; 0;-4;0;CO;0.0993778
&lt; 0;-4;0;CO2;504.701
&lt; 0;-4;0;HC;0.0456026
&lt; 0;-4;0;PMx;0.0739994
&lt; 0;-4;0;NOx;2.51787
&lt; 0;-4;0;fuel;159.752
&lt; 0;-4;0;electricity;0
&lt; 0;-3;0;CO;0.0993778
&lt; 0;-3;0;CO2;504.701
&lt; 0;-3;0;HC;0.0456026
&lt; 0;-3;0;PMx;0.0739994
&lt; 0;-3;0;NOx;2.51787
&lt; 0;-3;0;fuel;159.752
&lt; 0;-3;0;electricity;0
&lt; 0;-2;0;CO;0.0993778
&lt; 0;-2;0;CO2;504.701
&lt; 0;-2;0;HC;0.0456026
&lt; 0;-2;0;PMx;0.0739994
&lt; 0;-2;0;NOx;2.51787
&lt; 0;-2;0;fuel;159.752
&lt; 0;-2;0;electricity;0
&lt; 0;-1;0;CO;0.0993778
&lt; 0;-1;0;CO2;504.701
&lt; 0;-1;0;HC;0.0456026
&lt; 0;-1;0;PMx;0.0739994
&lt;truncated after showing first 30 lines&gt;
</PRE>
<A NAME="defaultfmi model_validation"></A>
<H4>TEST FAILED on ts-bapmsumm1bld : fmi model_validation (
<A HREF="test_default.html#defaultfmi model_validation">Last six runs</A>
<A HREF="test_default_all_Feb2024.html#defaultfmi model_validation">Feb2024</A>

)</H4>

<PRE>---------- Differences in errors ----------
0a1,10
&gt; Traceback (most recent call last):
&gt;   File "/Users/sumo/clangMacOS_M1/sumo/tests/../tests/complex/fmi/runner.py", line 153, in &lt;module&gt;
&gt;     runSingle(startTime, endTime, validate, scalarVariable)
&gt;   File "/Users/sumo/clangMacOS_M1/sumo/tests/../tests/complex/fmi/runner.py", line 56, in runSingle
&gt;     modelDescription = read_model_description(fmuLocation, validate=False)
&gt;   File "/opt/homebrew/lib/python3.9/site-packages/fmpy/model_description.py", line 440, in read_model_description
&gt;     with zipfile.ZipFile(filename, 'r') as zf:
&gt;   File "/opt/homebrew/Cellar/python@3.9/3.9.16/Frameworks/Python.framework/Versions/3.9/lib/python3.9/zipfile.py", line 1248, in __init__
&gt;     self.fp = io.open(file, filemode)
&gt; FileNotFoundError: [Errno 2] No such file or directory: '/Users/sumo/clangMacOS_M1/sumo/bin/sumo-fmi2-linux64.fmu'
---------- Differences in output ----------
1,3d0
&lt; FMU validation successful
&lt; Simulating libsumofmi2 (model name 'SUMO', FMI v2.0)...
&lt; Print ended at step 60.0
</PRE>
<A NAME="defaultfmi vehicle_getIDCount"></A>
<H4>TEST FAILED on ts-bapmsumm1bld : fmi vehicle_getIDCount (
<A HREF="test_default.html#defaultfmi vehicle_getIDCount">Last six runs</A>
<A HREF="test_default_all_Feb2024.html#defaultfmi vehicle_getIDCount">Feb2024</A>

)</H4>

<PRE>---------- Differences in errors ----------
0a1,10
&gt; Traceback (most recent call last):
&gt;   File "/Users/sumo/clangMacOS_M1/sumo/tests/../tests/complex/fmi/runner.py", line 153, in &lt;module&gt;
&gt;     runSingle(startTime, endTime, validate, scalarVariable)
&gt;   File "/Users/sumo/clangMacOS_M1/sumo/tests/../tests/complex/fmi/runner.py", line 56, in runSingle
&gt;     modelDescription = read_model_description(fmuLocation, validate=False)
&gt;   File "/opt/homebrew/lib/python3.9/site-packages/fmpy/model_description.py", line 440, in read_model_description
&gt;     with zipfile.ZipFile(filename, 'r') as zf:
&gt;   File "/opt/homebrew/Cellar/python@3.9/3.9.16/Frameworks/Python.framework/Versions/3.9/lib/python3.9/zipfile.py", line 1248, in __init__
&gt;     self.fp = io.open(file, filemode)
&gt; FileNotFoundError: [Errno 2] No such file or directory: '/Users/sumo/clangMacOS_M1/sumo/bin/sumo-fmi2-linux64.fmu'
---------- Differences in output ----------
1,63d0
&lt; FMU validation successful
&lt; Simulating libsumofmi2 (model name 'SUMO', FMI v2.0)...
&lt; TIME 1.0: vehicle.getIDCount = 6
&lt; TIME 2.0: vehicle.getIDCount = 6
&lt; TIME 3.0: vehicle.getIDCount = 6
&lt; TIME 4.0: vehicle.getIDCount = 7
&lt; TIME 5.0: vehicle.getIDCount = 7
&lt; TIME 6.0: vehicle.getIDCount = 8
&lt; TIME 7.0: vehicle.getIDCount = 8
&lt; TIME 8.0: vehicle.getIDCount = 9
&lt; TIME 9.0: vehicle.getIDCount = 9
&lt; TIME 10.0: vehicle.getIDCount = 9
&lt; TIME 11.0: vehicle.getIDCount = 9
&lt; TIME 12.0: vehicle.getIDCount = 9
&lt; TIME 13.0: vehicle.getIDCount = 10
&lt; TIME 14.0: vehicle.getIDCount = 10
&lt; TIME 15.0: vehicle.getIDCount = 10
&lt; TIME 16.0: vehicle.getIDCount = 11
&lt; TIME 17.0: vehicle.getIDCount = 11
&lt; TIME 18.0: vehicle.getIDCount = 12
&lt; TIME 19.0: vehicle.getIDCount = 12
&lt; TIME 20.0: vehicle.getIDCount = 12
&lt; TIME 21.0: vehicle.getIDCount = 13
&lt; TIME 22.0: vehicle.getIDCount = 13
&lt; TIME 23.0: vehicle.getIDCount = 13
&lt; TIME 24.0: vehicle.getIDCount = 13
&lt; TIME 25.0: vehicle.getIDCount = 13
&lt; TIME 26.0: vehicle.getIDCount = 12
&lt; TIME 27.0: vehicle.getIDCount = 10
&lt;truncated after showing first 30 lines&gt;
</PRE>
<A NAME="defaultfmi vehicle_getParameterWithKey"></A>
<H4>TEST FAILED on ts-bapmsumm1bld : fmi vehicle_getParameterWithKey (
<A HREF="test_default.html#defaultfmi vehicle_getParameterWithKey">Last six runs</A>
<A HREF="test_default_all_Feb2024.html#defaultfmi vehicle_getParameterWithKey">Feb2024</A>

)</H4>

<PRE>---------- Differences in errors ----------
0a1,10
&gt; Traceback (most recent call last):
&gt;   File "/Users/sumo/clangMacOS_M1/sumo/tests/../tests/complex/fmi/runner.py", line 153, in &lt;module&gt;
&gt;     runSingle(startTime, endTime, validate, scalarVariable)
&gt;   File "/Users/sumo/clangMacOS_M1/sumo/tests/../tests/complex/fmi/runner.py", line 56, in runSingle
&gt;     modelDescription = read_model_description(fmuLocation, validate=False)
&gt;   File "/opt/homebrew/lib/python3.9/site-packages/fmpy/model_description.py", line 440, in read_model_description
&gt;     with zipfile.ZipFile(filename, 'r') as zf:
&gt;   File "/opt/homebrew/Cellar/python@3.9/3.9.16/Frameworks/Python.framework/Versions/3.9/lib/python3.9/zipfile.py", line 1248, in __init__
&gt;     self.fp = io.open(file, filemode)
&gt; FileNotFoundError: [Errno 2] No such file or directory: '/Users/sumo/clangMacOS_M1/sumo/bin/sumo-fmi2-linux64.fmu'
---------- Differences in output ----------
1,4d0
&lt; FMU validation successful
&lt; Simulating libsumofmi2 (model name 'SUMO', FMI v2.0)...
&lt; key, value: 'meaningOfLife', '42'
&lt; Print ended at step 60.0
</PRE>
<A NAME="defaultfmi vehicle_moveToXY"></A>
<H4>TEST FAILED on ts-bapmsumm1bld : fmi vehicle_moveToXY (
<A HREF="test_default.html#defaultfmi vehicle_moveToXY">Last six runs</A>
<A HREF="test_default_all_Feb2024.html#defaultfmi vehicle_moveToXY">Feb2024</A>

)</H4>

<PRE>---------- Differences in errors ----------
0a1,10
&gt; Traceback (most recent call last):
&gt;   File "/Users/sumo/clangMacOS_M1/sumo/tests/../tests/complex/fmi/runner.py", line 153, in &lt;module&gt;
&gt;     runSingle(startTime, endTime, validate, scalarVariable)
&gt;   File "/Users/sumo/clangMacOS_M1/sumo/tests/../tests/complex/fmi/runner.py", line 56, in runSingle
&gt;     modelDescription = read_model_description(fmuLocation, validate=False)
&gt;   File "/opt/homebrew/lib/python3.9/site-packages/fmpy/model_description.py", line 440, in read_model_description
&gt;     with zipfile.ZipFile(filename, 'r') as zf:
&gt;   File "/opt/homebrew/Cellar/python@3.9/3.9.16/Frameworks/Python.framework/Versions/3.9/lib/python3.9/zipfile.py", line 1248, in __init__
&gt;     self.fp = io.open(file, filemode)
&gt; FileNotFoundError: [Errno 2] No such file or directory: '/Users/sumo/clangMacOS_M1/sumo/bin/sumo-fmi2-linux64.fmu'
---------- Differences in output ----------
1,91d0
&lt; FMU validation successful
&lt; Simulating libsumofmi2 (model name 'SUMO', FMI v2.0)...
&lt; TIME 0: laneID = ''
&lt; TIME 1.0: laneID = 'WE1_0'
&lt; currentPos = [0.0, -1.6]
&lt; targetPos = (10.0, -1.6)
&lt; TIME 2.0: laneID = 'WE1_0'
&lt; currentPos = [10.0, -1.6]
&lt; targetPos = (20.0, -1.6)
&lt; TIME 3.0: laneID = 'WE1_0'
&lt; currentPos = [20.0, -1.6]
&lt; targetPos = (30.0, -1.6)
&lt; TIME 4.0: laneID = 'WE1_0'
&lt; currentPos = [30.0, -1.6]
&lt; targetPos = (40.0, -1.6)
&lt; TIME 5.0: laneID = 'WE1_0'
&lt; currentPos = [40.0, -1.6]
&lt; targetPos = (50.0, -1.6)
&lt; TIME 6.0: laneID = ':J1_10_0'
&lt; currentPos = [50.0, -1.6]
&lt; targetPos = (60.0, -1.6)
&lt; TIME 7.0: laneID = 'WE2_0'
&lt; currentPos = [60.0, -1.6]
&lt; targetPos = (70.0, -1.6)
&lt; TIME 8.0: laneID = 'WE2_0'
&lt; currentPos = [70.0, -1.6]
&lt; targetPos = (80.0, -1.6)
&lt; TIME 9.0: laneID = 'WE2_0'
&lt; currentPos = [80.0, -1.6]
&lt;truncated after showing first 30 lines&gt;
</PRE>
<A NAME="defaultstate replay"></A>
<H4>TEST FAILED on ts-bapmsumm1bld : state replay (
<A HREF="test_default.html#defaultstate replay">Last six runs</A>
<A HREF="test_default_all_Feb2024.html#defaultstate replay">Feb2024</A>

)</H4>

<PRE>---------- Differences in errors ----------
0a1,185
&gt; FXApp::openDisplay: unable to open display :15148.0
&gt;   warnings.warn(("Could not connect to TraCI server using port %s (%s)." +
&gt; FXApp::openDisplay: unable to open display :15148.0
&gt;   warnings.warn(("Could not connect to TraCI server using port %s (%s)." +
&gt; FXApp::openDisplay: unable to open display :15148.0
&gt;   warnings.warn(("Could not connect to TraCI server using port %s (%s)." +
&gt; FXApp::openDisplay: unable to open display :15148.0
&gt;   warnings.warn(("Could not connect to TraCI server using port %s (%s)." +
&gt; FXApp::openDisplay: unable to open display :15148.0
&gt;   warnings.warn(("Could not connect to TraCI server using port %s (%s)." +
&gt; FXApp::openDisplay: unable to open display :15148.0
&gt;   warnings.warn(("Could not connect to TraCI server using port %s (%s)." +
&gt; FXApp::openDisplay: unable to open display :15148.0
&gt;   warnings.warn(("Could not connect to TraCI server using port %s (%s)." +
&gt; FXApp::openDisplay: unable to open display :15148.0
&gt;   warnings.warn(("Could not connect to TraCI server using port %s (%s)." +
&gt; FXApp::openDisplay: unable to open display :15148.0
&gt;   warnings.warn(("Could not connect to TraCI server using port %s (%s)." +
&gt; FXApp::openDisplay: unable to open display :15148.0
&gt;   warnings.warn(("Could not connect to TraCI server using port %s (%s)." +
&gt; FXApp::openDisplay: unable to open display :15148.0
&gt;   warnings.warn(("Could not connect to TraCI server using port %s (%s)." +
&gt; FXApp::openDisplay: unable to open display :15148.0
&gt;   warnings.warn(("Could not connect to TraCI server using port %s (%s)." +
&gt; FXApp::openDisplay: unable to open display :15148.0
&gt;   warnings.warn(("Could not connect to TraCI server using port %s (%s)." +
&gt; FXApp::openDisplay: unable to open display :15148.0
&gt;   warnings.warn(("Could not connect to TraCI server using port %s (%s)." +
&gt; FXApp::openDisplay: unable to open display :15148.0
&lt;truncated after showing first 30 lines&gt;
</PRE>
<A NAME="defaultsumo b50"></A>
<H4>TEST FAILED on ts-bapmsumm1bld : sumo b50 (
<A HREF="test_default.html#defaultsumo b50">Last six runs</A>
<A HREF="test_default_all_Feb2024.html#defaultsumo b50">Feb2024</A>

)</H4>

<PRE>---------- Differences in errors ----------
7,10c7,14
&lt; Warning: Teleporting vehicle 'vehicle.1710'; waited too long (jam), lane='i1_0', time=4551.00.
&lt; Warning: Vehicle 'vehicle.1710' ends teleporting on edge 'i4', time=4643.00.
&lt; Warning: Teleporting vehicle 'vehicle.2009'; waited too long (jam), lane='i3_1', time=5837.00.
&lt; Warning: Vehicle 'vehicle.2009' ends teleporting on edge 'i4', time=5857.00.
---
&gt; Warning: Teleporting vehicle 'vehicle.561'; waited too long (jam), lane='i3_2', time=1803.00.
&gt; Warning: Vehicle 'vehicle.561' ends teleporting on edge 'i4', time=1803.00.
&gt; Warning: Teleporting vehicle 'vehicle.624'; waited too long (jam), lane='i2_2', time=1922.00.
&gt; Warning: Vehicle 'vehicle.624' ends teleporting on edge 'i3', time=1923.00.
&gt; Warning: Teleporting vehicle 'vehicle.1005'; waited too long (jam), lane='i5_2', time=3657.00.
&gt; Warning: Vehicle 'vehicle.1005' ends teleporting on edge 'i6', time=3658.00.
&gt; Warning: Teleporting vehicle 'vehicle.2009'; waited too long (jam), lane='i5_1', time=5797.00.
&gt; Warning: Vehicle 'vehicle.2009' ends teleporting on edge 'i6', time=5797.00.
---------- Differences in output ----------
11c11
&lt;  Teleports: 2 (Jam: 2)
---
&gt;  Teleports: 4 (Jam: 4)
14c14
&lt; Simulation ended at time: 8305.00
---
&gt; Simulation ended at time: 8563.00
</PRE>
<A NAME="defaultsumo fcdReplay"></A>
<H4>TEST FAILED on ts-bapmsumm1bld : sumo fcdReplay (
<A HREF="test_default.html#defaultsumo fcdReplay">Last six runs</A>
<A HREF="test_default_all_Feb2024.html#defaultsumo fcdReplay">Feb2024</A>

)</H4>

<PRE>---------- Differences in errors ----------
0a1,187
&gt; FXApp::openDisplay: unable to open display :9367.0
&gt;   warnings.warn(("Could not connect to TraCI server using port %s (%s)." +
&gt; FXApp::openDisplay: unable to open display :9367.0
&gt;   warnings.warn(("Could not connect to TraCI server using port %s (%s)." +
&gt; FXApp::openDisplay: unable to open display :9367.0
&gt;   warnings.warn(("Could not connect to TraCI server using port %s (%s)." +
&gt; FXApp::openDisplay: unable to open display :9367.0
&gt;   warnings.warn(("Could not connect to TraCI server using port %s (%s)." +
&gt; FXApp::openDisplay: unable to open display :9367.0
&gt;   warnings.warn(("Could not connect to TraCI server using port %s (%s)." +
&gt; FXApp::openDisplay: unable to open display :9367.0
&gt;   warnings.warn(("Could not connect to TraCI server using port %s (%s)." +
&gt; FXApp::openDisplay: unable to open display :9367.0
&gt;   warnings.warn(("Could not connect to TraCI server using port %s (%s)." +
&gt; FXApp::openDisplay: unable to open display :9367.0
&gt;   warnings.warn(("Could not connect to TraCI server using port %s (%s)." +
&gt; FXApp::openDisplay: unable to open display :9367.0
&gt;   warnings.warn(("Could not connect to TraCI server using port %s (%s)." +
&gt; FXApp::openDisplay: unable to open display :9367.0
&gt;   warnings.warn(("Could not connect to TraCI server using port %s (%s)." +
&gt; FXApp::openDisplay: unable to open display :9367.0
&gt;   warnings.warn(("Could not connect to TraCI server using port %s (%s)." +
&gt; FXApp::openDisplay: unable to open display :9367.0
&gt;   warnings.warn(("Could not connect to TraCI server using port %s (%s)." +
&gt; FXApp::openDisplay: unable to open display :9367.0
&gt;   warnings.warn(("Could not connect to TraCI server using port %s (%s)." +
&gt; FXApp::openDisplay: unable to open display :9367.0
&gt;   warnings.warn(("Could not connect to TraCI server using port %s (%s)." +
&gt; FXApp::openDisplay: unable to open display :9367.0
&lt;truncated after showing first 30 lines&gt;
</PRE>
<A NAME="defaultsumo insertionCapacity"></A>
<H4>TEST FAILED on ts-bapmsumm1bld : sumo insertionCapacity (
<A HREF="test_default.html#defaultsumo insertionCapacity">Last six runs</A>
<A HREF="test_default_all_Feb2024.html#defaultsumo insertionCapacity">Feb2024</A>

)</H4>

<PRE>---------- Differences in log ----------
19c19
&lt; 2184 0.1 false 0.5 0.1 max
---
&gt; 2191 0.1 false 0.5 0.1 max
27c27
&lt; 2191 0.1 true 0.5 0.1 max
---
&gt; 2187 0.1 true 0.5 0.1 max
---------- Differences in log2 ----------
22d21
&lt; 0.1 false 0.5 0.1 max
23a23
&gt; 0.1 false 0.5 0.1 max
</PRE>
<A NAME="defaultsumo meso segment_length"></A>
<H4>TEST FAILED on ts-bapmsumm1bld : sumo meso segment_length (
<A HREF="test_default.html#defaultsumo meso segment_length">Last six runs</A>
<A HREF="test_default_all_Feb2024.html#defaultsumo meso segment_length">Feb2024</A>

)</H4>

<PRE>---------- Differences in output ----------
8c8
&lt; Durations with junction control noint.net.xml: count 19, min 312.27 (10), max 469.85 (150), mean 387.32, Q1 337.01, median 383.25, Q3 469.85
---
&gt; Durations with junction control noint.net.xml: count 19, min 312.27 (10), max 470.19 (150), mean 387.41, Q1 337.01, median 383.25, Q3 470.19
</PRE>
<A NAME="defaultsumo socketout"></A>
<H4>TEST FAILED on ts-bapmsumm1bld : sumo socketout (
<A HREF="test_default.html#defaultsumo socketout">Last six runs</A>
<A HREF="test_default_all_Feb2024.html#defaultsumo socketout">Feb2024</A>

)</H4>

<PRE>---------- Differences in errors ----------
1,2d0
&lt; Error: send failed: Software caused tcpip::Socket abort
&lt; Quitting (on error).
</PRE>
<A NAME="defaultsumo xmlValidation"></A>
<H4>TEST FAILED on ts-bapmsumm1bld : sumo xmlValidation (
<A HREF="test_default.html#defaultsumo xmlValidation">Last six runs</A>
<A HREF="test_default_all_Feb2024.html#defaultsumo xmlValidation">Feb2024</A>

)</H4>

<PRE>---------- Differences in output ----------
294c294
&lt; Error: whitespace expected
---
&gt; Error: unable to read from socket for URL 'http://sumo.dlr.de/xsd/blub'
296c296
&lt;  At line/column 2/50.
---
&gt;  At line/column 1/0.
305c305
&lt; Error: whitespace expected
---
&gt; Error: unable to read from socket for URL 'http://sumo.dlr.de/xsd/blub'
307c307
&lt;  At line/column 2/50.
---
&gt;  At line/column 1/0.
313c313
&lt; Error: whitespace expected
---
&gt; Error: unable to read from socket for URL 'http://sumo.dlr.de/xsd/blub'
315c315
&lt;  At line/column 2/50.
---
&gt;  At line/column 1/0.
</PRE>
<A NAME="defaulttraas multiclient"></A>
<H4>TEST FAILED on ts-bapmsumm1bld : traas multiclient (
<A HREF="test_default.html#defaulttraas multiclient">Last six runs</A>
<A HREF="test_default_all_Feb2024.html#defaulttraas multiclient">Feb2024</A>

)</H4>

<PRE>---------- Differences in output ----------
1544c1544
&lt;   veh=v88 len=4.5 entry=136.32840850958843 leave=-1.0 type=car
---
&gt;   veh=v88 len=4.5 entry=136.3085357066153 leave=-1.0 type=car
1546c1546
&lt;   veh=v88 len=4.5 entry=136.32840850958843 leave=-1.0 type=car
---
&gt;   veh=v88 len=4.5 entry=136.3085357066153 leave=-1.0 type=car
1548c1548
&lt;   veh=v88 len=4.5 entry=136.32840850958843 leave=-1.0 type=car
---
&gt;   veh=v88 len=4.5 entry=136.3085357066153 leave=-1.0 type=car
1550c1550
&lt;   veh=v88 len=4.5 entry=136.32840850958843 leave=136.65009859207618 type=car
---
&gt;   veh=v88 len=4.5 entry=136.3085357066153 leave=136.63022578910306 type=car
1573d1572
&lt;   veh=v90 len=4.5 entry=138.80982679521847 leave=-1.0 type=car
1575d1573
&lt;   veh=v90 len=4.5 entry=138.80982679521847 leave=-1.0 type=car
1577d1574
&lt;   veh=v90 len=4.5 entry=138.80982679521847 leave=-1.0 type=car
1579d1575
&lt;   veh=v90 len=4.5 entry=138.80982679521847 leave=139.13764752625357 type=car
1643d1638
&lt;   veh=v92 len=4.5 entry=145.48443240273102 leave=-1.0 type=car
1645c1640
&lt;   veh=v92 len=4.5 entry=145.48443240273102 leave=-1.0 type=car
---
&gt;   veh=v92 len=4.5 entry=145.51593508620863 leave=-1.0 type=car
&lt;truncated after showing first 30 lines&gt;
</PRE>
<A NAME="defaulttraas simple"></A>
<A NAME="defaulttraci_java simple"></A>
<H4>2 TESTS FAILED on ts-bapmsumm1bld :</H4>

<PRE>---------- Differences in output ----------
1540c1540
&lt;   veh=v88 len=4.5 entry=136.32840850958843 leave=-1.0 type=car
---
&gt;   veh=v88 len=4.5 entry=136.3085357066153 leave=-1.0 type=car
1542c1542
&lt;   veh=v88 len=4.5 entry=136.32840850958843 leave=-1.0 type=car
---
&gt;   veh=v88 len=4.5 entry=136.3085357066153 leave=-1.0 type=car
1544c1544
&lt;   veh=v88 len=4.5 entry=136.32840850958843 leave=-1.0 type=car
---
&gt;   veh=v88 len=4.5 entry=136.3085357066153 leave=-1.0 type=car
1546c1546
&lt;   veh=v88 len=4.5 entry=136.32840850958843 leave=136.65009859207618 type=car
---
&gt;   veh=v88 len=4.5 entry=136.3085357066153 leave=136.63022578910306 type=car
1569d1568
&lt;   veh=v90 len=4.5 entry=138.80982679521847 leave=-1.0 type=car
1571d1569
&lt;   veh=v90 len=4.5 entry=138.80982679521847 leave=-1.0 type=car
1573d1570
&lt;   veh=v90 len=4.5 entry=138.80982679521847 leave=-1.0 type=car
1575d1571
&lt;   veh=v90 len=4.5 entry=138.80982679521847 leave=139.13764752625357 type=car
1639d1634
&lt;   veh=v92 len=4.5 entry=145.48443240273102 leave=-1.0 type=car
1641c1636
&lt;   veh=v92 len=4.5 entry=145.48443240273102 leave=-1.0 type=car
---
&gt;   veh=v92 len=4.5 entry=145.51593508620863 leave=-1.0 type=car
&lt;truncated after showing first 30 lines&gt;
</PRE>
traas simple (
<A HREF="test_default.html#defaulttraas simple">Last six runs</A>
<A HREF="test_default_all_Feb2024.html#defaulttraas simple">Feb2024</A>

)<br>

traci_java simple (
<A HREF="test_default.html#defaulttraci_java simple">Last six runs</A>
<A HREF="test_default_all_Feb2024.html#defaulttraci_java simple">Feb2024</A>

)<br>

<A NAME="defaulttraci connection clientCloses sumo-gui"></A>
<H4>TEST FAILED on ts-bapmsumm1bld : traci connection clientCloses sumo-gui (
<A HREF="test_default.html#defaulttraci connection clientCloses sumo-gui">Last six runs</A>
<A HREF="test_default_all_Feb2024.html#defaulttraci connection clientCloses sumo-gui">Feb2024</A>

)</H4>

<PRE>---------- Differences in errors ----------
0a1,6
&gt; FXApp::openDisplay: unable to open display :10539.0
&gt; Traceback (most recent call last):
&gt;     raise FatalTraCIError("Could not connect in %s tries" % (numRetries + 1))
&gt; traci.exceptions.FatalTraCIError: Could not connect in 61 tries
&gt; /opt/homebrew/Cellar/python@3.9/3.9.16/Frameworks/Python.framework/Versions/3.9/lib/python3.9/subprocess.py:1052: ResourceWarning: subprocess 76083 is still running
&gt;   _warn("subprocess %s is still running" % self.pid,
---------- Differences in output ----------
3,15d2
&lt; Print ended at step 100.0
&lt; ----------- SUMO end time is not given -----------
&lt; Print ended at step 100.0
&lt; =========== empty routes in SUMO ===========
&lt; ----------- SUMO end time is smaller than TraCI's -----------
&lt; Print ended at step 100.0
&lt; ----------- SUMO end time is not given -----------
&lt; Print ended at step 100.0
&lt; =========== vehicle leaves before TraCI ends ===========
&lt; ----------- SUMO end time is smaller than TraCI's -----------
&lt; Print ended at step 100.0
&lt; ----------- SUMO end time is not given -----------
&lt; Print ended at step 100.0
</PRE>
<A NAME="defaulttraci connection closingOutput sumo-gui"></A>
<H4>TEST FAILED on ts-bapmsumm1bld : traci connection closingOutput sumo-gui (
<A HREF="test_default.html#defaulttraci connection closingOutput sumo-gui">Last six runs</A>
<A HREF="test_default_all_Feb2024.html#defaulttraci connection closingOutput sumo-gui">Feb2024</A>

)</H4>

<PRE>---------- Differences in errors ----------
0a1,187
&gt; FXApp::openDisplay: unable to open display :10614.0
&gt;   warnings.warn(("Could not connect to TraCI server using port %s (%s)." +
&gt; FXApp::openDisplay: unable to open display :10614.0
&gt;   warnings.warn(("Could not connect to TraCI server using port %s (%s)." +
&gt; FXApp::openDisplay: unable to open display :10614.0
&gt;   warnings.warn(("Could not connect to TraCI server using port %s (%s)." +
&gt; FXApp::openDisplay: unable to open display :10614.0
&gt;   warnings.warn(("Could not connect to TraCI server using port %s (%s)." +
&gt; FXApp::openDisplay: unable to open display :10614.0
&gt;   warnings.warn(("Could not connect to TraCI server using port %s (%s)." +
&gt; FXApp::openDisplay: unable to open display :10614.0
&gt;   warnings.warn(("Could not connect to TraCI server using port %s (%s)." +
&gt; FXApp::openDisplay: unable to open display :10614.0
&gt;   warnings.warn(("Could not connect to TraCI server using port %s (%s)." +
&gt; FXApp::openDisplay: unable to open display :10614.0
&gt;   warnings.warn(("Could not connect to TraCI server using port %s (%s)." +
&gt; FXApp::openDisplay: unable to open display :10614.0
&gt;   warnings.warn(("Could not connect to TraCI server using port %s (%s)." +
&gt; FXApp::openDisplay: unable to open display :10614.0
&gt;   warnings.warn(("Could not connect to TraCI server using port %s (%s)." +
&gt; FXApp::openDisplay: unable to open display :10614.0
&gt;   warnings.warn(("Could not connect to TraCI server using port %s (%s)." +
&gt; FXApp::openDisplay: unable to open display :10614.0
&gt;   warnings.warn(("Could not connect to TraCI server using port %s (%s)." +
&gt; FXApp::openDisplay: unable to open display :10614.0
&gt;   warnings.warn(("Could not connect to TraCI server using port %s (%s)." +
&gt; FXApp::openDisplay: unable to open display :10614.0
&gt;   warnings.warn(("Could not connect to TraCI server using port %s (%s)." +
&gt; FXApp::openDisplay: unable to open display :10614.0
&lt;truncated after showing first 30 lines&gt;
---------- Missing result in state ----------
&lt;?xml version="1.0" encoding="UTF-8"?&gt;


&lt;netstate xmlns:xsi="http://www.w3.org/2001/XMLSchema-instance" xsi:noNamespaceSchemaLocation="http://sumo.dlr.de/xsd/netstate_file.xsd"&gt;
    &lt;timestep time="0.00"&gt;
        &lt;edge id="2fi"&gt;
            &lt;lane id="2fi_0"&gt;
                &lt;vehicle id="horiz" pos="5.10" speed="0.00"/&gt;
            &lt;/lane&gt;
        &lt;/edge&gt;
    &lt;/timestep&gt;
    &lt;timestep time="1.00"&gt;
        &lt;edge id="2fi"&gt;
            &lt;lane id="2fi_0"&gt;
                &lt;vehicle id="horiz" pos="6.53" speed="1.43"/&gt;
            &lt;/lane&gt;
        &lt;/edge&gt;
    &lt;/timestep&gt;
    &lt;timestep time="2.00"&gt;
        &lt;edge id="2fi"&gt;
            &lt;lane id="2fi_0"&gt;
                &lt;vehicle id="horiz" pos="10.57" speed="4.03"/&gt;
            &lt;/lane&gt;
        &lt;/edge&gt;
    &lt;/timestep&gt;
    &lt;timestep time="3.00"&gt;
        &lt;edge id="2fi"&gt;
            &lt;lane id="2fi_0"&gt;
                &lt;vehicle id="horiz" pos="16.77" speed="6.21"/&gt;
            &lt;/lane&gt;
&lt;truncated after showing first 30 lines&gt;
---------- Missing result in tripinfo ----------
&lt;?xml version="1.0" encoding="UTF-8"?&gt;


&lt;tripinfos xmlns:xsi="http://www.w3.org/2001/XMLSchema-instance" xsi:noNamespaceSchemaLocation="http://sumo.dlr.de/xsd/tripinfo_file.xsd"&gt;
&lt;/tripinfos&gt;
</PRE>
<A NAME="defaulttraci connection multipleConnections basic sumo-gui"></A>
<H4>TEST FAILED on ts-bapmsumm1bld : traci connection multipleConnections basic sumo-gui (
<A HREF="test_default.html#defaulttraci connection multipleConnections basic sumo-gui">Last six runs</A>
<A HREF="test_default_all_Feb2024.html#defaulttraci connection multipleConnections basic sumo-gui">Feb2024</A>

)</H4>

<PRE>---------- Differences in errors ----------
0a1,124
&gt; FXApp::openDisplay: unable to open display :10269.0
&gt; Process Process-1:
&gt; Traceback (most recent call last):
&gt;     raise FatalTraCIError("Could not connect in %s tries" % (numRetries + 1))
&gt; traci.exceptions.FatalTraCIError: Could not connect in 61 tries
&gt; Process Process-2:
&gt; Traceback (most recent call last):
&gt;     raise FatalTraCIError("Could not connect in %s tries" % (numRetries + 1))
&gt; traci.exceptions.FatalTraCIError: Could not connect in 61 tries
&gt; FXApp::openDisplay: unable to open display :10269.0
&gt; Process Process-3:
&gt; Process Process-4:
&gt; Traceback (most recent call last):
&gt;     raise FatalTraCIError("Could not connect in %s tries" % (numRetries + 1))
&gt; traci.exceptions.FatalTraCIError: Could not connect in 61 tries
&gt; Traceback (most recent call last):
&gt;     raise FatalTraCIError("Could not connect in %s tries" % (numRetries + 1))
&gt; traci.exceptions.FatalTraCIError: Could not connect in 61 tries
&gt; FXApp::openDisplay: unable to open display :10269.0
&gt; Process Process-5:
&gt; Traceback (most recent call last):
&gt;     raise FatalTraCIError("Could not connect in %s tries" % (numRetries + 1))
&gt; traci.exceptions.FatalTraCIError: Could not connect in 61 tries
&gt; Process Process-7:
&gt; Traceback (most recent call last):
&gt;     raise FatalTraCIError("Could not connect in %s tries" % (numRetries + 1))
&gt; traci.exceptions.FatalTraCIError: Could not connect in 61 tries
&gt; Process Process-6:
&gt; Traceback (most recent call last):
&lt;truncated after showing first 30 lines&gt;
---------- Differences in output ----------
15,44d14
&lt; -- Unordered text as found by filter 'Process [0-9]' --
&lt; Process 1 ended at step 99
&lt; Process 1 ended at step 99
&lt; Process 1 ended at step 99
&lt; Process 1 ended at step 99
&lt; Process 1 ended at step 99
&lt; Process 1 ended at step 99
&lt; Process 1 ended at step 99
&lt; Process 1 ended at step 99
&lt; Process 2 ended at step 99
&lt; Process 2 ended at step 99
&lt; Process 2 ended at step 99
&lt; Process 2 ended at step 99
&lt; Process 2 ended at step 99
&lt; Process 2 ended at step 99
&lt; Process 2 ended at step 99
&lt; Process 2 ended at step 99
&lt; Process 3 ended at step 99
&lt; Process 3 ended at step 99
&lt; Process 3 ended at step 99
&lt; Process 3 ended at step 99
&lt; Process 4 ended at step 99
&lt; Process 4 ended at step 99
&lt; Process 4 ended at step 99
&lt; Process 4 ended at step 99
&lt; Process 5 ended at step 99
&lt; Process 5 ended at step 99
&lt; Process 5 ended at step 99
&lt; Process 5 ended at step 99
&lt;truncated after showing first 30 lines&gt;
</PRE>
<A NAME="defaulttraci connection parallelConnection sumo-gui"></A>
<H4>TEST FAILED on ts-bapmsumm1bld : traci connection parallelConnection sumo-gui (
<A HREF="test_default.html#defaulttraci connection parallelConnection sumo-gui">Last six runs</A>
<A HREF="test_default_all_Feb2024.html#defaulttraci connection parallelConnection sumo-gui">Feb2024</A>

)</H4>

<PRE>---------- Differences in errors ----------
0a1,4
&gt; FXApp::openDisplay: unable to open display :10246.0
&gt; Traceback (most recent call last):
&gt;     raise FatalTraCIError("Could not connect.")
&gt; traci.exceptions.FatalTraCIError: Could not connect.
---------- Differences in output ----------
3,16d2
&lt;  Run 1
&lt;  Run 2
&lt; Print ended at step 100.0
&lt; Print ended at step 100.0
&lt; Print ended at step 100.0
&lt; Connection already closed.
&lt; ----------- TraCI ends first -----------
&lt;  Run 0
&lt;  Run 1
&lt;  Run 2
&lt; Print ended at step 100.0
&lt; Print ended at step 100.0
&lt; Print ended at step 100.0
&lt; Connection '2' is not known.
</PRE>
<A NAME="defaulttraci connection repeatedConnection sumo-gui"></A>
<H4>TEST FAILED on ts-bapmsumm1bld : traci connection repeatedConnection sumo-gui (
<A HREF="test_default.html#defaulttraci connection repeatedConnection sumo-gui">Last six runs</A>
<A HREF="test_default_all_Feb2024.html#defaulttraci connection repeatedConnection sumo-gui">Feb2024</A>

)</H4>

<PRE>---------- Differences in errors ----------
0a1,6
&gt; FXApp::openDisplay: unable to open display :10060.0
&gt; Traceback (most recent call last):
&gt;     raise FatalTraCIError("Could not connect in %s tries" % (numRetries + 1))
&gt; traci.exceptions.FatalTraCIError: Could not connect in 61 tries
&gt; /opt/homebrew/Cellar/python@3.9/3.9.16/Frameworks/Python.framework/Versions/3.9/lib/python3.9/subprocess.py:1052: ResourceWarning: subprocess 75605 is still running
&gt;   _warn("subprocess %s is still running" % self.pid,
---------- Differences in output ----------
3,42d2
&lt; Print ended at step 100.0
&lt;  Run 1
&lt; Print ended at step 100.0
&lt;  Run 2
&lt; Print ended at step 100.0
&lt;  Run 3
&lt; Print ended at step 100.0
&lt;  Run 4
&lt; Print ended at step 100.0
&lt;  Run 5
&lt; Print ended at step 100.0
&lt;  Run 6
&lt; Print ended at step 100.0
&lt;  Run 7
&lt; Print ended at step 100.0
&lt;  Run 8
&lt; Print ended at step 100.0
&lt;  Run 9
&lt; Print ended at step 100.0
&lt; ----------- TraCI ends first -----------
&lt;  Run 0
&lt; Print ended at step 100.0
&lt;  Run 1
&lt; Print ended at step 100.0
&lt;  Run 2
&lt; Print ended at step 100.0
&lt;  Run 3
&lt; Print ended at step 100.0
&lt;  Run 4
&lt;truncated after showing first 30 lines&gt;
</PRE>
<A NAME="defaulttraci gui b50"></A>
<H4>TEST FAILED on ts-bapmsumm1bld : traci gui b50 (
<A HREF="test_default.html#defaulttraci gui b50">Last six runs</A>
<A HREF="test_default_all_Feb2024.html#defaulttraci gui b50">Feb2024</A>

)</H4>

<PRE>---------- Differences in errors ----------
6a7,12
&gt; FXApp::openDisplay: unable to open display :9783.0
&gt; Traceback (most recent call last):
&gt;     raise FatalTraCIError("Could not connect in %s tries" % (numRetries + 1))
&gt; traci.exceptions.FatalTraCIError: Could not connect in 61 tries
&gt; /opt/homebrew/Cellar/python@3.9/3.9.16/Frameworks/Python.framework/Versions/3.9/lib/python3.9/subprocess.py:1052: ResourceWarning: subprocess 75331 is still running
&gt;   _warn("subprocess %s is still running" % self.pid,
---------- Differences in output ----------
2,4d1
&lt; -- Unordered text as found by filter '^Loading configuration ... done.' --
&lt; Loading configuration ... done.
&lt; 
</PRE>
<A NAME="defaulttraci gui gui"></A>
<H4>TEST FAILED on ts-bapmsumm1bld : traci gui gui (
<A HREF="test_default.html#defaulttraci gui gui">Last six runs</A>
<A HREF="test_default_all_Feb2024.html#defaulttraci gui gui">Feb2024</A>

)</H4>

<PRE>---------- Differences in errors ----------
0a1,187
&gt; FXApp::openDisplay: unable to open display :9379.0
&gt;   warnings.warn(("Could not connect to TraCI server using port %s (%s)." +
&gt; FXApp::openDisplay: unable to open display :9379.0
&gt;   warnings.warn(("Could not connect to TraCI server using port %s (%s)." +
&gt; FXApp::openDisplay: unable to open display :9379.0
&gt;   warnings.warn(("Could not connect to TraCI server using port %s (%s)." +
&gt; FXApp::openDisplay: unable to open display :9379.0
&gt;   warnings.warn(("Could not connect to TraCI server using port %s (%s)." +
&gt; FXApp::openDisplay: unable to open display :9379.0
&gt;   warnings.warn(("Could not connect to TraCI server using port %s (%s)." +
&gt; FXApp::openDisplay: unable to open display :9379.0
&gt;   warnings.warn(("Could not connect to TraCI server using port %s (%s)." +
&gt; FXApp::openDisplay: unable to open display :9379.0
&gt;   warnings.warn(("Could not connect to TraCI server using port %s (%s)." +
&gt; FXApp::openDisplay: unable to open display :9379.0
&gt;   warnings.warn(("Could not connect to TraCI server using port %s (%s)." +
&gt; FXApp::openDisplay: unable to open display :9379.0
&gt;   warnings.warn(("Could not connect to TraCI server using port %s (%s)." +
&gt; FXApp::openDisplay: unable to open display :9379.0
&gt;   warnings.warn(("Could not connect to TraCI server using port %s (%s)." +
&gt; FXApp::openDisplay: unable to open display :9379.0
&gt;   warnings.warn(("Could not connect to TraCI server using port %s (%s)." +
&gt; FXApp::openDisplay: unable to open display :9379.0
&gt;   warnings.warn(("Could not connect to TraCI server using port %s (%s)." +
&gt; FXApp::openDisplay: unable to open display :9379.0
&gt;   warnings.warn(("Could not connect to TraCI server using port %s (%s)." +
&gt; FXApp::openDisplay: unable to open display :9379.0
&gt;   warnings.warn(("Could not connect to TraCI server using port %s (%s)." +
&gt; FXApp::openDisplay: unable to open display :9379.0
&lt;truncated after showing first 30 lines&gt;
---------- Differences in output ----------
1,33d0
&lt; step 0
&lt; step 1
&lt; step 2
&lt; hasGUI True
&lt; views ('View #0',)
&lt; examining View #0
&lt; set zoom (80.0)
&lt; get zoom 80.0
&lt; set offset (400.0, 400.0)
&lt; get offset (400.0, 400.0)
&lt; set schema ('real world')
&lt; get schema real world
&lt; visible boundary ((-809.6875, -232.0), (1609.6875, 1032.0))
&lt; has view View #0 True
&lt; has view 'foo' False
&lt; track vehicle 'horiz'
&lt; get tracked vehicle horiz
&lt; {0: ('View #0',)}
&lt; step 3
&lt; {0: ('View #0',)}
&lt; step 4
&lt; {0: ('View #0',)}
&lt; step 5
&lt; {0: ('View #0',)}
&lt; veh selected: False
&lt; edge selected: False
&lt; veh selected: True
&lt; edge selected: True
&lt; screenshot dimensions (500, 500, 4)
&lt;truncated after showing first 30 lines&gt;
</PRE>
<A NAME="defaulttraci gui polygon_dynamics_gui"></A>
<H4>TEST FAILED on ts-bapmsumm1bld : traci gui polygon_dynamics_gui (
<A HREF="test_default.html#defaulttraci gui polygon_dynamics_gui">Last six runs</A>
<A HREF="test_default_all_Feb2024.html#defaulttraci gui polygon_dynamics_gui">Feb2024</A>

)</H4>

<PRE>---------- Differences in errors ----------
0a1,187
&gt; FXApp::openDisplay: unable to open display :9425.0
&gt;   warnings.warn(("Could not connect to TraCI server using port %s (%s)." +
&gt; FXApp::openDisplay: unable to open display :9425.0
&gt;   warnings.warn(("Could not connect to TraCI server using port %s (%s)." +
&gt; FXApp::openDisplay: unable to open display :9425.0
&gt;   warnings.warn(("Could not connect to TraCI server using port %s (%s)." +
&gt; FXApp::openDisplay: unable to open display :9425.0
&gt;   warnings.warn(("Could not connect to TraCI server using port %s (%s)." +
&gt; FXApp::openDisplay: unable to open display :9425.0
&gt;   warnings.warn(("Could not connect to TraCI server using port %s (%s)." +
&gt; FXApp::openDisplay: unable to open display :9425.0
&gt;   warnings.warn(("Could not connect to TraCI server using port %s (%s)." +
&gt; FXApp::openDisplay: unable to open display :9425.0
&gt;   warnings.warn(("Could not connect to TraCI server using port %s (%s)." +
&gt; FXApp::openDisplay: unable to open display :9425.0
&gt;   warnings.warn(("Could not connect to TraCI server using port %s (%s)." +
&gt; FXApp::openDisplay: unable to open display :9425.0
&gt;   warnings.warn(("Could not connect to TraCI server using port %s (%s)." +
&gt; FXApp::openDisplay: unable to open display :9425.0
&gt;   warnings.warn(("Could not connect to TraCI server using port %s (%s)." +
&gt; FXApp::openDisplay: unable to open display :9425.0
&gt;   warnings.warn(("Could not connect to TraCI server using port %s (%s)." +
&gt; FXApp::openDisplay: unable to open display :9425.0
&gt;   warnings.warn(("Could not connect to TraCI server using port %s (%s)." +
&gt; FXApp::openDisplay: unable to open display :9425.0
&gt;   warnings.warn(("Could not connect to TraCI server using port %s (%s)." +
&gt; FXApp::openDisplay: unable to open display :9425.0
&gt;   warnings.warn(("Could not connect to TraCI server using port %s (%s)." +
&gt; FXApp::openDisplay: unable to open display :9425.0
&lt;truncated after showing first 30 lines&gt;
---------- Differences in output ----------
1,256d0
&lt; step 0
&lt; step 1
&lt; step 2
&lt; adding poly0
&lt; polygons ('poly0',)
&lt; polygon count 1
&lt; # examining poly0
&lt; shape ((960.0, 510.0), (960.0, 550.0), (1000.0, 550.0), (1000.0, 510.0))
&lt; type test
&lt; color (100, 200, 0, 255)
&lt; filled True
&lt; step 3
&lt; step 4
&lt; step 5
&lt; # (1) Adding underspecified dynamics...
&lt; Caught TraCIException
&lt; # (2) Adding malformed dynamics 1 ...
&lt; Caught TraCIException
&lt; # (3) Adding malformed dynamics 2 ...
&lt; Caught TraCIException
&lt; # (4) Adding malformed dynamics 3 ...
&lt; Caught TraCIException
&lt; # (5) Adding malformed dynamics 4 ...
&lt; Caught TraCIException
&lt; # (6) Adding malformed dynamics 5 ...
&lt; Caught TraCIException
&lt; # examining poly0
&lt; shape ((960.0, 510.0), (960.0, 550.0), (1000.0, 550.0), (1000.0, 510.0))
&lt; type test
&lt;truncated after showing first 30 lines&gt;
</PRE>
<A NAME="defaulttraci gui polygon_dynamics_remove"></A>
<H4>TEST FAILED on ts-bapmsumm1bld : traci gui polygon_dynamics_remove (
<A HREF="test_default.html#defaulttraci gui polygon_dynamics_remove">Last six runs</A>
<A HREF="test_default_all_Feb2024.html#defaulttraci gui polygon_dynamics_remove">Feb2024</A>

)</H4>

<PRE>---------- Differences in errors ----------
0a1,187
&gt; FXApp::openDisplay: unable to open display :9767.0
&gt;   warnings.warn(("Could not connect to TraCI server using port %s (%s)." +
&gt; FXApp::openDisplay: unable to open display :9767.0
&gt;   warnings.warn(("Could not connect to TraCI server using port %s (%s)." +
&gt; FXApp::openDisplay: unable to open display :9767.0
&gt;   warnings.warn(("Could not connect to TraCI server using port %s (%s)." +
&gt; FXApp::openDisplay: unable to open display :9767.0
&gt;   warnings.warn(("Could not connect to TraCI server using port %s (%s)." +
&gt; FXApp::openDisplay: unable to open display :9767.0
&gt;   warnings.warn(("Could not connect to TraCI server using port %s (%s)." +
&gt; FXApp::openDisplay: unable to open display :9767.0
&gt;   warnings.warn(("Could not connect to TraCI server using port %s (%s)." +
&gt; FXApp::openDisplay: unable to open display :9767.0
&gt;   warnings.warn(("Could not connect to TraCI server using port %s (%s)." +
&gt; FXApp::openDisplay: unable to open display :9767.0
&gt;   warnings.warn(("Could not connect to TraCI server using port %s (%s)." +
&gt; FXApp::openDisplay: unable to open display :9767.0
&gt;   warnings.warn(("Could not connect to TraCI server using port %s (%s)." +
&gt; FXApp::openDisplay: unable to open display :9767.0
&gt;   warnings.warn(("Could not connect to TraCI server using port %s (%s)." +
&gt; FXApp::openDisplay: unable to open display :9767.0
&gt;   warnings.warn(("Could not connect to TraCI server using port %s (%s)." +
&gt; FXApp::openDisplay: unable to open display :9767.0
&gt;   warnings.warn(("Could not connect to TraCI server using port %s (%s)." +
&gt; FXApp::openDisplay: unable to open display :9767.0
&gt;   warnings.warn(("Could not connect to TraCI server using port %s (%s)." +
&gt; FXApp::openDisplay: unable to open display :9767.0
&gt;   warnings.warn(("Could not connect to TraCI server using port %s (%s)." +
&gt; FXApp::openDisplay: unable to open display :9767.0
&lt;truncated after showing first 30 lines&gt;
</PRE>
<A NAME="defaulttraci misc signature"></A>
<H4>TEST FAILED on ts-bapmsumm1bld : traci misc signature (
<A HREF="test_default.html#defaulttraci misc signature">Last six runs</A>
<A HREF="test_default_all_Feb2024.html#defaulttraci misc signature">Feb2024</A>

)</H4>

<PRE>---------- Differences in output ----------
5c5
&lt; Domain.setParameter() got an unexpected keyword argument 'oID'
---
&gt; setParameter() got an unexpected keyword argument 'oID'
</PRE>
<A NAME="defaulttraci trafficlight railsignal_state"></A>
<H4>TEST FAILED on ts-bapmsumm1bld : traci trafficlight railsignal_state (
<A HREF="test_default.html#defaulttraci trafficlight railsignal_state">Last six runs</A>
<A HREF="test_default_all_Feb2024.html#defaulttraci trafficlight railsignal_state">Feb2024</A>

)</H4>

<PRE>---------- Differences in errors ----------
0a1
&gt; Warning: Invalid approach information to rail signal 'junction 'P2', link 0' after rerouting for vehicle 'rail3' first driveway edge 'T7_1' time=37.00.
</PRE>
<A NAME="defaultunit_tests testmicrosim"></A>
<H4>TEST FAILED on ts-bapmsumm1bld : unit_tests testmicrosim (
<A HREF="test_default.html#defaultunit_tests testmicrosim">Last six runs</A>
<A HREF="test_default_all_Feb2024.html#defaultunit_tests testmicrosim">Feb2024</A>

)</H4>

<PRE>---------- Differences in output ----------
22,29d21
&lt; [       OK ] MSCFModel_IDMTest.test_method_brakeGap ((TIME))
&lt; [ RUN      ] MSCFModel_IDMTest.test_method_getSecureGap
&lt; [       OK ] MSCFModel_IDMTest.test_method_getSecureGap ((TIME))
&lt; [----------] 2 tests from MSCFModel_IDMTest ((TIME) total)
&lt; 
&lt; [----------] Global test environment tear-down
&lt; [==========] 7 tests from 3 test suites ran. ((TIME) total)
&lt; [  PASSED  ] 7 tests.
</PRE>

<A NAME="defaulthad known bugs"></A>
<H3>Detailed information for the tests that had known bugs:</H3>

<A NAME="defaultsumo ToCDevice dynamic_ToC_stop"></A>
<H4>TEST had known bugs (see #8973) on ts-bapmsumm1bld : sumo ToCDevice dynamic_ToC_stop (
<A HREF="test_default.html#defaultsumo ToCDevice dynamic_ToC_stop">Last six runs</A>
<A HREF="test_default_all_Feb2024.html#defaultsumo ToCDevice dynamic_ToC_stop">Feb2024</A>

)</H4>

<PRE>dynamic ToC triggered despite stop present on vehicle's lane continuation
(This bug was triggered by text found in file 'tocs' matching 'DYNTOR')
</PRE>
<A NAME="defaultsumo output one_vehicle"></A>
<H4>TEST had known bugs (see #254) on ts-bapmsumm1bld : sumo output one_vehicle (
<A HREF="test_default.html#defaultsumo output one_vehicle">Last six runs</A>
<A HREF="test_default_all_Feb2024.html#defaultsumo output one_vehicle">Feb2024</A>

)</H4>

<PRE>different outputs from detectors which should detect the same
(This bug was triggered by text found in file 'output' matching 'failed')
---------- Differences in output ----------
5,7c5,7
&lt; success 0.1 ['--step-length', '.1', '--end', '100'] ['3/1to2/1_0']
&lt; success 1 ['--step-length', '.1', '--end', '100'] ['3/1to2/1_0']
&lt; success 10 ['--step-length', '.1', '--end', '100'] ['3/1to2/1_0']
---
&gt; failed 0.1 ['--step-length', '.1', '--end', '100'] 3/1to2/1_0 (71.4, 71.5) &lt;zip object at 0x104cc62c0&gt;
&gt; failed 1 ['--step-length', '.1', '--end', '100'] 3/1to2/1_0 (72.0, 73.0) &lt;zip object at 0x104cb46c0&gt;
&gt; failed 10 ['--step-length', '.1', '--end', '100'] 3/1to2/1_0 (80.0, 90.0) &lt;zip object at 0x104c76e80&gt;
9,12c9,12
&lt; success 0.1 ['--step-length', '.1', '--end', '1000'] ['3/1to2/1_0']
&lt; success 1 ['--step-length', '.1', '--end', '1000'] ['3/1to2/1_0']
&lt; success 10 ['--step-length', '.1', '--end', '1000'] ['3/1to2/1_0']
&lt; success 100 ['--step-length', '.1', '--end', '1000'] ['3/1to2/1_0']
---
&gt; failed 0.1 ['--step-length', '.1', '--end', '1000'] 3/1to2/1_0 (71.4, 71.5) &lt;zip object at 0x104ccd6c0&gt;
&gt; failed 1 ['--step-length', '.1', '--end', '1000'] 3/1to2/1_0 (72.0, 73.0) &lt;zip object at 0x104caf700&gt;
&gt; failed 10 ['--step-length', '.1', '--end', '1000'] 3/1to2/1_0 (80.0, 90.0) &lt;zip object at 0x104caf900&gt;
&gt; failed 100 ['--step-length', '.1', '--end', '1000'] 3/1to2/1_0 (100.0, 200.0) &lt;zip object at 0x104ce90c0&gt;
17,19c17,19
&lt; success 0.1 ['--step-length', '1', '--end', '100'] ['3/1to2/1_0']
&lt; success 1 ['--step-length', '1', '--end', '100'] ['3/1to2/1_0']
&lt; success 10 ['--step-length', '1', '--end', '100'] ['3/1to2/1_0']
---
&gt; failed 0.1 ['--step-length', '1', '--end', '100'] 3/1to2/1_0 (73.0, 74.0) &lt;zip object at 0x104caf900&gt;
&gt; failed 1 ['--step-length', '1', '--end', '100'] 3/1to2/1_0 (73.0, 74.0) &lt;zip object at 0x104caf900&gt;
&gt; failed 10 ['--step-length', '1', '--end', '100'] 3/1to2/1_0 (80.0, 90.0) &lt;zip object at 0x104caf900&gt;
21,50c21,24
&lt; success 0.1 ['--step-length', '1', '--end', '1000'] ['3/1to2/1_0']
&lt; success 1 ['--step-length', '1', '--end', '1000'] ['3/1to2/1_0']
&lt; success 10 ['--step-length', '1', '--end', '1000'] ['3/1to2/1_0']
&lt;truncated after showing first 30 lines&gt;
</PRE>
<A NAME="defaultsumo output teleport"></A>
<H4>TEST had known bugs (see #254) on ts-bapmsumm1bld : sumo output teleport (
<A HREF="test_default.html#defaultsumo output teleport">Last six runs</A>
<A HREF="test_default_all_Feb2024.html#defaultsumo output teleport">Feb2024</A>

)</H4>

<PRE>different outputs from detectors which should detect the same
(This bug was triggered by text found in file 'output' matching 'failed')
---------- Differences in output ----------
1,98c1,48
&lt; success ['--step-length', '.1', '--end', '51'] ['2/1to1/1_0']
&lt; success ['--step-length', '.1', '--end', '51'] ['2/1to1/1_0', '1/1to0/1_0']
&lt; success ['--step-length', '.1', '--end', '51'] ['2/1to1/1_0']
&lt; success ['--step-length', '.1', '--end', '51'] ['2/1to1/1_0', '1/1to0/1_0']
&lt; success ['--step-length', '.1', '--end', '51'] ['2/1to1/1_0']
&lt; success ['--step-length', '.1', '--end', '51'] ['2/1to1/1_0', '1/1to0/1_0']
&lt; success ['--step-length', '.1', '--end', '51'] ['2/1to1/1_0']
&lt; success ['--step-length', '.1', '--end', '51'] ['2/1to1/1_0', '1/1to0/1_0']
&lt; success ['--step-length', '.1', '--end', '100'] ['2/1to1/1_0']
&lt; success ['--step-length', '.1', '--end', '100'] ['2/1to1/1_0', '1/1to0/1_0']
&lt; success ['--step-length', '.1', '--end', '100'] ['2/1to1/1_0']
&lt; success ['--step-length', '.1', '--end', '100'] ['2/1to1/1_0', '1/1to0/1_0']
&lt; success ['--step-length', '.1', '--end', '100'] ['2/1to1/1_0']
&lt; success ['--step-length', '.1', '--end', '100'] ['2/1to1/1_0', '1/1to0/1_0']
&lt; success ['--step-length', '.1', '--end', '100'] ['2/1to1/1_0']
&lt; success ['--step-length', '.1', '--end', '100'] ['2/1to1/1_0', '1/1to0/1_0']
&lt; failed ['--step-length', '.1', '--end', '1000'] 2/1to1/1_0 (108.6, 108.7) [9.9, 10.0, 9.9, 9.9]
&lt; failed ['--step-length', '.1', '--end', '1000'] 2/1to1/1_0 (108.6, 108.7) [9.9, 10.0, 9.9, 9.9]
&lt; failed ['--step-length', '.1', '--end', '1000'] 2/1to1/1_0 (108.0, 109.0) [9.87, 10.0, 9.87, 9.87]
&lt; failed ['--step-length', '.1', '--end', '1000'] 2/1to1/1_0 (108.0, 109.0) [9.87, 10.0, 9.87, 9.87]
&lt; failed ['--step-length', '.1', '--end', '1000'] 2/1to1/1_0 (100.0, 110.0) [9.85, 9.96, 9.85, 9.85]
&lt; failed ['--step-length', '.1', '--end', '1000'] 2/1to1/1_0 (100.0, 110.0) [9.85, 9.96, 9.85, 9.85]
&lt; failed ['--step-length', '.1', '--end', '1000'] 2/1to1/1_0 (100.0, 200.0) [-1.0, 2.26, 3.2, 2.27, 2.27]
&lt; failed ['--step-length', '.1', '--end', '1000'] 2/1to1/1_0 (100.0, 200.0) [-1.0, 2.26, 3.2, 2.27, 2.27]
&lt; success ['--step-length', '1', '--end', '51'] ['2/1to1/1_0']
&lt; success ['--step-length', '1', '--end', '51'] ['2/1to1/1_0', '1/1to0/1_0']
&lt; success ['--step-length', '1', '--end', '51'] ['2/1to1/1_0']
&lt; success ['--step-length', '1', '--end', '51'] ['2/1to1/1_0', '1/1to0/1_0']
&lt; success ['--step-length', '1', '--end', '51'] ['2/1to1/1_0']
&lt;truncated after showing first 30 lines&gt;
</PRE>
<A NAME="defaultsumo output teleport_multihop"></A>
<H4>TEST had known bugs (see #254) on ts-bapmsumm1bld : sumo output teleport_multihop (
<A HREF="test_default.html#defaultsumo output teleport_multihop">Last six runs</A>
<A HREF="test_default_all_Feb2024.html#defaultsumo output teleport_multihop">Feb2024</A>

)</H4>

<PRE>different outputs from detectors which should detect the same
(This bug was triggered by text found in file 'output' matching 'failed')
---------- Differences in output ----------
17,24c17,24
&lt; success 0.1 ['--step-length', '.1', '--end', '1000'] 2/1to1/1_0 (230.0, 230.1) [('e2', 9.99), ('e3', 10.0), ('edge', 9.99), ('lane', 9.99)]
&lt; success 0.1 ['--step-length', '.1', '--end', '1000'] 1/1to0/1_0 (148.1, 148.2) [('e2', 9.99), ('e3', 10.0), ('edge', 9.99), ('lane', 9.99)]
&lt; success 1 ['--step-length', '.1', '--end', '1000'] 2/1to1/1_0 (230.0, 231.0) [('e2', 9.99), ('e3', 10.0), ('edge', 9.99), ('lane', 9.99)]
&lt; success 1 ['--step-length', '.1', '--end', '1000'] 1/1to0/1_0 (148.0, 149.0) [('e2', 9.91), ('e3', 10.0), ('edge', 9.91), ('lane', 9.91)]
&lt; success 10 ['--step-length', '.1', '--end', '1000'] 2/1to1/1_0 (230.0, 240.0) [('e2', 9.42), ('e3', 9.9), ('edge', 9.42), ('lane', 9.42)]
&lt; success 10 ['--step-length', '.1', '--end', '1000'] 1/1to0/1_0 (140.0, 150.0) [('e2', 9.96), ('e3', 9.99), ('edge', 9.96), ('lane', 9.96)]
&lt; success 100 ['--step-length', '.1', '--end', '1000'] 2/1to1/1_0 (200.0, 300.0) [('e1', 10.0), ('e2', 9.22), ('e3', 5.71), ('edge', 9.22), ('lane', 9.22)]
&lt; success 100 ['--step-length', '.1', '--end', '1000'] 1/1to0/1_0 (100.0, 200.0) [('e1', 9.53), ('e2', 5.82), ('e3', 6.93), ('edge', 5.82), ('lane', 5.82)]
---
&gt; failed 0.1 ['--step-length', '.1', '--end', '1000'] 2/1to1/1_0 (148.9, 149.0) &lt;zip object at 0x102102700&gt;
&gt; failed 0.1 ['--step-length', '.1', '--end', '1000'] 2/1to1/1_0 (148.9, 149.0) &lt;zip object at 0x10214eb40&gt;
&gt; failed 1 ['--step-length', '.1', '--end', '1000'] 2/1to1/1_0 (149.0, 150.0) &lt;zip object at 0x102781440&gt;
&gt; failed 1 ['--step-length', '.1', '--end', '1000'] 2/1to1/1_0 (149.0, 150.0) &lt;zip object at 0x102404d40&gt;
&gt; failed 10 ['--step-length', '.1', '--end', '1000'] 2/1to1/1_0 (140.0, 150.0) &lt;zip object at 0x102193780&gt;
&gt; failed 10 ['--step-length', '.1', '--end', '1000'] 2/1to1/1_0 (140.0, 150.0) &lt;zip object at 0x102193980&gt;
&gt; failed 100 ['--step-length', '.1', '--end', '1000'] 2/1to1/1_0 (100.0, 200.0) &lt;zip object at 0x1011a6780&gt;
&gt; failed 100 ['--step-length', '.1', '--end', '1000'] 2/1to1/1_0 (100.0, 200.0) &lt;zip object at 0x102193300&gt;
41,98c41,48
&lt; success 0.1 ['--step-length', '1', '--end', '1000'] 2/1to1/1_0 (245.0, 246.0) [('e2', 8.92), ('e3', 10.0), ('edge', 8.92), ('lane', 8.92)]
&lt; success 0.1 ['--step-length', '1', '--end', '1000'] 1/1to0/1_0 (150.0, 151.0) [('e2', 9.82), ('e3', 10.0), ('edge', 9.82), ('lane', 9.82)]
&lt; success 1 ['--step-length', '1', '--end', '1000'] 2/1to1/1_0 (245.0, 246.0) [('e2', 8.92), ('e3', 10.0), ('edge', 8.92), ('lane', 8.92)]
&lt; success 1 ['--step-length', '1', '--end', '1000'] 1/1to0/1_0 (150.0, 151.0) [('e2', 9.82), ('e3', 10.0), ('edge', 9.82), ('lane', 9.82)]
&lt; success 10 ['--step-length', '1', '--end', '1000'] 2/1to1/1_0 (240.0, 250.0) [('e2', 9.9), ('e3', 10.0), ('edge', 9.9), ('lane', 9.9)]
&lt; success 10 ['--step-length', '1', '--end', '1000'] 1/1to0/1_0 (150.0, 160.0) [('e2', 9.15), ('e3', 9.84), ('edge', 9.15), ('lane', 9.15)]
&lt; success 100 ['--step-length', '1', '--end', '1000'] 2/1to1/1_0 (200.0, 300.0) [('e1', 10.0), ('e2', 9.41), ('e3', 5.84), ('edge', 9.41), ('lane', 9.41)]
&lt; success 100 ['--step-length', '1', '--end', '1000'] 1/1to0/1_0 (100.0, 200.0) [('e1', 10.0), ('e2', 5.94), ('e3', 7.08), ('edge', 5.94), ('lane', 5.94)]
&lt; -- Unordered text as found by filter '^Loading configuration ... done.' --
&lt; Loading configuration ... done.
&lt; Loading configuration ... done.
&lt;truncated after showing first 30 lines&gt;
</PRE>
<A NAME="defaultsumo output teleport_multihop_newDefaults"></A>
<H4>TEST had known bugs (see #254) on ts-bapmsumm1bld : sumo output teleport_multihop_newDefaults (
<A HREF="test_default.html#defaultsumo output teleport_multihop_newDefaults">Last six runs</A>
<A HREF="test_default_all_Feb2024.html#defaultsumo output teleport_multihop_newDefaults">Feb2024</A>

)</H4>

<PRE>different outputs from detectors which should detect the same
(This bug was triggered by text found in file 'output' matching 'failed')
---------- Differences in output ----------
9,24c9,24
&lt; failed 0.1 ['--step-length', '.1', '--end', '100'] 2/1to1/1_0 (76.2, 76.3) [('e2', 10.49), ('e3', 10.35), ('edge', 10.49), ('lane', 10.49)]
&lt; failed 0.1 ['--step-length', '.1', '--end', '100'] 2/1to1/1_0 (76.2, 76.3) [('e2', 10.49), ('e3', 10.35), ('edge', 10.49), ('lane', 10.49)]
&lt; failed 1 ['--step-length', '.1', '--end', '100'] 2/1to1/1_0 (76.0, 77.0) [('e2', 10.39), ('e3', 10.35), ('edge', 10.39), ('lane', 10.39)]
&lt; failed 1 ['--step-length', '.1', '--end', '100'] 2/1to1/1_0 (76.0, 77.0) [('e2', 10.39), ('e3', 10.35), ('edge', 10.39), ('lane', 10.39)]
&lt; failed 10 ['--step-length', '.1', '--end', '100'] 2/1to1/1_0 (70.0, 80.0) [('e2', 10.42), ('e3', 10.25), ('edge', 10.42), ('lane', 10.42)]
&lt; failed 10 ['--step-length', '.1', '--end', '100'] 2/1to1/1_0 (70.0, 80.0) [('e2', 10.42), ('e3', 10.25), ('edge', 10.42), ('lane', 10.42)]
&lt; failed 100 ['--step-length', '.1', '--end', '100'] 2/1to1/1_0 (0.0, 100.0) [('e1', 10.27), ('e2', 10.24), ('e3', 9.59), ('edge', 10.24), ('lane', 10.24)]
&lt; failed 100 ['--step-length', '.1', '--end', '100'] 2/1to1/1_0 (0.0, 100.0) [('e1', 10.27), ('e2', 10.24), ('e3', 9.59), ('edge', 10.24), ('lane', 10.24)]
&lt; failed 0.1 ['--step-length', '.1', '--end', '1000'] 2/1to1/1_0 (76.2, 76.3) [('e2', 10.49), ('e3', 10.35), ('edge', 10.49), ('lane', 10.49)]
&lt; failed 0.1 ['--step-length', '.1', '--end', '1000'] 2/1to1/1_0 (76.2, 76.3) [('e2', 10.49), ('e3', 10.35), ('edge', 10.49), ('lane', 10.49)]
&lt; failed 1 ['--step-length', '.1', '--end', '1000'] 2/1to1/1_0 (76.0, 77.0) [('e2', 10.39), ('e3', 10.35), ('edge', 10.39), ('lane', 10.39)]
&lt; failed 1 ['--step-length', '.1', '--end', '1000'] 2/1to1/1_0 (76.0, 77.0) [('e2', 10.39), ('e3', 10.35), ('edge', 10.39), ('lane', 10.39)]
&lt; failed 10 ['--step-length', '.1', '--end', '1000'] 2/1to1/1_0 (70.0, 80.0) [('e2', 10.42), ('e3', 10.25), ('edge', 10.42), ('lane', 10.42)]
&lt; failed 10 ['--step-length', '.1', '--end', '1000'] 2/1to1/1_0 (70.0, 80.0) [('e2', 10.42), ('e3', 10.25), ('edge', 10.42), ('lane', 10.42)]
&lt; failed 100 ['--step-length', '.1', '--end', '1000'] 2/1to1/1_0 (0.0, 100.0) [('e1', 10.27), ('e2', 10.24), ('e3', 9.59), ('edge', 10.24), ('lane', 10.24)]
&lt; failed 100 ['--step-length', '.1', '--end', '1000'] 2/1to1/1_0 (0.0, 100.0) [('e1', 10.27), ('e2', 10.24), ('e3', 9.59), ('edge', 10.24), ('lane', 10.24)]
---
&gt; failed 0.1 ['--step-length', '.1', '--end', '100'] 2/1to1/1_0 (70.9, 71.0) &lt;zip object at 0x104965340&gt;
&gt; failed 0.1 ['--step-length', '.1', '--end', '100'] 2/1to1/1_0 (70.9, 71.0) &lt;zip object at 0x10495b200&gt;
&gt; failed 1 ['--step-length', '.1', '--end', '100'] 2/1to1/1_0 (70.0, 71.0) &lt;zip object at 0x10490eec0&gt;
&gt; failed 1 ['--step-length', '.1', '--end', '100'] 2/1to1/1_0 (70.0, 71.0) &lt;zip object at 0x10496b3c0&gt;
&gt; failed 10 ['--step-length', '.1', '--end', '100'] 2/1to1/1_0 (70.0, 80.0) &lt;zip object at 0x10496be00&gt;
&gt; failed 10 ['--step-length', '.1', '--end', '100'] 2/1to1/1_0 (70.0, 80.0) &lt;zip object at 0x10496b3c0&gt;
&gt; failed 100 ['--step-length', '.1', '--end', '100'] 2/1to1/1_0 (0.0, 100.0) &lt;zip object at 0x10496b900&gt;
&gt; failed 100 ['--step-length', '.1', '--end', '100'] 2/1to1/1_0 (0.0, 100.0) &lt;zip object at 0x10496b700&gt;
&gt; failed 0.1 ['--step-length', '.1', '--end', '1000'] 2/1to1/1_0 (70.9, 71.0) &lt;zip object at 0x10496b800&gt;
&gt; failed 0.1 ['--step-length', '.1', '--end', '1000'] 2/1to1/1_0 (70.9, 71.0) &lt;zip object at 0x104969540&gt;
&gt; failed 1 ['--step-length', '.1', '--end', '1000'] 2/1to1/1_0 (70.0, 71.0) &lt;zip object at 0x105112e80&gt;
&gt; failed 1 ['--step-length', '.1', '--end', '1000'] 2/1to1/1_0 (70.0, 71.0) &lt;zip object at 0x104d75740&gt;
&lt;truncated after showing first 30 lines&gt;
</PRE>
<A NAME="defaultsumo output two_same_vehicles"></A>
<H4>TEST had known bugs (see #254) on ts-bapmsumm1bld : sumo output two_same_vehicles (
<A HREF="test_default.html#defaultsumo output two_same_vehicles">Last six runs</A>
<A HREF="test_default_all_Feb2024.html#defaultsumo output two_same_vehicles">Feb2024</A>

)</H4>

<PRE>different outputs from detectors which should detect the same
(This bug was triggered by text found in file 'output' matching 'failed')
---------- Differences in output ----------
5,7c5,7
&lt; success 0.1 ['--step-length', '.1', '--end', '100'] ['3/1to2/1_0']
&lt; success 1 ['--step-length', '.1', '--end', '100'] ['3/1to2/1_0']
&lt; success 10 ['--step-length', '.1', '--end', '100'] ['3/1to2/1_0']
---
&gt; failed 0.1 ['--step-length', '.1', '--end', '100'] 3/1to2/1_0 (75.4, 75.5) &lt;zip object at 0x1020cb200&gt;
&gt; failed 1 ['--step-length', '.1', '--end', '100'] 3/1to2/1_0 (76.0, 77.0) &lt;zip object at 0x1020933c0&gt;
&gt; failed 10 ['--step-length', '.1', '--end', '100'] 3/1to2/1_0 (80.0, 90.0) &lt;zip object at 0x102093880&gt;
9,12c9,12
&lt; success 0.1 ['--step-length', '.1', '--end', '1000'] ['3/1to2/1_0']
&lt; success 1 ['--step-length', '.1', '--end', '1000'] ['3/1to2/1_0']
&lt; success 10 ['--step-length', '.1', '--end', '1000'] ['3/1to2/1_0']
&lt; success 100 ['--step-length', '.1', '--end', '1000'] ['3/1to2/1_0']
---
&gt; failed 0.1 ['--step-length', '.1', '--end', '1000'] 3/1to2/1_0 (75.4, 75.5) &lt;zip object at 0x1020e04c0&gt;
&gt; failed 1 ['--step-length', '.1', '--end', '1000'] 3/1to2/1_0 (76.0, 77.0) &lt;zip object at 0x10210e4c0&gt;
&gt; failed 10 ['--step-length', '.1', '--end', '1000'] 3/1to2/1_0 (80.0, 90.0) &lt;zip object at 0x10210e8c0&gt;
&gt; failed 100 ['--step-length', '.1', '--end', '1000'] 3/1to2/1_0 (100.0, 200.0) &lt;zip object at 0x102102500&gt;
17,19c17,19
&lt; success 0.1 ['--step-length', '1', '--end', '100'] ['3/1to2/1_0']
&lt; success 1 ['--step-length', '1', '--end', '100'] ['3/1to2/1_0']
&lt; success 10 ['--step-length', '1', '--end', '100'] ['3/1to2/1_0']
---
&gt; failed 0.1 ['--step-length', '1', '--end', '100'] 3/1to2/1_0 (77.0, 78.0) &lt;zip object at 0x102102500&gt;
&gt; failed 1 ['--step-length', '1', '--end', '100'] 3/1to2/1_0 (77.0, 78.0) &lt;zip object at 0x102116180&gt;
&gt; failed 10 ['--step-length', '1', '--end', '100'] 3/1to2/1_0 (80.0, 90.0) &lt;zip object at 0x102116e80&gt;
21,50c21,24
&lt; success 0.1 ['--step-length', '1', '--end', '1000'] ['3/1to2/1_0']
&lt; success 1 ['--step-length', '1', '--end', '1000'] ['3/1to2/1_0']
&lt; success 10 ['--step-length', '1', '--end', '1000'] ['3/1to2/1_0']
&lt;truncated after showing first 30 lines&gt;
</PRE>
<A NAME="defaultsumo output two_vehicles_diff_length"></A>
<H4>TEST had known bugs (see #254) on ts-bapmsumm1bld : sumo output two_vehicles_diff_length (
<A HREF="test_default.html#defaultsumo output two_vehicles_diff_length">Last six runs</A>
<A HREF="test_default_all_Feb2024.html#defaultsumo output two_vehicles_diff_length">Feb2024</A>

)</H4>

<PRE>different outputs from detectors which should detect the same
(This bug was triggered by text found in file 'output' matching 'failed')
---------- Differences in output ----------
5,7c5,7
&lt; success 0.1 ['--step-length', '.1', '--end', '100'] ['3/1to2/1_0']
&lt; success 1 ['--step-length', '.1', '--end', '100'] ['3/1to2/1_0']
&lt; success 10 ['--step-length', '.1', '--end', '100'] ['3/1to2/1_0']
---
&gt; failed 0.1 ['--step-length', '.1', '--end', '100'] 3/1to2/1_0 (76.4, 76.5) &lt;zip object at 0x1048bd340&gt;
&gt; failed 1 ['--step-length', '.1', '--end', '100'] 3/1to2/1_0 (77.0, 78.0) &lt;zip object at 0x10487ed00&gt;
&gt; failed 10 ['--step-length', '.1', '--end', '100'] 3/1to2/1_0 (80.0, 90.0) &lt;zip object at 0x10487efc0&gt;
9,12c9,12
&lt; success 0.1 ['--step-length', '.1', '--end', '1000'] ['3/1to2/1_0']
&lt; success 1 ['--step-length', '.1', '--end', '1000'] ['3/1to2/1_0']
&lt; success 10 ['--step-length', '.1', '--end', '1000'] ['3/1to2/1_0']
&lt; success 100 ['--step-length', '.1', '--end', '1000'] ['3/1to2/1_0']
---
&gt; failed 0.1 ['--step-length', '.1', '--end', '1000'] 3/1to2/1_0 (76.4, 76.5) &lt;zip object at 0x1048b1640&gt;
&gt; failed 1 ['--step-length', '.1', '--end', '1000'] 3/1to2/1_0 (77.0, 78.0) &lt;zip object at 0x1048ff300&gt;
&gt; failed 10 ['--step-length', '.1', '--end', '1000'] 3/1to2/1_0 (80.0, 90.0) &lt;zip object at 0x1048f3b40&gt;
&gt; failed 100 ['--step-length', '.1', '--end', '1000'] 3/1to2/1_0 (100.0, 200.0) &lt;zip object at 0x1048f3040&gt;
17,19c17,19
&lt; success 0.1 ['--step-length', '1', '--end', '100'] ['3/1to2/1_0']
&lt; success 1 ['--step-length', '1', '--end', '100'] ['3/1to2/1_0']
&lt; success 10 ['--step-length', '1', '--end', '100'] ['3/1to2/1_0']
---
&gt; failed 0.1 ['--step-length', '1', '--end', '100'] 3/1to2/1_0 (78.0, 79.0) &lt;zip object at 0x1048c18c0&gt;
&gt; failed 1 ['--step-length', '1', '--end', '100'] 3/1to2/1_0 (78.0, 79.0) &lt;zip object at 0x1048c1b40&gt;
&gt; failed 10 ['--step-length', '1', '--end', '100'] 3/1to2/1_0 (80.0, 90.0) &lt;zip object at 0x104906c40&gt;
21,50c21,24
&lt; success 0.1 ['--step-length', '1', '--end', '1000'] ['3/1to2/1_0']
&lt; success 1 ['--step-length', '1', '--end', '1000'] ['3/1to2/1_0']
&lt; success 10 ['--step-length', '1', '--end', '1000'] ['3/1to2/1_0']
&lt;truncated after showing first 30 lines&gt;
</PRE>
<A NAME="defaultsumo output two_vehicles_diff_speed"></A>
<H4>TEST had known bugs (see #254) on ts-bapmsumm1bld : sumo output two_vehicles_diff_speed (
<A HREF="test_default.html#defaultsumo output two_vehicles_diff_speed">Last six runs</A>
<A HREF="test_default_all_Feb2024.html#defaultsumo output two_vehicles_diff_speed">Feb2024</A>

)</H4>

<PRE>different outputs from detectors which should detect the same
(This bug was triggered by text found in file 'output' matching 'failed')
---------- Differences in output ----------
0a1,24
&gt; failed 0.1 ['--step-length', '.1', '--end', '51'] 3/1to2/1_0 (38.4, 38.5) &lt;zip object at 0x10653ac40&gt;
&gt; failed 1 ['--step-length', '.1', '--end', '51'] 3/1to2/1_0 (38.0, 39.0) &lt;zip object at 0x1065336c0&gt;
&gt; failed 10 ['--step-length', '.1', '--end', '51'] 3/1to2/1_0 (30.0, 40.0) &lt;zip object at 0x106573f80&gt;
&gt; failed 100 ['--step-length', '.1', '--end', '51'] 3/1to2/1_0 (0.0, 51.0) &lt;zip object at 0x106576180&gt;
&gt; failed 0.1 ['--step-length', '.1', '--end', '100'] 3/1to2/1_0 (38.4, 38.5) &lt;zip object at 0x1065783c0&gt;
&gt; failed 1 ['--step-length', '.1', '--end', '100'] 3/1to2/1_0 (38.0, 39.0) &lt;zip object at 0x106554f40&gt;
&gt; failed 10 ['--step-length', '.1', '--end', '100'] 3/1to2/1_0 (30.0, 40.0) &lt;zip object at 0x106554640&gt;
&gt; failed 100 ['--step-length', '.1', '--end', '100'] 3/1to2/1_0 (0.0, 100.0) &lt;zip object at 0x106554940&gt;
&gt; failed 0.1 ['--step-length', '.1', '--end', '1000'] 3/1to2/1_0 (38.4, 38.5) &lt;zip object at 0x1065517c0&gt;
&gt; failed 1 ['--step-length', '.1', '--end', '1000'] 3/1to2/1_0 (38.0, 39.0) &lt;zip object at 0x1065bbb40&gt;
&gt; failed 10 ['--step-length', '.1', '--end', '1000'] 3/1to2/1_0 (30.0, 40.0) &lt;zip object at 0x1065bbb40&gt;
&gt; failed 100 ['--step-length', '.1', '--end', '1000'] 3/1to2/1_0 (0.0, 100.0) &lt;zip object at 0x106547bc0&gt;
&gt; failed 0.1 ['--step-length', '1', '--end', '51'] 3/1to2/1_0 (39.0, 40.0) &lt;zip object at 0x106547bc0&gt;
&gt; failed 1 ['--step-length', '1', '--end', '51'] 3/1to2/1_0 (39.0, 40.0) &lt;zip object at 0x106547d80&gt;
&gt; failed 10 ['--step-length', '1', '--end', '51'] 3/1to2/1_0 (30.0, 40.0) &lt;zip object at 0x106547a00&gt;
&gt; failed 100 ['--step-length', '1', '--end', '51'] 3/1to2/1_0 (0.0, 51.0) &lt;zip object at 0x106547400&gt;
&gt; failed 0.1 ['--step-length', '1', '--end', '100'] 3/1to2/1_0 (39.0, 40.0) &lt;zip object at 0x106547a00&gt;
&gt; failed 1 ['--step-length', '1', '--end', '100'] 3/1to2/1_0 (39.0, 40.0) &lt;zip object at 0x1065472c0&gt;
&gt; failed 10 ['--step-length', '1', '--end', '100'] 3/1to2/1_0 (30.0, 40.0) &lt;zip object at 0x106547d40&gt;
&gt; failed 100 ['--step-length', '1', '--end', '100'] 3/1to2/1_0 (0.0, 100.0) &lt;zip object at 0x106547d80&gt;
&gt; failed 0.1 ['--step-length', '1', '--end', '1000'] 3/1to2/1_0 (39.0, 40.0) &lt;zip object at 0x106547d40&gt;
&gt; failed 1 ['--step-length', '1', '--end', '1000'] 3/1to2/1_0 (39.0, 40.0) &lt;zip object at 0x1065aefc0&gt;
&gt; failed 10 ['--step-length', '1', '--end', '1000'] 3/1to2/1_0 (30.0, 40.0) &lt;zip object at 0x10656e340&gt;
&gt; failed 100 ['--step-length', '1', '--end', '1000'] 3/1to2/1_0 (0.0, 100.0) &lt;zip object at 0x1065bd300&gt;
</PRE>
<A NAME="defaulttraci vehicle moveToXY keepRoute2"></A>
<H4>TEST had known bugs (see #3263) on ts-bapmsumm1bld : traci vehicle moveToXY keepRoute2 (
<A HREF="test_default.html#defaulttraci vehicle moveToXY keepRoute2">Last six runs</A>
<A HREF="test_default_all_Feb2024.html#defaulttraci vehicle moveToXY keepRoute2">Feb2024</A>

)</H4>

<PRE>mapping failure
(This bug was triggered by text found in file 'output' matching 'failed')
---------- Differences in output ----------
0a1
&gt; internal corner (inside, segment2) failed: x=198, x2=198.0,   y=1.9, y2=1.9,   lane=middle_0, lane2=middle_0, pos=102, pos2=98.0   posLat=2.0 posLat2=1.9
</PRE>

<A NAME="defaultwere terminated before completion"></A>
<H3>Detailed information for the tests that were terminated before completion:</H3>

<A NAME="defaulttraci connection busySocket sumo"></A>
<H4>TEST were terminated before completion (TIMEOUT) on ts-bapmsumm1bld : traci connection busySocket sumo (
<A HREF="test_default.html#defaulttraci connection busySocket sumo">Last six runs</A>
<A HREF="test_default_all_Feb2024.html#defaulttraci connection busySocket sumo">Feb2024</A>

)</H4>

<PRE>Test exceeded wallclock time limit of 900.0 seconds
---------- Differences in errors ----------
3d2
&lt; Could not connect in 61 tries
</PRE>
<A NAME="defaulttraci connection busySocket sumo-gui"></A>
<H4>TEST were terminated before completion (TIMEOUT) on ts-bapmsumm1bld : traci connection busySocket sumo-gui (
<A HREF="test_default.html#defaulttraci connection busySocket sumo-gui">Last six runs</A>
<A HREF="test_default_all_Feb2024.html#defaulttraci connection busySocket sumo-gui">Feb2024</A>

)</H4>

<PRE>Test exceeded wallclock time limit of 900.0 seconds
---------- Differences in errors ----------
1,3c1
&lt; Could not connect in 61 tries
&lt; Error: tcpip::Socket::accept() Unable to create listening socket: Address already in use
&lt; Quitting (on error).
---
&gt; FXApp::openDisplay: unable to open display :10022.0
</PRE>



</BODY> </HTML>
