<!DOCTYPE HTML PUBLIC "-//W3C//DTD HTML 3.2//EN">
<HTML>

<!-- This file generated using Python HTMLgen module. -->
<HEAD>
  <META NAME="GENERATOR" CONTENT="HTMLgen 2.2.2">
        <TITLE>Detailed test results for COMPLEX: 21Nov23rv1_19_0+0209-a5b0ff7060c (generated by sumo at 30Nov02:12)</TITLE>
<meta charset="UTF-8"></HEAD>
<BODY>
<H1 align="center">21Nov23rv1_19_0+0209-a5b0ff7060c - detailed test results for COMPLEX</H1>

<center><EM>To reconnect the TextTest GUI to these results, run:</EM></center>

<center><P style="font-family:monospace">texttest -a complex -d /Users/sumo/clangMacOS_M1/sumo/tests -reconnect /Users/sumo/clangMacOS_M1/texttesttmp/clangMacOS_M1.30Nov005207.40483 -g</P>
</center>

<center><EM>To start TextTest for these tests, run:</EM></center>

<center><P style="font-family:monospace">texttest -a complex -d /Users/sumo/clangMacOS_M1/sumo/tests</P>
</center>

<HR>
<H2>default: 722 tests: 646 succeeded 65 FAILED 9 known bugs 2 killed</H2>

<A NAME="defaultFAILED"></A>
<H3>Detailed information for the tests that FAILED:</H3>

<A NAME="defaultbroken_nets dfrouter"></A>
<A NAME="defaultbroken_nets duarouter"></A>
<A NAME="defaultbroken_nets jtrrouter"></A>
<H4>3 TESTS FAILED on ts-bapmsumm1bld :</H4>

<PRE>---------- Differences in errors ----------
1,345c1,4
&lt; ------------------ net/edge[0]@from:
&lt; Error: Attribute 'from' in definition of edge '1' is empty.
&lt; Warning: Skipping isolated junction '1'.
&lt; Error: unknown from-edge '1' in connection
&lt; Quitting (on error).
&lt; ------------------ net/edge[1]@from:
&lt; Error: Attribute 'from' in definition of edge '2' is empty.
&lt; Warning: Skipping isolated junction '3'.
&lt; Error: unknown to-edge '2' in connection
&lt; Quitting (on error).
&lt; ------------------ net/edge[0]@from:a
&lt; Warning: Skipping isolated junction '1'.
&lt; Error: Unknown node 'a'.
&lt; Quitting (on error).
&lt; ------------------ net/edge[1]@from:a
&lt; Error: Unknown node 'a'.
&lt; Quitting (on error).
&lt; ------------------ net/edge[0]@from:&lt;remove&gt;
&lt; Error: Attribute 'from' is missing in definition of edge '1'.
&lt; Warning: Skipping isolated junction '1'.
&lt; Error: unknown from-edge '1' in connection
&lt; Quitting (on error).
&lt; ------------------ net/edge[1]@from:&lt;remove&gt;
&lt; Error: Attribute 'from' is missing in definition of edge '2'.
&lt; Warning: Skipping isolated junction '3'.
&lt; Error: unknown to-edge '2' in connection
&lt; Quitting (on error).
&lt; ------------------ net/edge[0]@function:a
&lt; Error: value 'a' not in enumeration
&lt;truncated after showing first 30 lines&gt;
---------- Differences in output ----------
1,2d0
&lt; Success.
&lt; Success.
5,24c3
&lt; &gt;&gt;&gt; ok...
&lt; 
&lt; Running broken net
&lt; Success.
&lt; Success.
&lt; Success.
&lt; Success.
&lt; Success.
&lt; Success.
&lt; Success.
&lt; Success.
&lt; Success.
&lt; Success.
&lt; Success.
&lt; Success.
&lt; Success.
&lt; Success.
&lt; Success.
&lt; Success.
&lt; Success.
---
&gt; Error on processing the 'correct' network!
</PRE>
broken_nets dfrouter (
<A HREF="test_default.html#defaultbroken_nets dfrouter">Last six runs</A>
<A HREF="test_default_all_Nov2023.html#defaultbroken_nets dfrouter">Nov2023</A>

)<br>

broken_nets duarouter (
<A HREF="test_default.html#defaultbroken_nets duarouter">Last six runs</A>
<A HREF="test_default_all_Nov2023.html#defaultbroken_nets duarouter">Nov2023</A>

)<br>

broken_nets jtrrouter (
<A HREF="test_default.html#defaultbroken_nets jtrrouter">Last six runs</A>
<A HREF="test_default_all_Nov2023.html#defaultbroken_nets jtrrouter">Nov2023</A>

)<br>

<A NAME="defaultbroken_nets dfrouter_no_validation"></A>
<H4>TEST FAILED on ts-bapmsumm1bld : broken_nets dfrouter_no_validation (
<A HREF="test_default.html#defaultbroken_nets dfrouter_no_validation">Last six runs</A>
<A HREF="test_default_all_Nov2023.html#defaultbroken_nets dfrouter_no_validation">Nov2023</A>

)</H4>

<PRE>---------- Differences in errors ----------
1,4c1,4
&lt; ------------------ net/edge[0]@from:
&lt; Error: Attribute 'from' in definition of edge '1' is empty.
&lt; Warning: Skipping isolated junction '1'.
&lt; Error: unknown from-edge '1' in connection
---
&gt; dyld[99591]: Library not loaded: /opt/homebrew/opt/libtiff/lib/libtiff.5.dylib
&gt;   Referenced from: &lt;3FEB9C56-E432-36C6-A940-FC254CC92FAB&gt; /opt/homebrew/Cellar/libgeotiff/1.7.1_1/lib/libgeotiff.5.dylib
&gt;   Reason: tried: '/opt/homebrew/opt/libtiff/lib/libtiff.5.dylib' (no such file), '/System/Volumes/Preboot/Cryptexes/OS/opt/homebrew/opt/libtiff/lib/libtiff.5.dylib' (no such file), '/opt/homebrew/opt/libtiff/lib/libtiff.5.dylib' (no such file), '/usr/local/lib/libtiff.5.dylib' (no such file), '/usr/lib/libtiff.5.dylib' (no such file, not in dyld cache), '/opt/homebrew/Cellar/libtiff/4.5.0/lib/libtiff.5.dylib' (no such file), '/System/Volumes/Preboot/Cryptexes/OS/opt/homebrew/Cellar/libtiff/4.5
.0/lib/libtiff.5.dylib' (no such file), '/opt/homebrew/Cellar/libtiff/4.5.0/lib/libtiff.5.dylib' (no such file), '/usr/local/lib/libtiff.5.dylib' (no such file), '/usr/lib/libtiff.5.dylib' (no such file, not in dyld cache)
&gt; Error: The network file 'correct.net.xml' is not accessible.
6,486d5
&lt; ------------------ net/edge[1]@from:
&lt; Error: Attribute 'from' in definition of edge '2' is empty.
&lt; Warning: Skipping isolated junction '3'.
&lt; Error: unknown to-edge '2' in connection
&lt; Quitting (on error).
&lt; ------------------ net/edge[0]@from:a
&lt; Warning: Skipping isolated junction '1'.
&lt; Error: Unknown node 'a'.
&lt; Quitting (on error).
&lt; ------------------ net/edge[1]@from:a
&lt; Error: Unknown node 'a'.
&lt; Quitting (on error).
&lt; ------------------ net/edge[0]@from:&lt;remove&gt;
&lt; Error: Attribute 'from' is missing in definition of edge '1'.
&lt; Warning: Skipping isolated junction '1'.
&lt; Error: unknown from-edge '1' in connection
&lt; Quitting (on error).
&lt; ------------------ net/edge[1]@from:&lt;remove&gt;
&lt; Error: Attribute 'from' is missing in definition of edge '2'.
&lt;truncated after showing first 30 lines&gt;
---------- Differences in output ----------
1,2d0
&lt; Success.
&lt; Success.
5,32c3
&lt; &gt;&gt;&gt; ok...
&lt; 
&lt; Running broken net
&lt; Success.
&lt; Success.
&lt; Success.
&lt; Success.
&lt; Success.
&lt; Success.
&lt; Success.
&lt; Success.
&lt; Success.
&lt; Success.
&lt; Success.
&lt; Success.
&lt; Success.
&lt; Success.
&lt; Success.
&lt; Success.
&lt; Success.
&lt; Success.
&lt; Success.
&lt; Success.
&lt; Success.
&lt; Success.
&lt; Success.
&lt;truncated after showing first 30 lines&gt;
</PRE>
<A NAME="defaultbroken_nets duarouter_no_validation"></A>
<H4>TEST FAILED on ts-bapmsumm1bld : broken_nets duarouter_no_validation (
<A HREF="test_default.html#defaultbroken_nets duarouter_no_validation">Last six runs</A>
<A HREF="test_default_all_Nov2023.html#defaultbroken_nets duarouter_no_validation">Nov2023</A>

)</H4>

<PRE>---------- Differences in errors ----------
1,4c1,4
&lt; ------------------ net/edge[0]@from:
&lt; Error: Attribute 'from' in definition of edge '1' is empty.
&lt; Warning: Skipping isolated junction '1'.
&lt; Error: unknown from-edge '1' in connection
---
&gt; dyld[99629]: Library not loaded: /opt/homebrew/opt/libtiff/lib/libtiff.5.dylib
&gt;   Referenced from: &lt;3FEB9C56-E432-36C6-A940-FC254CC92FAB&gt; /opt/homebrew/Cellar/libgeotiff/1.7.1_1/lib/libgeotiff.5.dylib
&gt;   Reason: tried: '/opt/homebrew/opt/libtiff/lib/libtiff.5.dylib' (no such file), '/System/Volumes/Preboot/Cryptexes/OS/opt/homebrew/opt/libtiff/lib/libtiff.5.dylib' (no such file), '/opt/homebrew/opt/libtiff/lib/libtiff.5.dylib' (no such file), '/usr/local/lib/libtiff.5.dylib' (no such file), '/usr/lib/libtiff.5.dylib' (no such file, not in dyld cache), '/opt/homebrew/Cellar/libtiff/4.5.0/lib/libtiff.5.dylib' (no such file), '/System/Volumes/Preboot/Cryptexes/OS/opt/homebrew/Cellar/libtiff/4.5
.0/lib/libtiff.5.dylib' (no such file), '/opt/homebrew/Cellar/libtiff/4.5.0/lib/libtiff.5.dylib' (no such file), '/usr/local/lib/libtiff.5.dylib' (no such file), '/usr/lib/libtiff.5.dylib' (no such file, not in dyld cache)
&gt; Error: The network file 'correct.net.xml' is not accessible.
6,486d5
&lt; ------------------ net/edge[1]@from:
&lt; Error: Attribute 'from' in definition of edge '2' is empty.
&lt; Warning: Skipping isolated junction '3'.
&lt; Error: unknown to-edge '2' in connection
&lt; Quitting (on error).
&lt; ------------------ net/edge[0]@from:a
&lt; Warning: Skipping isolated junction '1'.
&lt; Error: Unknown node 'a'.
&lt; Quitting (on error).
&lt; ------------------ net/edge[1]@from:a
&lt; Error: Unknown node 'a'.
&lt; Quitting (on error).
&lt; ------------------ net/edge[0]@from:&lt;remove&gt;
&lt; Error: Attribute 'from' is missing in definition of edge '1'.
&lt; Warning: Skipping isolated junction '1'.
&lt; Error: unknown from-edge '1' in connection
&lt; Quitting (on error).
&lt; ------------------ net/edge[1]@from:&lt;remove&gt;
&lt; Error: Attribute 'from' is missing in definition of edge '2'.
&lt;truncated after showing first 30 lines&gt;
---------- Differences in output ----------
1,2d0
&lt; Success.
&lt; Success.
5,32c3
&lt; &gt;&gt;&gt; ok...
&lt; 
&lt; Running broken net
&lt; Success.
&lt; Success.
&lt; Success.
&lt; Success.
&lt; Success.
&lt; Success.
&lt; Success.
&lt; Success.
&lt; Success.
&lt; Success.
&lt; Success.
&lt; Success.
&lt; Success.
&lt; Success.
&lt; Success.
&lt; Success.
&lt; Success.
&lt; Success.
&lt; Success.
&lt; Success.
&lt; Success.
&lt; Success.
&lt; Success.
&lt;truncated after showing first 30 lines&gt;
</PRE>
<A NAME="defaultbroken_nets jtrrouter_no_validation"></A>
<H4>TEST FAILED on ts-bapmsumm1bld : broken_nets jtrrouter_no_validation (
<A HREF="test_default.html#defaultbroken_nets jtrrouter_no_validation">Last six runs</A>
<A HREF="test_default_all_Nov2023.html#defaultbroken_nets jtrrouter_no_validation">Nov2023</A>

)</H4>

<PRE>---------- Differences in errors ----------
1,4c1,4
&lt; ------------------ net/edge[0]@from:
&lt; Error: Attribute 'from' in definition of edge '1' is empty.
&lt; Warning: Skipping isolated junction '1'.
&lt; Error: unknown from-edge '1' in connection
---
&gt; dyld[99636]: Library not loaded: /opt/homebrew/opt/libtiff/lib/libtiff.5.dylib
&gt;   Referenced from: &lt;3FEB9C56-E432-36C6-A940-FC254CC92FAB&gt; /opt/homebrew/Cellar/libgeotiff/1.7.1_1/lib/libgeotiff.5.dylib
&gt;   Reason: tried: '/opt/homebrew/opt/libtiff/lib/libtiff.5.dylib' (no such file), '/System/Volumes/Preboot/Cryptexes/OS/opt/homebrew/opt/libtiff/lib/libtiff.5.dylib' (no such file), '/opt/homebrew/opt/libtiff/lib/libtiff.5.dylib' (no such file), '/usr/local/lib/libtiff.5.dylib' (no such file), '/usr/lib/libtiff.5.dylib' (no such file, not in dyld cache), '/opt/homebrew/Cellar/libtiff/4.5.0/lib/libtiff.5.dylib' (no such file), '/System/Volumes/Preboot/Cryptexes/OS/opt/homebrew/Cellar/libtiff/4.5
.0/lib/libtiff.5.dylib' (no such file), '/opt/homebrew/Cellar/libtiff/4.5.0/lib/libtiff.5.dylib' (no such file), '/usr/local/lib/libtiff.5.dylib' (no such file), '/usr/lib/libtiff.5.dylib' (no such file, not in dyld cache)
&gt; Error: The network file 'correct.net.xml' is not accessible.
6,486d5
&lt; ------------------ net/edge[1]@from:
&lt; Error: Attribute 'from' in definition of edge '2' is empty.
&lt; Warning: Skipping isolated junction '3'.
&lt; Error: unknown to-edge '2' in connection
&lt; Quitting (on error).
&lt; ------------------ net/edge[0]@from:a
&lt; Warning: Skipping isolated junction '1'.
&lt; Error: Unknown node 'a'.
&lt; Quitting (on error).
&lt; ------------------ net/edge[1]@from:a
&lt; Error: Unknown node 'a'.
&lt; Quitting (on error).
&lt; ------------------ net/edge[0]@from:&lt;remove&gt;
&lt; Error: Attribute 'from' is missing in definition of edge '1'.
&lt; Warning: Skipping isolated junction '1'.
&lt; Error: unknown from-edge '1' in connection
&lt; Quitting (on error).
&lt; ------------------ net/edge[1]@from:&lt;remove&gt;
&lt; Error: Attribute 'from' is missing in definition of edge '2'.
&lt;truncated after showing first 30 lines&gt;
---------- Differences in output ----------
1,2d0
&lt; Success.
&lt; Success.
5,32c3
&lt; &gt;&gt;&gt; ok...
&lt; 
&lt; Running broken net
&lt; Success.
&lt; Success.
&lt; Success.
&lt; Success.
&lt; Success.
&lt; Success.
&lt; Success.
&lt; Success.
&lt; Success.
&lt; Success.
&lt; Success.
&lt; Success.
&lt; Success.
&lt; Success.
&lt; Success.
&lt; Success.
&lt; Success.
&lt; Success.
&lt; Success.
&lt; Success.
&lt; Success.
&lt; Success.
&lt; Success.
&lt;truncated after showing first 30 lines&gt;
</PRE>
<A NAME="defaultbroken_nets netconvert"></A>
<H4>TEST FAILED on ts-bapmsumm1bld : broken_nets netconvert (
<A HREF="test_default.html#defaultbroken_nets netconvert">Last six runs</A>
<A HREF="test_default_all_Nov2023.html#defaultbroken_nets netconvert">Nov2023</A>

)</H4>

<PRE>---------- Differences in errors ----------
1,821c1,6
&lt; ------------------ net/edge[0]@from:
&lt; Error: Attribute 'from' in definition of edge '1' is empty.
&lt; Error: Edge's '1' from-node '' is not known.
&lt; Quitting (on error).
&lt; ------------------ net/edge[1]@from:
&lt; Error: Attribute 'from' in definition of edge '2' is empty.
&lt; Error: Edge's '2' from-node '' is not known.
&lt; Quitting (on error).
&lt; ------------------ net/edge[0]@from:a
&lt; Error: Edge's '1' from-node 'a' is not known.
&lt; Quitting (on error).
&lt; ------------------ net/edge[1]@from:a
&lt; Error: Edge's '2' from-node 'a' is not known.
&lt; Quitting (on error).
&lt; ------------------ net/edge[0]@from:&lt;remove&gt;
&lt; Error: Edge's '1' from-node '' is not known.
&lt; Quitting (on error).
&lt; ------------------ net/edge[1]@from:&lt;remove&gt;
&lt; Error: Edge's '2' from-node '' is not known.
&lt; Quitting (on error).
&lt; ------------------ net/edge[0]@function:a
&lt; Error: value 'a' not in enumeration
&lt;  In file 'mod.net.xml'
&lt;  At line/column 24/60.
&lt; 
&lt; Error: No nodes loaded.
&lt; Quitting (on error).
&lt; ------------------ net/edge[1]@function:a
&lt; Error: value 'a' not in enumeration
&lt;truncated after showing first 30 lines&gt;
---------- Differences in output ----------
1,2d0
&lt; Success.
&lt; Success.
5,28c3
&lt; &gt;&gt;&gt; ok...
&lt; 
&lt; Running broken net
&lt; Success.
&lt; Success.
&lt; Success.
&lt; Success.
&lt; Success.
&lt; Success.
&lt; Success.
&lt; Success.
&lt; Success.
&lt; Success.
&lt; Success.
&lt; Success.
&lt; Success.
&lt; Success.
&lt; Success.
&lt; Success.
&lt; Success.
&lt; Success.
&lt; Success.
&lt; Success.
&lt; Success.
---
&gt; Error on processing the 'correct' network!
&lt;truncated after showing first 30 lines&gt;
</PRE>
<A NAME="defaultbroken_nets netconvert_no_validation"></A>
<H4>TEST FAILED on ts-bapmsumm1bld : broken_nets netconvert_no_validation (
<A HREF="test_default.html#defaultbroken_nets netconvert_no_validation">Last six runs</A>
<A HREF="test_default_all_Nov2023.html#defaultbroken_nets netconvert_no_validation">Nov2023</A>

)</H4>

<PRE>---------- Differences in errors ----------
1,443c1,6
&lt; ------------------ net/edge[0]@from:
&lt; Error: Attribute 'from' in definition of edge '1' is empty.
&lt; Error: Edge's '1' from-node '' is not known.
&lt; Quitting (on error).
&lt; ------------------ net/edge[1]@from:
&lt; Error: Attribute 'from' in definition of edge '2' is empty.
&lt; Error: Edge's '2' from-node '' is not known.
&lt; Quitting (on error).
&lt; ------------------ net/edge[0]@from:a
&lt; Error: Edge's '1' from-node 'a' is not known.
&lt; Quitting (on error).
&lt; ------------------ net/edge[1]@from:a
&lt; Error: Edge's '2' from-node 'a' is not known.
&lt; Quitting (on error).
&lt; ------------------ net/edge[0]@from:&lt;remove&gt;
&lt; Error: Edge's '1' from-node '' is not known.
&lt; Quitting (on error).
&lt; ------------------ net/edge[1]@from:&lt;remove&gt;
&lt; Error: Edge's '2' from-node '' is not known.
&lt; Quitting (on error).
&lt; ------------------ net/edge[0]@function:a
&lt; Error: Attribute 'function' in definition of edge '1' is not a valid edge function.
&lt; Quitting (on error).
&lt; ------------------ net/edge[1]@function:a
&lt; Error: Attribute 'function' in definition of edge '2' is not a valid edge function.
&lt; Quitting (on error).
&lt; ------------------ net/edge[0]@id:
&lt; Error: Attribute 'id' in definition of a edge is empty.
&lt; Error: Found lane '1_0' not within edge element.
&lt;truncated after showing first 30 lines&gt;
---------- Differences in output ----------
1,2d0
&lt; Success.
&lt; Success.
5,59c3
&lt; &gt;&gt;&gt; ok...
&lt; 
&lt; Running broken net
&lt; Success.
&lt; Success.
&lt; Success.
&lt; Success.
&lt; Success.
&lt; Success.
&lt; Success.
&lt; Success.
&lt; Success.
&lt; Success.
&lt; Success.
&lt; Success.
&lt; Success.
&lt; Success.
&lt; Success.
&lt; Success.
&lt; Success.
&lt; Success.
&lt; Success.
&lt; Success.
&lt; Success.
&lt; Success.
&lt; Success.
&lt;truncated after showing first 30 lines&gt;
</PRE>
<A NAME="defaultbroken_nets sumo"></A>
<H4>TEST FAILED on ts-bapmsumm1bld : broken_nets sumo (
<A HREF="test_default.html#defaultbroken_nets sumo">Last six runs</A>
<A HREF="test_default_all_Nov2023.html#defaultbroken_nets sumo">Nov2023</A>

)</H4>

<PRE>---------- Differences in errors ----------
1,372c1,4
&lt; ------------------ net/edge[0]@from:
&lt; Error: Attribute 'from' in definition of edge '1' is empty.
&lt; Error: An unknown lane ('1_0') was tried to be set as incoming to junction '2'.
&lt; Error: Unknown from-edge '1' in connection.
&lt; Error: Unknown from-edge '1' in connection.
&lt; Error: Unknown from-node '' for edge '1'.
&lt; Quitting (on error).
&lt; ------------------ net/edge[1]@from:
&lt; Error: Attribute 'from' in definition of edge '2' is empty.
&lt; Error: An unknown lane ('2_0') was tried to be set as incoming to junction '3'.
&lt; Error: Unknown to-edge '2' in connection.
&lt; Error: Unknown to-edge '2' in connection.
&lt; Error: Unknown from-node '' for edge '2'.
&lt; Quitting (on error).
&lt; ------------------ net/edge[0]@from:a
&lt; Error: Unknown from-node 'a' for edge '1'.
&lt; Quitting (on error).
&lt; ------------------ net/edge[1]@from:a
&lt; Error: Unknown from-node 'a' for edge '2'.
&lt; Quitting (on error).
&lt; ------------------ net/edge[0]@from:&lt;remove&gt;
&lt; Error: Attribute 'from' is missing in definition of edge '1'.
&lt; Error: An unknown lane ('1_0') was tried to be set as incoming to junction '2'.
&lt; Error: Unknown from-edge '1' in connection.
&lt; Error: Unknown from-edge '1' in connection.
&lt; Error: Unknown from-node '' for edge '1'.
&lt; Quitting (on error).
&lt; ------------------ net/edge[1]@from:&lt;remove&gt;
&lt; Error: Attribute 'from' is missing in definition of edge '2'.
&lt;truncated after showing first 30 lines&gt;
---------- Differences in output ----------
1d0
&lt; Success.
4,6c3
&lt; &gt;&gt;&gt; ok...
&lt; 
&lt; Running broken net
---
&gt; Error on processing the 'correct' network!
</PRE>
<A NAME="defaultbroken_nets sumo_no_validation"></A>
<H4>TEST FAILED on ts-bapmsumm1bld : broken_nets sumo_no_validation (
<A HREF="test_default.html#defaultbroken_nets sumo_no_validation">Last six runs</A>
<A HREF="test_default_all_Nov2023.html#defaultbroken_nets sumo_no_validation">Nov2023</A>

)</H4>

<PRE>---------- Differences in errors ----------
1,420c1,4
&lt; ------------------ net/edge[0]@from:
&lt; Error: Attribute 'from' in definition of edge '1' is empty.
&lt; Error: An unknown lane ('1_0') was tried to be set as incoming to junction '2'.
&lt; Error: Unknown from-edge '1' in connection.
&lt; Error: Unknown from-edge '1' in connection.
&lt; Error: Unknown from-node '' for edge '1'.
&lt; Quitting (on error).
&lt; ------------------ net/edge[1]@from:
&lt; Error: Attribute 'from' in definition of edge '2' is empty.
&lt; Error: An unknown lane ('2_0') was tried to be set as incoming to junction '3'.
&lt; Error: Unknown to-edge '2' in connection.
&lt; Error: Unknown to-edge '2' in connection.
&lt; Error: Unknown from-node '' for edge '2'.
&lt; Quitting (on error).
&lt; ------------------ net/edge[0]@from:a
&lt; Error: Unknown from-node 'a' for edge '1'.
&lt; Quitting (on error).
&lt; ------------------ net/edge[1]@from:a
&lt; Error: Unknown from-node 'a' for edge '2'.
&lt; Quitting (on error).
&lt; ------------------ net/edge[0]@from:&lt;remove&gt;
&lt; Error: Attribute 'from' is missing in definition of edge '1'.
&lt; Error: An unknown lane ('1_0') was tried to be set as incoming to junction '2'.
&lt; Error: Unknown from-edge '1' in connection.
&lt; Error: Unknown from-edge '1' in connection.
&lt; Error: Unknown from-node '' for edge '1'.
&lt; Quitting (on error).
&lt; ------------------ net/edge[1]@from:&lt;remove&gt;
&lt; Error: Attribute 'from' is missing in definition of edge '2'.
&lt;truncated after showing first 30 lines&gt;
---------- Differences in output ----------
1d0
&lt; Success.
4,6c3
&lt; &gt;&gt;&gt; ok...
&lt; 
&lt; Running broken net
---
&gt; Error on processing the 'correct' network!
</PRE>
<A NAME="defaultfmi model_validation"></A>
<H4>TEST FAILED on ts-bapmsumm1bld : fmi model_validation (
<A HREF="test_default.html#defaultfmi model_validation">Last six runs</A>
<A HREF="test_default_all_Nov2023.html#defaultfmi model_validation">Nov2023</A>

)</H4>

<PRE>---------- Differences in errors ----------
0a1,10
&gt; Traceback (most recent call last):
&gt;   File "/Users/sumo/clangMacOS_M1/sumo/tests/../tests/complex/fmi/runner.py", line 153, in &lt;module&gt;
&gt;     runSingle(startTime, endTime, validate, scalarVariable)
&gt;   File "/Users/sumo/clangMacOS_M1/sumo/tests/../tests/complex/fmi/runner.py", line 56, in runSingle
&gt;     modelDescription = read_model_description(fmuLocation, validate=False)
&gt;   File "/opt/homebrew/lib/python3.9/site-packages/fmpy/model_description.py", line 440, in read_model_description
&gt;     with zipfile.ZipFile(filename, 'r') as zf:
&gt;   File "/opt/homebrew/Cellar/python@3.9/3.9.12_1/Frameworks/Python.framework/Versions/3.9/lib/python3.9/zipfile.py", line 1248, in __init__
&gt;     self.fp = io.open(file, filemode)
&gt; FileNotFoundError: [Errno 2] No such file or directory: '/Users/sumo/clangMacOS_M1/sumo/bin/sumo-fmi2-linux64.fmu'
---------- Differences in output ----------
1,3d0
&lt; FMU validation successful
&lt; Simulating libsumofmi2 (model name 'SUMO', FMI v2.0)...
&lt; Print ended at step 60.0
</PRE>
<A NAME="defaultfmi vehicle_getIDCount"></A>
<H4>TEST FAILED on ts-bapmsumm1bld : fmi vehicle_getIDCount (
<A HREF="test_default.html#defaultfmi vehicle_getIDCount">Last six runs</A>
<A HREF="test_default_all_Nov2023.html#defaultfmi vehicle_getIDCount">Nov2023</A>

)</H4>

<PRE>---------- Differences in errors ----------
0a1,10
&gt; Traceback (most recent call last):
&gt;   File "/Users/sumo/clangMacOS_M1/sumo/tests/../tests/complex/fmi/runner.py", line 153, in &lt;module&gt;
&gt;     runSingle(startTime, endTime, validate, scalarVariable)
&gt;   File "/Users/sumo/clangMacOS_M1/sumo/tests/../tests/complex/fmi/runner.py", line 56, in runSingle
&gt;     modelDescription = read_model_description(fmuLocation, validate=False)
&gt;   File "/opt/homebrew/lib/python3.9/site-packages/fmpy/model_description.py", line 440, in read_model_description
&gt;     with zipfile.ZipFile(filename, 'r') as zf:
&gt;   File "/opt/homebrew/Cellar/python@3.9/3.9.12_1/Frameworks/Python.framework/Versions/3.9/lib/python3.9/zipfile.py", line 1248, in __init__
&gt;     self.fp = io.open(file, filemode)
&gt; FileNotFoundError: [Errno 2] No such file or directory: '/Users/sumo/clangMacOS_M1/sumo/bin/sumo-fmi2-linux64.fmu'
---------- Differences in output ----------
1,63d0
&lt; FMU validation successful
&lt; Simulating libsumofmi2 (model name 'SUMO', FMI v2.0)...
&lt; TIME 1.0: vehicle.getIDCount = 6
&lt; TIME 2.0: vehicle.getIDCount = 6
&lt; TIME 3.0: vehicle.getIDCount = 6
&lt; TIME 4.0: vehicle.getIDCount = 7
&lt; TIME 5.0: vehicle.getIDCount = 7
&lt; TIME 6.0: vehicle.getIDCount = 8
&lt; TIME 7.0: vehicle.getIDCount = 8
&lt; TIME 8.0: vehicle.getIDCount = 9
&lt; TIME 9.0: vehicle.getIDCount = 9
&lt; TIME 10.0: vehicle.getIDCount = 9
&lt; TIME 11.0: vehicle.getIDCount = 9
&lt; TIME 12.0: vehicle.getIDCount = 9
&lt; TIME 13.0: vehicle.getIDCount = 10
&lt; TIME 14.0: vehicle.getIDCount = 10
&lt; TIME 15.0: vehicle.getIDCount = 10
&lt; TIME 16.0: vehicle.getIDCount = 11
&lt; TIME 17.0: vehicle.getIDCount = 11
&lt; TIME 18.0: vehicle.getIDCount = 12
&lt; TIME 19.0: vehicle.getIDCount = 12
&lt; TIME 20.0: vehicle.getIDCount = 12
&lt; TIME 21.0: vehicle.getIDCount = 13
&lt; TIME 22.0: vehicle.getIDCount = 13
&lt; TIME 23.0: vehicle.getIDCount = 13
&lt; TIME 24.0: vehicle.getIDCount = 13
&lt; TIME 25.0: vehicle.getIDCount = 13
&lt; TIME 26.0: vehicle.getIDCount = 12
&lt; TIME 27.0: vehicle.getIDCount = 10
&lt;truncated after showing first 30 lines&gt;
</PRE>
<A NAME="defaultfmi vehicle_getParameterWithKey"></A>
<H4>TEST FAILED on ts-bapmsumm1bld : fmi vehicle_getParameterWithKey (
<A HREF="test_default.html#defaultfmi vehicle_getParameterWithKey">Last six runs</A>
<A HREF="test_default_all_Nov2023.html#defaultfmi vehicle_getParameterWithKey">Nov2023</A>

)</H4>

<PRE>---------- Differences in errors ----------
0a1,10
&gt; Traceback (most recent call last):
&gt;   File "/Users/sumo/clangMacOS_M1/sumo/tests/../tests/complex/fmi/runner.py", line 153, in &lt;module&gt;
&gt;     runSingle(startTime, endTime, validate, scalarVariable)
&gt;   File "/Users/sumo/clangMacOS_M1/sumo/tests/../tests/complex/fmi/runner.py", line 56, in runSingle
&gt;     modelDescription = read_model_description(fmuLocation, validate=False)
&gt;   File "/opt/homebrew/lib/python3.9/site-packages/fmpy/model_description.py", line 440, in read_model_description
&gt;     with zipfile.ZipFile(filename, 'r') as zf:
&gt;   File "/opt/homebrew/Cellar/python@3.9/3.9.12_1/Frameworks/Python.framework/Versions/3.9/lib/python3.9/zipfile.py", line 1248, in __init__
&gt;     self.fp = io.open(file, filemode)
&gt; FileNotFoundError: [Errno 2] No such file or directory: '/Users/sumo/clangMacOS_M1/sumo/bin/sumo-fmi2-linux64.fmu'
---------- Differences in output ----------
1,4d0
&lt; FMU validation successful
&lt; Simulating libsumofmi2 (model name 'SUMO', FMI v2.0)...
&lt; key, value: 'meaningOfLife', '42'
&lt; Print ended at step 60.0
</PRE>
<A NAME="defaultfmi vehicle_moveToXY"></A>
<H4>TEST FAILED on ts-bapmsumm1bld : fmi vehicle_moveToXY (
<A HREF="test_default.html#defaultfmi vehicle_moveToXY">Last six runs</A>
<A HREF="test_default_all_Nov2023.html#defaultfmi vehicle_moveToXY">Nov2023</A>

)</H4>

<PRE>---------- Differences in errors ----------
0a1,10
&gt; Traceback (most recent call last):
&gt;   File "/Users/sumo/clangMacOS_M1/sumo/tests/../tests/complex/fmi/runner.py", line 153, in &lt;module&gt;
&gt;     runSingle(startTime, endTime, validate, scalarVariable)
&gt;   File "/Users/sumo/clangMacOS_M1/sumo/tests/../tests/complex/fmi/runner.py", line 56, in runSingle
&gt;     modelDescription = read_model_description(fmuLocation, validate=False)
&gt;   File "/opt/homebrew/lib/python3.9/site-packages/fmpy/model_description.py", line 440, in read_model_description
&gt;     with zipfile.ZipFile(filename, 'r') as zf:
&gt;   File "/opt/homebrew/Cellar/python@3.9/3.9.12_1/Frameworks/Python.framework/Versions/3.9/lib/python3.9/zipfile.py", line 1248, in __init__
&gt;     self.fp = io.open(file, filemode)
&gt; FileNotFoundError: [Errno 2] No such file or directory: '/Users/sumo/clangMacOS_M1/sumo/bin/sumo-fmi2-linux64.fmu'
---------- Differences in output ----------
1,91d0
&lt; FMU validation successful
&lt; Simulating libsumofmi2 (model name 'SUMO', FMI v2.0)...
&lt; TIME 0: laneID = ''
&lt; TIME 1.0: laneID = 'WE1_0'
&lt; currentPos = [0.0, -1.6]
&lt; targetPos = (10.0, -1.6)
&lt; TIME 2.0: laneID = 'WE1_0'
&lt; currentPos = [10.0, -1.6]
&lt; targetPos = (20.0, -1.6)
&lt; TIME 3.0: laneID = 'WE1_0'
&lt; currentPos = [20.0, -1.6]
&lt; targetPos = (30.0, -1.6)
&lt; TIME 4.0: laneID = 'WE1_0'
&lt; currentPos = [30.0, -1.6]
&lt; targetPos = (40.0, -1.6)
&lt; TIME 5.0: laneID = 'WE1_0'
&lt; currentPos = [40.0, -1.6]
&lt; targetPos = (50.0, -1.6)
&lt; TIME 6.0: laneID = ':J1_10_0'
&lt; currentPos = [50.0, -1.6]
&lt; targetPos = (60.0, -1.6)
&lt; TIME 7.0: laneID = 'WE2_0'
&lt; currentPos = [60.0, -1.6]
&lt; targetPos = (70.0, -1.6)
&lt; TIME 8.0: laneID = 'WE2_0'
&lt; currentPos = [70.0, -1.6]
&lt; targetPos = (80.0, -1.6)
&lt; TIME 9.0: laneID = 'WE2_0'
&lt; currentPos = [80.0, -1.6]
&lt;truncated after showing first 30 lines&gt;
</PRE>
<A NAME="defaultnetconvert dlr-navteq_roundtrip"></A>
<H4>TEST FAILED on ts-bapmsumm1bld : netconvert dlr-navteq_roundtrip (
<A HREF="test_default.html#defaultnetconvert dlr-navteq_roundtrip">Last six runs</A>
<A HREF="test_default_all_Nov2023.html#defaultnetconvert dlr-navteq_roundtrip">Nov2023</A>

)</H4>

<PRE>---------- Differences in errors ----------
1,7c1,6
&lt; Warning: Connection '27441289_0-&gt;7727482_0' is only 0.04m short.
&lt; Warning: Minor green from edge '27445180' to edge '24214694' exceeds 19.44m/s. Maybe a left-turn lane is missing.
&lt; Warning: Minor green from edge '27445016' to edge '27445089' exceeds 19.44m/s. Maybe a left-turn lane is missing.
&lt; Warning: Minor green from edge '27445181' to edge '27445088' exceeds 19.44m/s. Maybe a left-turn lane is missing.
&lt; Warning: Minor green from edge '-24214694' to edge '27445092' exceeds 19.44m/s. Maybe a left-turn lane is missing.
&lt; Warning: Minor green from edge '27445180' to edge '24214694' exceeds 19.44m/s. Maybe a left-turn lane is missing.
&lt; Warning: 8 total messages of type: Minor green from edge '%' to edge '%' exceeds %m/s. Maybe a left-turn lane is missing.
---
&gt; dyld[6068]: Library not loaded: /opt/homebrew/opt/libtiff/lib/libtiff.5.dylib
&gt;   Referenced from: &lt;3FEB9C56-E432-36C6-A940-FC254CC92FAB&gt; /opt/homebrew/Cellar/libgeotiff/1.7.1_1/lib/libgeotiff.5.dylib
&gt;   Reason: tried: '/opt/homebrew/opt/libtiff/lib/libtiff.5.dylib' (no such file), '/System/Volumes/Preboot/Cryptexes/OS/opt/homebrew/opt/libtiff/lib/libtiff.5.dylib' (no such file), '/opt/homebrew/opt/libtiff/lib/libtiff.5.dylib' (no such file), '/usr/local/lib/libtiff.5.dylib' (no such file), '/usr/lib/libtiff.5.dylib' (no such file, not in dyld cache), '/opt/homebrew/Cellar/libtiff/4.5.0/lib/libtiff.5.dylib' (no such file), '/System/Volumes/Preboot/Cryptexes/OS/opt/homebrew/Cellar/libtiff/4.5
.0/lib/libtiff.5.dylib' (no such file), '/opt/homebrew/Cellar/libtiff/4.5.0/lib/libtiff.5.dylib' (no such file), '/usr/local/lib/libtiff.5.dylib' (no such file), '/usr/lib/libtiff.5.dylib' (no such file, not in dyld cache)
&gt; dyld[6069]: Library not loaded: /opt/homebrew/opt/libtiff/lib/libtiff.5.dylib
&gt;   Referenced from: &lt;3FEB9C56-E432-36C6-A940-FC254CC92FAB&gt; /opt/homebrew/Cellar/libgeotiff/1.7.1_1/lib/libgeotiff.5.dylib
&gt;   Reason: tried: '/opt/homebrew/opt/libtiff/lib/libtiff.5.dylib' (no such file), '/System/Volumes/Preboot/Cryptexes/OS/opt/homebrew/opt/libtiff/lib/libtiff.5.dylib' (no such file), '/opt/homebrew/opt/libtiff/lib/libtiff.5.dylib' (no such file), '/usr/local/lib/libtiff.5.dylib' (no such file), '/usr/lib/libtiff.5.dylib' (no such file, not in dyld cache), '/opt/homebrew/Cellar/libtiff/4.5.0/lib/libtiff.5.dylib' (no such file), '/System/Volumes/Preboot/Cryptexes/OS/opt/homebrew/Cellar/libtiff/4.5
.0/lib/libtiff.5.dylib' (no such file), '/opt/homebrew/Cellar/libtiff/4.5.0/lib/libtiff.5.dylib' (no such file), '/usr/local/lib/libtiff.5.dylib' (no such file), '/usr/lib/libtiff.5.dylib' (no such file, not in dyld cache)
---------- Differences in output ----------
1,2d0
&lt; Success.
&lt; Success.
---------- Missing result in net ----------
&lt;?xml version="1.0" encoding="UTF-8"?&gt;


&lt;net version="1.16" junctionCornerDetail="5" limitTurnSpeed="5.50" xmlns:xsi="http://www.w3.org/2001/XMLSchema-instance" xsi:noNamespaceSchemaLocation="http://sumo.dlr.de/xsd/net_file.xsd"&gt;

    &lt;location netOffset="-399345.66,-5809362.43" convBoundary="0.00,0.00,1737.68,770.60" origBoundary="1351960.240000,5242549.880000,1354524.800000,5243232.070000" projParameter="+proj=utm +zone=33 +ellps=WGS84 +datum=WGS84 +units=m +no_defs"/&gt;

    &lt;edge id=":175648134_0" function="internal"&gt;
        &lt;lane id=":175648134_0_0" index="0" allow="bicycle" speed="3.65" length="4.67" shape="15.89,172.86 14.59,172.22 14.09,171.48 14.38,170.63 15.47,169.68"/&gt;
    &lt;/edge&gt;
    &lt;edge id=":261599791_0" function="internal"&gt;
        &lt;lane id=":261599791_0_0" index="0" speed="27.78" length="0.27" shape="34.70,184.52 34.45,184.56"/&gt;
        &lt;lane id=":261599791_0_1" index="1" speed="27.78" length="0.27" shape="34.29,181.35 34.00,181.39"/&gt;
    &lt;/edge&gt;
    &lt;edge id=":261599791_2" function="internal"&gt;
        &lt;lane id=":261599791_2_0" index="0" speed="3.65" length="2.34" shape="34.29,181.35 33.00,180.71 32.50,179.96"/&gt;
    &lt;/edge&gt;
    &lt;edge id=":261599791_6" function="internal"&gt;
        &lt;lane id=":261599791_6_0" index="0" speed="3.65" length="2.34" shape="32.50,179.96 32.80,179.12 33.88,178.17"/&gt;
    &lt;/edge&gt;
    &lt;edge id=":261599791_3" function="internal"&gt;
        &lt;lane id=":261599791_3_0" index="0" speed="27.78" length="0.36" shape="33.11,175.05 33.48,175.00"/&gt;
        &lt;lane id=":261599791_3_1" index="1" speed="27.78" length="0.36" shape="33.55,178.22 33.88,178.17"/&gt;
    &lt;/edge&gt;
    &lt;edge id=":261599791_5" function="internal"&gt;
        &lt;lane id=":261599791_5_0" index="0" speed="3.65" length="2.34" shape="33.55,178.22 34.85,178.84 35.36,179.58"/&gt;
    &lt;/edge&gt;
    &lt;edge id=":261599791_7" function="internal"&gt;
        &lt;lane id=":261599791_7_0" index="0" speed="3.65" length="2.34" shape="35.36,179.58 35.08,180.43 34.00,181.39"/&gt;
    &lt;/edge&gt;
&lt;truncated after showing first 30 lines&gt;
</PRE>
<A NAME="defaultnetconvert left_turn_noblocking_double_intersection"></A>
<H4>TEST FAILED on ts-bapmsumm1bld : netconvert left_turn_noblocking_double_intersection (
<A HREF="test_default.html#defaultnetconvert left_turn_noblocking_double_intersection">Last six runs</A>
<A HREF="test_default_all_Nov2023.html#defaultnetconvert left_turn_noblocking_double_intersection">Nov2023</A>

)</H4>

<PRE>---------- Differences in errors ----------
1,2c1,9
&lt; Warning: Intersecting left turns at junction 'cluster_node_C_node_C2' from lane 'edge_U2C2_0' and lane 'edge_D2C_0' (increase junction radius to avoid this).
&lt; Warning: Intersecting left turns at junction 'cluster_node_C_node_C2' from lane 'edge_R2C2_0' and lane 'edge_L2C_0' (increase junction radius to avoid this).
---
&gt; dyld[6046]: Library not loaded: /opt/homebrew/opt/libtiff/lib/libtiff.5.dylib
&gt;   Referenced from: &lt;3FEB9C56-E432-36C6-A940-FC254CC92FAB&gt; /opt/homebrew/Cellar/libgeotiff/1.7.1_1/lib/libgeotiff.5.dylib
&gt;   Reason: tried: '/opt/homebrew/opt/libtiff/lib/libtiff.5.dylib' (no such file), '/System/Volumes/Preboot/Cryptexes/OS/opt/homebrew/opt/libtiff/lib/libtiff.5.dylib' (no such file), '/opt/homebrew/opt/libtiff/lib/libtiff.5.dylib' (no such file), '/usr/local/lib/libtiff.5.dylib' (no such file), '/usr/lib/libtiff.5.dylib' (no such file, not in dyld cache), '/opt/homebrew/Cellar/libtiff/4.5.0/lib/libtiff.5.dylib' (no such file), '/System/Volumes/Preboot/Cryptexes/OS/opt/homebrew/Cellar/libtiff/4.5
.0/lib/libtiff.5.dylib' (no such file), '/opt/homebrew/Cellar/libtiff/4.5.0/lib/libtiff.5.dylib' (no such file), '/usr/local/lib/libtiff.5.dylib' (no such file), '/usr/lib/libtiff.5.dylib' (no such file, not in dyld cache)
&gt; Error: File 'joined.net.xml' is not accessible (No such file or directory).
&gt; Quitting (on error).
&gt; Traceback (most recent call last):
&gt;   File "/Users/sumo/clangMacOS_M1/sumo/tests/../tests/complex/netconvert/left_turn_noblocking_double_intersection/runner.py", line 57, in &lt;module&gt;
&gt;     with open(trips_output) as to:
&gt; FileNotFoundError: [Errno 2] No such file or directory: 'trips.log'
---------- Differences in output ----------
1,2d0
&lt; Success.
&lt; test passed. no blocking occured
</PRE>
<A NAME="defaultnetconvert left_turn_noblocking_longveh"></A>
<H4>TEST FAILED on ts-bapmsumm1bld : netconvert left_turn_noblocking_longveh (
<A HREF="test_default.html#defaultnetconvert left_turn_noblocking_longveh">Last six runs</A>
<A HREF="test_default_all_Nov2023.html#defaultnetconvert left_turn_noblocking_longveh">Nov2023</A>

)</H4>

<PRE>---------- Differences in errors ----------
0a1,9
&gt; dyld[6025]: Library not loaded: /opt/homebrew/opt/libtiff/lib/libtiff.5.dylib
&gt;   Referenced from: &lt;3FEB9C56-E432-36C6-A940-FC254CC92FAB&gt; /opt/homebrew/Cellar/libgeotiff/1.7.1_1/lib/libgeotiff.5.dylib
&gt;   Reason: tried: '/opt/homebrew/opt/libtiff/lib/libtiff.5.dylib' (no such file), '/System/Volumes/Preboot/Cryptexes/OS/opt/homebrew/opt/libtiff/lib/libtiff.5.dylib' (no such file), '/opt/homebrew/opt/libtiff/lib/libtiff.5.dylib' (no such file), '/usr/local/lib/libtiff.5.dylib' (no such file), '/usr/lib/libtiff.5.dylib' (no such file, not in dyld cache), '/opt/homebrew/Cellar/libtiff/4.5.0/lib/libtiff.5.dylib' (no such file), '/System/Volumes/Preboot/Cryptexes/OS/opt/homebrew/Cellar/libtiff/4.5
.0/lib/libtiff.5.dylib' (no such file), '/opt/homebrew/Cellar/libtiff/4.5.0/lib/libtiff.5.dylib' (no such file), '/usr/local/lib/libtiff.5.dylib' (no such file), '/usr/lib/libtiff.5.dylib' (no such file, not in dyld cache)
&gt; Error: File 'joined.net.xml' is not accessible (No such file or directory).
&gt; Quitting (on error).
&gt; Traceback (most recent call last):
&gt;   File "/Users/sumo/clangMacOS_M1/sumo/tests/../tests/complex/netconvert/left_turn_noblocking_longveh/runner.py", line 57, in &lt;module&gt;
&gt;     with open(trips_output) as to:
&gt; FileNotFoundError: [Errno 2] No such file or directory: 'trips.log'
---------- Differences in output ----------
1,2d0
&lt; Success.
&lt; test passed. no blocking occured
</PRE>
<A NAME="defaultnetconvert matsim_roundtrip"></A>
<H4>TEST FAILED on ts-bapmsumm1bld : netconvert matsim_roundtrip (
<A HREF="test_default.html#defaultnetconvert matsim_roundtrip">Last six runs</A>
<A HREF="test_default_all_Nov2023.html#defaultnetconvert matsim_roundtrip">Nov2023</A>

)</H4>

<PRE>---------- Differences in errors ----------
1,7c1,6
&lt; Warning: Connection '27441289_0-&gt;7727482_0' is only 0.04m short.
&lt; Warning: Ambiguity in turnarounds computation at junction '294168098'.
&lt; Warning: Ambiguity in turnarounds computation at junction '294168710'.
&lt; Warning: Ambiguity in turnarounds computation at junction '294830184'.
&lt; Warning: Ambiguity in turnarounds computation at junction '294830189'.
&lt; Warning: Ambiguity in turnarounds computation at junction '294831560'.
&lt; Warning: 6 total messages of type: Ambiguity in turnarounds computation at junction '%'.
---
&gt; dyld[6073]: Library not loaded: /opt/homebrew/opt/libtiff/lib/libtiff.5.dylib
&gt;   Referenced from: &lt;3FEB9C56-E432-36C6-A940-FC254CC92FAB&gt; /opt/homebrew/Cellar/libgeotiff/1.7.1_1/lib/libgeotiff.5.dylib
&gt;   Reason: tried: '/opt/homebrew/opt/libtiff/lib/libtiff.5.dylib' (no such file), '/System/Volumes/Preboot/Cryptexes/OS/opt/homebrew/opt/libtiff/lib/libtiff.5.dylib' (no such file), '/opt/homebrew/opt/libtiff/lib/libtiff.5.dylib' (no such file), '/usr/local/lib/libtiff.5.dylib' (no such file), '/usr/lib/libtiff.5.dylib' (no such file, not in dyld cache), '/opt/homebrew/Cellar/libtiff/4.5.0/lib/libtiff.5.dylib' (no such file), '/System/Volumes/Preboot/Cryptexes/OS/opt/homebrew/Cellar/libtiff/4.5
.0/lib/libtiff.5.dylib' (no such file), '/opt/homebrew/Cellar/libtiff/4.5.0/lib/libtiff.5.dylib' (no such file), '/usr/local/lib/libtiff.5.dylib' (no such file), '/usr/lib/libtiff.5.dylib' (no such file, not in dyld cache)
&gt; dyld[6075]: Library not loaded: /opt/homebrew/opt/libtiff/lib/libtiff.5.dylib
&gt;   Referenced from: &lt;3FEB9C56-E432-36C6-A940-FC254CC92FAB&gt; /opt/homebrew/Cellar/libgeotiff/1.7.1_1/lib/libgeotiff.5.dylib
&gt;   Reason: tried: '/opt/homebrew/opt/libtiff/lib/libtiff.5.dylib' (no such file), '/System/Volumes/Preboot/Cryptexes/OS/opt/homebrew/opt/libtiff/lib/libtiff.5.dylib' (no such file), '/opt/homebrew/opt/libtiff/lib/libtiff.5.dylib' (no such file), '/usr/local/lib/libtiff.5.dylib' (no such file), '/usr/lib/libtiff.5.dylib' (no such file, not in dyld cache), '/opt/homebrew/Cellar/libtiff/4.5.0/lib/libtiff.5.dylib' (no such file), '/System/Volumes/Preboot/Cryptexes/OS/opt/homebrew/Cellar/libtiff/4.5
.0/lib/libtiff.5.dylib' (no such file), '/opt/homebrew/Cellar/libtiff/4.5.0/lib/libtiff.5.dylib' (no such file), '/usr/local/lib/libtiff.5.dylib' (no such file), '/usr/lib/libtiff.5.dylib' (no such file, not in dyld cache)
---------- Differences in output ----------
1,2d0
&lt; Success.
&lt; Success.
---------- Missing result in net ----------
&lt;?xml version="1.0" encoding="UTF-8"?&gt;


&lt;net version="1.16" junctionCornerDetail="5" limitTurnSpeed="5.50" xmlns:xsi="http://www.w3.org/2001/XMLSchema-instance" xsi:noNamespaceSchemaLocation="http://sumo.dlr.de/xsd/net_file.xsd"&gt;

    &lt;location netOffset="0.00,-19.68" convBoundary="0.00,0.00,1737.68,747.71" origBoundary="0.00,19.68,1737.68,767.39" projParameter="!"/&gt;

    &lt;edge id=":175648134_0" function="internal"&gt;
        &lt;lane id=":175648134_0_0" index="0" speed="3.65" length="4.67" shape="15.89,149.97 14.59,149.33 14.09,148.59 14.39,147.74 15.47,146.79"/&gt;
    &lt;/edge&gt;
    &lt;edge id=":261599791_0" function="internal"&gt;
        &lt;lane id=":261599791_0_0" index="0" speed="27.78" length="0.23" shape="34.71,161.64 34.51,161.66"/&gt;
        &lt;lane id=":261599791_0_1" index="1" speed="27.78" length="0.23" shape="34.31,158.46 34.06,158.49"/&gt;
    &lt;/edge&gt;
    &lt;edge id=":261599791_2" function="internal"&gt;
        &lt;lane id=":261599791_2_0" index="0" speed="27.78" length="0.34" shape="33.15,152.16 33.52,152.11"/&gt;
        &lt;lane id=":261599791_2_1" index="1" speed="27.78" length="0.34" shape="33.60,155.33 33.91,155.28"/&gt;
    &lt;/edge&gt;
    &lt;edge id=":261636677_0" function="internal"&gt;
        &lt;lane id=":261636677_0_0" index="0" speed="13.89" length="5.43" shape="1122.01,93.47 1121.38,94.93 1120.80,95.87 1120.06,96.71 1118.96,97.89"/&gt;
    &lt;/edge&gt;
    &lt;edge id=":261636677_1" function="internal"&gt;
        &lt;lane id=":261636677_1_0" index="0" speed="5.27" length="4.77" shape="1122.01,93.47 1120.57,96.38 1119.43,97.03 1119.34,96.84"/&gt;
    &lt;/edge&gt;
    &lt;edge id=":261636677_4" function="internal"&gt;
        &lt;lane id=":261636677_4_0" index="0" speed="5.27" length="5.55" shape="1119.34,96.84 1118.59,95.40 1118.05,91.51"/&gt;
    &lt;/edge&gt;
    &lt;edge id=":261636677_2" function="internal"&gt;
        &lt;lane id=":261636677_2_0" index="0" speed="7.05" length="4.59" shape="1116.60,95.72 1117.30,94.79 1117.78,93.77 1118.03,92.68 1118.05,91.51"/&gt;
    &lt;/edge&gt;
&lt;truncated after showing first 30 lines&gt;
</PRE>
<A NAME="defaultnetconvert opendrive_roundtrip"></A>
<H4>TEST FAILED on ts-bapmsumm1bld : netconvert opendrive_roundtrip (
<A HREF="test_default.html#defaultnetconvert opendrive_roundtrip">Last six runs</A>
<A HREF="test_default_all_Nov2023.html#defaultnetconvert opendrive_roundtrip">Nov2023</A>

)</H4>

<PRE>---------- Differences in errors ----------
1,3c1,6
&lt; Warning: Could not compute smooth shape from lane '-25944605_0' to lane '6137239#2_0'. Use option 'junctions.scurve-stretch' or increase radius of junction 'cluster_283018937_38919841' to fix this.
&lt; Warning: Found sharp turn with radius 2.14 at the end of edge '-823'.
&lt; Warning: Found sharp turn with radius 2.14 at the start of edge '-929'.
---
&gt; dyld[6088]: Library not loaded: /opt/homebrew/opt/libtiff/lib/libtiff.5.dylib
&gt;   Referenced from: &lt;3FEB9C56-E432-36C6-A940-FC254CC92FAB&gt; /opt/homebrew/Cellar/libgeotiff/1.7.1_1/lib/libgeotiff.5.dylib
&gt;   Reason: tried: '/opt/homebrew/opt/libtiff/lib/libtiff.5.dylib' (no such file), '/System/Volumes/Preboot/Cryptexes/OS/opt/homebrew/opt/libtiff/lib/libtiff.5.dylib' (no such file), '/opt/homebrew/opt/libtiff/lib/libtiff.5.dylib' (no such file), '/usr/local/lib/libtiff.5.dylib' (no such file), '/usr/lib/libtiff.5.dylib' (no such file, not in dyld cache), '/opt/homebrew/Cellar/libtiff/4.5.0/lib/libtiff.5.dylib' (no such file), '/System/Volumes/Preboot/Cryptexes/OS/opt/homebrew/Cellar/libtiff/4.5
.0/lib/libtiff.5.dylib' (no such file), '/opt/homebrew/Cellar/libtiff/4.5.0/lib/libtiff.5.dylib' (no such file), '/usr/local/lib/libtiff.5.dylib' (no such file), '/usr/lib/libtiff.5.dylib' (no such file, not in dyld cache)
&gt; dyld[6089]: Library not loaded: /opt/homebrew/opt/libtiff/lib/libtiff.5.dylib
&gt;   Referenced from: &lt;3FEB9C56-E432-36C6-A940-FC254CC92FAB&gt; /opt/homebrew/Cellar/libgeotiff/1.7.1_1/lib/libgeotiff.5.dylib
&gt;   Reason: tried: '/opt/homebrew/opt/libtiff/lib/libtiff.5.dylib' (no such file), '/System/Volumes/Preboot/Cryptexes/OS/opt/homebrew/opt/libtiff/lib/libtiff.5.dylib' (no such file), '/opt/homebrew/opt/libtiff/lib/libtiff.5.dylib' (no such file), '/usr/local/lib/libtiff.5.dylib' (no such file), '/usr/lib/libtiff.5.dylib' (no such file, not in dyld cache), '/opt/homebrew/Cellar/libtiff/4.5.0/lib/libtiff.5.dylib' (no such file), '/System/Volumes/Preboot/Cryptexes/OS/opt/homebrew/Cellar/libtiff/4.5
.0/lib/libtiff.5.dylib' (no such file), '/opt/homebrew/Cellar/libtiff/4.5.0/lib/libtiff.5.dylib' (no such file), '/usr/local/lib/libtiff.5.dylib' (no such file), '/usr/lib/libtiff.5.dylib' (no such file, not in dyld cache)
---------- Differences in output ----------
1,2d0
&lt; Success.
&lt; Success.
---------- Missing result in net ----------
&lt;?xml version="1.0" encoding="UTF-8"?&gt;


&lt;net version="1.16" junctionCornerDetail="5" rectangularLaneCut="true" limitTurnSpeed="5.50" xmlns:xsi="http://www.w3.org/2001/XMLSchema-instance" xsi:noNamespaceSchemaLocation="http://sumo.dlr.de/xsd/net_file.xsd"&gt;

    &lt;location netOffset="-399345.64,-5809365.92" convBoundary="0.00,0.00,1738.51,765.99" origBoundary="0.000000,0.000000,0.000000,0.000000" projParameter="+proj=utm +zone=33 +ellps=WGS84 +datum=WGS84 +units=m +no_defs

        "/&gt;

    &lt;type id="biking" priority="1" speed="22.22" allow="bicycle" width="1.50"/&gt;
    &lt;type id="driving" priority="1" speed="22.22" disallow="pedestrian" width="3.65"/&gt;
    &lt;type id="restricted" priority="1" speed="22.22" allow="pedestrian bicycle" width="1.50"/&gt;
    &lt;type id="sidewalk" priority="1" speed="22.22" allow="pedestrian" width="2.50"/&gt;

    &lt;edge id=":1_0" function="internal"&gt;
        &lt;lane id=":1_0_0" index="0" disallow="pedestrian" speed="3.65" length="4.67" width="3.20" shape="471.07,47.45 471.77,46.19 472.53,45.72 473.36,46.05 474.26,47.18"/&gt;
    &lt;/edge&gt;
    &lt;edge id=":10_0" function="internal"&gt;
        &lt;lane id=":10_0_0" index="0" disallow="all" speed="11.11" length="22.90" width="3.20" shape="377.18,471.96 373.02,469.17 367.61,465.56 362.09,462.21 357.57,460.25"/&gt;
    &lt;/edge&gt;
    &lt;edge id=":10_1" function="internal"&gt;
        &lt;lane id=":10_1_0" index="0" disallow="all" speed="5.83" length="13.79" width="3.20" shape="377.18,471.96 375.07,469.09 375.37,465.77 377.55,463.25 381.09,462.80"/&gt;
    &lt;/edge&gt;
    &lt;edge id=":10_2" function="internal"&gt;
        &lt;lane id=":10_2_0" index="0" allow="pedestrian" speed="3.65" length="4.67" width="3.20" shape="377.18,471.96 376.60,470.64 376.68,469.75 377.45,469.29 378.89,469.25"/&gt;
    &lt;/edge&gt;
    &lt;edge id=":10_3" function="internal"&gt;
        &lt;lane id=":10_3_0" index="0" disallow="all" speed="5.50" length="12.04" width="3.20" shape="380.31,465.90 376.05,465.08 374.40,465.36 375.34,466.75 378.89,469.25"/&gt;
    &lt;/edge&gt;
    &lt;edge id=":10_4" function="internal"&gt;
&lt;truncated after showing first 30 lines&gt;
</PRE>
<A NAME="defaultnetconvert osm_roundtrip"></A>
<H4>TEST FAILED on ts-bapmsumm1bld : netconvert osm_roundtrip (
<A HREF="test_default.html#defaultnetconvert osm_roundtrip">Last six runs</A>
<A HREF="test_default_all_Nov2023.html#defaultnetconvert osm_roundtrip">Nov2023</A>

)</H4>

<PRE>---------- Differences in errors ----------
1,27c1,14
&lt; Warning: Discarding unusable type 'waterway.riverbank' (first occurrence for edge '4616435').
&lt; Warning: Discarding unusable type 'waterway.canal' (first occurrence for edge '5363708').
&lt; Warning: Discarding unknown compound 'cycleway.opposite_track' in type 'cycleway.opposite_track|highway.primary' (first occurrence for edge '7216737').
&lt; Warning: Discarding unusable type 'railway.construction' (first occurrence for edge '11390634').
&lt; Warning: Discarding unusable type 'highway.construction' (first occurrence for edge '24154002').
&lt; Warning: Discarding unknown compound 'cycleway.track' in type 'cycleway.track|highway.primary' (first occurrence for edge '24214693').
&lt; Warning: PT line in relation 35040 with no stops ignored. Probably OSM file is incomplete.
&lt; Warning: PT line in relation 35055 with no stops ignored. Probably OSM file is incomplete.
&lt; Warning: PT line in relation 35032 with no stops ignored. Probably OSM file is incomplete.
&lt; Warning: Reducing junction cluster 283018817,38919652,38919712,38919808 (parallel incoming 6137233#4,6137239#2).
&lt; Warning: Minor green from edge '7216737#3' to edge '-25951490' exceeds 19.44m/s. Maybe a left-turn lane is missing.
&lt; Warning: Minor green from edge '7216737#3' to edge '22917251' exceeds 19.44m/s. Maybe a left-turn lane is missing.
&lt; Warning: Minor green from edge '-24214693#0' to edge '-25951490' exceeds 19.44m/s. Maybe a left-turn lane is missing.
&lt; Warning: Minor green from edge '-24214693#0' to edge '22917251' exceeds 19.44m/s. Maybe a left-turn lane is missing.
&lt; Warning: Minor green from edge '-24214693#0' to edge '-7727483#3' exceeds 19.44m/s. Maybe a left-turn lane is missing.
&lt; Warning: 8 total messages of type: Minor green from edge '%' to edge '%' exceeds %m/s. Maybe a left-turn lane is missing.
&lt; --- 
&lt; +++ 
&lt; @@ -887,7 +887,7 @@
&lt;      &lt;junction id="38919927" type="priority" x="297.39" y="446.01" incLanes="-6137233#0_0" intLanes="" shape="297.39,446.01 296.76,449.15 297.39,446.01"&gt;
&lt;          &lt;request index="0" response="0" foes="0"/&gt;
&lt;      &lt;/junction&gt;
&lt; -    &lt;junction id="38920501" type="priority" x="495.47" y="311.99" incLanes="-7727483#0_0 27441289_0" intLanes="" shape="492.27,312.15 498.66,311.83 498.65,311.60"&gt;
&lt; +    &lt;junction id="38920501" type="priority" x="495.47" y="311.99" incLanes="-7727483#0_0 27441289_0" intLanes="" shape="492.27,312.13 498.66,311.82 498.65,311.57"&gt;
&lt;          &lt;request index="0" response="00" foes="00"/&gt;
&lt;          &lt;request index="1" response="00" foes="00"/&gt;
&lt;      &lt;/junction&gt;
---
&gt; dyld[6047]: Library not loaded: /opt/homebrew/opt/libtiff/lib/libtiff.5.dylib
&lt;truncated after showing first 30 lines&gt;
---------- Differences in output ----------
1,2d0
&lt; Success.
&lt; Success.
---------- Missing result in net ----------
&lt;?xml version="1.0" encoding="UTF-8"?&gt;


&lt;net version="1.16" junctionCornerDetail="5" limitTurnSpeed="5.50" xmlns:xsi="http://www.w3.org/2001/XMLSchema-instance" xsi:noNamespaceSchemaLocation="http://sumo.dlr.de/xsd/net_file.xsd"&gt;

    &lt;location netOffset="-399345.66,-5809365.64" convBoundary="-1.27,0.00,1737.68,767.39" origBoundary="13.364829,52.425528,13.574263,52.459607" projParameter="+proj=utm +zone=33 +ellps=WGS84 +datum=WGS84 +units=m +no_defs"/&gt;

    &lt;type id="highway.cycleway" priority="1" numLanes="1" speed="5.56" allow="bicycle" oneway="0" width="2.00"/&gt;
    &lt;type id="highway.footway" priority="1" numLanes="1" speed="2.78" allow="pedestrian" oneway="1" width="2.00"/&gt;
    &lt;type id="highway.primary" priority="12" numLanes="2" speed="27.78" disallow="tram rail_urban rail rail_electric rail_fast ship" oneway="0"/&gt;
    &lt;type id="highway.residential" priority="3" numLanes="1" speed="13.89" disallow="tram rail_urban rail rail_electric rail_fast ship" oneway="0"/&gt;
    &lt;type id="highway.service" priority="1" numLanes="1" speed="5.56" allow="pedestrian delivery bicycle" oneway="0"/&gt;
    &lt;type id="highway.tertiary" priority="10" numLanes="1" speed="22.22" disallow="tram rail_urban rail rail_electric rail_fast ship" oneway="0"/&gt;

    &lt;edge id="-22917251" from="32266936" to="cluster_32266935_32266938" priority="10" type="highway.tertiary" shape="472.77,49.00 477.79,107.21"&gt;
        &lt;lane id="-22917251_0" index="0" disallow="tram rail_urban rail rail_electric rail_fast ship" speed="22.22" length="65.35" shape="474.36,48.86 478.88,101.24"/&gt;
    &lt;/edge&gt;
    &lt;edge id="-24214693#0" from="261599791" to="cluster_32266935_32266938" priority="12" type="highway.primary" shape="33.97,176.57 202.12,155.05 478.98,121.02"&gt;
        &lt;lane id="-24214693#0_0" index="0" disallow="tram rail_urban rail rail_electric rail_fast ship" speed="27.78" length="451.38" shape="33.50,171.79 201.52,150.29 471.02,117.16"/&gt;
        &lt;lane id="-24214693#0_1" index="1" disallow="tram rail_urban rail rail_electric rail_fast ship" speed="27.78" length="451.38" shape="33.91,174.96 201.92,153.46 471.41,120.34"/&gt;
    &lt;/edge&gt;
    &lt;edge id="-24214693#1" from="57343510" to="261599791" priority="12" type="highway.primary"&gt;
        &lt;lane id="-24214693#1_0" index="0" disallow="tram rail_urban rail rail_electric rail_fast ship" speed="27.78" length="19.32" shape="14.17,174.56 33.15,171.84"/&gt;
        &lt;lane id="-24214693#1_1" index="1" disallow="tram rail_urban rail rail_electric rail_fast ship" speed="27.78" length="19.32" shape="14.62,177.73 33.60,175.01"/&gt;
    &lt;/edge&gt;
    &lt;edge id="-25951490" from="cluster_32266935_32266938" to="175648134" priority="1" type="highway.cycleway" shape="477.79,107.21 15.68,168.06"&gt;
        &lt;lane id="-25951490_0" index="0" allow="bicycle" speed="5.56" length="468.46" width="2.00" shape="470.04,109.24 15.81,169.05"/&gt;
    &lt;/edge&gt;
    &lt;edge id="-26816413#0" from="294168710" to="56231597" priority="1" type="highway.service"&gt;
        &lt;lane id="-26816413#0_0" index="0" allow="pedestrian delivery bicycle" speed="5.56" length="65.21" shape="588.85,339.98 631.42,378.95"/&gt;
&lt;truncated after showing first 30 lines&gt;
</PRE>
<A NAME="defaultscenario_generation cross RiLSA1"></A>
<H4>TEST FAILED on ts-bapmsumm1bld : scenario_generation cross RiLSA1 (
<A HREF="test_default.html#defaultscenario_generation cross RiLSA1">Last six runs</A>
<A HREF="test_default_all_Nov2023.html#defaultscenario_generation cross RiLSA1">Nov2023</A>

)</H4>

<PRE>---------- Differences in errors ----------
0a1,3
&gt; dyld[7488]: Library not loaded: /opt/homebrew/opt/libtiff/lib/libtiff.5.dylib
&gt;   Referenced from: &lt;3FEB9C56-E432-36C6-A940-FC254CC92FAB&gt; /opt/homebrew/Cellar/libgeotiff/1.7.1_1/lib/libgeotiff.5.dylib
&gt;   Reason: tried: '/opt/homebrew/opt/libtiff/lib/libtiff.5.dylib' (no such file), '/System/Volumes/Preboot/Cryptexes/OS/opt/homebrew/opt/libtiff/lib/libtiff.5.dylib' (no such file), '/opt/homebrew/opt/libtiff/lib/libtiff.5.dylib' (no such file), '/usr/local/lib/libtiff.5.dylib' (no such file), '/usr/lib/libtiff.5.dylib' (no such file, not in dyld cache), '/opt/homebrew/Cellar/libtiff/4.5.0/lib/libtiff.5.dylib' (no such file), '/System/Volumes/Preboot/Cryptexes/OS/opt/homebrew/Cellar/libtiff/4.5
.0/lib/libtiff.5.dylib' (no such file), '/opt/homebrew/Cellar/libtiff/4.5.0/lib/libtiff.5.dylib' (no such file), '/usr/local/lib/libtiff.5.dylib' (no such file), '/usr/lib/libtiff.5.dylib' (no such file, not in dyld cache)
---------- Differences in output ----------
1,43d0
&lt; Parsing nodes from (FILE)
&lt; Parsing edges from (FILE)
&lt; Parsing connections from (FILE)
&lt;  Import done:
&lt;    21 nodes loaded.
&lt;    16 edges loaded.
&lt; The split of edges was performed 8 times.
&lt; Removing self-loops ... done ((TIME)).
&lt; Removing empty nodes ... done ((TIME)).
&lt;    8 nodes removed.
&lt; Moving network to origin ... done ((TIME)).
&lt; Computing turning directions ... done ((TIME)).
&lt; Assigning nodes to traffic lights ... done ((TIME)).
&lt; Sorting nodes' edges ... done ((TIME)).
&lt; Computing node shapes ... done ((TIME)).
&lt; Computing edge shapes ... done ((TIME)).
&lt; Computing node types ... done ((TIME)).
&lt; Computing priorities ... done ((TIME)).
&lt; Computing approached edges ... done ((TIME)).
&lt; Guessing and setting roundabouts ... done ((TIME)).
&lt; Computing approaching lanes ... done ((TIME)).
&lt; Dividing of lanes on approached lanes ... done ((TIME)).
&lt; Processing turnarounds ... done ((TIME)).
&lt; Rechecking of lane endings ... done ((TIME)).
&lt; Computing traffic light control information ... done ((TIME)).
&lt; Computing node logics ... done ((TIME)).
&lt; Computing traffic light logics ... done ((TIME)).
&lt;  1 traffic light(s) computed.
&lt; Building inner edges ... done ((TIME)).
&lt;truncated after showing first 30 lines&gt;
---------- Missing result in net ----------
&lt;?xml version="1.0" encoding="UTF-8"?&gt;


&lt;net version="1.16" junctionCornerDetail="5" limitTurnSpeed="5.50" xmlns:xsi="http://www.w3.org/2001/XMLSchema-instance" xsi:noNamespaceSchemaLocation="http://sumo.dlr.de/xsd/net_file.xsd"&gt;

    &lt;location netOffset="0.00,0.00" convBoundary="0.00,0.00,1000.00,1000.00" origBoundary="0.00,0.00,1000.00,1000.00" projParameter="!"/&gt;

    &lt;edge id=":0/1_0" function="internal"&gt;
        &lt;lane id=":0/1_0_0" index="0" speed="3.65" length="4.67" shape="0.00,501.60 -1.20,500.80 -1.60,500.00 -1.20,499.20 0.00,498.40"/&gt;
    &lt;/edge&gt;
    &lt;edge id=":0/1_to_1/1.-100_0" function="internal"&gt;
        &lt;lane id=":0/1_to_1/1.-100_0_0" index="0" speed="13.89" length="8.40" shape="396.00,498.40 398.46,497.90 400.00,496.80 401.54,495.70 404.00,495.20"/&gt;
        &lt;lane id=":0/1_to_1/1.-100_0_1" index="1" speed="13.89" length="8.40" shape="396.00,498.40 404.00,498.40"/&gt;
    &lt;/edge&gt;
    &lt;edge id=":1/0_0" function="internal"&gt;
        &lt;lane id=":1/0_0_0" index="0" speed="3.65" length="4.67" shape="498.40,0.00 499.20,-1.20 500.00,-1.60 500.80,-1.20 501.60,0.00"/&gt;
    &lt;/edge&gt;
    &lt;edge id=":1/0_to_1/1.-100_0" function="internal"&gt;
        &lt;lane id=":1/0_to_1/1.-100_0_0" index="0" speed="13.89" length="8.40" shape="501.60,396.00 502.10,398.46 503.20,400.00 504.30,401.54 504.80,404.00"/&gt;
        &lt;lane id=":1/0_to_1/1.-100_0_1" index="1" speed="13.89" length="8.40" shape="501.60,396.00 501.60,404.00"/&gt;
    &lt;/edge&gt;
    &lt;edge id=":1/1_0" function="internal"&gt;
        &lt;lane id=":1/1_0_0" index="0" speed="7.33" length="11.73" shape="495.20,510.40 494.85,506.55 493.80,503.80 492.05,502.15 489.60,501.60"/&gt;
    &lt;/edge&gt;
    &lt;edge id=":1/1_1" function="internal"&gt;
        &lt;lane id=":1/1_1_0" index="0" speed="13.89" length="21.09" shape="495.20,510.40 495.70,503.63 496.80,498.12 497.90,493.55 498.40,489.60"/&gt;
    &lt;/edge&gt;
    &lt;edge id=":1/1_2" function="internal"&gt;
        &lt;lane id=":1/1_2_0" index="0" speed="9.26" length="7.32" shape="498.40,510.40 499.15,505.15 500.19,503.42"/&gt;
    &lt;/edge&gt;
&lt;truncated after showing first 30 lines&gt;
</PRE>
<A NAME="defaultscenario_generation cross RiLSA3"></A>
<H4>TEST FAILED on ts-bapmsumm1bld : scenario_generation cross RiLSA3 (
<A HREF="test_default.html#defaultscenario_generation cross RiLSA3">Last six runs</A>
<A HREF="test_default_all_Nov2023.html#defaultscenario_generation cross RiLSA3">Nov2023</A>

)</H4>

<PRE>---------- Differences in errors ----------
0a1,3
&gt; dyld[7525]: Library not loaded: /opt/homebrew/opt/libtiff/lib/libtiff.5.dylib
&gt;   Referenced from: &lt;3FEB9C56-E432-36C6-A940-FC254CC92FAB&gt; /opt/homebrew/Cellar/libgeotiff/1.7.1_1/lib/libgeotiff.5.dylib
&gt;   Reason: tried: '/opt/homebrew/opt/libtiff/lib/libtiff.5.dylib' (no such file), '/System/Volumes/Preboot/Cryptexes/OS/opt/homebrew/opt/libtiff/lib/libtiff.5.dylib' (no such file), '/opt/homebrew/opt/libtiff/lib/libtiff.5.dylib' (no such file), '/usr/local/lib/libtiff.5.dylib' (no such file), '/usr/lib/libtiff.5.dylib' (no such file, not in dyld cache), '/opt/homebrew/Cellar/libtiff/4.5.0/lib/libtiff.5.dylib' (no such file), '/System/Volumes/Preboot/Cryptexes/OS/opt/homebrew/Cellar/libtiff/4.5
.0/lib/libtiff.5.dylib' (no such file), '/opt/homebrew/Cellar/libtiff/4.5.0/lib/libtiff.5.dylib' (no such file), '/usr/local/lib/libtiff.5.dylib' (no such file), '/usr/lib/libtiff.5.dylib' (no such file, not in dyld cache)
---------- Differences in output ----------
1,43d0
&lt; Parsing nodes from (FILE)
&lt; Parsing edges from (FILE)
&lt; Parsing connections from (FILE)
&lt;  Import done:
&lt;    19 nodes loaded.
&lt;    15 edges loaded.
&lt; The split of edges was performed 7 times.
&lt; Removing self-loops ... done ((TIME)).
&lt; Removing empty nodes ... done ((TIME)).
&lt;    7 nodes removed.
&lt; Moving network to origin ... done ((TIME)).
&lt; Computing turning directions ... done ((TIME)).
&lt; Assigning nodes to traffic lights ... done ((TIME)).
&lt; Sorting nodes' edges ... done ((TIME)).
&lt; Computing node shapes ... done ((TIME)).
&lt; Computing edge shapes ... done ((TIME)).
&lt; Computing node types ... done ((TIME)).
&lt; Computing priorities ... done ((TIME)).
&lt; Computing approached edges ... done ((TIME)).
&lt; Guessing and setting roundabouts ... done ((TIME)).
&lt; Computing approaching lanes ... done ((TIME)).
&lt; Dividing of lanes on approached lanes ... done ((TIME)).
&lt; Processing turnarounds ... done ((TIME)).
&lt; Rechecking of lane endings ... done ((TIME)).
&lt; Computing traffic light control information ... done ((TIME)).
&lt; Computing node logics ... done ((TIME)).
&lt; Computing traffic light logics ... done ((TIME)).
&lt;  1 traffic light(s) computed.
&lt; Building inner edges ... done ((TIME)).
&lt;truncated after showing first 30 lines&gt;
---------- Missing result in net ----------
&lt;?xml version="1.0" encoding="UTF-8"?&gt;


&lt;net version="1.16" junctionCornerDetail="5" limitTurnSpeed="5.50" xmlns:xsi="http://www.w3.org/2001/XMLSchema-instance" xsi:noNamespaceSchemaLocation="http://sumo.dlr.de/xsd/net_file.xsd"&gt;

    &lt;location netOffset="0.00,0.00" convBoundary="0.00,0.00,1000.00,1000.00" origBoundary="0.00,0.00,1000.00,1000.00" projParameter="!"/&gt;

    &lt;edge id=":0/1_0" function="internal"&gt;
        &lt;lane id=":0/1_0_0" index="0" speed="3.65" length="4.67" shape="0.00,501.60 -1.20,500.80 -1.60,500.00 -1.20,499.20 0.00,498.40"/&gt;
    &lt;/edge&gt;
    &lt;edge id=":0/1_to_1/1.-100_0" function="internal"&gt;
        &lt;lane id=":0/1_to_1/1.-100_0_0" index="0" speed="13.89" length="8.40" shape="396.00,498.40 398.46,497.90 400.00,496.80 401.54,495.70 404.00,495.20"/&gt;
        &lt;lane id=":0/1_to_1/1.-100_0_1" index="1" speed="13.89" length="8.40" shape="396.00,498.40 404.00,498.40"/&gt;
    &lt;/edge&gt;
    &lt;edge id=":1/0_0" function="internal"&gt;
        &lt;lane id=":1/0_0_0" index="0" speed="3.65" length="4.67" shape="498.40,0.00 499.20,-1.20 500.00,-1.60 500.80,-1.20 501.60,0.00"/&gt;
    &lt;/edge&gt;
    &lt;edge id=":1/1_0" function="internal"&gt;
        &lt;lane id=":1/1_0_0" index="0" speed="7.33" length="11.73" shape="495.20,510.40 494.85,506.55 493.80,503.80 492.05,502.15 489.60,501.60"/&gt;
    &lt;/edge&gt;
    &lt;edge id=":1/1_1" function="internal"&gt;
        &lt;lane id=":1/1_1_0" index="0" speed="13.89" length="21.09" shape="495.20,510.40 495.70,503.63 496.80,498.12 497.90,493.55 498.40,489.60"/&gt;
    &lt;/edge&gt;
    &lt;edge id=":1/1_2" function="internal"&gt;
        &lt;lane id=":1/1_2_0" index="0" speed="9.84" length="6.35" shape="498.40,510.40 499.35,505.15 499.96,504.34"/&gt;
    &lt;/edge&gt;
    &lt;edge id=":1/1_12" function="internal"&gt;
        &lt;lane id=":1/1_12_0" index="0" speed="9.84" length="15.65" shape="499.96,504.34 502.20,501.40 506.95,499.15 513.60,498.40"/&gt;
    &lt;/edge&gt;
    &lt;edge id=":1/1_3" function="internal"&gt;
&lt;truncated after showing first 30 lines&gt;
</PRE>
<A NAME="defaultscenario_generation cross RiLSA4"></A>
<H4>TEST FAILED on ts-bapmsumm1bld : scenario_generation cross RiLSA4 (
<A HREF="test_default.html#defaultscenario_generation cross RiLSA4">Last six runs</A>
<A HREF="test_default_all_Nov2023.html#defaultscenario_generation cross RiLSA4">Nov2023</A>

)</H4>

<PRE>---------- Differences in errors ----------
0a1,3
&gt; dyld[7563]: Library not loaded: /opt/homebrew/opt/libtiff/lib/libtiff.5.dylib
&gt;   Referenced from: &lt;3FEB9C56-E432-36C6-A940-FC254CC92FAB&gt; /opt/homebrew/Cellar/libgeotiff/1.7.1_1/lib/libgeotiff.5.dylib
&gt;   Reason: tried: '/opt/homebrew/opt/libtiff/lib/libtiff.5.dylib' (no such file), '/System/Volumes/Preboot/Cryptexes/OS/opt/homebrew/opt/libtiff/lib/libtiff.5.dylib' (no such file), '/opt/homebrew/opt/libtiff/lib/libtiff.5.dylib' (no such file), '/usr/local/lib/libtiff.5.dylib' (no such file), '/usr/lib/libtiff.5.dylib' (no such file, not in dyld cache), '/opt/homebrew/Cellar/libtiff/4.5.0/lib/libtiff.5.dylib' (no such file), '/System/Volumes/Preboot/Cryptexes/OS/opt/homebrew/Cellar/libtiff/4.5
.0/lib/libtiff.5.dylib' (no such file), '/opt/homebrew/Cellar/libtiff/4.5.0/lib/libtiff.5.dylib' (no such file), '/usr/local/lib/libtiff.5.dylib' (no such file), '/usr/lib/libtiff.5.dylib' (no such file, not in dyld cache)
---------- Differences in output ----------
1,43d0
&lt; Parsing nodes from (FILE)
&lt; Parsing edges from (FILE)
&lt; Parsing connections from (FILE)
&lt;  Import done:
&lt;    19 nodes loaded.
&lt;    15 edges loaded.
&lt; The split of edges was performed 7 times.
&lt; Removing self-loops ... done ((TIME)).
&lt; Removing empty nodes ... done ((TIME)).
&lt;    7 nodes removed.
&lt; Moving network to origin ... done ((TIME)).
&lt; Computing turning directions ... done ((TIME)).
&lt; Assigning nodes to traffic lights ... done ((TIME)).
&lt; Sorting nodes' edges ... done ((TIME)).
&lt; Computing node shapes ... done ((TIME)).
&lt; Computing edge shapes ... done ((TIME)).
&lt; Computing node types ... done ((TIME)).
&lt; Computing priorities ... done ((TIME)).
&lt; Computing approached edges ... done ((TIME)).
&lt; Guessing and setting roundabouts ... done ((TIME)).
&lt; Computing approaching lanes ... done ((TIME)).
&lt; Dividing of lanes on approached lanes ... done ((TIME)).
&lt; Processing turnarounds ... done ((TIME)).
&lt; Rechecking of lane endings ... done ((TIME)).
&lt; Computing traffic light control information ... done ((TIME)).
&lt; Computing node logics ... done ((TIME)).
&lt; Computing traffic light logics ... done ((TIME)).
&lt;  1 traffic light(s) computed.
&lt; Building inner edges ... done ((TIME)).
&lt;truncated after showing first 30 lines&gt;
---------- Missing result in net ----------
&lt;?xml version="1.0" encoding="UTF-8"?&gt;


&lt;net version="1.16" junctionCornerDetail="5" limitTurnSpeed="5.50" xmlns:xsi="http://www.w3.org/2001/XMLSchema-instance" xsi:noNamespaceSchemaLocation="http://sumo.dlr.de/xsd/net_file.xsd"&gt;

    &lt;location netOffset="0.00,0.00" convBoundary="0.00,0.00,1000.00,1000.00" origBoundary="0.00,0.00,1000.00,1000.00" projParameter="!"/&gt;

    &lt;edge id=":0/1_0" function="internal"&gt;
        &lt;lane id=":0/1_0_0" index="0" speed="3.65" length="4.67" shape="0.00,501.60 -1.20,500.80 -1.60,500.00 -1.20,499.20 0.00,498.40"/&gt;
    &lt;/edge&gt;
    &lt;edge id=":1/0_0" function="internal"&gt;
        &lt;lane id=":1/0_0_0" index="0" speed="3.65" length="4.67" shape="498.40,0.00 499.20,-1.20 500.00,-1.60 500.80,-1.20 501.60,0.00"/&gt;
    &lt;/edge&gt;
    &lt;edge id=":1/0_to_1/1.-100_0" function="internal"&gt;
        &lt;lane id=":1/0_to_1/1.-100_0_0" index="0" speed="13.89" length="8.40" shape="501.60,396.00 502.10,398.46 503.20,400.00 504.30,401.54 504.80,404.00"/&gt;
        &lt;lane id=":1/0_to_1/1.-100_0_1" index="1" speed="13.89" length="8.40" shape="501.60,396.00 501.60,404.00"/&gt;
    &lt;/edge&gt;
    &lt;edge id=":1/1_0" function="internal"&gt;
        &lt;lane id=":1/1_0_0" index="0" speed="7.33" length="11.73" shape="495.20,510.40 494.85,506.55 493.80,503.80 492.05,502.15 489.60,501.60"/&gt;
    &lt;/edge&gt;
    &lt;edge id=":1/1_1" function="internal"&gt;
        &lt;lane id=":1/1_1_0" index="0" speed="13.89" length="24.24" shape="495.20,510.40 495.70,503.13 496.80,496.53 497.90,490.85 498.40,486.40"/&gt;
    &lt;/edge&gt;
    &lt;edge id=":1/1_2" function="internal"&gt;
        &lt;lane id=":1/1_2_0" index="0" speed="9.26" length="6.70" shape="498.40,510.40 499.15,505.15 499.87,503.95"/&gt;
    &lt;/edge&gt;
    &lt;edge id=":1/1_12" function="internal"&gt;
        &lt;lane id=":1/1_12_0" index="0" speed="9.26" length="12.65" shape="499.87,503.95 501.40,501.40 505.15,499.15 510.40,498.40"/&gt;
    &lt;/edge&gt;
    &lt;edge id=":1/1_3" function="internal"&gt;
&lt;truncated after showing first 30 lines&gt;
</PRE>
<A NAME="defaultscenario_generation cross d11_example1"></A>
<H4>TEST FAILED on ts-bapmsumm1bld : scenario_generation cross d11_example1 (
<A HREF="test_default.html#defaultscenario_generation cross d11_example1">Last six runs</A>
<A HREF="test_default_all_Nov2023.html#defaultscenario_generation cross d11_example1">Nov2023</A>

)</H4>

<PRE>---------- Differences in errors ----------
1,4c1,3
&lt; Warning: Lane '1/1_to_0/1_2' is not connected from any incoming edge at junction '1/1'.
&lt; Warning: Lane '1/1_to_1/0_2' is not connected from any incoming edge at junction '1/1'.
&lt; Warning: Lane '1/1_to_1/2_2' is not connected from any incoming edge at junction '1/1'.
&lt; Warning: Lane '1/1_to_2/1_2' is not connected from any incoming edge at junction '1/1'.
---
&gt; dyld[7450]: Library not loaded: /opt/homebrew/opt/libtiff/lib/libtiff.5.dylib
&gt;   Referenced from: &lt;3FEB9C56-E432-36C6-A940-FC254CC92FAB&gt; /opt/homebrew/Cellar/libgeotiff/1.7.1_1/lib/libgeotiff.5.dylib
&gt;   Reason: tried: '/opt/homebrew/opt/libtiff/lib/libtiff.5.dylib' (no such file), '/System/Volumes/Preboot/Cryptexes/OS/opt/homebrew/opt/libtiff/lib/libtiff.5.dylib' (no such file), '/opt/homebrew/opt/libtiff/lib/libtiff.5.dylib' (no such file), '/usr/local/lib/libtiff.5.dylib' (no such file), '/usr/lib/libtiff.5.dylib' (no such file, not in dyld cache), '/opt/homebrew/Cellar/libtiff/4.5.0/lib/libtiff.5.dylib' (no such file), '/System/Volumes/Preboot/Cryptexes/OS/opt/homebrew/Cellar/libtiff/4.5
.0/lib/libtiff.5.dylib' (no such file), '/opt/homebrew/Cellar/libtiff/4.5.0/lib/libtiff.5.dylib' (no such file), '/usr/local/lib/libtiff.5.dylib' (no such file), '/usr/lib/libtiff.5.dylib' (no such file, not in dyld cache)
---------- Differences in output ----------
1,43d0
&lt; Parsing nodes from (FILE)
&lt; Parsing edges from (FILE)
&lt; Parsing connections from (FILE)
&lt;  Import done:
&lt;    5 nodes loaded.
&lt;    8 edges loaded.
&lt; Removing self-loops ... done ((TIME)).
&lt; Removing empty nodes ... done ((TIME)).
&lt;    0 nodes removed.
&lt; Moving network to origin ... done ((TIME)).
&lt; Computing turning directions ... done ((TIME)).
&lt; Assigning nodes to traffic lights ... done ((TIME)).
&lt; Sorting nodes' edges ... done ((TIME)).
&lt; Computing node shapes ... done ((TIME)).
&lt; Computing edge shapes ... done ((TIME)).
&lt; Computing node types ... done ((TIME)).
&lt; Computing priorities ... done ((TIME)).
&lt; Computing approached edges ... done ((TIME)).
&lt; Guessing and setting roundabouts ... done ((TIME)).
&lt; Computing approaching lanes ... done ((TIME)).
&lt; Dividing of lanes on approached lanes ... done ((TIME)).
&lt; Processing turnarounds ... done ((TIME)).
&lt; Rechecking of lane endings ... 
&lt; done ((TIME)).
&lt; Computing traffic light control information ... done ((TIME)).
&lt; Computing node logics ... done ((TIME)).
&lt; Computing traffic light logics ... done ((TIME)).
&lt;  1 traffic light(s) computed.
&lt; Building inner edges ... done ((TIME)).
&lt;truncated after showing first 30 lines&gt;
---------- Missing result in net ----------
&lt;?xml version="1.0" encoding="UTF-8"?&gt;


&lt;net version="1.16" junctionCornerDetail="5" limitTurnSpeed="5.50" xmlns:xsi="http://www.w3.org/2001/XMLSchema-instance" xsi:noNamespaceSchemaLocation="http://sumo.dlr.de/xsd/net_file.xsd"&gt;

    &lt;location netOffset="0.00,0.00" convBoundary="0.00,0.00,1000.00,1000.00" origBoundary="0.00,0.00,1000.00,1000.00" projParameter="!"/&gt;

    &lt;edge id=":0/1_0" function="internal"&gt;
        &lt;lane id=":0/1_0_0" index="0" speed="3.65" length="4.67" shape="0.00,501.60 -1.20,500.80 -1.60,500.00 -1.20,499.20 0.00,498.40"/&gt;
    &lt;/edge&gt;
    &lt;edge id=":1/0_0" function="internal"&gt;
        &lt;lane id=":1/0_0_0" index="0" speed="3.65" length="4.67" shape="498.40,0.00 499.20,-1.20 500.00,-1.60 500.80,-1.20 501.60,0.00"/&gt;
    &lt;/edge&gt;
    &lt;edge id=":1/1_0" function="internal"&gt;
        &lt;lane id=":1/1_0_0" index="0" speed="6.51" length="9.03" shape="492.00,513.60 491.65,511.15 490.60,509.40 488.85,508.35 486.40,508.00"/&gt;
    &lt;/edge&gt;
    &lt;edge id=":1/1_1" function="internal"&gt;
        &lt;lane id=":1/1_1_0" index="0" speed="13.89" length="27.20" shape="492.00,513.60 492.00,486.40"/&gt;
        &lt;lane id=":1/1_1_1" index="1" speed="13.89" length="27.20" shape="495.20,513.60 495.20,486.40"/&gt;
    &lt;/edge&gt;
    &lt;edge id=":1/1_3" function="internal"&gt;
        &lt;lane id=":1/1_3_0" index="0" speed="11.39" length="16.67" shape="498.40,513.60 499.35,504.15 502.14,497.54"/&gt;
    &lt;/edge&gt;
    &lt;edge id=":1/1_16" function="internal"&gt;
        &lt;lane id=":1/1_16_0" index="0" speed="11.39" length="13.18" shape="502.14,497.54 502.20,497.40 506.95,493.35 513.60,492.00"/&gt;
    &lt;/edge&gt;
    &lt;edge id=":1/1_4" function="internal"&gt;
        &lt;lane id=":1/1_4_0" index="0" speed="6.51" length="9.03" shape="513.60,508.00 511.15,508.35 509.40,509.40 508.35,511.15 508.00,513.60"/&gt;
    &lt;/edge&gt;
    &lt;edge id=":1/1_5" function="internal"&gt;
&lt;truncated after showing first 30 lines&gt;
</PRE>
<A NAME="defaultscenario_generation cross plain"></A>
<H4>TEST FAILED on ts-bapmsumm1bld : scenario_generation cross plain (
<A HREF="test_default.html#defaultscenario_generation cross plain">Last six runs</A>
<A HREF="test_default_all_Nov2023.html#defaultscenario_generation cross plain">Nov2023</A>

)</H4>

<PRE>---------- Differences in errors ----------
0a1,3
&gt; dyld[7412]: Library not loaded: /opt/homebrew/opt/libtiff/lib/libtiff.5.dylib
&gt;   Referenced from: &lt;3FEB9C56-E432-36C6-A940-FC254CC92FAB&gt; /opt/homebrew/Cellar/libgeotiff/1.7.1_1/lib/libgeotiff.5.dylib
&gt;   Reason: tried: '/opt/homebrew/opt/libtiff/lib/libtiff.5.dylib' (no such file), '/System/Volumes/Preboot/Cryptexes/OS/opt/homebrew/opt/libtiff/lib/libtiff.5.dylib' (no such file), '/opt/homebrew/opt/libtiff/lib/libtiff.5.dylib' (no such file), '/usr/local/lib/libtiff.5.dylib' (no such file), '/usr/lib/libtiff.5.dylib' (no such file, not in dyld cache), '/opt/homebrew/Cellar/libtiff/4.5.0/lib/libtiff.5.dylib' (no such file), '/System/Volumes/Preboot/Cryptexes/OS/opt/homebrew/Cellar/libtiff/4.5
.0/lib/libtiff.5.dylib' (no such file), '/opt/homebrew/Cellar/libtiff/4.5.0/lib/libtiff.5.dylib' (no such file), '/usr/local/lib/libtiff.5.dylib' (no such file), '/usr/lib/libtiff.5.dylib' (no such file, not in dyld cache)
---------- Differences in output ----------
1,42d0
&lt; Parsing nodes from (FILE)
&lt; Parsing edges from (FILE)
&lt; Parsing connections from (FILE)
&lt;  Import done:
&lt;    5 nodes loaded.
&lt;    8 edges loaded.
&lt; Removing self-loops ... done ((TIME)).
&lt; Removing empty nodes ... done ((TIME)).
&lt;    0 nodes removed.
&lt; Moving network to origin ... done ((TIME)).
&lt; Computing turning directions ... done ((TIME)).
&lt; Assigning nodes to traffic lights ... done ((TIME)).
&lt; Sorting nodes' edges ... done ((TIME)).
&lt; Computing node shapes ... done ((TIME)).
&lt; Computing edge shapes ... done ((TIME)).
&lt; Computing node types ... done ((TIME)).
&lt; Computing priorities ... done ((TIME)).
&lt; Computing approached edges ... done ((TIME)).
&lt; Guessing and setting roundabouts ... done ((TIME)).
&lt; Computing approaching lanes ... done ((TIME)).
&lt; Dividing of lanes on approached lanes ... done ((TIME)).
&lt; Processing turnarounds ... done ((TIME)).
&lt; Rechecking of lane endings ... done ((TIME)).
&lt; Computing traffic light control information ... done ((TIME)).
&lt; Computing node logics ... done ((TIME)).
&lt; Computing traffic light logics ... done ((TIME)).
&lt;  1 traffic light(s) computed.
&lt; Building inner edges ... done ((TIME)).
&lt; -----------------------------------------------------
&lt;truncated after showing first 30 lines&gt;
---------- Missing result in net ----------
&lt;?xml version="1.0" encoding="UTF-8"?&gt;


&lt;net version="1.16" junctionCornerDetail="5" limitTurnSpeed="5.50" xmlns:xsi="http://www.w3.org/2001/XMLSchema-instance" xsi:noNamespaceSchemaLocation="http://sumo.dlr.de/xsd/net_file.xsd"&gt;

    &lt;location netOffset="0.00,0.00" convBoundary="0.00,0.00,1000.00,1000.00" origBoundary="0.00,0.00,1000.00,1000.00" projParameter="!"/&gt;

    &lt;edge id=":0/1_0" function="internal"&gt;
        &lt;lane id=":0/1_0_0" index="0" speed="3.65" length="4.67" shape="0.00,501.60 -1.20,500.80 -1.60,500.00 -1.20,499.20 0.00,498.40"/&gt;
    &lt;/edge&gt;
    &lt;edge id=":1/0_0" function="internal"&gt;
        &lt;lane id=":1/0_0_0" index="0" speed="3.65" length="4.67" shape="498.40,0.00 499.20,-1.20 500.00,-1.60 500.80,-1.20 501.60,0.00"/&gt;
    &lt;/edge&gt;
    &lt;edge id=":1/1_0" function="internal"&gt;
        &lt;lane id=":1/1_0_0" index="0" speed="6.51" length="9.03" shape="495.20,510.40 494.85,507.95 493.80,506.20 492.05,505.15 489.60,504.80"/&gt;
    &lt;/edge&gt;
    &lt;edge id=":1/1_1" function="internal"&gt;
        &lt;lane id=":1/1_1_0" index="0" speed="13.89" length="20.80" shape="495.20,510.40 495.20,489.60"/&gt;
        &lt;lane id=":1/1_1_1" index="1" speed="13.89" length="20.80" shape="498.40,510.40 498.40,489.60"/&gt;
    &lt;/edge&gt;
    &lt;edge id=":1/1_3" function="internal"&gt;
        &lt;lane id=":1/1_3_0" index="0" speed="9.26" length="5.01" shape="498.40,510.40 499.11,505.44"/&gt;
    &lt;/edge&gt;
    &lt;edge id=":1/1_4" function="internal"&gt;
        &lt;lane id=":1/1_4_0" index="0" speed="3.65" length="1.44" shape="498.40,510.40 499.20,509.20"/&gt;
    &lt;/edge&gt;
    &lt;edge id=":1/1_20" function="internal"&gt;
        &lt;lane id=":1/1_20_0" index="0" speed="9.26" length="14.34" shape="499.11,505.44 499.15,505.15 501.40,501.40 505.15,499.15 510.40,498.40"/&gt;
    &lt;/edge&gt;
    &lt;edge id=":1/1_21" function="internal"&gt;
&lt;truncated after showing first 30 lines&gt;
</PRE>
<A NAME="defaultscenario_generation iterate_net_lanes"></A>
<H4>TEST FAILED on ts-bapmsumm1bld : scenario_generation iterate_net_lanes (
<A HREF="test_default.html#defaultscenario_generation iterate_net_lanes">Last six runs</A>
<A HREF="test_default_all_Nov2023.html#defaultscenario_generation iterate_net_lanes">Nov2023</A>

)</H4>

<PRE>---------- Differences in errors ----------
0a1,12
&gt; dyld[7661]: Library not loaded: /opt/homebrew/opt/libtiff/lib/libtiff.5.dylib
&gt;   Referenced from: &lt;3FEB9C56-E432-36C6-A940-FC254CC92FAB&gt; /opt/homebrew/Cellar/libgeotiff/1.7.1_1/lib/libgeotiff.5.dylib
&gt;   Reason: tried: '/opt/homebrew/opt/libtiff/lib/libtiff.5.dylib' (no such file), '/System/Volumes/Preboot/Cryptexes/OS/opt/homebrew/opt/libtiff/lib/libtiff.5.dylib' (no such file), '/opt/homebrew/opt/libtiff/lib/libtiff.5.dylib' (no such file), '/usr/local/lib/libtiff.5.dylib' (no such file), '/usr/lib/libtiff.5.dylib' (no such file, not in dyld cache), '/opt/homebrew/Cellar/libtiff/4.5.0/lib/libtiff.5.dylib' (no such file), '/System/Volumes/Preboot/Cryptexes/OS/opt/homebrew/Cellar/libtiff/4.5
.0/lib/libtiff.5.dylib' (no such file), '/opt/homebrew/Cellar/libtiff/4.5.0/lib/libtiff.5.dylib' (no such file), '/usr/local/lib/libtiff.5.dylib' (no such file), '/usr/lib/libtiff.5.dylib' (no such file, not in dyld cache)
&gt; dyld[7663]: Library not loaded: /opt/homebrew/opt/libtiff/lib/libtiff.5.dylib
&gt;   Referenced from: &lt;3FEB9C56-E432-36C6-A940-FC254CC92FAB&gt; /opt/homebrew/Cellar/libgeotiff/1.7.1_1/lib/libgeotiff.5.dylib
&gt;   Reason: tried: '/opt/homebrew/opt/libtiff/lib/libtiff.5.dylib' (no such file), '/System/Volumes/Preboot/Cryptexes/OS/opt/homebrew/opt/libtiff/lib/libtiff.5.dylib' (no such file), '/opt/homebrew/opt/libtiff/lib/libtiff.5.dylib' (no such file), '/usr/local/lib/libtiff.5.dylib' (no such file), '/usr/lib/libtiff.5.dylib' (no such file, not in dyld cache), '/opt/homebrew/Cellar/libtiff/4.5.0/lib/libtiff.5.dylib' (no such file), '/System/Volumes/Preboot/Cryptexes/OS/opt/homebrew/Cellar/libtiff/4.5
.0/lib/libtiff.5.dylib' (no such file), '/opt/homebrew/Cellar/libtiff/4.5.0/lib/libtiff.5.dylib' (no such file), '/usr/local/lib/libtiff.5.dylib' (no such file), '/usr/lib/libtiff.5.dylib' (no such file, not in dyld cache)
&gt; dyld[7665]: Library not loaded: /opt/homebrew/opt/libtiff/lib/libtiff.5.dylib
&gt;   Referenced from: &lt;3FEB9C56-E432-36C6-A940-FC254CC92FAB&gt; /opt/homebrew/Cellar/libgeotiff/1.7.1_1/lib/libgeotiff.5.dylib
&gt;   Reason: tried: '/opt/homebrew/opt/libtiff/lib/libtiff.5.dylib' (no such file), '/System/Volumes/Preboot/Cryptexes/OS/opt/homebrew/opt/libtiff/lib/libtiff.5.dylib' (no such file), '/opt/homebrew/opt/libtiff/lib/libtiff.5.dylib' (no such file), '/usr/local/lib/libtiff.5.dylib' (no such file), '/usr/lib/libtiff.5.dylib' (no such file, not in dyld cache), '/opt/homebrew/Cellar/libtiff/4.5.0/lib/libtiff.5.dylib' (no such file), '/System/Volumes/Preboot/Cryptexes/OS/opt/homebrew/Cellar/libtiff/4.5
.0/lib/libtiff.5.dylib' (no such file), '/opt/homebrew/Cellar/libtiff/4.5.0/lib/libtiff.5.dylib' (no such file), '/usr/local/lib/libtiff.5.dylib' (no such file), '/usr/lib/libtiff.5.dylib' (no such file, not in dyld cache)
&gt; dyld[7667]: Library not loaded: /opt/homebrew/opt/libtiff/lib/libtiff.5.dylib
&gt;   Referenced from: &lt;3FEB9C56-E432-36C6-A940-FC254CC92FAB&gt; /opt/homebrew/Cellar/libgeotiff/1.7.1_1/lib/libgeotiff.5.dylib
&gt;   Reason: tried: '/opt/homebrew/opt/libtiff/lib/libtiff.5.dylib' (no such file), '/System/Volumes/Preboot/Cryptexes/OS/opt/homebrew/opt/libtiff/lib/libtiff.5.dylib' (no such file), '/opt/homebrew/opt/libtiff/lib/libtiff.5.dylib' (no such file), '/usr/local/lib/libtiff.5.dylib' (no such file), '/usr/lib/libtiff.5.dylib' (no such file, not in dyld cache), '/opt/homebrew/Cellar/libtiff/4.5.0/lib/libtiff.5.dylib' (no such file), '/System/Volumes/Preboot/Cryptexes/OS/opt/homebrew/Cellar/libtiff/4.5
.0/lib/libtiff.5.dylib' (no such file), '/opt/homebrew/Cellar/libtiff/4.5.0/lib/libtiff.5.dylib' (no such file), '/usr/local/lib/libtiff.5.dylib' (no such file), '/usr/lib/libtiff.5.dylib' (no such file, not in dyld cache)
---------- Differences in output ----------
1,168d0
&lt; Parsing nodes from (FILE)
&lt; Parsing edges from (FILE)
&lt; Parsing connections from (FILE)
&lt;  Import done:
&lt;    5 nodes loaded.
&lt;    8 edges loaded.
&lt; Removing self-loops ... done ((TIME)).
&lt; Removing empty nodes ... done ((TIME)).
&lt;    0 nodes removed.
&lt; Moving network to origin ... done ((TIME)).
&lt; Computing turning directions ... done ((TIME)).
&lt; Assigning nodes to traffic lights ... done ((TIME)).
&lt; Sorting nodes' edges ... done ((TIME)).
&lt; Computing node shapes ... done ((TIME)).
&lt; Computing edge shapes ... done ((TIME)).
&lt; Computing node types ... done ((TIME)).
&lt; Computing priorities ... done ((TIME)).
&lt; Computing approached edges ... done ((TIME)).
&lt; Guessing and setting roundabouts ... done ((TIME)).
&lt; Computing approaching lanes ... done ((TIME)).
&lt; Dividing of lanes on approached lanes ... done ((TIME)).
&lt; Processing turnarounds ... done ((TIME)).
&lt; Rechecking of lane endings ... done ((TIME)).
&lt; Computing traffic light control information ... done ((TIME)).
&lt; Computing node logics ... done ((TIME)).
&lt; Computing traffic light logics ... done ((TIME)).
&lt;  1 traffic light(s) computed.
&lt; Building inner edges ... done ((TIME)).
&lt; -----------------------------------------------------
&lt;truncated after showing first 30 lines&gt;
</PRE>
<A NAME="defaultstate replay"></A>
<H4>TEST FAILED on ts-bapmsumm1bld : state replay (
<A HREF="test_default.html#defaultstate replay">Last six runs</A>
<A HREF="test_default_all_Nov2023.html#defaultstate replay">Nov2023</A>

)</H4>

<PRE>---------- Differences in errors ----------
0a1,308
&gt; dyld[6854]: Library not loaded: /opt/homebrew/opt/libtiff/lib/libtiff.5.dylib
&gt;   Referenced from: &lt;3FEB9C56-E432-36C6-A940-FC254CC92FAB&gt; /opt/homebrew/Cellar/libgeotiff/1.7.1_1/lib/libgeotiff.5.dylib
&gt;   Reason: tried: '/opt/homebrew/opt/libtiff/lib/libtiff.5.dylib' (no such file), '/System/Volumes/Preboot/Cryptexes/OS/opt/homebrew/opt/libtiff/lib/libtiff.5.dylib' (no such file), '/opt/homebrew/opt/libtiff/lib/libtiff.5.dylib' (no such file), '/usr/local/lib/libtiff.5.dylib' (no such file), '/usr/lib/libtiff.5.dylib' (no such file, not in dyld cache), '/opt/homebrew/Cellar/libtiff/4.5.0/lib/libtiff.5.dylib' (no such file), '/System/Volumes/Preboot/Cryptexes/OS/opt/homebrew/Cellar/libtiff/4.5
.0/lib/libtiff.5.dylib' (no such file), '/opt/homebrew/Cellar/libtiff/4.5.0/lib/libtiff.5.dylib' (no such file), '/usr/local/lib/libtiff.5.dylib' (no such file), '/usr/lib/libtiff.5.dylib' (no such file, not in dyld cache)
&gt;   warnings.warn(("Could not connect to TraCI server using port %s (%s)." +
&gt; dyld[6890]: Library not loaded: /opt/homebrew/opt/libtiff/lib/libtiff.5.dylib
&gt;   Referenced from: &lt;3FEB9C56-E432-36C6-A940-FC254CC92FAB&gt; /opt/homebrew/Cellar/libgeotiff/1.7.1_1/lib/libgeotiff.5.dylib
&gt;   Reason: tried: '/opt/homebrew/opt/libtiff/lib/libtiff.5.dylib' (no such file), '/System/Volumes/Preboot/Cryptexes/OS/opt/homebrew/opt/libtiff/lib/libtiff.5.dylib' (no such file), '/opt/homebrew/opt/libtiff/lib/libtiff.5.dylib' (no such file), '/usr/local/lib/libtiff.5.dylib' (no such file), '/usr/lib/libtiff.5.dylib' (no such file, not in dyld cache), '/opt/homebrew/Cellar/libtiff/4.5.0/lib/libtiff.5.dylib' (no such file), '/System/Volumes/Preboot/Cryptexes/OS/opt/homebrew/Cellar/libtiff/4.5
.0/lib/libtiff.5.dylib' (no such file), '/opt/homebrew/Cellar/libtiff/4.5.0/lib/libtiff.5.dylib' (no such file), '/usr/local/lib/libtiff.5.dylib' (no such file), '/usr/lib/libtiff.5.dylib' (no such file, not in dyld cache)
&gt;   warnings.warn(("Could not connect to TraCI server using port %s (%s)." +
&gt; dyld[6927]: Library not loaded: /opt/homebrew/opt/libtiff/lib/libtiff.5.dylib
&gt;   Referenced from: &lt;3FEB9C56-E432-36C6-A940-FC254CC92FAB&gt; /opt/homebrew/Cellar/libgeotiff/1.7.1_1/lib/libgeotiff.5.dylib
&gt;   Reason: tried: '/opt/homebrew/opt/libtiff/lib/libtiff.5.dylib' (no such file), '/System/Volumes/Preboot/Cryptexes/OS/opt/homebrew/opt/libtiff/lib/libtiff.5.dylib' (no such file), '/opt/homebrew/opt/libtiff/lib/libtiff.5.dylib' (no such file), '/usr/local/lib/libtiff.5.dylib' (no such file), '/usr/lib/libtiff.5.dylib' (no such file, not in dyld cache), '/opt/homebrew/Cellar/libtiff/4.5.0/lib/libtiff.5.dylib' (no such file), '/System/Volumes/Preboot/Cryptexes/OS/opt/homebrew/Cellar/libtiff/4.5
.0/lib/libtiff.5.dylib' (no such file), '/opt/homebrew/Cellar/libtiff/4.5.0/lib/libtiff.5.dylib' (no such file), '/usr/local/lib/libtiff.5.dylib' (no such file), '/usr/lib/libtiff.5.dylib' (no such file, not in dyld cache)
&gt;   warnings.warn(("Could not connect to TraCI server using port %s (%s)." +
&gt; dyld[6962]: Library not loaded: /opt/homebrew/opt/libtiff/lib/libtiff.5.dylib
&gt;   Referenced from: &lt;3FEB9C56-E432-36C6-A940-FC254CC92FAB&gt; /opt/homebrew/Cellar/libgeotiff/1.7.1_1/lib/libgeotiff.5.dylib
&gt;   Reason: tried: '/opt/homebrew/opt/libtiff/lib/libtiff.5.dylib' (no such file), '/System/Volumes/Preboot/Cryptexes/OS/opt/homebrew/opt/libtiff/lib/libtiff.5.dylib' (no such file), '/opt/homebrew/opt/libtiff/lib/libtiff.5.dylib' (no such file), '/usr/local/lib/libtiff.5.dylib' (no such file), '/usr/lib/libtiff.5.dylib' (no such file, not in dyld cache), '/opt/homebrew/Cellar/libtiff/4.5.0/lib/libtiff.5.dylib' (no such file), '/System/Volumes/Preboot/Cryptexes/OS/opt/homebrew/Cellar/libtiff/4.5
.0/lib/libtiff.5.dylib' (no such file), '/opt/homebrew/Cellar/libtiff/4.5.0/lib/libtiff.5.dylib' (no such file), '/usr/local/lib/libtiff.5.dylib' (no such file), '/usr/lib/libtiff.5.dylib' (no such file, not in dyld cache)
&gt;   warnings.warn(("Could not connect to TraCI server using port %s (%s)." +
&gt; dyld[6983]: Library not loaded: /opt/homebrew/opt/libtiff/lib/libtiff.5.dylib
&gt;   Referenced from: &lt;3FEB9C56-E432-36C6-A940-FC254CC92FAB&gt; /opt/homebrew/Cellar/libgeotiff/1.7.1_1/lib/libgeotiff.5.dylib
&gt;   Reason: tried: '/opt/homebrew/opt/libtiff/lib/libtiff.5.dylib' (no such file), '/System/Volumes/Preboot/Cryptexes/OS/opt/homebrew/opt/libtiff/lib/libtiff.5.dylib' (no such file), '/opt/homebrew/opt/libtiff/lib/libtiff.5.dylib' (no such file), '/usr/local/lib/libtiff.5.dylib' (no such file), '/usr/lib/libtiff.5.dylib' (no such file, not in dyld cache), '/opt/homebrew/Cellar/libtiff/4.5.0/lib/libtiff.5.dylib' (no such file), '/System/Volumes/Preboot/Cryptexes/OS/opt/homebrew/Cellar/libtiff/4.5
.0/lib/libtiff.5.dylib' (no such file), '/opt/homebrew/Cellar/libtiff/4.5.0/lib/libtiff.5.dylib' (no such file), '/usr/local/lib/libtiff.5.dylib' (no such file), '/usr/lib/libtiff.5.dylib' (no such file, not in dyld cache)
&gt;   warnings.warn(("Could not connect to TraCI server using port %s (%s)." +
&gt; dyld[7020]: Library not loaded: /opt/homebrew/opt/libtiff/lib/libtiff.5.dylib
&gt;   Referenced from: &lt;3FEB9C56-E432-36C6-A940-FC254CC92FAB&gt; /opt/homebrew/Cellar/libgeotiff/1.7.1_1/lib/libgeotiff.5.dylib
&gt;   Reason: tried: '/opt/homebrew/opt/libtiff/lib/libtiff.5.dylib' (no such file), '/System/Volumes/Preboot/Cryptexes/OS/opt/homebrew/opt/libtiff/lib/libtiff.5.dylib' (no such file), '/opt/homebrew/opt/libtiff/lib/libtiff.5.dylib' (no such file), '/usr/local/lib/libtiff.5.dylib' (no such file), '/usr/lib/libtiff.5.dylib' (no such file, not in dyld cache), '/opt/homebrew/Cellar/libtiff/4.5.0/lib/libtiff.5.dylib' (no such file), '/System/Volumes/Preboot/Cryptexes/OS/opt/homebrew/Cellar/libtiff/4.5
.0/lib/libtiff.5.dylib' (no such file), '/opt/homebrew/Cellar/libtiff/4.5.0/lib/libtiff.5.dylib' (no such file), '/usr/local/lib/libtiff.5.dylib' (no such file), '/usr/lib/libtiff.5.dylib' (no such file, not in dyld cache)
&gt;   warnings.warn(("Could not connect to TraCI server using port %s (%s)." +
&gt; dyld[7053]: Library not loaded: /opt/homebrew/opt/libtiff/lib/libtiff.5.dylib
&gt;   Referenced from: &lt;3FEB9C56-E432-36C6-A940-FC254CC92FAB&gt; /opt/homebrew/Cellar/libgeotiff/1.7.1_1/lib/libgeotiff.5.dylib
&gt;   Reason: tried: '/opt/homebrew/opt/libtiff/lib/libtiff.5.dylib' (no such file), '/System/Volumes/Preboot/Cryptexes/OS/opt/homebrew/opt/libtiff/lib/libtiff.5.dylib' (no such file), '/opt/homebrew/opt/libtiff/lib/libtiff.5.dylib' (no such file), '/usr/local/lib/libtiff.5.dylib' (no such file), '/usr/lib/libtiff.5.dylib' (no such file, not in dyld cache), '/opt/homebrew/Cellar/libtiff/4.5.0/lib/libtiff.5.dylib' (no such file), '/System/Volumes/Preboot/Cryptexes/OS/opt/homebrew/Cellar/libtiff/4.5
.0/lib/libtiff.5.dylib' (no such file), '/opt/homebrew/Cellar/libtiff/4.5.0/lib/libtiff.5.dylib' (no such file), '/usr/local/lib/libtiff.5.dylib' (no such file), '/usr/lib/libtiff.5.dylib' (no such file, not in dyld cache)
&gt;   warnings.warn(("Could not connect to TraCI server using port %s (%s)." +
&gt; dyld[7081]: Library not loaded: /opt/homebrew/opt/libtiff/lib/libtiff.5.dylib
&lt;truncated after showing first 30 lines&gt;
</PRE>
<A NAME="defaultsumo b50"></A>
<H4>TEST FAILED on ts-bapmsumm1bld : sumo b50 (
<A HREF="test_default.html#defaultsumo b50">Last six runs</A>
<A HREF="test_default_all_Nov2023.html#defaultsumo b50">Nov2023</A>

)</H4>

<PRE>---------- Differences in errors ----------
1,10c1,5
&lt; Warning: Speed of straight connection 'i2_0-&gt;i3_0' reduced by 5.29 due to turning radius of 13.45 (length=5.96, angle=41.99).
&lt; Warning: Speed of straight connection 'i2_1-&gt;i3_1' reduced by 7.10 due to turning radius of 8.39 (length=3.58, angle=41.99).
&lt; Warning: Speed of straight connection 'i2_2-&gt;i3_2' reduced by 9.61 due to turning radius of 3.33 (length=1.19, angle=41.99).
&lt; Warning: Speed of straight connection 'i3_0-&gt;i4_0' reduced by 5.29 due to turning radius of 13.45 (length=5.96, angle=41.99).
&lt; Warning: Speed of straight connection 'i3_1-&gt;i4_1' reduced by 7.10 due to turning radius of 8.39 (length=3.58, angle=41.99).
&lt; Warning: 18 total messages of type: Speed of % connection '%' reduced by % due to turning radius of % (length=%, angle=%).
&lt; Warning: Teleporting vehicle 'vehicle.1710'; waited too long (jam), lane='i1_0', time=4551.00.
&lt; Warning: Vehicle 'vehicle.1710' ends teleporting on edge 'i4', time=4643.00.
&lt; Warning: Teleporting vehicle 'vehicle.2009'; waited too long (jam), lane='i3_1', time=5837.00.
&lt; Warning: Vehicle 'vehicle.2009' ends teleporting on edge 'i4', time=5857.00.
---
&gt; dyld[99935]: Library not loaded: /opt/homebrew/opt/libtiff/lib/libtiff.5.dylib
&gt;   Referenced from: &lt;3FEB9C56-E432-36C6-A940-FC254CC92FAB&gt; /opt/homebrew/Cellar/libgeotiff/1.7.1_1/lib/libgeotiff.5.dylib
&gt;   Reason: tried: '/opt/homebrew/opt/libtiff/lib/libtiff.5.dylib' (no such file), '/System/Volumes/Preboot/Cryptexes/OS/opt/homebrew/opt/libtiff/lib/libtiff.5.dylib' (no such file), '/opt/homebrew/opt/libtiff/lib/libtiff.5.dylib' (no such file), '/usr/local/lib/libtiff.5.dylib' (no such file), '/usr/lib/libtiff.5.dylib' (no such file, not in dyld cache), '/opt/homebrew/Cellar/libtiff/4.5.0/lib/libtiff.5.dylib' (no such file), '/System/Volumes/Preboot/Cryptexes/OS/opt/homebrew/Cellar/libtiff/4.5
.0/lib/libtiff.5.dylib' (no such file), '/opt/homebrew/Cellar/libtiff/4.5.0/lib/libtiff.5.dylib' (no such file), '/usr/local/lib/libtiff.5.dylib' (no such file), '/usr/lib/libtiff.5.dylib' (no such file, not in dyld cache)
&gt; Error: File 'net.net.xml' is not accessible (No such file or directory).
&gt; Quitting (on error).
---------- Differences in output ----------
1,15d0
&lt; Success.
&lt; Loading net-file from 'net.net.xml' ... done ((TIME)).
&lt; Loading done.
&lt; Simulation started with time: 0.00.
&lt; Reason: All vehicles have left the simulation.
&lt; Performance: 
&lt; Vehicles: 
&lt;  Inserted: 3000
&lt;  Running: 0
&lt;  Waiting: 0
&lt;  Teleports: 2 (Jam: 2)
&lt; 
&lt; -- Unordered text as found by filter '^Simulation ended at time:' --
&lt; Simulation ended at time: 8305.00
&lt; 
---------- Missing result in net ----------
&lt;?xml version="1.0" encoding="UTF-8"?&gt;


&lt;net version="1.16" junctionCornerDetail="5" limitTurnSpeed="5.50" xmlns:xsi="http://www.w3.org/2001/XMLSchema-instance" xsi:noNamespaceSchemaLocation="http://sumo.dlr.de/xsd/net_file.xsd"&gt;

    &lt;location netOffset="0.00,0.00" convBoundary="0.00,0.00,990.00,700.00" origBoundary="0.00,0.00,990.00,700.00" projParameter="!"/&gt;

    &lt;edge id=":f1_0" function="internal"&gt;
        &lt;lane id=":f1_0_0" index="0" speed="8.27" length="6.71" shape="300.00,-8.00 301.71,-7.83 303.27,-7.34 304.68,-6.51 305.95,-5.35"/&gt;
        &lt;lane id=":f1_0_1" index="1" speed="6.54" length="4.02" shape="300.00,-4.80 301.02,-4.70 301.96,-4.40 302.81,-3.91 303.57,-3.21"/&gt;
        &lt;lane id=":f1_0_2" index="2" speed="4.15" length="1.34" shape="300.00,-1.60 300.34,-1.57 300.65,-1.47 300.94,-1.30 301.19,-1.07"/&gt;
    &lt;/edge&gt;
    &lt;edge id=":f2_0" function="internal"&gt;
        &lt;lane id=":f2_0_0" index="0" speed="8.60" length="3.58" shape="395.95,94.65 397.08,95.98 397.69,97.05 397.95,98.25 398.00,100.00"/&gt;
        &lt;lane id=":f2_0_1" index="1" speed="6.79" length="3.58" shape="393.57,96.79 394.25,97.59 394.62,98.23 394.77,98.95 394.80,100.00"/&gt;
        &lt;lane id=":f2_0_2" index="2" speed="4.28" length="3.58" shape="391.19,98.93 391.42,99.20 391.54,99.41 391.59,99.65 391.60,100.00"/&gt;
    &lt;/edge&gt;
    &lt;edge id=":f3_0" function="internal"&gt;
        &lt;lane id=":f3_0_0" index="0" speed="8.60" length="3.58" shape="398.00,300.00 397.95,301.75 397.69,302.95 397.08,304.02 395.95,305.35"/&gt;
        &lt;lane id=":f3_0_1" index="1" speed="6.79" length="3.58" shape="394.80,300.00 394.77,301.05 394.62,301.77 394.25,302.41 393.57,303.21"/&gt;
        &lt;lane id=":f3_0_2" index="2" speed="4.28" length="3.58" shape="391.60,300.00 391.59,300.35 391.54,300.59 391.42,300.80 391.19,301.07"/&gt;
    &lt;/edge&gt;
    &lt;edge id=":f4_0" function="internal"&gt;
        &lt;lane id=":f4_0_0" index="0" speed="8.27" length="6.71" shape="305.95,405.35 304.68,406.51 303.27,407.34 301.71,407.83 300.00,408.00"/&gt;
        &lt;lane id=":f4_0_1" index="1" speed="6.54" length="4.02" shape="303.57,403.21 302.81,403.91 301.96,404.40 301.02,404.70 300.00,404.80"/&gt;
        &lt;lane id=":f4_0_2" index="2" speed="4.15" length="1.34" shape="301.19,401.07 300.94,401.30 300.65,401.47 300.34,401.57 300.00,401.60"/&gt;
    &lt;/edge&gt;
    &lt;edge id=":f5_0" function="internal"&gt;
        &lt;lane id=":f5_0_0" index="0" speed="3.90" length="2.58" shape="9.60,408.00 8.90,408.10 8.40,408.40 8.10,408.90 8.00,409.60"/&gt;
        &lt;lane id=":f5_0_1" index="1" speed="6.08" length="7.74" shape="9.60,404.80 7.50,405.10 6.00,406.00 5.10,407.50 4.80,409.60"/&gt;
&lt;truncated after showing first 30 lines&gt;
</PRE>
<A NAME="defaultsumo binary"></A>
<H4>TEST FAILED on ts-bapmsumm1bld : sumo binary (
<A HREF="test_default.html#defaultsumo binary">Last six runs</A>
<A HREF="test_default_all_Nov2023.html#defaultsumo binary">Nov2023</A>

)</H4>

<PRE>---------- Differences in errors ----------
0a1,10
&gt; dyld[153]: Library not loaded: /opt/homebrew/opt/libtiff/lib/libtiff.5.dylib
&gt;   Referenced from: &lt;3FEB9C56-E432-36C6-A940-FC254CC92FAB&gt; /opt/homebrew/Cellar/libgeotiff/1.7.1_1/lib/libgeotiff.5.dylib
&gt;   Reason: tried: '/opt/homebrew/opt/libtiff/lib/libtiff.5.dylib' (no such file), '/System/Volumes/Preboot/Cryptexes/OS/opt/homebrew/opt/libtiff/lib/libtiff.5.dylib' (no such file), '/opt/homebrew/opt/libtiff/lib/libtiff.5.dylib' (no such file), '/usr/local/lib/libtiff.5.dylib' (no such file), '/usr/lib/libtiff.5.dylib' (no such file, not in dyld cache), '/opt/homebrew/Cellar/libtiff/4.5.0/lib/libtiff.5.dylib' (no such file), '/System/Volumes/Preboot/Cryptexes/OS/opt/homebrew/Cellar/libtiff/4.5
.0/lib/libtiff.5.dylib' (no such file), '/opt/homebrew/Cellar/libtiff/4.5.0/lib/libtiff.5.dylib' (no such file), '/usr/local/lib/libtiff.5.dylib' (no such file), '/usr/lib/libtiff.5.dylib' (no such file, not in dyld cache)
&gt; dyld[154]: Library not loaded: /opt/homebrew/opt/libtiff/lib/libtiff.5.dylib
&gt;   Referenced from: &lt;3FEB9C56-E432-36C6-A940-FC254CC92FAB&gt; /opt/homebrew/Cellar/libgeotiff/1.7.1_1/lib/libgeotiff.5.dylib
&gt;   Reason: tried: '/opt/homebrew/opt/libtiff/lib/libtiff.5.dylib' (no such file), '/System/Volumes/Preboot/Cryptexes/OS/opt/homebrew/opt/libtiff/lib/libtiff.5.dylib' (no such file), '/opt/homebrew/opt/libtiff/lib/libtiff.5.dylib' (no such file), '/usr/local/lib/libtiff.5.dylib' (no such file), '/usr/lib/libtiff.5.dylib' (no such file, not in dyld cache), '/opt/homebrew/Cellar/libtiff/4.5.0/lib/libtiff.5.dylib' (no such file), '/System/Volumes/Preboot/Cryptexes/OS/opt/homebrew/Cellar/libtiff/4.5
.0/lib/libtiff.5.dylib' (no such file), '/opt/homebrew/Cellar/libtiff/4.5.0/lib/libtiff.5.dylib' (no such file), '/usr/local/lib/libtiff.5.dylib' (no such file), '/usr/lib/libtiff.5.dylib' (no such file, not in dyld cache)
&gt; Error: The network file 'circular.net.xml' is not accessible.
&gt; Quitting (on error).
&gt; Error: File 'circular.net.xml.gz' is not accessible (No such file or directory).
&gt; Quitting (on error).
---------- Differences in output ----------
2d1
&lt; Success.
4,5d2
&lt; Success.
&lt; Success.
</PRE>
<A NAME="defaultsumo extended rerouter"></A>
<H4>TEST FAILED on ts-bapmsumm1bld : sumo extended rerouter (
<A HREF="test_default.html#defaultsumo extended rerouter">Last six runs</A>
<A HREF="test_default_all_Nov2023.html#defaultsumo extended rerouter">Nov2023</A>

)</H4>

<PRE>---------- Differences in errors ----------
0a1,16
&gt; dyld[99990]: Library not loaded: /opt/homebrew/opt/libtiff/lib/libtiff.5.dylib
&gt;   Referenced from: &lt;3FEB9C56-E432-36C6-A940-FC254CC92FAB&gt; /opt/homebrew/Cellar/libgeotiff/1.7.1_1/lib/libgeotiff.5.dylib
&gt;   Reason: tried: '/opt/homebrew/opt/libtiff/lib/libtiff.5.dylib' (no such file), '/System/Volumes/Preboot/Cryptexes/OS/opt/homebrew/opt/libtiff/lib/libtiff.5.dylib' (no such file), '/opt/homebrew/opt/libtiff/lib/libtiff.5.dylib' (no such file), '/usr/local/lib/libtiff.5.dylib' (no such file), '/usr/lib/libtiff.5.dylib' (no such file, not in dyld cache), '/opt/homebrew/Cellar/libtiff/4.5.0/lib/libtiff.5.dylib' (no such file), '/System/Volumes/Preboot/Cryptexes/OS/opt/homebrew/Cellar/libtiff/4.5
.0/lib/libtiff.5.dylib' (no such file), '/opt/homebrew/Cellar/libtiff/4.5.0/lib/libtiff.5.dylib' (no such file), '/usr/local/lib/libtiff.5.dylib' (no such file), '/usr/lib/libtiff.5.dylib' (no such file, not in dyld cache)
&gt; Error: File 'three_split.net.xml' is not accessible (No such file or directory).
&gt; Quitting (on error).
&gt; Traceback (most recent call last):
&gt;   File "/Users/sumo/clangMacOS_M1/sumo/tests/../tests/complex/sumo/extended/rerouter/runner.py", line 179, in &lt;module&gt;
&gt;     vehroutes = list(sumolib.output.parse(
&gt;   File "/Users/sumo/clangMacOS_M1/sumo/tests/../tests/complex/sumo/extended/rerouter/../../../../../tools/sumolib/xml.py", line 302, in parse
&gt;     for _, parsenode in ET.iterparse(_open(xmlfile, None), **kwargs):
&gt;   File "/opt/homebrew/Cellar/python@3.9/3.9.12_1/Frameworks/Python.framework/Versions/3.9/lib/python3.9/xml/etree/ElementTree.py", line 1279, in iterparse
&gt;     next(it)
&gt;   File "/opt/homebrew/Cellar/python@3.9/3.9.12_1/Frameworks/Python.framework/Versions/3.9/lib/python3.9/xml/etree/ElementTree.py", line 1256, in iterator
&gt;     source = open(source, "rb")
&gt; FileNotFoundError: [Errno 2] No such file or directory: 'vehroutes.xml'
&gt; sys:1: ResourceWarning: unclosed file &lt;_io.TextIOWrapper name='/dev/null' mode='r' encoding='UTF-8'&gt;
---------- Differences in output ----------
2d1
&lt; Success.
8,263d6
&lt;      Checking with embedded rerouter definition: False
&lt;     Checking with multi-referenced routes: False
&lt;      Checking with embedded rerouter definition: True
&lt;      Checking with embedded rerouter definition: False
&lt;   Checking for simulation begin=0, rerouter starts at 100, ends at 86400
&lt;     Checking with multi-referenced routes: True
&lt;      Checking with embedded rerouter definition: True
&lt;      Checking with embedded rerouter definition: False
&lt;     Checking with multi-referenced routes: False
&lt;      Checking with embedded rerouter definition: True
&lt;      Checking with embedded rerouter definition: False
&lt;   Checking for simulation begin=100, rerouter starts at 0, ends at 86400
&lt;     Checking with multi-referenced routes: True
&lt;      Checking with embedded rerouter definition: True
&lt;      Checking with embedded rerouter definition: False
&lt;     Checking with multi-referenced routes: False
&lt;      Checking with embedded rerouter definition: True
&lt;      Checking with embedded rerouter definition: False
&lt;   Checking for simulation begin=0, rerouter starts at 50, ends at 100
&lt;     Checking with multi-referenced routes: True
&lt;      Checking with embedded rerouter definition: True
&lt;      Checking with embedded rerouter definition: False
&lt;     Checking with multi-referenced routes: False
&lt;      Checking with embedded rerouter definition: True
&lt;      Checking with embedded rerouter definition: False
&lt;   Checking for simulation begin=50, rerouter starts at 50, ends at 100
&lt;     Checking with multi-referenced routes: True
&lt;truncated after showing first 30 lines&gt;
</PRE>
<A NAME="defaultsumo fcdReplay"></A>
<H4>TEST FAILED on ts-bapmsumm1bld : sumo fcdReplay (
<A HREF="test_default.html#defaultsumo fcdReplay">Last six runs</A>
<A HREF="test_default_all_Nov2023.html#defaultsumo fcdReplay">Nov2023</A>

)</H4>

<PRE>---------- Differences in errors ----------
0a1,310
&gt; dyld[1069]: Library not loaded: /opt/homebrew/opt/libtiff/lib/libtiff.5.dylib
&gt;   Referenced from: &lt;3FEB9C56-E432-36C6-A940-FC254CC92FAB&gt; /opt/homebrew/Cellar/libgeotiff/1.7.1_1/lib/libgeotiff.5.dylib
&gt;   Reason: tried: '/opt/homebrew/opt/libtiff/lib/libtiff.5.dylib' (no such file), '/System/Volumes/Preboot/Cryptexes/OS/opt/homebrew/opt/libtiff/lib/libtiff.5.dylib' (no such file), '/opt/homebrew/opt/libtiff/lib/libtiff.5.dylib' (no such file), '/usr/local/lib/libtiff.5.dylib' (no such file), '/usr/lib/libtiff.5.dylib' (no such file, not in dyld cache), '/opt/homebrew/Cellar/libtiff/4.5.0/lib/libtiff.5.dylib' (no such file), '/System/Volumes/Preboot/Cryptexes/OS/opt/homebrew/Cellar/libtiff/4.5
.0/lib/libtiff.5.dylib' (no such file), '/opt/homebrew/Cellar/libtiff/4.5.0/lib/libtiff.5.dylib' (no such file), '/usr/local/lib/libtiff.5.dylib' (no such file), '/usr/lib/libtiff.5.dylib' (no such file, not in dyld cache)
&gt;   warnings.warn(("Could not connect to TraCI server using port %s (%s)." +
&gt; dyld[1084]: Library not loaded: /opt/homebrew/opt/libtiff/lib/libtiff.5.dylib
&gt;   Referenced from: &lt;3FEB9C56-E432-36C6-A940-FC254CC92FAB&gt; /opt/homebrew/Cellar/libgeotiff/1.7.1_1/lib/libgeotiff.5.dylib
&gt;   Reason: tried: '/opt/homebrew/opt/libtiff/lib/libtiff.5.dylib' (no such file), '/System/Volumes/Preboot/Cryptexes/OS/opt/homebrew/opt/libtiff/lib/libtiff.5.dylib' (no such file), '/opt/homebrew/opt/libtiff/lib/libtiff.5.dylib' (no such file), '/usr/local/lib/libtiff.5.dylib' (no such file), '/usr/lib/libtiff.5.dylib' (no such file, not in dyld cache), '/opt/homebrew/Cellar/libtiff/4.5.0/lib/libtiff.5.dylib' (no such file), '/System/Volumes/Preboot/Cryptexes/OS/opt/homebrew/Cellar/libtiff/4.5
.0/lib/libtiff.5.dylib' (no such file), '/opt/homebrew/Cellar/libtiff/4.5.0/lib/libtiff.5.dylib' (no such file), '/usr/local/lib/libtiff.5.dylib' (no such file), '/usr/lib/libtiff.5.dylib' (no such file, not in dyld cache)
&gt;   warnings.warn(("Could not connect to TraCI server using port %s (%s)." +
&gt; dyld[1099]: Library not loaded: /opt/homebrew/opt/libtiff/lib/libtiff.5.dylib
&gt;   Referenced from: &lt;3FEB9C56-E432-36C6-A940-FC254CC92FAB&gt; /opt/homebrew/Cellar/libgeotiff/1.7.1_1/lib/libgeotiff.5.dylib
&gt;   Reason: tried: '/opt/homebrew/opt/libtiff/lib/libtiff.5.dylib' (no such file), '/System/Volumes/Preboot/Cryptexes/OS/opt/homebrew/opt/libtiff/lib/libtiff.5.dylib' (no such file), '/opt/homebrew/opt/libtiff/lib/libtiff.5.dylib' (no such file), '/usr/local/lib/libtiff.5.dylib' (no such file), '/usr/lib/libtiff.5.dylib' (no such file, not in dyld cache), '/opt/homebrew/Cellar/libtiff/4.5.0/lib/libtiff.5.dylib' (no such file), '/System/Volumes/Preboot/Cryptexes/OS/opt/homebrew/Cellar/libtiff/4.5
.0/lib/libtiff.5.dylib' (no such file), '/opt/homebrew/Cellar/libtiff/4.5.0/lib/libtiff.5.dylib' (no such file), '/usr/local/lib/libtiff.5.dylib' (no such file), '/usr/lib/libtiff.5.dylib' (no such file, not in dyld cache)
&gt;   warnings.warn(("Could not connect to TraCI server using port %s (%s)." +
&gt; dyld[1114]: Library not loaded: /opt/homebrew/opt/libtiff/lib/libtiff.5.dylib
&gt;   Referenced from: &lt;3FEB9C56-E432-36C6-A940-FC254CC92FAB&gt; /opt/homebrew/Cellar/libgeotiff/1.7.1_1/lib/libgeotiff.5.dylib
&gt;   Reason: tried: '/opt/homebrew/opt/libtiff/lib/libtiff.5.dylib' (no such file), '/System/Volumes/Preboot/Cryptexes/OS/opt/homebrew/opt/libtiff/lib/libtiff.5.dylib' (no such file), '/opt/homebrew/opt/libtiff/lib/libtiff.5.dylib' (no such file), '/usr/local/lib/libtiff.5.dylib' (no such file), '/usr/lib/libtiff.5.dylib' (no such file, not in dyld cache), '/opt/homebrew/Cellar/libtiff/4.5.0/lib/libtiff.5.dylib' (no such file), '/System/Volumes/Preboot/Cryptexes/OS/opt/homebrew/Cellar/libtiff/4.5
.0/lib/libtiff.5.dylib' (no such file), '/opt/homebrew/Cellar/libtiff/4.5.0/lib/libtiff.5.dylib' (no such file), '/usr/local/lib/libtiff.5.dylib' (no such file), '/usr/lib/libtiff.5.dylib' (no such file, not in dyld cache)
&gt;   warnings.warn(("Could not connect to TraCI server using port %s (%s)." +
&gt; dyld[1126]: Library not loaded: /opt/homebrew/opt/libtiff/lib/libtiff.5.dylib
&gt;   Referenced from: &lt;3FEB9C56-E432-36C6-A940-FC254CC92FAB&gt; /opt/homebrew/Cellar/libgeotiff/1.7.1_1/lib/libgeotiff.5.dylib
&gt;   Reason: tried: '/opt/homebrew/opt/libtiff/lib/libtiff.5.dylib' (no such file), '/System/Volumes/Preboot/Cryptexes/OS/opt/homebrew/opt/libtiff/lib/libtiff.5.dylib' (no such file), '/opt/homebrew/opt/libtiff/lib/libtiff.5.dylib' (no such file), '/usr/local/lib/libtiff.5.dylib' (no such file), '/usr/lib/libtiff.5.dylib' (no such file, not in dyld cache), '/opt/homebrew/Cellar/libtiff/4.5.0/lib/libtiff.5.dylib' (no such file), '/System/Volumes/Preboot/Cryptexes/OS/opt/homebrew/Cellar/libtiff/4.5
.0/lib/libtiff.5.dylib' (no such file), '/opt/homebrew/Cellar/libtiff/4.5.0/lib/libtiff.5.dylib' (no such file), '/usr/local/lib/libtiff.5.dylib' (no such file), '/usr/lib/libtiff.5.dylib' (no such file, not in dyld cache)
&gt;   warnings.warn(("Could not connect to TraCI server using port %s (%s)." +
&gt; dyld[1139]: Library not loaded: /opt/homebrew/opt/libtiff/lib/libtiff.5.dylib
&gt;   Referenced from: &lt;3FEB9C56-E432-36C6-A940-FC254CC92FAB&gt; /opt/homebrew/Cellar/libgeotiff/1.7.1_1/lib/libgeotiff.5.dylib
&gt;   Reason: tried: '/opt/homebrew/opt/libtiff/lib/libtiff.5.dylib' (no such file), '/System/Volumes/Preboot/Cryptexes/OS/opt/homebrew/opt/libtiff/lib/libtiff.5.dylib' (no such file), '/opt/homebrew/opt/libtiff/lib/libtiff.5.dylib' (no such file), '/usr/local/lib/libtiff.5.dylib' (no such file), '/usr/lib/libtiff.5.dylib' (no such file, not in dyld cache), '/opt/homebrew/Cellar/libtiff/4.5.0/lib/libtiff.5.dylib' (no such file), '/System/Volumes/Preboot/Cryptexes/OS/opt/homebrew/Cellar/libtiff/4.5
.0/lib/libtiff.5.dylib' (no such file), '/opt/homebrew/Cellar/libtiff/4.5.0/lib/libtiff.5.dylib' (no such file), '/usr/local/lib/libtiff.5.dylib' (no such file), '/usr/lib/libtiff.5.dylib' (no such file, not in dyld cache)
&gt;   warnings.warn(("Could not connect to TraCI server using port %s (%s)." +
&gt; dyld[1151]: Library not loaded: /opt/homebrew/opt/libtiff/lib/libtiff.5.dylib
&gt;   Referenced from: &lt;3FEB9C56-E432-36C6-A940-FC254CC92FAB&gt; /opt/homebrew/Cellar/libgeotiff/1.7.1_1/lib/libgeotiff.5.dylib
&gt;   Reason: tried: '/opt/homebrew/opt/libtiff/lib/libtiff.5.dylib' (no such file), '/System/Volumes/Preboot/Cryptexes/OS/opt/homebrew/opt/libtiff/lib/libtiff.5.dylib' (no such file), '/opt/homebrew/opt/libtiff/lib/libtiff.5.dylib' (no such file), '/usr/local/lib/libtiff.5.dylib' (no such file), '/usr/lib/libtiff.5.dylib' (no such file, not in dyld cache), '/opt/homebrew/Cellar/libtiff/4.5.0/lib/libtiff.5.dylib' (no such file), '/System/Volumes/Preboot/Cryptexes/OS/opt/homebrew/Cellar/libtiff/4.5
.0/lib/libtiff.5.dylib' (no such file), '/opt/homebrew/Cellar/libtiff/4.5.0/lib/libtiff.5.dylib' (no such file), '/usr/local/lib/libtiff.5.dylib' (no such file), '/usr/lib/libtiff.5.dylib' (no such file, not in dyld cache)
&gt;   warnings.warn(("Could not connect to TraCI server using port %s (%s)." +
&gt; dyld[1167]: Library not loaded: /opt/homebrew/opt/libtiff/lib/libtiff.5.dylib
&lt;truncated after showing first 30 lines&gt;
</PRE>
<A NAME="defaultsumo insertionCapacity"></A>
<H4>TEST FAILED on ts-bapmsumm1bld : sumo insertionCapacity (
<A HREF="test_default.html#defaultsumo insertionCapacity">Last six runs</A>
<A HREF="test_default_all_Nov2023.html#defaultsumo insertionCapacity">Nov2023</A>

)</H4>

<PRE>---------- Differences in log ----------
19c19
&lt; 2184 0.1 false 0.5 0.1 max
---
&gt; 2191 0.1 false 0.5 0.1 max
27c27
&lt; 2191 0.1 true 0.5 0.1 max
---
&gt; 2187 0.1 true 0.5 0.1 max
---------- Differences in log2 ----------
22d21
&lt; 0.1 false 0.5 0.1 max
23a23
&gt; 0.1 false 0.5 0.1 max
</PRE>
<A NAME="defaultsumo lane_change best_lanes"></A>
<H4>TEST FAILED on ts-bapmsumm1bld : sumo lane_change best_lanes (
<A HREF="test_default.html#defaultsumo lane_change best_lanes">Last six runs</A>
<A HREF="test_default_all_Nov2023.html#defaultsumo lane_change best_lanes">Nov2023</A>

)</H4>

<PRE>---------- Differences in errors ----------
0a1,9
&gt; dyld[99652]: Library not loaded: /opt/homebrew/opt/libtiff/lib/libtiff.5.dylib
&gt;   Referenced from: &lt;3FEB9C56-E432-36C6-A940-FC254CC92FAB&gt; /opt/homebrew/Cellar/libgeotiff/1.7.1_1/lib/libgeotiff.5.dylib
&gt;   Reason: tried: '/opt/homebrew/opt/libtiff/lib/libtiff.5.dylib' (no such file), '/System/Volumes/Preboot/Cryptexes/OS/opt/homebrew/opt/libtiff/lib/libtiff.5.dylib' (no such file), '/opt/homebrew/opt/libtiff/lib/libtiff.5.dylib' (no such file), '/usr/local/lib/libtiff.5.dylib' (no such file), '/usr/lib/libtiff.5.dylib' (no such file, not in dyld cache), '/opt/homebrew/Cellar/libtiff/4.5.0/lib/libtiff.5.dylib' (no such file), '/System/Volumes/Preboot/Cryptexes/OS/opt/homebrew/Cellar/libtiff/4.5
.0/lib/libtiff.5.dylib' (no such file), '/opt/homebrew/Cellar/libtiff/4.5.0/lib/libtiff.5.dylib' (no such file), '/usr/local/lib/libtiff.5.dylib' (no such file), '/usr/lib/libtiff.5.dylib' (no such file, not in dyld cache)
&gt; Error: File 'input_net.net.xml' is not accessible (No such file or directory).
&gt; Quitting (on error).
&gt; Traceback (most recent call last):
&gt;     raise FatalTraCIError("Connection closed by SUMO.")
&gt; traci.exceptions.FatalTraCIError: Connection closed by SUMO.
&gt; /opt/homebrew/Cellar/python@3.9/3.9.12_1/Frameworks/Python.framework/Versions/3.9/lib/python3.9/subprocess.py:1052: ResourceWarning: subprocess 99658 is still running
---------- Differences in output ----------
2,98d1
&lt; Success.
&lt; lane -1000+0.-500+0_0:
&lt;   length: 1953.6
&lt;   offset: 0
&lt;   allowsContinuation: True
&lt;   over: ('-1000+0.-500+0_0', '-500+0.+0+0_1', '+0+0.+500+0_1', '+500+0.+1000+0_1')
&lt; lane 0 ok
&lt; ----------------------------------------------------------------------
&lt; 
&lt; -- Test: acosta_busStopNeedsChange#2
&lt; Success.
&lt; lane -500+0.+0+0_0:
&lt;   length: 479.2
&lt;   offset: 1
&lt;   allowsContinuation: False
&lt;   over: ('-500+0.+0+0_0',)
&lt; lane -500+0.+0+0_1:
&lt;   length: 1457.6
&lt;   offset: 0
&lt;   allowsContinuation: True
&lt;   over: ('-500+0.+0+0_1', '+0+0.+500+0_1', '+500+0.+1000+0_1')
&lt; lane -500+0.+0+0_2:
&lt;   length: 479.2
&lt;   offset: -1
&lt;   allowsContinuation: False
&lt;   over: ('-500+0.+0+0_2',)
&lt; lane 0 ok
&lt; lane 1 ok
&lt; lane 2 ok
&lt;truncated after showing first 30 lines&gt;
</PRE>
<A NAME="defaultsumo meso segment_length"></A>
<H4>TEST FAILED on ts-bapmsumm1bld : sumo meso segment_length (
<A HREF="test_default.html#defaultsumo meso segment_length">Last six runs</A>
<A HREF="test_default_all_Nov2023.html#defaultsumo meso segment_length">Nov2023</A>

)</H4>

<PRE>---------- Differences in errors ----------
0a1,14
&gt; dyld[940]: Library not loaded: /opt/homebrew/opt/libtiff/lib/libtiff.5.dylib
&gt;   Referenced from: &lt;3FEB9C56-E432-36C6-A940-FC254CC92FAB&gt; /opt/homebrew/Cellar/libgeotiff/1.7.1_1/lib/libgeotiff.5.dylib
&gt;   Reason: tried: '/opt/homebrew/opt/libtiff/lib/libtiff.5.dylib' (no such file), '/System/Volumes/Preboot/Cryptexes/OS/opt/homebrew/opt/libtiff/lib/libtiff.5.dylib' (no such file), '/opt/homebrew/opt/libtiff/lib/libtiff.5.dylib' (no such file), '/usr/local/lib/libtiff.5.dylib' (no such file), '/usr/lib/libtiff.5.dylib' (no such file, not in dyld cache), '/opt/homebrew/Cellar/libtiff/4.5.0/lib/libtiff.5.dylib' (no such file), '/System/Volumes/Preboot/Cryptexes/OS/opt/homebrew/Cellar/libtiff/4.5
.0/lib/libtiff.5.dylib' (no such file), '/opt/homebrew/Cellar/libtiff/4.5.0/lib/libtiff.5.dylib' (no such file), '/usr/local/lib/libtiff.5.dylib' (no such file), '/usr/lib/libtiff.5.dylib' (no such file, not in dyld cache)
&gt; dyld[941]: Library not loaded: /opt/homebrew/opt/libtiff/lib/libtiff.5.dylib
&gt;   Referenced from: &lt;3FEB9C56-E432-36C6-A940-FC254CC92FAB&gt; /opt/homebrew/Cellar/libgeotiff/1.7.1_1/lib/libgeotiff.5.dylib
&gt;   Reason: tried: '/opt/homebrew/opt/libtiff/lib/libtiff.5.dylib' (no such file), '/System/Volumes/Preboot/Cryptexes/OS/opt/homebrew/opt/libtiff/lib/libtiff.5.dylib' (no such file), '/opt/homebrew/opt/libtiff/lib/libtiff.5.dylib' (no such file), '/usr/local/lib/libtiff.5.dylib' (no such file), '/usr/lib/libtiff.5.dylib' (no such file, not in dyld cache), '/opt/homebrew/Cellar/libtiff/4.5.0/lib/libtiff.5.dylib' (no such file), '/System/Volumes/Preboot/Cryptexes/OS/opt/homebrew/Cellar/libtiff/4.5
.0/lib/libtiff.5.dylib' (no such file), '/opt/homebrew/Cellar/libtiff/4.5.0/lib/libtiff.5.dylib' (no such file), '/usr/local/lib/libtiff.5.dylib' (no such file), '/usr/lib/libtiff.5.dylib' (no such file, not in dyld cache)
&gt; Error: File 'int.net.xml' is not accessible (No such file or directory).
&gt; Quitting (on error).
&gt; Traceback (most recent call last):
&gt;   File "/Users/sumo/clangMacOS_M1/sumo/tests/../tests/complex/sumo/meso/segment_length/runner.py", line 52, in &lt;module&gt;
&gt;     duration = call(cmd)
&gt;   File "/Users/sumo/clangMacOS_M1/sumo/tests/../tests/complex/sumo/meso/segment_length/runner.py", line 40, in call
&gt;     with open("stats.xml") as stats:
&gt; FileNotFoundError: [Errno 2] No such file or directory: 'stats.xml'
---------- Differences in output ----------
1,10d0
&lt; Success.
&lt; Success.
&lt; Durations int.net.xml: count 19, min 302.87 (110), max 306.35 (140), mean 304.42, Q1 303.15, median 303.95, Q3 306.35
&lt; Durations with junction control int.net.xml: count 19, min 303.84 (20), max 414.73 (140), mean 373.29, Q1 320.49, median 382.65, Q3 414.73
&lt; Deviation int.net.xml meso vs. micro: 0.279541658207
&lt; Deviation int.net.xml meso jc vs. micro: 0.116534858316
&lt; Durations noint.net.xml: count 19, min 309.98 (100), max 311.30 (120), mean 310.74, Q1 310.34, median 310.74, Q3 311.11
&lt; Durations with junction control noint.net.xml: count 19, min 312.27 (10), max 469.85 (150), mean 387.32, Q1 337.01, median 383.25, Q3 469.85
&lt; Deviation noint.net.xml meso vs. micro: 0.250843483259
&lt; Deviation noint.net.xml meso jc vs. micro: 0.0662351652897
</PRE>
<A NAME="defaultsumo parallel"></A>
<H4>TEST FAILED on ts-bapmsumm1bld : sumo parallel (
<A HREF="test_default.html#defaultsumo parallel">Last six runs</A>
<A HREF="test_default_all_Nov2023.html#defaultsumo parallel">Nov2023</A>

)</H4>

<PRE>---------- Differences in errors ----------
0a1,7
&gt; dyld[946]: Library not loaded: /opt/homebrew/opt/libtiff/lib/libtiff.5.dylib
&gt;   Referenced from: &lt;3FEB9C56-E432-36C6-A940-FC254CC92FAB&gt; /opt/homebrew/Cellar/libgeotiff/1.7.1_1/lib/libgeotiff.5.dylib
&gt;   Reason: tried: '/opt/homebrew/opt/libtiff/lib/libtiff.5.dylib' (no such file), '/System/Volumes/Preboot/Cryptexes/OS/opt/homebrew/opt/libtiff/lib/libtiff.5.dylib' (no such file), '/opt/homebrew/opt/libtiff/lib/libtiff.5.dylib' (no such file), '/usr/local/lib/libtiff.5.dylib' (no such file), '/usr/lib/libtiff.5.dylib' (no such file, not in dyld cache), '/opt/homebrew/Cellar/libtiff/4.5.0/lib/libtiff.5.dylib' (no such file), '/System/Volumes/Preboot/Cryptexes/OS/opt/homebrew/Cellar/libtiff/4.5
.0/lib/libtiff.5.dylib' (no such file), '/opt/homebrew/Cellar/libtiff/4.5.0/lib/libtiff.5.dylib' (no such file), '/usr/local/lib/libtiff.5.dylib' (no such file), '/usr/lib/libtiff.5.dylib' (no such file, not in dyld cache)
&gt; Error: File '60.net.xml' is not accessible (No such file or directory).
&gt; Quitting (on error).
&gt; Error: File '60.net.xml' is not accessible (No such file or directory).
&gt; Quitting (on error).
---------- Differences in output ----------
1d0
&lt; Success.
</PRE>
<A NAME="defaultsumo ringNoBrake"></A>
<H4>TEST FAILED on ts-bapmsumm1bld : sumo ringNoBrake (
<A HREF="test_default.html#defaultsumo ringNoBrake">Last six runs</A>
<A HREF="test_default_all_Nov2023.html#defaultsumo ringNoBrake">Nov2023</A>

)</H4>

<PRE>---------- Differences in errors ----------
1,6c1,9
&lt; Warning: Starting TraCI without using internal lanes!
&lt; Vehicles will jump over junctions.
&lt; Use without option --no-internal-links to avoid unexpected behavior
&lt; Warning: Starting TraCI without using internal lanes!
&lt; Vehicles will jump over junctions.
&lt; Use without option --no-internal-links to avoid unexpected behavior
---
&gt; dyld[99656]: Library not loaded: /opt/homebrew/opt/libtiff/lib/libtiff.5.dylib
&gt;   Referenced from: &lt;3FEB9C56-E432-36C6-A940-FC254CC92FAB&gt; /opt/homebrew/Cellar/libgeotiff/1.7.1_1/lib/libgeotiff.5.dylib
&gt;   Reason: tried: '/opt/homebrew/opt/libtiff/lib/libtiff.5.dylib' (no such file), '/System/Volumes/Preboot/Cryptexes/OS/opt/homebrew/opt/libtiff/lib/libtiff.5.dylib' (no such file), '/opt/homebrew/opt/libtiff/lib/libtiff.5.dylib' (no such file), '/usr/local/lib/libtiff.5.dylib' (no such file), '/usr/lib/libtiff.5.dylib' (no such file, not in dyld cache), '/opt/homebrew/Cellar/libtiff/4.5.0/lib/libtiff.5.dylib' (no such file), '/System/Volumes/Preboot/Cryptexes/OS/opt/homebrew/Cellar/libtiff/4.5
.0/lib/libtiff.5.dylib' (no such file), '/opt/homebrew/Cellar/libtiff/4.5.0/lib/libtiff.5.dylib' (no such file), '/usr/local/lib/libtiff.5.dylib' (no such file), '/usr/lib/libtiff.5.dylib' (no such file, not in dyld cache)
&gt; Error: File 'circular.net.xml' is not accessible (No such file or directory).
&gt; Quitting (on error).
&gt; Traceback (most recent call last):
&gt;     raise FatalTraCIError("Connection closed by SUMO.")
&gt; traci.exceptions.FatalTraCIError: Connection closed by SUMO.
&gt; /opt/homebrew/Cellar/python@3.9/3.9.12_1/Frameworks/Python.framework/Versions/3.9/lib/python3.9/subprocess.py:1052: ResourceWarning: subprocess 99659 is still running
---------- Differences in output ----------
2d1
&lt; Success.
4,9d2
&lt; &gt;&gt;&gt; Checking Simulation (network: internal, simulation: no internal)
&lt; 
&lt; &gt;&gt;&gt; Building the network (without internal)
&lt; Success.
&lt; &gt;&gt;&gt; Checking Simulation (network: no internal, simulation: internal)
&lt; &gt;&gt;&gt; Checking Simulation (network: no internal, simulation: no internal)
</PRE>
<A NAME="defaultsumo socketout"></A>
<H4>TEST FAILED on ts-bapmsumm1bld : sumo socketout (
<A HREF="test_default.html#defaultsumo socketout">Last six runs</A>
<A HREF="test_default_all_Nov2023.html#defaultsumo socketout">Nov2023</A>

)</H4>

<PRE>---------- Differences in errors ----------
1,2d0
&lt; Error: send failed: Software caused tcpip::Socket abort
&lt; Quitting (on error).
</PRE>
<A NAME="defaultsumo xmlValidation"></A>
<H4>TEST FAILED on ts-bapmsumm1bld : sumo xmlValidation (
<A HREF="test_default.html#defaultsumo xmlValidation">Last six runs</A>
<A HREF="test_default_all_Nov2023.html#defaultsumo xmlValidation">Nov2023</A>

)</H4>

<PRE>---------- Differences in errors ----------
0a1,3
&gt; dyld[99978]: Library not loaded: /opt/homebrew/opt/libtiff/lib/libtiff.5.dylib
&gt;   Referenced from: &lt;3FEB9C56-E432-36C6-A940-FC254CC92FAB&gt; /opt/homebrew/Cellar/libgeotiff/1.7.1_1/lib/libgeotiff.5.dylib
&gt;   Reason: tried: '/opt/homebrew/opt/libtiff/lib/libtiff.5.dylib' (no such file), '/System/Volumes/Preboot/Cryptexes/OS/opt/homebrew/opt/libtiff/lib/libtiff.5.dylib' (no such file), '/opt/homebrew/opt/libtiff/lib/libtiff.5.dylib' (no such file), '/usr/local/lib/libtiff.5.dylib' (no such file), '/usr/lib/libtiff.5.dylib' (no such file, not in dyld cache), '/opt/homebrew/Cellar/libtiff/4.5.0/lib/libtiff.5.dylib' (no such file), '/System/Volumes/Preboot/Cryptexes/OS/opt/homebrew/Cellar/libtiff/4.5
.0/lib/libtiff.5.dylib' (no such file), '/opt/homebrew/Cellar/libtiff/4.5.0/lib/libtiff.5.dylib' (no such file), '/usr/local/lib/libtiff.5.dylib' (no such file), '/usr/lib/libtiff.5.dylib' (no such file, not in dyld cache)
---------- Differences in output ----------
1d0
&lt; Success.
2a2,3
&gt; Error: File 'n.net.xml' is not accessible (No such file or directory).
&gt; Quitting (on error).
4a6,7
&gt; Error: File 'n.net.xml' is not accessible (No such file or directory).
&gt; Quitting (on error).
6a10,11
&gt; Error: File 'n.net.xml' is not accessible (No such file or directory).
&gt; Quitting (on error).
8a14,15
&gt; Error: File 'n.net.xml' is not accessible (No such file or directory).
&gt; Quitting (on error).
9a17,18
&gt; Error: File 'n.net.xml' is not accessible (No such file or directory).
&gt; Quitting (on error).
10a20,21
&gt; Error: File 'n.net.xml' is not accessible (No such file or directory).
&gt; Quitting (on error).
11a23,24
&gt; Error: File 'n.net.xml' is not accessible (No such file or directory).
&gt; Quitting (on error).
12a26,27
&gt; Error: File 'n.net.xml' is not accessible (No such file or directory).
&gt; Quitting (on error).
13a29,30
&gt; Error: File 'n.net.xml' is not accessible (No such file or directory).
&gt; Quitting (on error).
15a33,34
&lt;truncated after showing first 30 lines&gt;
</PRE>
<A NAME="defaulttraas multiclient"></A>
<H4>TEST FAILED on ts-bapmsumm1bld : traas multiclient (
<A HREF="test_default.html#defaulttraas multiclient">Last six runs</A>
<A HREF="test_default_all_Nov2023.html#defaulttraas multiclient">Nov2023</A>

)</H4>

<PRE>---------- Differences in output ----------
1544c1544
&lt;   veh=v88 len=4.5 entry=136.32840850958843 leave=-1.0 type=car
---
&gt;   veh=v88 len=4.5 entry=136.3085357066153 leave=-1.0 type=car
1546c1546
&lt;   veh=v88 len=4.5 entry=136.32840850958843 leave=-1.0 type=car
---
&gt;   veh=v88 len=4.5 entry=136.3085357066153 leave=-1.0 type=car
1548c1548
&lt;   veh=v88 len=4.5 entry=136.32840850958843 leave=-1.0 type=car
---
&gt;   veh=v88 len=4.5 entry=136.3085357066153 leave=-1.0 type=car
1550c1550
&lt;   veh=v88 len=4.5 entry=136.32840850958843 leave=136.65009859207618 type=car
---
&gt;   veh=v88 len=4.5 entry=136.3085357066153 leave=136.63022578910306 type=car
1573d1572
&lt;   veh=v90 len=4.5 entry=138.80982679521847 leave=-1.0 type=car
1575d1573
&lt;   veh=v90 len=4.5 entry=138.80982679521847 leave=-1.0 type=car
1577d1574
&lt;   veh=v90 len=4.5 entry=138.80982679521847 leave=-1.0 type=car
1579d1575
&lt;   veh=v90 len=4.5 entry=138.80982679521847 leave=139.13764752625357 type=car
1643d1638
&lt;   veh=v92 len=4.5 entry=145.48443240273102 leave=-1.0 type=car
1645c1640
&lt;   veh=v92 len=4.5 entry=145.48443240273102 leave=-1.0 type=car
---
&gt;   veh=v92 len=4.5 entry=145.51593508620863 leave=-1.0 type=car
&lt;truncated after showing first 30 lines&gt;
</PRE>
<A NAME="defaulttraas simple"></A>
<A NAME="defaulttraci_java simple"></A>
<H4>2 TESTS FAILED on ts-bapmsumm1bld :</H4>

<PRE>---------- Differences in output ----------
1540c1540
&lt;   veh=v88 len=4.5 entry=136.32840850958843 leave=-1.0 type=car
---
&gt;   veh=v88 len=4.5 entry=136.3085357066153 leave=-1.0 type=car
1542c1542
&lt;   veh=v88 len=4.5 entry=136.32840850958843 leave=-1.0 type=car
---
&gt;   veh=v88 len=4.5 entry=136.3085357066153 leave=-1.0 type=car
1544c1544
&lt;   veh=v88 len=4.5 entry=136.32840850958843 leave=-1.0 type=car
---
&gt;   veh=v88 len=4.5 entry=136.3085357066153 leave=-1.0 type=car
1546c1546
&lt;   veh=v88 len=4.5 entry=136.32840850958843 leave=136.65009859207618 type=car
---
&gt;   veh=v88 len=4.5 entry=136.3085357066153 leave=136.63022578910306 type=car
1569d1568
&lt;   veh=v90 len=4.5 entry=138.80982679521847 leave=-1.0 type=car
1571d1569
&lt;   veh=v90 len=4.5 entry=138.80982679521847 leave=-1.0 type=car
1573d1570
&lt;   veh=v90 len=4.5 entry=138.80982679521847 leave=-1.0 type=car
1575d1571
&lt;   veh=v90 len=4.5 entry=138.80982679521847 leave=139.13764752625357 type=car
1639d1634
&lt;   veh=v92 len=4.5 entry=145.48443240273102 leave=-1.0 type=car
1641c1636
&lt;   veh=v92 len=4.5 entry=145.48443240273102 leave=-1.0 type=car
---
&gt;   veh=v92 len=4.5 entry=145.51593508620863 leave=-1.0 type=car
&lt;truncated after showing first 30 lines&gt;
</PRE>
traas simple (
<A HREF="test_default.html#defaulttraas simple">Last six runs</A>
<A HREF="test_default_all_Nov2023.html#defaulttraas simple">Nov2023</A>

)<br>

traci_java simple (
<A HREF="test_default.html#defaulttraci_java simple">Last six runs</A>
<A HREF="test_default_all_Nov2023.html#defaulttraci_java simple">Nov2023</A>

)<br>

<A NAME="defaulttraci connection clientCloses sumo-gui"></A>
<H4>TEST FAILED on ts-bapmsumm1bld : traci connection clientCloses sumo-gui (
<A HREF="test_default.html#defaulttraci connection clientCloses sumo-gui">Last six runs</A>
<A HREF="test_default_all_Nov2023.html#defaulttraci connection clientCloses sumo-gui">Nov2023</A>

)</H4>

<PRE>---------- Differences in errors ----------
0a1,8
&gt; dyld[2317]: Library not loaded: /opt/homebrew/opt/libtiff/lib/libtiff.5.dylib
&gt;   Referenced from: &lt;3FEB9C56-E432-36C6-A940-FC254CC92FAB&gt; /opt/homebrew/Cellar/libgeotiff/1.7.1_1/lib/libgeotiff.5.dylib
&gt;   Reason: tried: '/opt/homebrew/opt/libtiff/lib/libtiff.5.dylib' (no such file), '/System/Volumes/Preboot/Cryptexes/OS/opt/homebrew/opt/libtiff/lib/libtiff.5.dylib' (no such file), '/opt/homebrew/opt/libtiff/lib/libtiff.5.dylib' (no such file), '/usr/local/lib/libtiff.5.dylib' (no such file), '/usr/lib/libtiff.5.dylib' (no such file, not in dyld cache), '/opt/homebrew/Cellar/libtiff/4.5.0/lib/libtiff.5.dylib' (no such file), '/System/Volumes/Preboot/Cryptexes/OS/opt/homebrew/Cellar/libtiff/4.5
.0/lib/libtiff.5.dylib' (no such file), '/opt/homebrew/Cellar/libtiff/4.5.0/lib/libtiff.5.dylib' (no such file), '/usr/local/lib/libtiff.5.dylib' (no such file), '/usr/lib/libtiff.5.dylib' (no such file, not in dyld cache)
&gt; Traceback (most recent call last):
&gt;     raise FatalTraCIError("Could not connect in %s tries" % (numRetries + 1))
&gt; traci.exceptions.FatalTraCIError: Could not connect in 61 tries
&gt; /opt/homebrew/Cellar/python@3.9/3.9.12_1/Frameworks/Python.framework/Versions/3.9/lib/python3.9/subprocess.py:1052: ResourceWarning: subprocess 2317 is still running
&gt;   _warn("subprocess %s is still running" % self.pid,
---------- Differences in output ----------
3,15d2
&lt; Print ended at step 100.0
&lt; ----------- SUMO end time is not given -----------
&lt; Print ended at step 100.0
&lt; =========== empty routes in SUMO ===========
&lt; ----------- SUMO end time is smaller than TraCI's -----------
&lt; Print ended at step 100.0
&lt; ----------- SUMO end time is not given -----------
&lt; Print ended at step 100.0
&lt; =========== vehicle leaves before TraCI ends ===========
&lt; ----------- SUMO end time is smaller than TraCI's -----------
&lt; Print ended at step 100.0
&lt; ----------- SUMO end time is not given -----------
&lt; Print ended at step 100.0
</PRE>
<A NAME="defaulttraci connection closingOutput sumo-gui"></A>
<H4>TEST FAILED on ts-bapmsumm1bld : traci connection closingOutput sumo-gui (
<A HREF="test_default.html#defaulttraci connection closingOutput sumo-gui">Last six runs</A>
<A HREF="test_default_all_Nov2023.html#defaulttraci connection closingOutput sumo-gui">Nov2023</A>

)</H4>

<PRE>---------- Differences in errors ----------
0a1,310
&gt; dyld[2359]: Library not loaded: /opt/homebrew/opt/libtiff/lib/libtiff.5.dylib
&gt;   Referenced from: &lt;3FEB9C56-E432-36C6-A940-FC254CC92FAB&gt; /opt/homebrew/Cellar/libgeotiff/1.7.1_1/lib/libgeotiff.5.dylib
&gt;   Reason: tried: '/opt/homebrew/opt/libtiff/lib/libtiff.5.dylib' (no such file), '/System/Volumes/Preboot/Cryptexes/OS/opt/homebrew/opt/libtiff/lib/libtiff.5.dylib' (no such file), '/opt/homebrew/opt/libtiff/lib/libtiff.5.dylib' (no such file), '/usr/local/lib/libtiff.5.dylib' (no such file), '/usr/lib/libtiff.5.dylib' (no such file, not in dyld cache), '/opt/homebrew/Cellar/libtiff/4.5.0/lib/libtiff.5.dylib' (no such file), '/System/Volumes/Preboot/Cryptexes/OS/opt/homebrew/Cellar/libtiff/4.5
.0/lib/libtiff.5.dylib' (no such file), '/opt/homebrew/Cellar/libtiff/4.5.0/lib/libtiff.5.dylib' (no such file), '/usr/local/lib/libtiff.5.dylib' (no such file), '/usr/lib/libtiff.5.dylib' (no such file, not in dyld cache)
&gt;   warnings.warn(("Could not connect to TraCI server using port %s (%s)." +
&gt; dyld[2375]: Library not loaded: /opt/homebrew/opt/libtiff/lib/libtiff.5.dylib
&gt;   Referenced from: &lt;3FEB9C56-E432-36C6-A940-FC254CC92FAB&gt; /opt/homebrew/Cellar/libgeotiff/1.7.1_1/lib/libgeotiff.5.dylib
&gt;   Reason: tried: '/opt/homebrew/opt/libtiff/lib/libtiff.5.dylib' (no such file), '/System/Volumes/Preboot/Cryptexes/OS/opt/homebrew/opt/libtiff/lib/libtiff.5.dylib' (no such file), '/opt/homebrew/opt/libtiff/lib/libtiff.5.dylib' (no such file), '/usr/local/lib/libtiff.5.dylib' (no such file), '/usr/lib/libtiff.5.dylib' (no such file, not in dyld cache), '/opt/homebrew/Cellar/libtiff/4.5.0/lib/libtiff.5.dylib' (no such file), '/System/Volumes/Preboot/Cryptexes/OS/opt/homebrew/Cellar/libtiff/4.5
.0/lib/libtiff.5.dylib' (no such file), '/opt/homebrew/Cellar/libtiff/4.5.0/lib/libtiff.5.dylib' (no such file), '/usr/local/lib/libtiff.5.dylib' (no such file), '/usr/lib/libtiff.5.dylib' (no such file, not in dyld cache)
&gt;   warnings.warn(("Could not connect to TraCI server using port %s (%s)." +
&gt; dyld[2378]: Library not loaded: /opt/homebrew/opt/libtiff/lib/libtiff.5.dylib
&gt;   Referenced from: &lt;3FEB9C56-E432-36C6-A940-FC254CC92FAB&gt; /opt/homebrew/Cellar/libgeotiff/1.7.1_1/lib/libgeotiff.5.dylib
&gt;   Reason: tried: '/opt/homebrew/opt/libtiff/lib/libtiff.5.dylib' (no such file), '/System/Volumes/Preboot/Cryptexes/OS/opt/homebrew/opt/libtiff/lib/libtiff.5.dylib' (no such file), '/opt/homebrew/opt/libtiff/lib/libtiff.5.dylib' (no such file), '/usr/local/lib/libtiff.5.dylib' (no such file), '/usr/lib/libtiff.5.dylib' (no such file, not in dyld cache), '/opt/homebrew/Cellar/libtiff/4.5.0/lib/libtiff.5.dylib' (no such file), '/System/Volumes/Preboot/Cryptexes/OS/opt/homebrew/Cellar/libtiff/4.5
.0/lib/libtiff.5.dylib' (no such file), '/opt/homebrew/Cellar/libtiff/4.5.0/lib/libtiff.5.dylib' (no such file), '/usr/local/lib/libtiff.5.dylib' (no such file), '/usr/lib/libtiff.5.dylib' (no such file, not in dyld cache)
&gt;   warnings.warn(("Could not connect to TraCI server using port %s (%s)." +
&gt; dyld[2385]: Library not loaded: /opt/homebrew/opt/libtiff/lib/libtiff.5.dylib
&gt;   Referenced from: &lt;3FEB9C56-E432-36C6-A940-FC254CC92FAB&gt; /opt/homebrew/Cellar/libgeotiff/1.7.1_1/lib/libgeotiff.5.dylib
&gt;   Reason: tried: '/opt/homebrew/opt/libtiff/lib/libtiff.5.dylib' (no such file), '/System/Volumes/Preboot/Cryptexes/OS/opt/homebrew/opt/libtiff/lib/libtiff.5.dylib' (no such file), '/opt/homebrew/opt/libtiff/lib/libtiff.5.dylib' (no such file), '/usr/local/lib/libtiff.5.dylib' (no such file), '/usr/lib/libtiff.5.dylib' (no such file, not in dyld cache), '/opt/homebrew/Cellar/libtiff/4.5.0/lib/libtiff.5.dylib' (no such file), '/System/Volumes/Preboot/Cryptexes/OS/opt/homebrew/Cellar/libtiff/4.5
.0/lib/libtiff.5.dylib' (no such file), '/opt/homebrew/Cellar/libtiff/4.5.0/lib/libtiff.5.dylib' (no such file), '/usr/local/lib/libtiff.5.dylib' (no such file), '/usr/lib/libtiff.5.dylib' (no such file, not in dyld cache)
&gt;   warnings.warn(("Could not connect to TraCI server using port %s (%s)." +
&gt; dyld[2399]: Library not loaded: /opt/homebrew/opt/libtiff/lib/libtiff.5.dylib
&gt;   Referenced from: &lt;3FEB9C56-E432-36C6-A940-FC254CC92FAB&gt; /opt/homebrew/Cellar/libgeotiff/1.7.1_1/lib/libgeotiff.5.dylib
&gt;   Reason: tried: '/opt/homebrew/opt/libtiff/lib/libtiff.5.dylib' (no such file), '/System/Volumes/Preboot/Cryptexes/OS/opt/homebrew/opt/libtiff/lib/libtiff.5.dylib' (no such file), '/opt/homebrew/opt/libtiff/lib/libtiff.5.dylib' (no such file), '/usr/local/lib/libtiff.5.dylib' (no such file), '/usr/lib/libtiff.5.dylib' (no such file, not in dyld cache), '/opt/homebrew/Cellar/libtiff/4.5.0/lib/libtiff.5.dylib' (no such file), '/System/Volumes/Preboot/Cryptexes/OS/opt/homebrew/Cellar/libtiff/4.5
.0/lib/libtiff.5.dylib' (no such file), '/opt/homebrew/Cellar/libtiff/4.5.0/lib/libtiff.5.dylib' (no such file), '/usr/local/lib/libtiff.5.dylib' (no such file), '/usr/lib/libtiff.5.dylib' (no such file, not in dyld cache)
&gt;   warnings.warn(("Could not connect to TraCI server using port %s (%s)." +
&gt; dyld[2410]: Library not loaded: /opt/homebrew/opt/libtiff/lib/libtiff.5.dylib
&gt;   Referenced from: &lt;3FEB9C56-E432-36C6-A940-FC254CC92FAB&gt; /opt/homebrew/Cellar/libgeotiff/1.7.1_1/lib/libgeotiff.5.dylib
&gt;   Reason: tried: '/opt/homebrew/opt/libtiff/lib/libtiff.5.dylib' (no such file), '/System/Volumes/Preboot/Cryptexes/OS/opt/homebrew/opt/libtiff/lib/libtiff.5.dylib' (no such file), '/opt/homebrew/opt/libtiff/lib/libtiff.5.dylib' (no such file), '/usr/local/lib/libtiff.5.dylib' (no such file), '/usr/lib/libtiff.5.dylib' (no such file, not in dyld cache), '/opt/homebrew/Cellar/libtiff/4.5.0/lib/libtiff.5.dylib' (no such file), '/System/Volumes/Preboot/Cryptexes/OS/opt/homebrew/Cellar/libtiff/4.5
.0/lib/libtiff.5.dylib' (no such file), '/opt/homebrew/Cellar/libtiff/4.5.0/lib/libtiff.5.dylib' (no such file), '/usr/local/lib/libtiff.5.dylib' (no such file), '/usr/lib/libtiff.5.dylib' (no such file, not in dyld cache)
&gt;   warnings.warn(("Could not connect to TraCI server using port %s (%s)." +
&gt; dyld[2420]: Library not loaded: /opt/homebrew/opt/libtiff/lib/libtiff.5.dylib
&gt;   Referenced from: &lt;3FEB9C56-E432-36C6-A940-FC254CC92FAB&gt; /opt/homebrew/Cellar/libgeotiff/1.7.1_1/lib/libgeotiff.5.dylib
&gt;   Reason: tried: '/opt/homebrew/opt/libtiff/lib/libtiff.5.dylib' (no such file), '/System/Volumes/Preboot/Cryptexes/OS/opt/homebrew/opt/libtiff/lib/libtiff.5.dylib' (no such file), '/opt/homebrew/opt/libtiff/lib/libtiff.5.dylib' (no such file), '/usr/local/lib/libtiff.5.dylib' (no such file), '/usr/lib/libtiff.5.dylib' (no such file, not in dyld cache), '/opt/homebrew/Cellar/libtiff/4.5.0/lib/libtiff.5.dylib' (no such file), '/System/Volumes/Preboot/Cryptexes/OS/opt/homebrew/Cellar/libtiff/4.5
.0/lib/libtiff.5.dylib' (no such file), '/opt/homebrew/Cellar/libtiff/4.5.0/lib/libtiff.5.dylib' (no such file), '/usr/local/lib/libtiff.5.dylib' (no such file), '/usr/lib/libtiff.5.dylib' (no such file, not in dyld cache)
&gt;   warnings.warn(("Could not connect to TraCI server using port %s (%s)." +
&gt; dyld[2432]: Library not loaded: /opt/homebrew/opt/libtiff/lib/libtiff.5.dylib
&lt;truncated after showing first 30 lines&gt;
---------- Missing result in state ----------
&lt;?xml version="1.0" encoding="UTF-8"?&gt;


&lt;netstate xmlns:xsi="http://www.w3.org/2001/XMLSchema-instance" xsi:noNamespaceSchemaLocation="http://sumo.dlr.de/xsd/netstate_file.xsd"&gt;
    &lt;timestep time="0.00"&gt;
        &lt;edge id="2fi"&gt;
            &lt;lane id="2fi_0"&gt;
                &lt;vehicle id="horiz" pos="5.10" speed="0.00"/&gt;
            &lt;/lane&gt;
        &lt;/edge&gt;
    &lt;/timestep&gt;
    &lt;timestep time="1.00"&gt;
        &lt;edge id="2fi"&gt;
            &lt;lane id="2fi_0"&gt;
                &lt;vehicle id="horiz" pos="6.53" speed="1.43"/&gt;
            &lt;/lane&gt;
        &lt;/edge&gt;
    &lt;/timestep&gt;
    &lt;timestep time="2.00"&gt;
        &lt;edge id="2fi"&gt;
            &lt;lane id="2fi_0"&gt;
                &lt;vehicle id="horiz" pos="10.57" speed="4.03"/&gt;
            &lt;/lane&gt;
        &lt;/edge&gt;
    &lt;/timestep&gt;
    &lt;timestep time="3.00"&gt;
        &lt;edge id="2fi"&gt;
            &lt;lane id="2fi_0"&gt;
                &lt;vehicle id="horiz" pos="16.77" speed="6.21"/&gt;
            &lt;/lane&gt;
&lt;truncated after showing first 30 lines&gt;
---------- Missing result in tripinfo ----------
&lt;?xml version="1.0" encoding="UTF-8"?&gt;


&lt;tripinfos xmlns:xsi="http://www.w3.org/2001/XMLSchema-instance" xsi:noNamespaceSchemaLocation="http://sumo.dlr.de/xsd/tripinfo_file.xsd"&gt;
&lt;/tripinfos&gt;
</PRE>
<A NAME="defaulttraci connection multipleConnections basic sumo-gui"></A>
<H4>TEST FAILED on ts-bapmsumm1bld : traci connection multipleConnections basic sumo-gui (
<A HREF="test_default.html#defaulttraci connection multipleConnections basic sumo-gui">Last six runs</A>
<A HREF="test_default_all_Nov2023.html#defaulttraci connection multipleConnections basic sumo-gui">Nov2023</A>

)</H4>

<PRE>---------- Differences in errors ----------
0a1,136
&gt; dyld[2081]: Library not loaded: /opt/homebrew/opt/libtiff/lib/libtiff.5.dylib
&gt;   Referenced from: &lt;3FEB9C56-E432-36C6-A940-FC254CC92FAB&gt; /opt/homebrew/Cellar/libgeotiff/1.7.1_1/lib/libgeotiff.5.dylib
&gt;   Reason: tried: '/opt/homebrew/opt/libtiff/lib/libtiff.5.dylib' (no such file), '/System/Volumes/Preboot/Cryptexes/OS/opt/homebrew/opt/libtiff/lib/libtiff.5.dylib' (no such file), '/opt/homebrew/opt/libtiff/lib/libtiff.5.dylib' (no such file), '/usr/local/lib/libtiff.5.dylib' (no such file), '/usr/lib/libtiff.5.dylib' (no such file, not in dyld cache), '/opt/homebrew/Cellar/libtiff/4.5.0/lib/libtiff.5.dylib' (no such file), '/System/Volumes/Preboot/Cryptexes/OS/opt/homebrew/Cellar/libtiff/4.5
.0/lib/libtiff.5.dylib' (no such file), '/opt/homebrew/Cellar/libtiff/4.5.0/lib/libtiff.5.dylib' (no such file), '/usr/local/lib/libtiff.5.dylib' (no such file), '/usr/lib/libtiff.5.dylib' (no such file, not in dyld cache)
&gt; Process Process-1:
&gt; Traceback (most recent call last):
&gt;     raise FatalTraCIError("Could not connect in %s tries" % (numRetries + 1))
&gt; traci.exceptions.FatalTraCIError: Could not connect in 61 tries
&gt; Process Process-2:
&gt; Traceback (most recent call last):
&gt;     raise FatalTraCIError("Could not connect in %s tries" % (numRetries + 1))
&gt; traci.exceptions.FatalTraCIError: Could not connect in 61 tries
&gt; dyld[2673]: Library not loaded: /opt/homebrew/opt/libtiff/lib/libtiff.5.dylib
&gt;   Referenced from: &lt;3FEB9C56-E432-36C6-A940-FC254CC92FAB&gt; /opt/homebrew/Cellar/libgeotiff/1.7.1_1/lib/libgeotiff.5.dylib
&gt;   Reason: tried: '/opt/homebrew/opt/libtiff/lib/libtiff.5.dylib' (no such file), '/System/Volumes/Preboot/Cryptexes/OS/opt/homebrew/opt/libtiff/lib/libtiff.5.dylib' (no such file), '/opt/homebrew/opt/libtiff/lib/libtiff.5.dylib' (no such file), '/usr/local/lib/libtiff.5.dylib' (no such file), '/usr/lib/libtiff.5.dylib' (no such file, not in dyld cache), '/opt/homebrew/Cellar/libtiff/4.5.0/lib/libtiff.5.dylib' (no such file), '/System/Volumes/Preboot/Cryptexes/OS/opt/homebrew/Cellar/libtiff/4.5
.0/lib/libtiff.5.dylib' (no such file), '/opt/homebrew/Cellar/libtiff/4.5.0/lib/libtiff.5.dylib' (no such file), '/usr/local/lib/libtiff.5.dylib' (no such file), '/usr/lib/libtiff.5.dylib' (no such file, not in dyld cache)
&gt; Process Process-4:
&gt; Traceback (most recent call last):
&gt;     raise FatalTraCIError("Could not connect in %s tries" % (numRetries + 1))
&gt; traci.exceptions.FatalTraCIError: Could not connect in 61 tries
&gt; Process Process-3:
&gt; Traceback (most recent call last):
&gt;     raise FatalTraCIError("Could not connect in %s tries" % (numRetries + 1))
&gt; traci.exceptions.FatalTraCIError: Could not connect in 61 tries
&gt; dyld[3416]: Library not loaded: /opt/homebrew/opt/libtiff/lib/libtiff.5.dylib
&gt;   Referenced from: &lt;3FEB9C56-E432-36C6-A940-FC254CC92FAB&gt; /opt/homebrew/Cellar/libgeotiff/1.7.1_1/lib/libgeotiff.5.dylib
&gt;   Reason: tried: '/opt/homebrew/opt/libtiff/lib/libtiff.5.dylib' (no such file), '/System/Volumes/Preboot/Cryptexes/OS/opt/homebrew/opt/libtiff/lib/libtiff.5.dylib' (no such file), '/opt/homebrew/opt/libtiff/lib/libtiff.5.dylib' (no such file), '/usr/local/lib/libtiff.5.dylib' (no such file), '/usr/lib/libtiff.5.dylib' (no such file, not in dyld cache), '/opt/homebrew/Cellar/libtiff/4.5.0/lib/libtiff.5.dylib' (no such file), '/System/Volumes/Preboot/Cryptexes/OS/opt/homebrew/Cellar/libtiff/4.5
.0/lib/libtiff.5.dylib' (no such file), '/opt/homebrew/Cellar/libtiff/4.5.0/lib/libtiff.5.dylib' (no such file), '/usr/local/lib/libtiff.5.dylib' (no such file), '/usr/lib/libtiff.5.dylib' (no such file, not in dyld cache)
&gt; Process Process-5:
&gt; Traceback (most recent call last):
&gt;     raise FatalTraCIError("Could not connect in %s tries" % (numRetries + 1))
&gt; traci.exceptions.FatalTraCIError: Could not connect in 61 tries
&lt;truncated after showing first 30 lines&gt;
---------- Differences in output ----------
15,44d14
&lt; -- Unordered text as found by filter 'Process [0-9]' --
&lt; Process 1 ended at step 99
&lt; Process 1 ended at step 99
&lt; Process 1 ended at step 99
&lt; Process 1 ended at step 99
&lt; Process 1 ended at step 99
&lt; Process 1 ended at step 99
&lt; Process 1 ended at step 99
&lt; Process 1 ended at step 99
&lt; Process 2 ended at step 99
&lt; Process 2 ended at step 99
&lt; Process 2 ended at step 99
&lt; Process 2 ended at step 99
&lt; Process 2 ended at step 99
&lt; Process 2 ended at step 99
&lt; Process 2 ended at step 99
&lt; Process 2 ended at step 99
&lt; Process 3 ended at step 99
&lt; Process 3 ended at step 99
&lt; Process 3 ended at step 99
&lt; Process 3 ended at step 99
&lt; Process 4 ended at step 99
&lt; Process 4 ended at step 99
&lt; Process 4 ended at step 99
&lt; Process 4 ended at step 99
&lt; Process 5 ended at step 99
&lt; Process 5 ended at step 99
&lt; Process 5 ended at step 99
&lt; Process 5 ended at step 99
&lt;truncated after showing first 30 lines&gt;
</PRE>
<A NAME="defaulttraci connection parallelConnection sumo-gui"></A>
<H4>TEST FAILED on ts-bapmsumm1bld : traci connection parallelConnection sumo-gui (
<A HREF="test_default.html#defaulttraci connection parallelConnection sumo-gui">Last six runs</A>
<A HREF="test_default_all_Nov2023.html#defaulttraci connection parallelConnection sumo-gui">Nov2023</A>

)</H4>

<PRE>---------- Differences in errors ----------
0a1,6
&gt; dyld[2061]: Library not loaded: /opt/homebrew/opt/libtiff/lib/libtiff.5.dylib
&gt;   Referenced from: &lt;3FEB9C56-E432-36C6-A940-FC254CC92FAB&gt; /opt/homebrew/Cellar/libgeotiff/1.7.1_1/lib/libgeotiff.5.dylib
&gt;   Reason: tried: '/opt/homebrew/opt/libtiff/lib/libtiff.5.dylib' (no such file), '/System/Volumes/Preboot/Cryptexes/OS/opt/homebrew/opt/libtiff/lib/libtiff.5.dylib' (no such file), '/opt/homebrew/opt/libtiff/lib/libtiff.5.dylib' (no such file), '/usr/local/lib/libtiff.5.dylib' (no such file), '/usr/lib/libtiff.5.dylib' (no such file, not in dyld cache), '/opt/homebrew/Cellar/libtiff/4.5.0/lib/libtiff.5.dylib' (no such file), '/System/Volumes/Preboot/Cryptexes/OS/opt/homebrew/Cellar/libtiff/4.5
.0/lib/libtiff.5.dylib' (no such file), '/opt/homebrew/Cellar/libtiff/4.5.0/lib/libtiff.5.dylib' (no such file), '/usr/local/lib/libtiff.5.dylib' (no such file), '/usr/lib/libtiff.5.dylib' (no such file, not in dyld cache)
&gt; Traceback (most recent call last):
&gt;     raise FatalTraCIError("Could not connect.")
&gt; traci.exceptions.FatalTraCIError: Could not connect.
---------- Differences in output ----------
3,16d2
&lt;  Run 1
&lt;  Run 2
&lt; Print ended at step 100.0
&lt; Print ended at step 100.0
&lt; Print ended at step 100.0
&lt; Connection already closed.
&lt; ----------- TraCI ends first -----------
&lt;  Run 0
&lt;  Run 1
&lt;  Run 2
&lt; Print ended at step 100.0
&lt; Print ended at step 100.0
&lt; Print ended at step 100.0
&lt; Connection '2' is not known.
</PRE>
<A NAME="defaulttraci connection repeatedConnection sumo-gui"></A>
<H4>TEST FAILED on ts-bapmsumm1bld : traci connection repeatedConnection sumo-gui (
<A HREF="test_default.html#defaulttraci connection repeatedConnection sumo-gui">Last six runs</A>
<A HREF="test_default_all_Nov2023.html#defaulttraci connection repeatedConnection sumo-gui">Nov2023</A>

)</H4>

<PRE>---------- Differences in errors ----------
0a1,8
&gt; dyld[2018]: Library not loaded: /opt/homebrew/opt/libtiff/lib/libtiff.5.dylib
&gt;   Referenced from: &lt;3FEB9C56-E432-36C6-A940-FC254CC92FAB&gt; /opt/homebrew/Cellar/libgeotiff/1.7.1_1/lib/libgeotiff.5.dylib
&gt;   Reason: tried: '/opt/homebrew/opt/libtiff/lib/libtiff.5.dylib' (no such file), '/System/Volumes/Preboot/Cryptexes/OS/opt/homebrew/opt/libtiff/lib/libtiff.5.dylib' (no such file), '/opt/homebrew/opt/libtiff/lib/libtiff.5.dylib' (no such file), '/usr/local/lib/libtiff.5.dylib' (no such file), '/usr/lib/libtiff.5.dylib' (no such file, not in dyld cache), '/opt/homebrew/Cellar/libtiff/4.5.0/lib/libtiff.5.dylib' (no such file), '/System/Volumes/Preboot/Cryptexes/OS/opt/homebrew/Cellar/libtiff/4.5
.0/lib/libtiff.5.dylib' (no such file), '/opt/homebrew/Cellar/libtiff/4.5.0/lib/libtiff.5.dylib' (no such file), '/usr/local/lib/libtiff.5.dylib' (no such file), '/usr/lib/libtiff.5.dylib' (no such file, not in dyld cache)
&gt; Traceback (most recent call last):
&gt;     raise FatalTraCIError("Could not connect in %s tries" % (numRetries + 1))
&gt; traci.exceptions.FatalTraCIError: Could not connect in 61 tries
&gt; /opt/homebrew/Cellar/python@3.9/3.9.12_1/Frameworks/Python.framework/Versions/3.9/lib/python3.9/subprocess.py:1052: ResourceWarning: subprocess 2018 is still running
&gt;   _warn("subprocess %s is still running" % self.pid,
---------- Differences in output ----------
3,42d2
&lt; Print ended at step 100.0
&lt;  Run 1
&lt; Print ended at step 100.0
&lt;  Run 2
&lt; Print ended at step 100.0
&lt;  Run 3
&lt; Print ended at step 100.0
&lt;  Run 4
&lt; Print ended at step 100.0
&lt;  Run 5
&lt; Print ended at step 100.0
&lt;  Run 6
&lt; Print ended at step 100.0
&lt;  Run 7
&lt; Print ended at step 100.0
&lt;  Run 8
&lt; Print ended at step 100.0
&lt;  Run 9
&lt; Print ended at step 100.0
&lt; ----------- TraCI ends first -----------
&lt;  Run 0
&lt; Print ended at step 100.0
&lt;  Run 1
&lt; Print ended at step 100.0
&lt;  Run 2
&lt; Print ended at step 100.0
&lt;  Run 3
&lt; Print ended at step 100.0
&lt;  Run 4
&lt;truncated after showing first 30 lines&gt;
</PRE>
<A NAME="defaulttraci gui b50"></A>
<H4>TEST FAILED on ts-bapmsumm1bld : traci gui b50 (
<A HREF="test_default.html#defaulttraci gui b50">Last six runs</A>
<A HREF="test_default_all_Nov2023.html#defaulttraci gui b50">Nov2023</A>

)</H4>

<PRE>---------- Differences in errors ----------
1,6c1,11
&lt; Warning: Speed of straight connection 'i2_0-&gt;i3_0' reduced by 5.29 due to turning radius of 13.45 (length=5.96, angle=41.99).
&lt; Warning: Speed of straight connection 'i2_1-&gt;i3_1' reduced by 7.10 due to turning radius of 8.39 (length=3.58, angle=41.99).
&lt; Warning: Speed of straight connection 'i2_2-&gt;i3_2' reduced by 9.61 due to turning radius of 3.33 (length=1.19, angle=41.99).
&lt; Warning: Speed of straight connection 'i3_0-&gt;i4_0' reduced by 5.29 due to turning radius of 13.45 (length=5.96, angle=41.99).
&lt; Warning: Speed of straight connection 'i3_1-&gt;i4_1' reduced by 7.10 due to turning radius of 8.39 (length=3.58, angle=41.99).
&lt; Warning: 18 total messages of type: Speed of % connection '%' reduced by % due to turning radius of % (length=%, angle=%).
---
&gt; dyld[1174]: Library not loaded: /opt/homebrew/opt/libtiff/lib/libtiff.5.dylib
&gt;   Referenced from: &lt;3FEB9C56-E432-36C6-A940-FC254CC92FAB&gt; /opt/homebrew/Cellar/libgeotiff/1.7.1_1/lib/libgeotiff.5.dylib
&gt;   Reason: tried: '/opt/homebrew/opt/libtiff/lib/libtiff.5.dylib' (no such file), '/System/Volumes/Preboot/Cryptexes/OS/opt/homebrew/opt/libtiff/lib/libtiff.5.dylib' (no such file), '/opt/homebrew/opt/libtiff/lib/libtiff.5.dylib' (no such file), '/usr/local/lib/libtiff.5.dylib' (no such file), '/usr/lib/libtiff.5.dylib' (no such file, not in dyld cache), '/opt/homebrew/Cellar/libtiff/4.5.0/lib/libtiff.5.dylib' (no such file), '/System/Volumes/Preboot/Cryptexes/OS/opt/homebrew/Cellar/libtiff/4.5
.0/lib/libtiff.5.dylib' (no such file), '/opt/homebrew/Cellar/libtiff/4.5.0/lib/libtiff.5.dylib' (no such file), '/usr/local/lib/libtiff.5.dylib' (no such file), '/usr/lib/libtiff.5.dylib' (no such file, not in dyld cache)
&gt; dyld[1176]: Library not loaded: /opt/homebrew/opt/libtiff/lib/libtiff.5.dylib
&gt;   Referenced from: &lt;3FEB9C56-E432-36C6-A940-FC254CC92FAB&gt; /opt/homebrew/Cellar/libgeotiff/1.7.1_1/lib/libgeotiff.5.dylib
&gt;   Reason: tried: '/opt/homebrew/opt/libtiff/lib/libtiff.5.dylib' (no such file), '/System/Volumes/Preboot/Cryptexes/OS/opt/homebrew/opt/libtiff/lib/libtiff.5.dylib' (no such file), '/opt/homebrew/opt/libtiff/lib/libtiff.5.dylib' (no such file), '/usr/local/lib/libtiff.5.dylib' (no such file), '/usr/lib/libtiff.5.dylib' (no such file, not in dyld cache), '/opt/homebrew/Cellar/libtiff/4.5.0/lib/libtiff.5.dylib' (no such file), '/System/Volumes/Preboot/Cryptexes/OS/opt/homebrew/Cellar/libtiff/4.5
.0/lib/libtiff.5.dylib' (no such file), '/opt/homebrew/Cellar/libtiff/4.5.0/lib/libtiff.5.dylib' (no such file), '/usr/local/lib/libtiff.5.dylib' (no such file), '/usr/lib/libtiff.5.dylib' (no such file, not in dyld cache)
&gt; Traceback (most recent call last):
&gt;     raise FatalTraCIError("Could not connect in %s tries" % (numRetries + 1))
&gt; traci.exceptions.FatalTraCIError: Could not connect in 61 tries
&gt; /opt/homebrew/Cellar/python@3.9/3.9.12_1/Frameworks/Python.framework/Versions/3.9/lib/python3.9/subprocess.py:1052: ResourceWarning: subprocess 1176 is still running
&gt;   _warn("subprocess %s is still running" % self.pid,
---------- Differences in output ----------
1,4d0
&lt; Success.
&lt; -- Unordered text as found by filter '^Loading configuration ... done.' --
&lt; Loading configuration ... done.
&lt; 
---------- Missing result in net ----------
&lt;?xml version="1.0" encoding="UTF-8"?&gt;


&lt;net version="1.16" junctionCornerDetail="5" limitTurnSpeed="5.50" xmlns:xsi="http://www.w3.org/2001/XMLSchema-instance" xsi:noNamespaceSchemaLocation="http://sumo.dlr.de/xsd/net_file.xsd"&gt;

    &lt;location netOffset="0.00,0.00" convBoundary="0.00,0.00,990.00,700.00" origBoundary="0.00,0.00,990.00,700.00" projParameter="!"/&gt;

    &lt;edge id=":f1_0" function="internal"&gt;
        &lt;lane id=":f1_0_0" index="0" speed="8.27" length="6.71" shape="300.00,-8.00 301.71,-7.83 303.27,-7.34 304.68,-6.51 305.95,-5.35"/&gt;
        &lt;lane id=":f1_0_1" index="1" speed="6.54" length="4.02" shape="300.00,-4.80 301.02,-4.70 301.96,-4.40 302.81,-3.91 303.57,-3.21"/&gt;
        &lt;lane id=":f1_0_2" index="2" speed="4.15" length="1.34" shape="300.00,-1.60 300.34,-1.57 300.65,-1.47 300.94,-1.30 301.19,-1.07"/&gt;
    &lt;/edge&gt;
    &lt;edge id=":f2_0" function="internal"&gt;
        &lt;lane id=":f2_0_0" index="0" speed="8.60" length="3.58" shape="395.95,94.65 397.08,95.98 397.69,97.05 397.95,98.25 398.00,100.00"/&gt;
        &lt;lane id=":f2_0_1" index="1" speed="6.79" length="3.58" shape="393.57,96.79 394.25,97.59 394.62,98.23 394.77,98.95 394.80,100.00"/&gt;
        &lt;lane id=":f2_0_2" index="2" speed="4.28" length="3.58" shape="391.19,98.93 391.42,99.20 391.54,99.41 391.59,99.65 391.60,100.00"/&gt;
    &lt;/edge&gt;
    &lt;edge id=":f3_0" function="internal"&gt;
        &lt;lane id=":f3_0_0" index="0" speed="8.60" length="3.58" shape="398.00,300.00 397.95,301.75 397.69,302.95 397.08,304.02 395.95,305.35"/&gt;
        &lt;lane id=":f3_0_1" index="1" speed="6.79" length="3.58" shape="394.80,300.00 394.77,301.05 394.62,301.77 394.25,302.41 393.57,303.21"/&gt;
        &lt;lane id=":f3_0_2" index="2" speed="4.28" length="3.58" shape="391.60,300.00 391.59,300.35 391.54,300.59 391.42,300.80 391.19,301.07"/&gt;
    &lt;/edge&gt;
    &lt;edge id=":f4_0" function="internal"&gt;
        &lt;lane id=":f4_0_0" index="0" speed="8.27" length="6.71" shape="305.95,405.35 304.68,406.51 303.27,407.34 301.71,407.83 300.00,408.00"/&gt;
        &lt;lane id=":f4_0_1" index="1" speed="6.54" length="4.02" shape="303.57,403.21 302.81,403.91 301.96,404.40 301.02,404.70 300.00,404.80"/&gt;
        &lt;lane id=":f4_0_2" index="2" speed="4.15" length="1.34" shape="301.19,401.07 300.94,401.30 300.65,401.47 300.34,401.57 300.00,401.60"/&gt;
    &lt;/edge&gt;
    &lt;edge id=":f5_0" function="internal"&gt;
        &lt;lane id=":f5_0_0" index="0" speed="3.90" length="2.58" shape="9.60,408.00 8.90,408.10 8.40,408.40 8.10,408.90 8.00,409.60"/&gt;
        &lt;lane id=":f5_0_1" index="1" speed="6.08" length="7.74" shape="9.60,404.80 7.50,405.10 6.00,406.00 5.10,407.50 4.80,409.60"/&gt;
&lt;truncated after showing first 30 lines&gt;
</PRE>
<A NAME="defaulttraci gui gui"></A>
<H4>TEST FAILED on ts-bapmsumm1bld : traci gui gui (
<A HREF="test_default.html#defaulttraci gui gui">Last six runs</A>
<A HREF="test_default_all_Nov2023.html#defaulttraci gui gui">Nov2023</A>

)</H4>

<PRE>---------- Differences in errors ----------
0a1,310
&gt; dyld[1119]: Library not loaded: /opt/homebrew/opt/libtiff/lib/libtiff.5.dylib
&gt;   Referenced from: &lt;3FEB9C56-E432-36C6-A940-FC254CC92FAB&gt; /opt/homebrew/Cellar/libgeotiff/1.7.1_1/lib/libgeotiff.5.dylib
&gt;   Reason: tried: '/opt/homebrew/opt/libtiff/lib/libtiff.5.dylib' (no such file), '/System/Volumes/Preboot/Cryptexes/OS/opt/homebrew/opt/libtiff/lib/libtiff.5.dylib' (no such file), '/opt/homebrew/opt/libtiff/lib/libtiff.5.dylib' (no such file), '/usr/local/lib/libtiff.5.dylib' (no such file), '/usr/lib/libtiff.5.dylib' (no such file, not in dyld cache), '/opt/homebrew/Cellar/libtiff/4.5.0/lib/libtiff.5.dylib' (no such file), '/System/Volumes/Preboot/Cryptexes/OS/opt/homebrew/Cellar/libtiff/4.5
.0/lib/libtiff.5.dylib' (no such file), '/opt/homebrew/Cellar/libtiff/4.5.0/lib/libtiff.5.dylib' (no such file), '/usr/local/lib/libtiff.5.dylib' (no such file), '/usr/lib/libtiff.5.dylib' (no such file, not in dyld cache)
&gt;   warnings.warn(("Could not connect to TraCI server using port %s (%s)." +
&gt; dyld[1131]: Library not loaded: /opt/homebrew/opt/libtiff/lib/libtiff.5.dylib
&gt;   Referenced from: &lt;3FEB9C56-E432-36C6-A940-FC254CC92FAB&gt; /opt/homebrew/Cellar/libgeotiff/1.7.1_1/lib/libgeotiff.5.dylib
&gt;   Reason: tried: '/opt/homebrew/opt/libtiff/lib/libtiff.5.dylib' (no such file), '/System/Volumes/Preboot/Cryptexes/OS/opt/homebrew/opt/libtiff/lib/libtiff.5.dylib' (no such file), '/opt/homebrew/opt/libtiff/lib/libtiff.5.dylib' (no such file), '/usr/local/lib/libtiff.5.dylib' (no such file), '/usr/lib/libtiff.5.dylib' (no such file, not in dyld cache), '/opt/homebrew/Cellar/libtiff/4.5.0/lib/libtiff.5.dylib' (no such file), '/System/Volumes/Preboot/Cryptexes/OS/opt/homebrew/Cellar/libtiff/4.5
.0/lib/libtiff.5.dylib' (no such file), '/opt/homebrew/Cellar/libtiff/4.5.0/lib/libtiff.5.dylib' (no such file), '/usr/local/lib/libtiff.5.dylib' (no such file), '/usr/lib/libtiff.5.dylib' (no such file, not in dyld cache)
&gt;   warnings.warn(("Could not connect to TraCI server using port %s (%s)." +
&gt; dyld[1146]: Library not loaded: /opt/homebrew/opt/libtiff/lib/libtiff.5.dylib
&gt;   Referenced from: &lt;3FEB9C56-E432-36C6-A940-FC254CC92FAB&gt; /opt/homebrew/Cellar/libgeotiff/1.7.1_1/lib/libgeotiff.5.dylib
&gt;   Reason: tried: '/opt/homebrew/opt/libtiff/lib/libtiff.5.dylib' (no such file), '/System/Volumes/Preboot/Cryptexes/OS/opt/homebrew/opt/libtiff/lib/libtiff.5.dylib' (no such file), '/opt/homebrew/opt/libtiff/lib/libtiff.5.dylib' (no such file), '/usr/local/lib/libtiff.5.dylib' (no such file), '/usr/lib/libtiff.5.dylib' (no such file, not in dyld cache), '/opt/homebrew/Cellar/libtiff/4.5.0/lib/libtiff.5.dylib' (no such file), '/System/Volumes/Preboot/Cryptexes/OS/opt/homebrew/Cellar/libtiff/4.5
.0/lib/libtiff.5.dylib' (no such file), '/opt/homebrew/Cellar/libtiff/4.5.0/lib/libtiff.5.dylib' (no such file), '/usr/local/lib/libtiff.5.dylib' (no such file), '/usr/lib/libtiff.5.dylib' (no such file, not in dyld cache)
&gt;   warnings.warn(("Could not connect to TraCI server using port %s (%s)." +
&gt; dyld[1158]: Library not loaded: /opt/homebrew/opt/libtiff/lib/libtiff.5.dylib
&gt;   Referenced from: &lt;3FEB9C56-E432-36C6-A940-FC254CC92FAB&gt; /opt/homebrew/Cellar/libgeotiff/1.7.1_1/lib/libgeotiff.5.dylib
&gt;   Reason: tried: '/opt/homebrew/opt/libtiff/lib/libtiff.5.dylib' (no such file), '/System/Volumes/Preboot/Cryptexes/OS/opt/homebrew/opt/libtiff/lib/libtiff.5.dylib' (no such file), '/opt/homebrew/opt/libtiff/lib/libtiff.5.dylib' (no such file), '/usr/local/lib/libtiff.5.dylib' (no such file), '/usr/lib/libtiff.5.dylib' (no such file, not in dyld cache), '/opt/homebrew/Cellar/libtiff/4.5.0/lib/libtiff.5.dylib' (no such file), '/System/Volumes/Preboot/Cryptexes/OS/opt/homebrew/Cellar/libtiff/4.5
.0/lib/libtiff.5.dylib' (no such file), '/opt/homebrew/Cellar/libtiff/4.5.0/lib/libtiff.5.dylib' (no such file), '/usr/local/lib/libtiff.5.dylib' (no such file), '/usr/lib/libtiff.5.dylib' (no such file, not in dyld cache)
&gt;   warnings.warn(("Could not connect to TraCI server using port %s (%s)." +
&gt; dyld[1173]: Library not loaded: /opt/homebrew/opt/libtiff/lib/libtiff.5.dylib
&gt;   Referenced from: &lt;3FEB9C56-E432-36C6-A940-FC254CC92FAB&gt; /opt/homebrew/Cellar/libgeotiff/1.7.1_1/lib/libgeotiff.5.dylib
&gt;   Reason: tried: '/opt/homebrew/opt/libtiff/lib/libtiff.5.dylib' (no such file), '/System/Volumes/Preboot/Cryptexes/OS/opt/homebrew/opt/libtiff/lib/libtiff.5.dylib' (no such file), '/opt/homebrew/opt/libtiff/lib/libtiff.5.dylib' (no such file), '/usr/local/lib/libtiff.5.dylib' (no such file), '/usr/lib/libtiff.5.dylib' (no such file, not in dyld cache), '/opt/homebrew/Cellar/libtiff/4.5.0/lib/libtiff.5.dylib' (no such file), '/System/Volumes/Preboot/Cryptexes/OS/opt/homebrew/Cellar/libtiff/4.5
.0/lib/libtiff.5.dylib' (no such file), '/opt/homebrew/Cellar/libtiff/4.5.0/lib/libtiff.5.dylib' (no such file), '/usr/local/lib/libtiff.5.dylib' (no such file), '/usr/lib/libtiff.5.dylib' (no such file, not in dyld cache)
&gt;   warnings.warn(("Could not connect to TraCI server using port %s (%s)." +
&gt; dyld[1189]: Library not loaded: /opt/homebrew/opt/libtiff/lib/libtiff.5.dylib
&gt;   Referenced from: &lt;3FEB9C56-E432-36C6-A940-FC254CC92FAB&gt; /opt/homebrew/Cellar/libgeotiff/1.7.1_1/lib/libgeotiff.5.dylib
&gt;   Reason: tried: '/opt/homebrew/opt/libtiff/lib/libtiff.5.dylib' (no such file), '/System/Volumes/Preboot/Cryptexes/OS/opt/homebrew/opt/libtiff/lib/libtiff.5.dylib' (no such file), '/opt/homebrew/opt/libtiff/lib/libtiff.5.dylib' (no such file), '/usr/local/lib/libtiff.5.dylib' (no such file), '/usr/lib/libtiff.5.dylib' (no such file, not in dyld cache), '/opt/homebrew/Cellar/libtiff/4.5.0/lib/libtiff.5.dylib' (no such file), '/System/Volumes/Preboot/Cryptexes/OS/opt/homebrew/Cellar/libtiff/4.5
.0/lib/libtiff.5.dylib' (no such file), '/opt/homebrew/Cellar/libtiff/4.5.0/lib/libtiff.5.dylib' (no such file), '/usr/local/lib/libtiff.5.dylib' (no such file), '/usr/lib/libtiff.5.dylib' (no such file, not in dyld cache)
&gt;   warnings.warn(("Could not connect to TraCI server using port %s (%s)." +
&gt; dyld[1201]: Library not loaded: /opt/homebrew/opt/libtiff/lib/libtiff.5.dylib
&gt;   Referenced from: &lt;3FEB9C56-E432-36C6-A940-FC254CC92FAB&gt; /opt/homebrew/Cellar/libgeotiff/1.7.1_1/lib/libgeotiff.5.dylib
&gt;   Reason: tried: '/opt/homebrew/opt/libtiff/lib/libtiff.5.dylib' (no such file), '/System/Volumes/Preboot/Cryptexes/OS/opt/homebrew/opt/libtiff/lib/libtiff.5.dylib' (no such file), '/opt/homebrew/opt/libtiff/lib/libtiff.5.dylib' (no such file), '/usr/local/lib/libtiff.5.dylib' (no such file), '/usr/lib/libtiff.5.dylib' (no such file, not in dyld cache), '/opt/homebrew/Cellar/libtiff/4.5.0/lib/libtiff.5.dylib' (no such file), '/System/Volumes/Preboot/Cryptexes/OS/opt/homebrew/Cellar/libtiff/4.5
.0/lib/libtiff.5.dylib' (no such file), '/opt/homebrew/Cellar/libtiff/4.5.0/lib/libtiff.5.dylib' (no such file), '/usr/local/lib/libtiff.5.dylib' (no such file), '/usr/lib/libtiff.5.dylib' (no such file, not in dyld cache)
&gt;   warnings.warn(("Could not connect to TraCI server using port %s (%s)." +
&gt; dyld[1218]: Library not loaded: /opt/homebrew/opt/libtiff/lib/libtiff.5.dylib
&lt;truncated after showing first 30 lines&gt;
---------- Differences in output ----------
1,33d0
&lt; step 0
&lt; step 1
&lt; step 2
&lt; hasGUI True
&lt; views ('View #0',)
&lt; examining View #0
&lt; set zoom (80.0)
&lt; get zoom 80.0
&lt; set offset (400.0, 400.0)
&lt; get offset (400.0, 400.0)
&lt; set schema ('real world')
&lt; get schema real world
&lt; visible boundary ((-809.6875, -232.0), (1609.6875, 1032.0))
&lt; has view View #0 True
&lt; has view 'foo' False
&lt; track vehicle 'horiz'
&lt; get tracked vehicle horiz
&lt; {0: ('View #0',)}
&lt; step 3
&lt; {0: ('View #0',)}
&lt; step 4
&lt; {0: ('View #0',)}
&lt; step 5
&lt; {0: ('View #0',)}
&lt; veh selected: False
&lt; edge selected: False
&lt; veh selected: True
&lt; edge selected: True
&lt; screenshot dimensions (500, 500, 4)
&lt;truncated after showing first 30 lines&gt;
</PRE>
<A NAME="defaulttraci gui polygon_dynamics_gui"></A>
<H4>TEST FAILED on ts-bapmsumm1bld : traci gui polygon_dynamics_gui (
<A HREF="test_default.html#defaulttraci gui polygon_dynamics_gui">Last six runs</A>
<A HREF="test_default_all_Nov2023.html#defaulttraci gui polygon_dynamics_gui">Nov2023</A>

)</H4>

<PRE>---------- Differences in errors ----------
0a1,310
&gt; dyld[1117]: Library not loaded: /opt/homebrew/opt/libtiff/lib/libtiff.5.dylib
&gt;   Referenced from: &lt;3FEB9C56-E432-36C6-A940-FC254CC92FAB&gt; /opt/homebrew/Cellar/libgeotiff/1.7.1_1/lib/libgeotiff.5.dylib
&gt;   Reason: tried: '/opt/homebrew/opt/libtiff/lib/libtiff.5.dylib' (no such file), '/System/Volumes/Preboot/Cryptexes/OS/opt/homebrew/opt/libtiff/lib/libtiff.5.dylib' (no such file), '/opt/homebrew/opt/libtiff/lib/libtiff.5.dylib' (no such file), '/usr/local/lib/libtiff.5.dylib' (no such file), '/usr/lib/libtiff.5.dylib' (no such file, not in dyld cache), '/opt/homebrew/Cellar/libtiff/4.5.0/lib/libtiff.5.dylib' (no such file), '/System/Volumes/Preboot/Cryptexes/OS/opt/homebrew/Cellar/libtiff/4.5
.0/lib/libtiff.5.dylib' (no such file), '/opt/homebrew/Cellar/libtiff/4.5.0/lib/libtiff.5.dylib' (no such file), '/usr/local/lib/libtiff.5.dylib' (no such file), '/usr/lib/libtiff.5.dylib' (no such file, not in dyld cache)
&gt;   warnings.warn(("Could not connect to TraCI server using port %s (%s)." +
&gt; dyld[1127]: Library not loaded: /opt/homebrew/opt/libtiff/lib/libtiff.5.dylib
&gt;   Referenced from: &lt;3FEB9C56-E432-36C6-A940-FC254CC92FAB&gt; /opt/homebrew/Cellar/libgeotiff/1.7.1_1/lib/libgeotiff.5.dylib
&gt;   Reason: tried: '/opt/homebrew/opt/libtiff/lib/libtiff.5.dylib' (no such file), '/System/Volumes/Preboot/Cryptexes/OS/opt/homebrew/opt/libtiff/lib/libtiff.5.dylib' (no such file), '/opt/homebrew/opt/libtiff/lib/libtiff.5.dylib' (no such file), '/usr/local/lib/libtiff.5.dylib' (no such file), '/usr/lib/libtiff.5.dylib' (no such file, not in dyld cache), '/opt/homebrew/Cellar/libtiff/4.5.0/lib/libtiff.5.dylib' (no such file), '/System/Volumes/Preboot/Cryptexes/OS/opt/homebrew/Cellar/libtiff/4.5
.0/lib/libtiff.5.dylib' (no such file), '/opt/homebrew/Cellar/libtiff/4.5.0/lib/libtiff.5.dylib' (no such file), '/usr/local/lib/libtiff.5.dylib' (no such file), '/usr/lib/libtiff.5.dylib' (no such file, not in dyld cache)
&gt;   warnings.warn(("Could not connect to TraCI server using port %s (%s)." +
&gt; dyld[1141]: Library not loaded: /opt/homebrew/opt/libtiff/lib/libtiff.5.dylib
&gt;   Referenced from: &lt;3FEB9C56-E432-36C6-A940-FC254CC92FAB&gt; /opt/homebrew/Cellar/libgeotiff/1.7.1_1/lib/libgeotiff.5.dylib
&gt;   Reason: tried: '/opt/homebrew/opt/libtiff/lib/libtiff.5.dylib' (no such file), '/System/Volumes/Preboot/Cryptexes/OS/opt/homebrew/opt/libtiff/lib/libtiff.5.dylib' (no such file), '/opt/homebrew/opt/libtiff/lib/libtiff.5.dylib' (no such file), '/usr/local/lib/libtiff.5.dylib' (no such file), '/usr/lib/libtiff.5.dylib' (no such file, not in dyld cache), '/opt/homebrew/Cellar/libtiff/4.5.0/lib/libtiff.5.dylib' (no such file), '/System/Volumes/Preboot/Cryptexes/OS/opt/homebrew/Cellar/libtiff/4.5
.0/lib/libtiff.5.dylib' (no such file), '/opt/homebrew/Cellar/libtiff/4.5.0/lib/libtiff.5.dylib' (no such file), '/usr/local/lib/libtiff.5.dylib' (no such file), '/usr/lib/libtiff.5.dylib' (no such file, not in dyld cache)
&gt;   warnings.warn(("Could not connect to TraCI server using port %s (%s)." +
&gt; dyld[1152]: Library not loaded: /opt/homebrew/opt/libtiff/lib/libtiff.5.dylib
&gt;   Referenced from: &lt;3FEB9C56-E432-36C6-A940-FC254CC92FAB&gt; /opt/homebrew/Cellar/libgeotiff/1.7.1_1/lib/libgeotiff.5.dylib
&gt;   Reason: tried: '/opt/homebrew/opt/libtiff/lib/libtiff.5.dylib' (no such file), '/System/Volumes/Preboot/Cryptexes/OS/opt/homebrew/opt/libtiff/lib/libtiff.5.dylib' (no such file), '/opt/homebrew/opt/libtiff/lib/libtiff.5.dylib' (no such file), '/usr/local/lib/libtiff.5.dylib' (no such file), '/usr/lib/libtiff.5.dylib' (no such file, not in dyld cache), '/opt/homebrew/Cellar/libtiff/4.5.0/lib/libtiff.5.dylib' (no such file), '/System/Volumes/Preboot/Cryptexes/OS/opt/homebrew/Cellar/libtiff/4.5
.0/lib/libtiff.5.dylib' (no such file), '/opt/homebrew/Cellar/libtiff/4.5.0/lib/libtiff.5.dylib' (no such file), '/usr/local/lib/libtiff.5.dylib' (no such file), '/usr/lib/libtiff.5.dylib' (no such file, not in dyld cache)
&gt;   warnings.warn(("Could not connect to TraCI server using port %s (%s)." +
&gt; dyld[1169]: Library not loaded: /opt/homebrew/opt/libtiff/lib/libtiff.5.dylib
&gt;   Referenced from: &lt;3FEB9C56-E432-36C6-A940-FC254CC92FAB&gt; /opt/homebrew/Cellar/libgeotiff/1.7.1_1/lib/libgeotiff.5.dylib
&gt;   Reason: tried: '/opt/homebrew/opt/libtiff/lib/libtiff.5.dylib' (no such file), '/System/Volumes/Preboot/Cryptexes/OS/opt/homebrew/opt/libtiff/lib/libtiff.5.dylib' (no such file), '/opt/homebrew/opt/libtiff/lib/libtiff.5.dylib' (no such file), '/usr/local/lib/libtiff.5.dylib' (no such file), '/usr/lib/libtiff.5.dylib' (no such file, not in dyld cache), '/opt/homebrew/Cellar/libtiff/4.5.0/lib/libtiff.5.dylib' (no such file), '/System/Volumes/Preboot/Cryptexes/OS/opt/homebrew/Cellar/libtiff/4.5
.0/lib/libtiff.5.dylib' (no such file), '/opt/homebrew/Cellar/libtiff/4.5.0/lib/libtiff.5.dylib' (no such file), '/usr/local/lib/libtiff.5.dylib' (no such file), '/usr/lib/libtiff.5.dylib' (no such file, not in dyld cache)
&gt;   warnings.warn(("Could not connect to TraCI server using port %s (%s)." +
&gt; dyld[1182]: Library not loaded: /opt/homebrew/opt/libtiff/lib/libtiff.5.dylib
&gt;   Referenced from: &lt;3FEB9C56-E432-36C6-A940-FC254CC92FAB&gt; /opt/homebrew/Cellar/libgeotiff/1.7.1_1/lib/libgeotiff.5.dylib
&gt;   Reason: tried: '/opt/homebrew/opt/libtiff/lib/libtiff.5.dylib' (no such file), '/System/Volumes/Preboot/Cryptexes/OS/opt/homebrew/opt/libtiff/lib/libtiff.5.dylib' (no such file), '/opt/homebrew/opt/libtiff/lib/libtiff.5.dylib' (no such file), '/usr/local/lib/libtiff.5.dylib' (no such file), '/usr/lib/libtiff.5.dylib' (no such file, not in dyld cache), '/opt/homebrew/Cellar/libtiff/4.5.0/lib/libtiff.5.dylib' (no such file), '/System/Volumes/Preboot/Cryptexes/OS/opt/homebrew/Cellar/libtiff/4.5
.0/lib/libtiff.5.dylib' (no such file), '/opt/homebrew/Cellar/libtiff/4.5.0/lib/libtiff.5.dylib' (no such file), '/usr/local/lib/libtiff.5.dylib' (no such file), '/usr/lib/libtiff.5.dylib' (no such file, not in dyld cache)
&gt;   warnings.warn(("Could not connect to TraCI server using port %s (%s)." +
&gt; dyld[1196]: Library not loaded: /opt/homebrew/opt/libtiff/lib/libtiff.5.dylib
&gt;   Referenced from: &lt;3FEB9C56-E432-36C6-A940-FC254CC92FAB&gt; /opt/homebrew/Cellar/libgeotiff/1.7.1_1/lib/libgeotiff.5.dylib
&gt;   Reason: tried: '/opt/homebrew/opt/libtiff/lib/libtiff.5.dylib' (no such file), '/System/Volumes/Preboot/Cryptexes/OS/opt/homebrew/opt/libtiff/lib/libtiff.5.dylib' (no such file), '/opt/homebrew/opt/libtiff/lib/libtiff.5.dylib' (no such file), '/usr/local/lib/libtiff.5.dylib' (no such file), '/usr/lib/libtiff.5.dylib' (no such file, not in dyld cache), '/opt/homebrew/Cellar/libtiff/4.5.0/lib/libtiff.5.dylib' (no such file), '/System/Volumes/Preboot/Cryptexes/OS/opt/homebrew/Cellar/libtiff/4.5
.0/lib/libtiff.5.dylib' (no such file), '/opt/homebrew/Cellar/libtiff/4.5.0/lib/libtiff.5.dylib' (no such file), '/usr/local/lib/libtiff.5.dylib' (no such file), '/usr/lib/libtiff.5.dylib' (no such file, not in dyld cache)
&gt;   warnings.warn(("Could not connect to TraCI server using port %s (%s)." +
&gt; dyld[1212]: Library not loaded: /opt/homebrew/opt/libtiff/lib/libtiff.5.dylib
&lt;truncated after showing first 30 lines&gt;
---------- Differences in output ----------
1,256d0
&lt; step 0
&lt; step 1
&lt; step 2
&lt; adding poly0
&lt; polygons ('poly0',)
&lt; polygon count 1
&lt; # examining poly0
&lt; shape ((960.0, 510.0), (960.0, 550.0), (1000.0, 550.0), (1000.0, 510.0))
&lt; type test
&lt; color (100, 200, 0, 255)
&lt; filled True
&lt; step 3
&lt; step 4
&lt; step 5
&lt; # (1) Adding underspecified dynamics...
&lt; Caught TraCIException
&lt; # (2) Adding malformed dynamics 1 ...
&lt; Caught TraCIException
&lt; # (3) Adding malformed dynamics 2 ...
&lt; Caught TraCIException
&lt; # (4) Adding malformed dynamics 3 ...
&lt; Caught TraCIException
&lt; # (5) Adding malformed dynamics 4 ...
&lt; Caught TraCIException
&lt; # (6) Adding malformed dynamics 5 ...
&lt; Caught TraCIException
&lt; # examining poly0
&lt; shape ((960.0, 510.0), (960.0, 550.0), (1000.0, 550.0), (1000.0, 510.0))
&lt; type test
&lt;truncated after showing first 30 lines&gt;
</PRE>
<A NAME="defaulttraci gui polygon_dynamics_remove"></A>
<H4>TEST FAILED on ts-bapmsumm1bld : traci gui polygon_dynamics_remove (
<A HREF="test_default.html#defaulttraci gui polygon_dynamics_remove">Last six runs</A>
<A HREF="test_default_all_Nov2023.html#defaulttraci gui polygon_dynamics_remove">Nov2023</A>

)</H4>

<PRE>---------- Differences in errors ----------
0a1,310
&gt; dyld[1123]: Library not loaded: /opt/homebrew/opt/libtiff/lib/libtiff.5.dylib
&gt;   Referenced from: &lt;3FEB9C56-E432-36C6-A940-FC254CC92FAB&gt; /opt/homebrew/Cellar/libgeotiff/1.7.1_1/lib/libgeotiff.5.dylib
&gt;   Reason: tried: '/opt/homebrew/opt/libtiff/lib/libtiff.5.dylib' (no such file), '/System/Volumes/Preboot/Cryptexes/OS/opt/homebrew/opt/libtiff/lib/libtiff.5.dylib' (no such file), '/opt/homebrew/opt/libtiff/lib/libtiff.5.dylib' (no such file), '/usr/local/lib/libtiff.5.dylib' (no such file), '/usr/lib/libtiff.5.dylib' (no such file, not in dyld cache), '/opt/homebrew/Cellar/libtiff/4.5.0/lib/libtiff.5.dylib' (no such file), '/System/Volumes/Preboot/Cryptexes/OS/opt/homebrew/Cellar/libtiff/4.5
.0/lib/libtiff.5.dylib' (no such file), '/opt/homebrew/Cellar/libtiff/4.5.0/lib/libtiff.5.dylib' (no such file), '/usr/local/lib/libtiff.5.dylib' (no such file), '/usr/lib/libtiff.5.dylib' (no such file, not in dyld cache)
&gt;   warnings.warn(("Could not connect to TraCI server using port %s (%s)." +
&gt; dyld[1138]: Library not loaded: /opt/homebrew/opt/libtiff/lib/libtiff.5.dylib
&gt;   Referenced from: &lt;3FEB9C56-E432-36C6-A940-FC254CC92FAB&gt; /opt/homebrew/Cellar/libgeotiff/1.7.1_1/lib/libgeotiff.5.dylib
&gt;   Reason: tried: '/opt/homebrew/opt/libtiff/lib/libtiff.5.dylib' (no such file), '/System/Volumes/Preboot/Cryptexes/OS/opt/homebrew/opt/libtiff/lib/libtiff.5.dylib' (no such file), '/opt/homebrew/opt/libtiff/lib/libtiff.5.dylib' (no such file), '/usr/local/lib/libtiff.5.dylib' (no such file), '/usr/lib/libtiff.5.dylib' (no such file, not in dyld cache), '/opt/homebrew/Cellar/libtiff/4.5.0/lib/libtiff.5.dylib' (no such file), '/System/Volumes/Preboot/Cryptexes/OS/opt/homebrew/Cellar/libtiff/4.5
.0/lib/libtiff.5.dylib' (no such file), '/opt/homebrew/Cellar/libtiff/4.5.0/lib/libtiff.5.dylib' (no such file), '/usr/local/lib/libtiff.5.dylib' (no such file), '/usr/lib/libtiff.5.dylib' (no such file, not in dyld cache)
&gt;   warnings.warn(("Could not connect to TraCI server using port %s (%s)." +
&gt; dyld[1150]: Library not loaded: /opt/homebrew/opt/libtiff/lib/libtiff.5.dylib
&gt;   Referenced from: &lt;3FEB9C56-E432-36C6-A940-FC254CC92FAB&gt; /opt/homebrew/Cellar/libgeotiff/1.7.1_1/lib/libgeotiff.5.dylib
&gt;   Reason: tried: '/opt/homebrew/opt/libtiff/lib/libtiff.5.dylib' (no such file), '/System/Volumes/Preboot/Cryptexes/OS/opt/homebrew/opt/libtiff/lib/libtiff.5.dylib' (no such file), '/opt/homebrew/opt/libtiff/lib/libtiff.5.dylib' (no such file), '/usr/local/lib/libtiff.5.dylib' (no such file), '/usr/lib/libtiff.5.dylib' (no such file, not in dyld cache), '/opt/homebrew/Cellar/libtiff/4.5.0/lib/libtiff.5.dylib' (no such file), '/System/Volumes/Preboot/Cryptexes/OS/opt/homebrew/Cellar/libtiff/4.5
.0/lib/libtiff.5.dylib' (no such file), '/opt/homebrew/Cellar/libtiff/4.5.0/lib/libtiff.5.dylib' (no such file), '/usr/local/lib/libtiff.5.dylib' (no such file), '/usr/lib/libtiff.5.dylib' (no such file, not in dyld cache)
&gt;   warnings.warn(("Could not connect to TraCI server using port %s (%s)." +
&gt; dyld[1165]: Library not loaded: /opt/homebrew/opt/libtiff/lib/libtiff.5.dylib
&gt;   Referenced from: &lt;3FEB9C56-E432-36C6-A940-FC254CC92FAB&gt; /opt/homebrew/Cellar/libgeotiff/1.7.1_1/lib/libgeotiff.5.dylib
&gt;   Reason: tried: '/opt/homebrew/opt/libtiff/lib/libtiff.5.dylib' (no such file), '/System/Volumes/Preboot/Cryptexes/OS/opt/homebrew/opt/libtiff/lib/libtiff.5.dylib' (no such file), '/opt/homebrew/opt/libtiff/lib/libtiff.5.dylib' (no such file), '/usr/local/lib/libtiff.5.dylib' (no such file), '/usr/lib/libtiff.5.dylib' (no such file, not in dyld cache), '/opt/homebrew/Cellar/libtiff/4.5.0/lib/libtiff.5.dylib' (no such file), '/System/Volumes/Preboot/Cryptexes/OS/opt/homebrew/Cellar/libtiff/4.5
.0/lib/libtiff.5.dylib' (no such file), '/opt/homebrew/Cellar/libtiff/4.5.0/lib/libtiff.5.dylib' (no such file), '/usr/local/lib/libtiff.5.dylib' (no such file), '/usr/lib/libtiff.5.dylib' (no such file, not in dyld cache)
&gt;   warnings.warn(("Could not connect to TraCI server using port %s (%s)." +
&gt; dyld[1177]: Library not loaded: /opt/homebrew/opt/libtiff/lib/libtiff.5.dylib
&gt;   Referenced from: &lt;3FEB9C56-E432-36C6-A940-FC254CC92FAB&gt; /opt/homebrew/Cellar/libgeotiff/1.7.1_1/lib/libgeotiff.5.dylib
&gt;   Reason: tried: '/opt/homebrew/opt/libtiff/lib/libtiff.5.dylib' (no such file), '/System/Volumes/Preboot/Cryptexes/OS/opt/homebrew/opt/libtiff/lib/libtiff.5.dylib' (no such file), '/opt/homebrew/opt/libtiff/lib/libtiff.5.dylib' (no such file), '/usr/local/lib/libtiff.5.dylib' (no such file), '/usr/lib/libtiff.5.dylib' (no such file, not in dyld cache), '/opt/homebrew/Cellar/libtiff/4.5.0/lib/libtiff.5.dylib' (no such file), '/System/Volumes/Preboot/Cryptexes/OS/opt/homebrew/Cellar/libtiff/4.5
.0/lib/libtiff.5.dylib' (no such file), '/opt/homebrew/Cellar/libtiff/4.5.0/lib/libtiff.5.dylib' (no such file), '/usr/local/lib/libtiff.5.dylib' (no such file), '/usr/lib/libtiff.5.dylib' (no such file, not in dyld cache)
&gt;   warnings.warn(("Could not connect to TraCI server using port %s (%s)." +
&gt; dyld[1192]: Library not loaded: /opt/homebrew/opt/libtiff/lib/libtiff.5.dylib
&gt;   Referenced from: &lt;3FEB9C56-E432-36C6-A940-FC254CC92FAB&gt; /opt/homebrew/Cellar/libgeotiff/1.7.1_1/lib/libgeotiff.5.dylib
&gt;   Reason: tried: '/opt/homebrew/opt/libtiff/lib/libtiff.5.dylib' (no such file), '/System/Volumes/Preboot/Cryptexes/OS/opt/homebrew/opt/libtiff/lib/libtiff.5.dylib' (no such file), '/opt/homebrew/opt/libtiff/lib/libtiff.5.dylib' (no such file), '/usr/local/lib/libtiff.5.dylib' (no such file), '/usr/lib/libtiff.5.dylib' (no such file, not in dyld cache), '/opt/homebrew/Cellar/libtiff/4.5.0/lib/libtiff.5.dylib' (no such file), '/System/Volumes/Preboot/Cryptexes/OS/opt/homebrew/Cellar/libtiff/4.5
.0/lib/libtiff.5.dylib' (no such file), '/opt/homebrew/Cellar/libtiff/4.5.0/lib/libtiff.5.dylib' (no such file), '/usr/local/lib/libtiff.5.dylib' (no such file), '/usr/lib/libtiff.5.dylib' (no such file, not in dyld cache)
&gt;   warnings.warn(("Could not connect to TraCI server using port %s (%s)." +
&gt; dyld[1204]: Library not loaded: /opt/homebrew/opt/libtiff/lib/libtiff.5.dylib
&gt;   Referenced from: &lt;3FEB9C56-E432-36C6-A940-FC254CC92FAB&gt; /opt/homebrew/Cellar/libgeotiff/1.7.1_1/lib/libgeotiff.5.dylib
&gt;   Reason: tried: '/opt/homebrew/opt/libtiff/lib/libtiff.5.dylib' (no such file), '/System/Volumes/Preboot/Cryptexes/OS/opt/homebrew/opt/libtiff/lib/libtiff.5.dylib' (no such file), '/opt/homebrew/opt/libtiff/lib/libtiff.5.dylib' (no such file), '/usr/local/lib/libtiff.5.dylib' (no such file), '/usr/lib/libtiff.5.dylib' (no such file, not in dyld cache), '/opt/homebrew/Cellar/libtiff/4.5.0/lib/libtiff.5.dylib' (no such file), '/System/Volumes/Preboot/Cryptexes/OS/opt/homebrew/Cellar/libtiff/4.5
.0/lib/libtiff.5.dylib' (no such file), '/opt/homebrew/Cellar/libtiff/4.5.0/lib/libtiff.5.dylib' (no such file), '/usr/local/lib/libtiff.5.dylib' (no such file), '/usr/lib/libtiff.5.dylib' (no such file, not in dyld cache)
&gt;   warnings.warn(("Could not connect to TraCI server using port %s (%s)." +
&gt; dyld[1220]: Library not loaded: /opt/homebrew/opt/libtiff/lib/libtiff.5.dylib
&lt;truncated after showing first 30 lines&gt;
</PRE>
<A NAME="defaulttraci misc signature"></A>
<H4>TEST FAILED on ts-bapmsumm1bld : traci misc signature (
<A HREF="test_default.html#defaulttraci misc signature">Last six runs</A>
<A HREF="test_default_all_Nov2023.html#defaulttraci misc signature">Nov2023</A>

)</H4>

<PRE>---------- Differences in errors ----------
1,14c1,10
&lt;   traci.vehicle.setLaneChangeMode("horiz", lcm=0)
&lt;   traci.vehicle.setParameter(objID="horiz", key="blub", value="blubber")
&lt;   traci.vehicle.setParameter(objectID="horiz", param="blub", value="blubber")
&lt;   traci.vehicle.setParameter(objID="horiz", param="blub", value="blubber")
&lt;   traci.vehicle.setParameter(objID="horiz", param="blub", value="blubber")
&lt;   traci.vehicle.setParameter(oID="horiz", param="blub", value="blubber")
&lt; -- Unordered text as found by filter '^UserWarning:' --
&lt; UserWarning: Use of deprecated parameter lcm in function setLaneChangeMode, use laneChangeMode instead.
&lt; UserWarning: Use of deprecated parameter objID in function setParameter, use objectID instead.
&lt; UserWarning: Use of deprecated parameter objID in function setParameter, use objectID instead.
&lt; UserWarning: Use of deprecated parameter param in function setParameter, use key instead.
&lt; UserWarning: Use of deprecated parameter param in function setParameter, use key instead.
&lt; UserWarning: Use of deprecated parameter param in function setParameter, use key instead.
&lt; 
---
&gt; Traceback (most recent call last):
&gt;   File "/Users/sumo/clangMacOS_M1/sumo/tests/../tests/complex/traci/misc/signature/runner.py", line 26, in &lt;module&gt;
&gt;     import libsumo
&gt;   File "/Users/sumo/clangMacOS_M1/sumo/tools/libsumo/__init__.py", line 30, in &lt;module&gt;
&gt;     from .libsumo import vehicle, simulation, person, trafficlight, edge  # noqa
&gt;   File "/Users/sumo/clangMacOS_M1/sumo/tools/libsumo/libsumo.py", line 13, in &lt;module&gt;
&gt;     from . import _libsumo
&gt; ImportError: dlopen(/Users/sumo/clangMacOS_M1/sumo/tools/libsumo/_libsumo.so, 0x0002): Library not loaded: /opt/homebrew/opt/libtiff/lib/libtiff.5.dylib
&gt;   Referenced from: &lt;3FEB9C56-E432-36C6-A940-FC254CC92FAB&gt; /opt/homebrew/Cellar/libgeotiff/1.7.1_1/lib/libgeotiff.5.dylib
&gt;   Reason: tried: '/opt/homebrew/opt/libtiff/lib/libtiff.5.dylib' (no such file), '/System/Volumes/Preboot/Cryptexes/OS/opt/homebrew/opt/libtiff/lib/libtiff.5.dylib' (no such file), '/opt/homebrew/opt/libtiff/lib/libtiff.5.dylib' (no such file), '/usr/local/lib/libtiff.5.dylib' (no such file), '/usr/lib/libtiff.5.dylib' (no such file, not in dyld cache), '/opt/homebrew/Cellar/libtiff/4.5.0/lib/libtiff.5.dylib' (no such file), '/System/Volumes/Preboot/Cryptexes/OS/opt/homebrew/Cellar/libtiff/4.5
.0/lib/libtiff.5.dylib' (no such file), '/opt/homebrew/Cellar/libtiff/4.5.0/lib/libtiff.5.dylib' (no such file), '/usr/local/lib/libtiff.5.dylib' (no such file), '/usr/lib/libtiff.5.dylib' (no such file, not in dyld cache)
---------- Differences in output ----------
1,5d0
&lt; lane.getLinks traci: (laneID, extended=True) libsumo: (laneID)
&lt; person.getPosition traci: (personID) libsumo: (personID, includeZ=False)
&lt; poi.getPosition traci: (poiID) libsumo: (poiID, includeZ=False)
&lt; vehicle.getPosition traci: (vehID) libsumo: (vehID, includeZ=False)
&lt; Domain.setParameter() got an unexpected keyword argument 'oID'
</PRE>
<A NAME="defaulttraci trafficlight railsignal_state"></A>
<H4>TEST FAILED on ts-bapmsumm1bld : traci trafficlight railsignal_state (
<A HREF="test_default.html#defaulttraci trafficlight railsignal_state">Last six runs</A>
<A HREF="test_default_all_Nov2023.html#defaulttraci trafficlight railsignal_state">Nov2023</A>

)</H4>

<PRE>---------- Differences in errors ----------
0a1
&gt; Warning: Invalid approach information to rail signal 'junction 'P2', link 0' after rerouting for vehicle 'rail3' first driveway edge 'T7_1' time=37.00.
</PRE>
<A NAME="defaulttutorial city_mobil agent"></A>
<H4>TEST FAILED on ts-bapmsumm1bld : tutorial city_mobil agent (
<A HREF="test_default.html#defaulttutorial city_mobil agent">Last six runs</A>
<A HREF="test_default_all_Nov2023.html#defaulttutorial city_mobil agent">Nov2023</A>

)</H4>

<PRE>---------- Differences in errors ----------
0a1,8
&gt; dyld[6280]: Library not loaded: /opt/homebrew/opt/libtiff/lib/libtiff.5.dylib
&gt;   Referenced from: &lt;3FEB9C56-E432-36C6-A940-FC254CC92FAB&gt; /opt/homebrew/Cellar/libgeotiff/1.7.1_1/lib/libgeotiff.5.dylib
&gt;   Reason: tried: '/opt/homebrew/opt/libtiff/lib/libtiff.5.dylib' (no such file), '/System/Volumes/Preboot/Cryptexes/OS/opt/homebrew/opt/libtiff/lib/libtiff.5.dylib' (no such file), '/opt/homebrew/opt/libtiff/lib/libtiff.5.dylib' (no such file), '/usr/local/lib/libtiff.5.dylib' (no such file), '/usr/lib/libtiff.5.dylib' (no such file, not in dyld cache), '/opt/homebrew/Cellar/libtiff/4.5.0/lib/libtiff.5.dylib' (no such file), '/System/Volumes/Preboot/Cryptexes/OS/opt/homebrew/Cellar/libtiff/4.5
.0/lib/libtiff.5.dylib' (no such file), '/opt/homebrew/Cellar/libtiff/4.5.0/lib/libtiff.5.dylib' (no such file), '/usr/local/lib/libtiff.5.dylib' (no such file), '/usr/lib/libtiff.5.dylib' (no such file, not in dyld cache)
&gt; Error: File 'park.net.xml' is not accessible (No such file or directory).
&gt; Quitting (on error).
&gt; Traceback (most recent call last):
&gt;     raise FatalTraCIError("Connection closed by SUMO.")
&gt; traci.exceptions.FatalTraCIError: Connection closed by SUMO.
---------- Differences in output ----------
1,19d0
&lt; Success.
&lt; waiting time (max, mean, dev): False True False
&lt; ('footmain0to1', 'footmainout') True True True
&lt; ('footmain1to2', 'footmainout') True True True
&lt; ('footmain2to3', 'footmainout') True True True
&lt; ('footmain3to4', 'footmainout') True True True
&lt; ('footmain4to5', 'footmainout') True True True
&lt; ('footmain5to6', 'footmainout') True True True
&lt; ('footmain6to7', 'footmainout') True True True
&lt; ('footmain7to8', 'footmainout') True True True
&lt; ('footmainout', 'footmain0to1') True True True
&lt; ('footmainout', 'footmain1to2') True True True
&lt; ('footmainout', 'footmain2to3') True True True
&lt; ('footmainout', 'footmain3to4') True True True
&lt; ('footmainout', 'footmain4to5') True True True
&lt; ('footmainout', 'footmain5to6') True True True
&lt; ('footmainout', 'footmain6to7') True True True
&lt; ('footmainout', 'footmain7to8') True True True
&lt; CO2: True
</PRE>
<A NAME="defaulttutorial city_mobil agent_cyber"></A>
<H4>TEST FAILED on ts-bapmsumm1bld : tutorial city_mobil agent_cyber (
<A HREF="test_default.html#defaulttutorial city_mobil agent_cyber">Last six runs</A>
<A HREF="test_default_all_Nov2023.html#defaulttutorial city_mobil agent_cyber">Nov2023</A>

)</H4>

<PRE>---------- Differences in errors ----------
0a1,8
&gt; dyld[6292]: Library not loaded: /opt/homebrew/opt/libtiff/lib/libtiff.5.dylib
&gt;   Referenced from: &lt;3FEB9C56-E432-36C6-A940-FC254CC92FAB&gt; /opt/homebrew/Cellar/libgeotiff/1.7.1_1/lib/libgeotiff.5.dylib
&gt;   Reason: tried: '/opt/homebrew/opt/libtiff/lib/libtiff.5.dylib' (no such file), '/System/Volumes/Preboot/Cryptexes/OS/opt/homebrew/opt/libtiff/lib/libtiff.5.dylib' (no such file), '/opt/homebrew/opt/libtiff/lib/libtiff.5.dylib' (no such file), '/usr/local/lib/libtiff.5.dylib' (no such file), '/usr/lib/libtiff.5.dylib' (no such file, not in dyld cache), '/opt/homebrew/Cellar/libtiff/4.5.0/lib/libtiff.5.dylib' (no such file), '/System/Volumes/Preboot/Cryptexes/OS/opt/homebrew/Cellar/libtiff/4.5
.0/lib/libtiff.5.dylib' (no such file), '/opt/homebrew/Cellar/libtiff/4.5.0/lib/libtiff.5.dylib' (no such file), '/usr/local/lib/libtiff.5.dylib' (no such file), '/usr/lib/libtiff.5.dylib' (no such file, not in dyld cache)
&gt; Error: File 'park.net.xml' is not accessible (No such file or directory).
&gt; Quitting (on error).
&gt; Traceback (most recent call last):
&gt;     raise FatalTraCIError("Connection closed by SUMO.")
&gt; traci.exceptions.FatalTraCIError: Connection closed by SUMO.
---------- Differences in output ----------
1,19d0
&lt; Success.
&lt; waiting time (max, mean, dev): False True False
&lt; ('footmain0to1', 'footmainout') True True True
&lt; ('footmain1to2', 'footmainout') True True True
&lt; ('footmain2to3', 'footmainout') True True True
&lt; ('footmain3to4', 'footmainout') True True True
&lt; ('footmain4to5', 'footmainout') True True True
&lt; ('footmain5to6', 'footmainout') True True True
&lt; ('footmain6to7', 'footmainout') True True True
&lt; ('footmain7to8', 'footmainout') True True True
&lt; ('footmainout', 'footmain0to1') True True True
&lt; ('footmainout', 'footmain1to2') True True True
&lt; ('footmainout', 'footmain2to3') True True True
&lt; ('footmainout', 'footmain3to4') True True True
&lt; ('footmainout', 'footmain4to5') True True True
&lt; ('footmainout', 'footmain5to6') True True True
&lt; ('footmainout', 'footmain6to7') True True True
&lt; ('footmainout', 'footmain7to8') True True True
&lt; CO2: True
</PRE>
<A NAME="defaulttutorial city_mobil simple"></A>
<H4>TEST FAILED on ts-bapmsumm1bld : tutorial city_mobil simple (
<A HREF="test_default.html#defaulttutorial city_mobil simple">Last six runs</A>
<A HREF="test_default_all_Nov2023.html#defaulttutorial city_mobil simple">Nov2023</A>

)</H4>

<PRE>---------- Differences in errors ----------
0a1,8
&gt; dyld[6254]: Library not loaded: /opt/homebrew/opt/libtiff/lib/libtiff.5.dylib
&gt;   Referenced from: &lt;3FEB9C56-E432-36C6-A940-FC254CC92FAB&gt; /opt/homebrew/Cellar/libgeotiff/1.7.1_1/lib/libgeotiff.5.dylib
&gt;   Reason: tried: '/opt/homebrew/opt/libtiff/lib/libtiff.5.dylib' (no such file), '/System/Volumes/Preboot/Cryptexes/OS/opt/homebrew/opt/libtiff/lib/libtiff.5.dylib' (no such file), '/opt/homebrew/opt/libtiff/lib/libtiff.5.dylib' (no such file), '/usr/local/lib/libtiff.5.dylib' (no such file), '/usr/lib/libtiff.5.dylib' (no such file, not in dyld cache), '/opt/homebrew/Cellar/libtiff/4.5.0/lib/libtiff.5.dylib' (no such file), '/System/Volumes/Preboot/Cryptexes/OS/opt/homebrew/Cellar/libtiff/4.5
.0/lib/libtiff.5.dylib' (no such file), '/opt/homebrew/Cellar/libtiff/4.5.0/lib/libtiff.5.dylib' (no such file), '/usr/local/lib/libtiff.5.dylib' (no such file), '/usr/lib/libtiff.5.dylib' (no such file, not in dyld cache)
&gt; Error: File 'park.net.xml' is not accessible (No such file or directory).
&gt; Quitting (on error).
&gt; Traceback (most recent call last):
&gt;     raise FatalTraCIError("Connection closed by SUMO.")
&gt; traci.exceptions.FatalTraCIError: Connection closed by SUMO.
---------- Differences in output ----------
1,19d0
&lt; Success.
&lt; waiting time (max, mean, dev): False True False
&lt; ('footmain0to1', 'footmainout') True True True
&lt; ('footmain1to2', 'footmainout') True True True
&lt; ('footmain2to3', 'footmainout') True True True
&lt; ('footmain3to4', 'footmainout') True True True
&lt; ('footmain4to5', 'footmainout') True True True
&lt; ('footmain5to6', 'footmainout') True True True
&lt; ('footmain6to7', 'footmainout') True True True
&lt; ('footmain7to8', 'footmainout') True True True
&lt; ('footmainout', 'footmain0to1') True True True
&lt; ('footmainout', 'footmain1to2') True True True
&lt; ('footmainout', 'footmain2to3') True True True
&lt; ('footmainout', 'footmain3to4') True True True
&lt; ('footmainout', 'footmain4to5') True True True
&lt; ('footmainout', 'footmain5to6') True True True
&lt; ('footmainout', 'footmain6to7') True True True
&lt; ('footmainout', 'footmain7to8') True True True
&lt; CO2: True
</PRE>
<A NAME="defaulttutorial city_mobil simple_cyber"></A>
<H4>TEST FAILED on ts-bapmsumm1bld : tutorial city_mobil simple_cyber (
<A HREF="test_default.html#defaulttutorial city_mobil simple_cyber">Last six runs</A>
<A HREF="test_default_all_Nov2023.html#defaulttutorial city_mobil simple_cyber">Nov2023</A>

)</H4>

<PRE>---------- Differences in errors ----------
0a1,8
&gt; dyld[6265]: Library not loaded: /opt/homebrew/opt/libtiff/lib/libtiff.5.dylib
&gt;   Referenced from: &lt;3FEB9C56-E432-36C6-A940-FC254CC92FAB&gt; /opt/homebrew/Cellar/libgeotiff/1.7.1_1/lib/libgeotiff.5.dylib
&gt;   Reason: tried: '/opt/homebrew/opt/libtiff/lib/libtiff.5.dylib' (no such file), '/System/Volumes/Preboot/Cryptexes/OS/opt/homebrew/opt/libtiff/lib/libtiff.5.dylib' (no such file), '/opt/homebrew/opt/libtiff/lib/libtiff.5.dylib' (no such file), '/usr/local/lib/libtiff.5.dylib' (no such file), '/usr/lib/libtiff.5.dylib' (no such file, not in dyld cache), '/opt/homebrew/Cellar/libtiff/4.5.0/lib/libtiff.5.dylib' (no such file), '/System/Volumes/Preboot/Cryptexes/OS/opt/homebrew/Cellar/libtiff/4.5
.0/lib/libtiff.5.dylib' (no such file), '/opt/homebrew/Cellar/libtiff/4.5.0/lib/libtiff.5.dylib' (no such file), '/usr/local/lib/libtiff.5.dylib' (no such file), '/usr/lib/libtiff.5.dylib' (no such file, not in dyld cache)
&gt; Error: File 'park.net.xml' is not accessible (No such file or directory).
&gt; Quitting (on error).
&gt; Traceback (most recent call last):
&gt;     raise FatalTraCIError("Connection closed by SUMO.")
&gt; traci.exceptions.FatalTraCIError: Connection closed by SUMO.
---------- Differences in output ----------
1,19d0
&lt; Success.
&lt; waiting time (max, mean, dev): False True False
&lt; ('footmain0to1', 'footmainout') True True True
&lt; ('footmain1to2', 'footmainout') True True True
&lt; ('footmain2to3', 'footmainout') True True True
&lt; ('footmain3to4', 'footmainout') True True True
&lt; ('footmain4to5', 'footmainout') True True True
&lt; ('footmain5to6', 'footmainout') True True True
&lt; ('footmain6to7', 'footmainout') True True True
&lt; ('footmain7to8', 'footmainout') True True True
&lt; ('footmainout', 'footmain0to1') True True True
&lt; ('footmainout', 'footmain1to2') True True True
&lt; ('footmainout', 'footmain2to3') True True True
&lt; ('footmainout', 'footmain3to4') True True True
&lt; ('footmainout', 'footmain4to5') True True True
&lt; ('footmainout', 'footmain5to6') True True True
&lt; ('footmainout', 'footmain6to7') True True True
&lt; ('footmainout', 'footmain7to8') True True True
&lt; CO2: True
</PRE>
<A NAME="defaulttutorial city_mobil taxi"></A>
<H4>TEST FAILED on ts-bapmsumm1bld : tutorial city_mobil taxi (
<A HREF="test_default.html#defaulttutorial city_mobil taxi">Last six runs</A>
<A HREF="test_default_all_Nov2023.html#defaulttutorial city_mobil taxi">Nov2023</A>

)</H4>

<PRE>---------- Differences in errors ----------
1,27c1,5
&lt; Warning: Person 'v6.4p0' is jammed on edge 'cyber6to7', time=562.00.
&lt; Warning: Person 'v-7.4p0' is jammed on edge 'cyber6to7', time=589.00.
&lt; Warning: Person 'v6.5p0' is jammed on edge 'cyber6to7', time=603.00.
&lt; Warning: Person 'v6.5p1' is jammed on edge 'cyber6to7', time=608.00.
&lt; Warning: Person 'v7.5p0' is jammed on edge 'cyber6to7', time=620.00.
&lt; Warning: Person 'v-6.5p0' is jammed on edge 'cyber6to7', time=625.00.
&lt; Warning: Person 'v7.6p1' is jammed on edge 'cyber6to7', time=658.00.
&lt; Warning: Person 'v-5.6p1' is jammed on edge 'cyber5to6', time=669.00.
&lt; Warning: Person 'v-5.6p2' is jammed on edge 'cyber5to6', time=672.00.
&lt; Warning: Person 'v7.4p0' is jammed on edge 'cyber6to7', time=674.00.
&lt; Warning: Person 'v5.7p1' is jammed on edge 'cyber5to6', time=675.00.
&lt; Warning: Person 'v-6.7p1' is jammed on edge 'cyber6to7', time=730.00.
&lt; Warning: Person 'v5.7p0' is jammed on edge 'cyber5to6', time=742.00.
&lt; Warning: Person 'v7.9p0' is jammed on edge 'cyber6to7', time=773.00.
&lt; Warning: Person 'v6.4p1' is jammed on edge 'cyber6to7', time=827.00.
&lt; Warning: Person 'v7.6p0' is jammed on edge 'cyber6to7', time=891.00.
&lt; Warning: Person 'v7.8p2' is jammed on edge 'cyber6to7', time=891.00.
&lt; Warning: Person 'v-7.8p2' is jammed on edge 'cyber6to7', time=891.00.
&lt; Warning: Person 'v6.7p1' is jammed on edge 'cyber6to7', time=905.00.
&lt; Warning: Person 'v-6.5p1' is jammed on edge 'cyber6to7', time=912.00.
&lt; Warning: Person 'v-7.6p0' is jammed on edge 'cyber6to7', time=923.00.
&lt; Warning: Person 'v-7.5p0' is jammed on edge 'cyber6to7', time=925.00.
&lt; Warning: Person 'v6.9p0' is jammed on edge 'cyber6to7', time=927.00.
&lt; Warning: Person 'v-6.7p0' is jammed on edge 'cyber6to7', time=929.00.
&lt; Warning: Person 'v-6.4p1' is jammed on edge 'cyber6to7', time=971.00.
&lt; Warning: Person 'v-6.4p0' is jammed on edge 'cyber6to7', time=971.00.
&lt; Warning: Person 'v7.8p0' is jammed on edge 'cyber6to7', time=976.00.
---
&gt; dyld[6308]: Library not loaded: /opt/homebrew/opt/libtiff/lib/libtiff.5.dylib
&lt;truncated after showing first 30 lines&gt;
---------- Differences in output ----------
1d0
&lt; Success.
</PRE>
<A NAME="defaulttutorial city_mobil taxi_cyber"></A>
<H4>TEST FAILED on ts-bapmsumm1bld : tutorial city_mobil taxi_cyber (
<A HREF="test_default.html#defaulttutorial city_mobil taxi_cyber">Last six runs</A>
<A HREF="test_default_all_Nov2023.html#defaulttutorial city_mobil taxi_cyber">Nov2023</A>

)</H4>

<PRE>---------- Differences in errors ----------
1,4c1,5
&lt; Warning: Person 'v-7.6p0' is jammed on edge 'cyber6to7', time=681.00.
&lt; Warning: Vehicle 'c.0' aborted waiting for a person that will never come.
&lt; Warning: Vehicle 'c.1' aborted waiting for a person that will never come.
&lt; Warning: Vehicle 'c.2' aborted waiting for a person that will never come.
---
&gt; dyld[6325]: Library not loaded: /opt/homebrew/opt/libtiff/lib/libtiff.5.dylib
&gt;   Referenced from: &lt;3FEB9C56-E432-36C6-A940-FC254CC92FAB&gt; /opt/homebrew/Cellar/libgeotiff/1.7.1_1/lib/libgeotiff.5.dylib
&gt;   Reason: tried: '/opt/homebrew/opt/libtiff/lib/libtiff.5.dylib' (no such file), '/System/Volumes/Preboot/Cryptexes/OS/opt/homebrew/opt/libtiff/lib/libtiff.5.dylib' (no such file), '/opt/homebrew/opt/libtiff/lib/libtiff.5.dylib' (no such file), '/usr/local/lib/libtiff.5.dylib' (no such file), '/usr/lib/libtiff.5.dylib' (no such file, not in dyld cache), '/opt/homebrew/Cellar/libtiff/4.5.0/lib/libtiff.5.dylib' (no such file), '/System/Volumes/Preboot/Cryptexes/OS/opt/homebrew/Cellar/libtiff/4.5
.0/lib/libtiff.5.dylib' (no such file), '/opt/homebrew/Cellar/libtiff/4.5.0/lib/libtiff.5.dylib' (no such file), '/usr/local/lib/libtiff.5.dylib' (no such file), '/usr/lib/libtiff.5.dylib' (no such file, not in dyld cache)
&gt; Error: File 'park.net.xml' is not accessible (No such file or directory).
&gt; Quitting (on error).
---------- Differences in output ----------
1d0
&lt; Success.
</PRE>
<A NAME="defaulttutorial hello"></A>
<H4>TEST FAILED on ts-bapmsumm1bld : tutorial hello (
<A HREF="test_default.html#defaulttutorial hello">Last six runs</A>
<A HREF="test_default_all_Nov2023.html#defaulttutorial hello">Nov2023</A>

)</H4>

<PRE>---------- Differences in errors ----------
0a1,3
&gt; dyld[6353]: Library not loaded: /opt/homebrew/opt/libtiff/lib/libtiff.5.dylib
&gt;   Referenced from: &lt;3FEB9C56-E432-36C6-A940-FC254CC92FAB&gt; /opt/homebrew/Cellar/libgeotiff/1.7.1_1/lib/libgeotiff.5.dylib
&gt;   Reason: tried: '/opt/homebrew/opt/libtiff/lib/libtiff.5.dylib' (no such file), '/System/Volumes/Preboot/Cryptexes/OS/opt/homebrew/opt/libtiff/lib/libtiff.5.dylib' (no such file), '/opt/homebrew/opt/libtiff/lib/libtiff.5.dylib' (no such file), '/usr/local/lib/libtiff.5.dylib' (no such file), '/usr/lib/libtiff.5.dylib' (no such file, not in dyld cache), '/opt/homebrew/Cellar/libtiff/4.5.0/lib/libtiff.5.dylib' (no such file), '/System/Volumes/Preboot/Cryptexes/OS/opt/homebrew/Cellar/libtiff/4.5
.0/lib/libtiff.5.dylib' (no such file), '/opt/homebrew/Cellar/libtiff/4.5.0/lib/libtiff.5.dylib' (no such file), '/usr/local/lib/libtiff.5.dylib' (no such file), '/usr/lib/libtiff.5.dylib' (no such file, not in dyld cache)
---------- Differences in net ----------
4c4
&lt; &lt;net version="1.16" junctionCornerDetail="5" limitTurnSpeed="5.50" xmlns:xsi="http://www.w3.org/2001/XMLSchema-instance" xsi:noNamespaceSchemaLocation="http://sumo.dlr.de/xsd/net_file.xsd"&gt;
---
&gt; &lt;net version="0.13" xmlns:xsi="http://www.w3.org/2001/XMLSchema-instance" xsi:noNamespaceSchemaLocation="http://sumo.dlr.de/xsd/net_file.xsd"&gt;
9c9
&lt;         &lt;lane id=":2_0_0" index="0" speed="13.89" length="0.10" shape="500.00,-1.60 500.00,-1.60"/&gt;
---
&gt;         &lt;lane id=":2_0_0" index="0" speed="13.90" length="0.10" shape="500.00,-1.65 500.00,-1.65"/&gt;
13c13
&lt;         &lt;lane id="1to2_0" index="0" speed="13.89" length="500.00" shape="0.00,-1.60 500.00,-1.60"/&gt;
---
&gt;         &lt;lane id="1to2_0" index="0" speed="13.90" length="500.00" shape="0.00,-1.65 500.00,-1.65"/&gt;
16c16
&lt;         &lt;lane id="out_0" index="0" speed="13.89" length="1.00" shape="500.00,-1.60 501.00,-1.60"/&gt;
---
&gt;         &lt;lane id="out_0" index="0" speed="13.90" length="1.00" shape="500.00,-1.65 501.00,-1.65"/&gt;
19,20c19,20
&lt;     &lt;junction id="1" type="dead_end" x="0.00" y="0.00" incLanes="" intLanes="" shape="0.00,0.00 0.00,-3.20"/&gt;
&lt;     &lt;junction id="2" type="priority" x="500.00" y="0.00" incLanes="1to2_0" intLanes=":2_0_0" shape="500.00,0.00 500.00,-3.20 500.00,0.00"&gt;
---
&gt;     &lt;junction id="1" type="unregulated" x="0.00" y="0.00" incLanes="" intLanes="" shape="-0.00,-0.05 -0.00,-3.25"/&gt;
&gt;     &lt;junction id="2" type="priority" x="500.00" y="0.00" incLanes="1to2_0" intLanes=":2_0_0" shape="500.00,-0.05 500.00,-3.25 500.00,-0.05"&gt;
23c23
&lt;     &lt;junction id="3" type="dead_end" x="501.00" y="0.00" incLanes="out_0" intLanes="" shape="501.00,-3.20 501.00,0.00"/&gt;
---
&gt;     &lt;junction id="3" type="unregulated" x="501.00" y="0.00" incLanes="out_0" intLanes="" shape="501.00,-3.25 501.00,-0.05"/&gt;
---------- Differences in output ----------
1,42c1
&lt; Parsing nodes from (FILE)
&lt; Parsing edges from (FILE)
&lt;  Import done:
&lt;    3 nodes loaded.
&lt;    2 edges loaded.
&lt; Removing self-loops ... done ((TIME)).
&lt; Removing empty nodes ... done ((TIME)).
&lt;    0 nodes removed.
&lt; Moving network to origin ... done ((TIME)).
&lt; Computing turning directions ... done ((TIME)).
&lt; Assigning nodes to traffic lights ... done ((TIME)).
&lt; Sorting nodes' edges ... done ((TIME)).
&lt; Computing node shapes ... done ((TIME)).
&lt; Computing edge shapes ... done ((TIME)).
&lt; Computing node types ... done ((TIME)).
&lt; Computing priorities ... done ((TIME)).
&lt; Computing approached edges ... done ((TIME)).
&lt; Guessing and setting roundabouts ... done ((TIME)).
&lt; Computing approaching lanes ... done ((TIME)).
&lt; Dividing of lanes on approached lanes ... done ((TIME)).
&lt; Processing turnarounds ... done ((TIME)).
&lt; Rechecking of lane endings ... done ((TIME)).
&lt; Computing traffic light control information ... done ((TIME)).
&lt; Computing node logics ... done ((TIME)).
&lt; Computing traffic light logics ... done ((TIME)).
&lt;  0 traffic light(s) computed.
&lt; Building inner edges ... done ((TIME)).
&lt; -----------------------------------------------------
&lt; Summary:
&lt;truncated after showing first 30 lines&gt;
</PRE>
<A NAME="defaulttutorial manhattan"></A>
<H4>TEST FAILED on ts-bapmsumm1bld : tutorial manhattan (
<A HREF="test_default.html#defaulttutorial manhattan">Last six runs</A>
<A HREF="test_default_all_Nov2023.html#defaulttutorial manhattan">Nov2023</A>

)</H4>

<PRE>---------- Differences in errors ----------
0a1,38
&gt; dyld[6389]: Library not loaded: /opt/homebrew/opt/libtiff/lib/libtiff.5.dylib
&gt;   Referenced from: &lt;3FEB9C56-E432-36C6-A940-FC254CC92FAB&gt; /opt/homebrew/Cellar/libgeotiff/1.7.1_1/lib/libgeotiff.5.dylib
&gt;   Reason: tried: '/opt/homebrew/opt/libtiff/lib/libtiff.5.dylib' (no such file), '/System/Volumes/Preboot/Cryptexes/OS/opt/homebrew/opt/libtiff/lib/libtiff.5.dylib' (no such file), '/opt/homebrew/opt/libtiff/lib/libtiff.5.dylib' (no such file), '/usr/local/lib/libtiff.5.dylib' (no such file), '/usr/lib/libtiff.5.dylib' (no such file, not in dyld cache), '/opt/homebrew/Cellar/libtiff/4.5.0/lib/libtiff.5.dylib' (no such file), '/System/Volumes/Preboot/Cryptexes/OS/opt/homebrew/Cellar/libtiff/4.5
.0/lib/libtiff.5.dylib' (no such file), '/opt/homebrew/Cellar/libtiff/4.5.0/lib/libtiff.5.dylib' (no such file), '/usr/local/lib/libtiff.5.dylib' (no such file), '/usr/lib/libtiff.5.dylib' (no such file, not in dyld cache)
&gt; Traceback (most recent call last):
&gt;   File "/Users/sumo/clangMacOS_M1/sumo/tests/../tests/complex/tutorial/manhattan/../../../../tools/sumolib/net/__init__.py", line 925, in readNet
&gt;     parse(gzip.open(filename), netreader)
&gt;   File "/opt/homebrew/Cellar/python@3.9/3.9.12_1/Frameworks/Python.framework/Versions/3.9/lib/python3.9/gzip.py", line 58, in open
&gt;     binary_file = GzipFile(filename, gz_mode, compresslevel)
&gt;   File "/opt/homebrew/Cellar/python@3.9/3.9.12_1/Frameworks/Python.framework/Versions/3.9/lib/python3.9/gzip.py", line 173, in __init__
&gt;     fileobj = self.myfileobj = builtins.open(filename, mode or 'rb')
&gt; FileNotFoundError: [Errno 2] No such file or directory: 'data/net.net.xml'
&gt; 
&gt; During handling of the above exception, another exception occurred:
&gt; 
&gt; Traceback (most recent call last):
&gt;   File "/Users/sumo/clangMacOS_M1/sumo/tests/../tests/complex/tutorial/manhattan/runner.py", line 41, in &lt;module&gt;
&gt;     randomTrips.main(randomTrips.get_options([
&gt;   File "/Users/sumo/clangMacOS_M1/sumo/tests/../tests/complex/tutorial/manhattan/../../../../tools/randomTrips.py", line 210, in get_options
&gt;     options.net = sumolib.net.readNet(options.netfile)
&gt;   File "/Users/sumo/clangMacOS_M1/sumo/tests/../tests/complex/tutorial/manhattan/../../../../tools/sumolib/net/__init__.py", line 927, in readNet
&gt;     parse(filename, netreader)
&gt;   File "/opt/homebrew/Cellar/python@3.9/3.9.12_1/Frameworks/Python.framework/Versions/3.9/lib/python3.9/xml/sax/__init__.py", line 33, in parse
&gt;     parser.parse(source)
&gt;   File "/opt/homebrew/Cellar/python@3.9/3.9.12_1/Frameworks/Python.framework/Versions/3.9/lib/python3.9/xml/sax/expatreader.py", line 105, in parse
&gt;     source = saxutils.prepare_input_source(source)
&gt;   File "/opt/homebrew/Cellar/python@3.9/3.9.12_1/Frameworks/Python.framework/Versions/3.9/lib/python3.9/xml/sax/saxutils.py", line 365, in prepare_input_source
&gt;     f = urllib.request.urlopen(source.getSystemId())
&gt;   File "/opt/homebrew/Cellar/python@3.9/3.9.12_1/Frameworks/Python.framework/Versions/3.9/lib/python3.9/urllib/request.py", line 214, in urlopen
&gt;     return opener.open(url, data, timeout)
&lt;truncated after showing first 30 lines&gt;
---------- Differences in output ----------
1,24d0
&lt; Success.
&lt; Reading up to time step: 0.00
&lt; Reading up to time step: 200.00
&lt; Success.
&lt; Loading net-file from 'data/net.net.xml' ... done ((TIME)).
&lt; Loading done.
&lt; Simulation started with time: 0.00.
&lt; Reason: The final simulation step has been reached.
&lt; Performance: 
&lt; Vehicles: 
&lt;  Inserted: 100
&lt;  Running: 100
&lt;  Waiting: 0
&lt; Statistics (avg of 0):
&lt;  RouteLength: 0.00
&lt;  Speed: 0.00
&lt;  Duration: 0.00
&lt;  WaitingTime: 0.00
&lt;  TimeLoss: 0.00
&lt;  DepartDelay: 0.00
&lt; 
&lt; -- Unordered text as found by filter '^Simulation ended at time:' --
&lt; Simulation ended at time: 1000.00
&lt; 
</PRE>
<A NAME="defaulttutorial quickstart"></A>
<H4>TEST FAILED on ts-bapmsumm1bld : tutorial quickstart (
<A HREF="test_default.html#defaulttutorial quickstart">Last six runs</A>
<A HREF="test_default_all_Nov2023.html#defaulttutorial quickstart">Nov2023</A>

)</H4>

<PRE>---------- Differences in errors ----------
0a1,3
&gt; dyld[6367]: Library not loaded: /opt/homebrew/opt/libtiff/lib/libtiff.5.dylib
&gt;   Referenced from: &lt;3FEB9C56-E432-36C6-A940-FC254CC92FAB&gt; /opt/homebrew/Cellar/libgeotiff/1.7.1_1/lib/libgeotiff.5.dylib
&gt;   Reason: tried: '/opt/homebrew/opt/libtiff/lib/libtiff.5.dylib' (no such file), '/System/Volumes/Preboot/Cryptexes/OS/opt/homebrew/opt/libtiff/lib/libtiff.5.dylib' (no such file), '/opt/homebrew/opt/libtiff/lib/libtiff.5.dylib' (no such file), '/usr/local/lib/libtiff.5.dylib' (no such file), '/usr/lib/libtiff.5.dylib' (no such file, not in dyld cache), '/opt/homebrew/Cellar/libtiff/4.5.0/lib/libtiff.5.dylib' (no such file), '/System/Volumes/Preboot/Cryptexes/OS/opt/homebrew/Cellar/libtiff/4.5
.0/lib/libtiff.5.dylib' (no such file), '/opt/homebrew/Cellar/libtiff/4.5.0/lib/libtiff.5.dylib' (no such file), '/usr/local/lib/libtiff.5.dylib' (no such file), '/usr/lib/libtiff.5.dylib' (no such file, not in dyld cache)
---------- Differences in net ----------
4c4
&lt; &lt;net version="1.16" junctionCornerDetail="5" limitTurnSpeed="5.50" xmlns:xsi="http://www.w3.org/2001/XMLSchema-instance" xsi:noNamespaceSchemaLocation="http://sumo.dlr.de/xsd/net_file.xsd"&gt;
---
&gt; &lt;net version="0.13" xmlns:xsi="http://www.w3.org/2001/XMLSchema-instance" xsi:noNamespaceSchemaLocation="http://sumo.dlr.de/xsd/net_file.xsd"&gt;
8,11d7
&lt;     &lt;type id="a" priority="3" numLanes="3" speed="13.89"/&gt;
&lt;     &lt;type id="b" priority="3" numLanes="2" speed="13.89"/&gt;
&lt;     &lt;type id="c" priority="2" numLanes="3" speed="13.89"/&gt;
&lt; 
13,15c9,11
&lt;         &lt;lane id=":1_0_0" index="0" speed="13.89" length="8.00" shape="1004.00,1008.00 996.00,1008.00"/&gt;
&lt;         &lt;lane id=":1_0_1" index="1" speed="13.89" length="8.00" shape="1004.00,1004.80 996.00,1004.80"/&gt;
&lt;         &lt;lane id=":1_0_2" index="2" speed="13.89" length="8.00" shape="1004.00,1001.60 996.00,1001.60"/&gt;
---
&gt;         &lt;lane id=":1_0_0" index="0" speed="13.89" length="3.00" shape="1001.50,1008.25 998.50,1008.25"/&gt;
&gt;         &lt;lane id=":1_0_1" index="1" speed="13.89" length="3.00" shape="1001.50,1004.95 998.50,1004.95"/&gt;
&gt;         &lt;lane id=":1_0_2" index="2" speed="13.89" length="3.00" shape="1001.50,1001.65 998.50,1001.65"/&gt;
18,20c14,16
&lt;         &lt;lane id=":1_3_0" index="0" speed="13.89" length="8.27" shape="996.00,995.20 998.46,994.70 1000.00,993.60 1001.54,992.50 1004.00,992.00"/&gt;
&lt;         &lt;lane id=":1_3_1" index="1" speed="13.89" length="8.27" shape="996.00,995.20 1004.00,995.20"/&gt;
&lt;         &lt;lane id=":1_3_2" index="2" speed="13.89" length="8.27" shape="996.00,998.40 1004.00,998.40"/&gt;
---
&gt;         &lt;lane id=":1_3_0" index="0" speed="13.89" length="3.49" shape="998.50,995.05 1001.50,991.75"/&gt;
&gt;         &lt;lane id=":1_3_1" index="1" speed="13.89" length="3.49" shape="998.50,995.05 1001.50,995.05"/&gt;
&gt;         &lt;lane id=":1_3_2" index="2" speed="13.89" length="3.49" shape="998.50,998.35 1001.50,998.35"/&gt;
23,25c19,21
&lt;         &lt;lane id=":2_0_0" index="0" speed="13.89" length="8.00" shape="1004.00,8.00 996.00,8.00"/&gt;
&lt;         &lt;lane id=":2_0_1" index="1" speed="13.89" length="8.00" shape="1004.00,4.80 996.00,4.80"/&gt;
&lt;         &lt;lane id=":2_0_2" index="2" speed="13.89" length="8.00" shape="1004.00,1.60 996.00,1.60"/&gt;
---
&lt;truncated after showing first 30 lines&gt;
---------- Differences in output ----------
1,45c1
&lt; Parsing types from 'data/quickstart.typ.xml' ... done.
&lt; Parsing nodes from (FILE)
&lt; Parsing edges from (FILE)
&lt; Parsing connections from (FILE)
&lt;  Import done:
&lt;    14 nodes loaded.
&lt;    3 types loaded.
&lt;    26 edges loaded.
&lt; Removing self-loops ... done ((TIME)).
&lt; Removing empty nodes ... done ((TIME)).
&lt;    0 nodes removed.
&lt; Moving network to origin ... done ((TIME)).
&lt; Computing turning directions ... done ((TIME)).
&lt; Assigning nodes to traffic lights ... done ((TIME)).
&lt; Sorting nodes' edges ... done ((TIME)).
&lt; Computing node shapes ... done ((TIME)).
&lt; Computing edge shapes ... done ((TIME)).
&lt; Computing node types ... done ((TIME)).
&lt; Computing priorities ... done ((TIME)).
&lt; Computing approached edges ... done ((TIME)).
&lt; Guessing and setting roundabouts ... done ((TIME)).
&lt; Computing approaching lanes ... done ((TIME)).
&lt; Dividing of lanes on approached lanes ... done ((TIME)).
&lt; Processing turnarounds ... done ((TIME)).
&lt; Rechecking of lane endings ... done ((TIME)).
&lt; Computing traffic light control information ... done ((TIME)).
&lt; Computing node logics ... done ((TIME)).
&lt; Computing traffic light logics ... done ((TIME)).
&lt;  0 traffic light(s) computed.
&lt;truncated after showing first 30 lines&gt;
</PRE>
<A NAME="defaulttutorial traci_pedestrian_crossing"></A>
<H4>TEST FAILED on ts-bapmsumm1bld : tutorial traci_pedestrian_crossing (
<A HREF="test_default.html#defaulttutorial traci_pedestrian_crossing">Last six runs</A>
<A HREF="test_default_all_Nov2023.html#defaulttutorial traci_pedestrian_crossing">Nov2023</A>

)</H4>

<PRE>---------- Differences in errors ----------
0a1,38
&gt; dyld[6405]: Library not loaded: /opt/homebrew/opt/libtiff/lib/libtiff.5.dylib
&gt;   Referenced from: &lt;3FEB9C56-E432-36C6-A940-FC254CC92FAB&gt; /opt/homebrew/Cellar/libgeotiff/1.7.1_1/lib/libgeotiff.5.dylib
&gt;   Reason: tried: '/opt/homebrew/opt/libtiff/lib/libtiff.5.dylib' (no such file), '/System/Volumes/Preboot/Cryptexes/OS/opt/homebrew/opt/libtiff/lib/libtiff.5.dylib' (no such file), '/opt/homebrew/opt/libtiff/lib/libtiff.5.dylib' (no such file), '/usr/local/lib/libtiff.5.dylib' (no such file), '/usr/lib/libtiff.5.dylib' (no such file, not in dyld cache), '/opt/homebrew/Cellar/libtiff/4.5.0/lib/libtiff.5.dylib' (no such file), '/System/Volumes/Preboot/Cryptexes/OS/opt/homebrew/Cellar/libtiff/4.5
.0/lib/libtiff.5.dylib' (no such file), '/opt/homebrew/Cellar/libtiff/4.5.0/lib/libtiff.5.dylib' (no such file), '/usr/local/lib/libtiff.5.dylib' (no such file), '/usr/lib/libtiff.5.dylib' (no such file, not in dyld cache)
&gt; Traceback (most recent call last):
&gt;   File "/Users/sumo/clangMacOS_M1/sumo/tools/sumolib/net/__init__.py", line 925, in readNet
&gt;     parse(gzip.open(filename), netreader)
&gt;   File "/opt/homebrew/Cellar/python@3.9/3.9.12_1/Frameworks/Python.framework/Versions/3.9/lib/python3.9/gzip.py", line 58, in open
&gt;     binary_file = GzipFile(filename, gz_mode, compresslevel)
&gt;   File "/opt/homebrew/Cellar/python@3.9/3.9.12_1/Frameworks/Python.framework/Versions/3.9/lib/python3.9/gzip.py", line 173, in __init__
&gt;     fileobj = self.myfileobj = builtins.open(filename, mode or 'rb')
&gt; FileNotFoundError: [Errno 2] No such file or directory: 'pedcrossing.net.xml'
&gt; 
&gt; During handling of the above exception, another exception occurred:
&gt; 
&gt; Traceback (most recent call last):
&gt;   File "/Users/sumo/clangMacOS_M1/sumo/tests/../tests/complex/tutorial/traci_pedestrian_crossing/runner.py", line 147, in &lt;module&gt;
&gt;     randomTrips.main(randomTrips.get_options([
&gt;   File "/Users/sumo/clangMacOS_M1/sumo/tools/randomTrips.py", line 210, in get_options
&gt;     options.net = sumolib.net.readNet(options.netfile)
&gt;   File "/Users/sumo/clangMacOS_M1/sumo/tools/sumolib/net/__init__.py", line 927, in readNet
&gt;     parse(filename, netreader)
&gt;   File "/opt/homebrew/Cellar/python@3.9/3.9.12_1/Frameworks/Python.framework/Versions/3.9/lib/python3.9/xml/sax/__init__.py", line 33, in parse
&gt;     parser.parse(source)
&gt;   File "/opt/homebrew/Cellar/python@3.9/3.9.12_1/Frameworks/Python.framework/Versions/3.9/lib/python3.9/xml/sax/expatreader.py", line 105, in parse
&gt;     source = saxutils.prepare_input_source(source)
&gt;   File "/opt/homebrew/Cellar/python@3.9/3.9.12_1/Frameworks/Python.framework/Versions/3.9/lib/python3.9/xml/sax/saxutils.py", line 365, in prepare_input_source
&gt;     f = urllib.request.urlopen(source.getSystemId())
&gt;   File "/opt/homebrew/Cellar/python@3.9/3.9.12_1/Frameworks/Python.framework/Versions/3.9/lib/python3.9/urllib/request.py", line 214, in urlopen
&gt;     return opener.open(url, data, timeout)
&lt;truncated after showing first 30 lines&gt;
---------- Differences in output ----------
1,93d0
&lt; Success.
&lt; ***Starting server on port &lt;PORT&gt; ***
&lt; Loading net-file from 'data/../pedcrossing.net.xml' ... done ((TIME)).
&lt; Loading additional-files from 'data/pedcrossing.tll.xml' ... done ((TIME)).
&lt; Loading done.
&lt; Simulation started with time: 0.00.
&lt; 18.0: pedestrian ped0 pushes the button (waiting: 1)
&lt; 43.0: pedestrian ped1 pushes the button (waiting: 1)
&lt; 84.0: pedestrian ped2 pushes the button (waiting: 1)
&lt; 122.0: pedestrian ped4 pushes the button (waiting: 1)
&lt; 167.0: pedestrian ped7 pushes the button (waiting: 1)
&lt; 277.0: pedestrian ped8 pushes the button (waiting: 1)
&lt; 294.0: pedestrian ped9 pushes the button (waiting: 1)
&lt; 341.0: pedestrian ped10 pushes the button (waiting: 1)
&lt; 446.0: pedestrian ped11 pushes the button (waiting: 1)
&lt; 487.0: pedestrian ped12 pushes the button (waiting: 1)
&lt; 537.0: pedestrian ped13 pushes the button (waiting: 1)
&lt; 613.0: pedestrian ped15 pushes the button (waiting: 1)
&lt; 635.0: pedestrian ped16 pushes the button (waiting: 2)
&lt; 686.0: pedestrian ped19 pushes the button (waiting: 1)
&lt; 732.0: pedestrian ped20 pushes the button (waiting: 2)
&lt; 734.0: pedestrian ped21 pushes the button (waiting: 2)
&lt; 823.0: pedestrian ped22 pushes the button (waiting: 1)
&lt; 857.0: pedestrian ped24 pushes the button (waiting: 1)
&lt; 948.0: pedestrian ped25 pushes the button (waiting: 1)
&lt; 1018.0: pedestrian ped27 pushes the button (waiting: 1)
&lt; 1022.0: pedestrian ped28 pushes the button (waiting: 2)
&lt; 1113.0: pedestrian ped30 pushes the button (waiting: 1)
&lt; 1213.0: pedestrian ped31 pushes the button (waiting: 1)
&lt;truncated after showing first 30 lines&gt;
</PRE>
<A NAME="defaultunit_tests testlibsumo"></A>
<H4>TEST FAILED on ts-bapmsumm1bld : unit_tests testlibsumo (
<A HREF="test_default.html#defaultunit_tests testlibsumo">Last six runs</A>
<A HREF="test_default_all_Nov2023.html#defaultunit_tests testlibsumo">Nov2023</A>

)</H4>

<PRE>---------- Differences in errors ----------
0a1,3
&gt; dyld[7743]: Library not loaded: /opt/homebrew/opt/libtiff/lib/libtiff.5.dylib
&gt;   Referenced from: &lt;3FEB9C56-E432-36C6-A940-FC254CC92FAB&gt; /opt/homebrew/Cellar/libgeotiff/1.7.1_1/lib/libgeotiff.5.dylib
&gt;   Reason: tried: '/opt/homebrew/opt/libtiff/lib/libtiff.5.dylib' (no such file), '/System/Volumes/Preboot/Cryptexes/OS/opt/homebrew/opt/libtiff/lib/libtiff.5.dylib' (no such file), '/opt/homebrew/opt/libtiff/lib/libtiff.5.dylib' (no such file), '/usr/local/lib/libtiff.5.dylib' (no such file), '/usr/lib/libtiff.5.dylib' (no such file, not in dyld cache), '/opt/homebrew/Cellar/libtiff/4.5.0/lib/libtiff.5.dylib' (no such file), '/System/Volumes/Preboot/Cryptexes/OS/opt/homebrew/Cellar/libtiff/4.5
.0/lib/libtiff.5.dylib' (no such file), '/opt/homebrew/Cellar/libtiff/4.5.0/lib/libtiff.5.dylib' (no such file), '/usr/local/lib/libtiff.5.dylib' (no such file), '/usr/lib/libtiff.5.dylib' (no such file, not in dyld cache)
---------- Differences in output ----------
1,6d0
&lt;  Copyright (C) 2001-2023 German Aerospace Center (DLR) and others; https://sumo.dlr.de
&lt;  Use --help to get the list of options.
&lt; Simulation loaded
&lt;  Copyright (C) 2001-2023 German Aerospace Center (DLR) and others; https://sumo.dlr.de
&lt;  Use --help to get the list of options.
&lt; Simulation started
</PRE>
<A NAME="defaultunit_tests testmicrosim"></A>
<H4>TEST FAILED on ts-bapmsumm1bld : unit_tests testmicrosim (
<A HREF="test_default.html#defaultunit_tests testmicrosim">Last six runs</A>
<A HREF="test_default_all_Nov2023.html#defaultunit_tests testmicrosim">Nov2023</A>

)</H4>

<PRE>---------- Differences in output ----------
24,29d23
&lt; [       OK ] MSCFModel_IDMTest.test_method_getSecureGap ((TIME))
&lt; [----------] 2 tests from MSCFModel_IDMTest ((TIME) total)
&lt; 
&lt; [----------] Global test environment tear-down
&lt; [==========] 7 tests from 3 test suites ran. ((TIME) total)
&lt; [  PASSED  ] 7 tests.
</PRE>
<A NAME="defaultunit_tests testnetbuild"></A>
<H4>TEST FAILED on ts-bapmsumm1bld : unit_tests testnetbuild (
<A HREF="test_default.html#defaultunit_tests testnetbuild">Last six runs</A>
<A HREF="test_default_all_Nov2023.html#defaultunit_tests testnetbuild">Nov2023</A>

)</H4>

<PRE>---------- Differences in errors ----------
0a1,3
&gt; dyld[7782]: Library not loaded: /opt/homebrew/opt/libtiff/lib/libtiff.5.dylib
&gt;   Referenced from: &lt;3FEB9C56-E432-36C6-A940-FC254CC92FAB&gt; /opt/homebrew/Cellar/libgeotiff/1.7.1_1/lib/libgeotiff.5.dylib
&gt;   Reason: tried: '/opt/homebrew/opt/libtiff/lib/libtiff.5.dylib' (no such file), '/System/Volumes/Preboot/Cryptexes/OS/opt/homebrew/opt/libtiff/lib/libtiff.5.dylib' (no such file), '/opt/homebrew/opt/libtiff/lib/libtiff.5.dylib' (no such file), '/usr/local/lib/libtiff.5.dylib' (no such file), '/usr/lib/libtiff.5.dylib' (no such file, not in dyld cache), '/opt/homebrew/Cellar/libtiff/4.5.0/lib/libtiff.5.dylib' (no such file), '/System/Volumes/Preboot/Cryptexes/OS/opt/homebrew/Cellar/libtiff/4.5
.0/lib/libtiff.5.dylib' (no such file), '/opt/homebrew/Cellar/libtiff/4.5.0/lib/libtiff.5.dylib' (no such file), '/usr/local/lib/libtiff.5.dylib' (no such file), '/usr/lib/libtiff.5.dylib' (no such file, not in dyld cache)
---------- Differences in output ----------
1,16d0
&lt; Running main() from gtest_main.cc
&lt; [==========] Running 2 tests from 2 test suites.
&lt; [----------] Global test environment set-up.
&lt; [----------] 1 test from NBHeightMapperTest
&lt; [ RUN      ] NBHeightMapperTest.test_method_getZ
&lt; [       OK ] NBHeightMapperTest.test_method_getZ ((TIME))
&lt; [----------] 1 test from NBHeightMapperTest ((TIME) total)
&lt; 
&lt; [----------] 1 test from NBTrafficLightLogic
&lt; [ RUN      ] NBTrafficLightLogic.test_method_getDuration
&lt; [       OK ] NBTrafficLightLogic.test_method_getDuration ((TIME))
&lt; [----------] 1 test from NBTrafficLightLogic ((TIME) total)
&lt; 
&lt; [----------] Global test environment tear-down
&lt; [==========] 2 tests from 2 test suites ran. ((TIME) total)
&lt; [  PASSED  ] 2 tests.
</PRE>

<A NAME="defaulthad known bugs"></A>
<H3>Detailed information for the tests that had known bugs:</H3>

<A NAME="defaultsumo ToCDevice dynamic_ToC_stop"></A>
<H4>TEST had known bugs (see #8973) on ts-bapmsumm1bld : sumo ToCDevice dynamic_ToC_stop (
<A HREF="test_default.html#defaultsumo ToCDevice dynamic_ToC_stop">Last six runs</A>
<A HREF="test_default_all_Nov2023.html#defaultsumo ToCDevice dynamic_ToC_stop">Nov2023</A>

)</H4>

<PRE>dynamic ToC triggered despite stop present on vehicle's lane continuation
(This bug was triggered by text found in file 'tocs' matching 'DYNTOR')
</PRE>
<A NAME="defaultsumo output one_vehicle"></A>
<H4>TEST had known bugs (see #254) on ts-bapmsumm1bld : sumo output one_vehicle (
<A HREF="test_default.html#defaultsumo output one_vehicle">Last six runs</A>
<A HREF="test_default_all_Nov2023.html#defaultsumo output one_vehicle">Nov2023</A>

)</H4>

<PRE>different outputs from detectors which should detect the same
(This bug was triggered by text found in file 'output' matching 'failed')
---------- Differences in output ----------
5,7c5,7
&lt; success 0.1 ['--step-length', '.1', '--end', '100'] ['3/1to2/1_0']
&lt; success 1 ['--step-length', '.1', '--end', '100'] ['3/1to2/1_0']
&lt; success 10 ['--step-length', '.1', '--end', '100'] ['3/1to2/1_0']
---
&gt; failed 0.1 ['--step-length', '.1', '--end', '100'] 3/1to2/1_0 (71.4, 71.5) &lt;zip object at 0x102e5f840&gt;
&gt; failed 1 ['--step-length', '.1', '--end', '100'] 3/1to2/1_0 (72.0, 73.0) &lt;zip object at 0x102e770c0&gt;
&gt; failed 10 ['--step-length', '.1', '--end', '100'] 3/1to2/1_0 (80.0, 90.0) &lt;zip object at 0x102e5abc0&gt;
9,12c9,12
&lt; success 0.1 ['--step-length', '.1', '--end', '1000'] ['3/1to2/1_0']
&lt; success 1 ['--step-length', '.1', '--end', '1000'] ['3/1to2/1_0']
&lt; success 10 ['--step-length', '.1', '--end', '1000'] ['3/1to2/1_0']
&lt; success 100 ['--step-length', '.1', '--end', '1000'] ['3/1to2/1_0']
---
&gt; failed 0.1 ['--step-length', '.1', '--end', '1000'] 3/1to2/1_0 (71.4, 71.5) &lt;zip object at 0x102e5ae40&gt;
&gt; failed 1 ['--step-length', '.1', '--end', '1000'] 3/1to2/1_0 (72.0, 73.0) &lt;zip object at 0x102e26a80&gt;
&gt; failed 10 ['--step-length', '.1', '--end', '1000'] 3/1to2/1_0 (80.0, 90.0) &lt;zip object at 0x102e26cc0&gt;
&gt; failed 100 ['--step-length', '.1', '--end', '1000'] 3/1to2/1_0 (100.0, 200.0) &lt;zip object at 0x102ea1ec0&gt;
17,19c17,19
&lt; success 0.1 ['--step-length', '1', '--end', '100'] ['3/1to2/1_0']
&lt; success 1 ['--step-length', '1', '--end', '100'] ['3/1to2/1_0']
&lt; success 10 ['--step-length', '1', '--end', '100'] ['3/1to2/1_0']
---
&gt; failed 0.1 ['--step-length', '1', '--end', '100'] 3/1to2/1_0 (73.0, 74.0) &lt;zip object at 0x102e994c0&gt;
&gt; failed 1 ['--step-length', '1', '--end', '100'] 3/1to2/1_0 (73.0, 74.0) &lt;zip object at 0x102e994c0&gt;
&gt; failed 10 ['--step-length', '1', '--end', '100'] 3/1to2/1_0 (80.0, 90.0) &lt;zip object at 0x102e994c0&gt;
21,50c21,24
&lt; success 0.1 ['--step-length', '1', '--end', '1000'] ['3/1to2/1_0']
&lt; success 1 ['--step-length', '1', '--end', '1000'] ['3/1to2/1_0']
&lt; success 10 ['--step-length', '1', '--end', '1000'] ['3/1to2/1_0']
&lt;truncated after showing first 30 lines&gt;
</PRE>
<A NAME="defaultsumo output teleport"></A>
<H4>TEST had known bugs (see #254) on ts-bapmsumm1bld : sumo output teleport (
<A HREF="test_default.html#defaultsumo output teleport">Last six runs</A>
<A HREF="test_default_all_Nov2023.html#defaultsumo output teleport">Nov2023</A>

)</H4>

<PRE>different outputs from detectors which should detect the same
(This bug was triggered by text found in file 'output' matching 'failed')
---------- Differences in output ----------
1,98c1,48
&lt; success ['--step-length', '.1', '--end', '51'] ['2/1to1/1_0']
&lt; success ['--step-length', '.1', '--end', '51'] ['2/1to1/1_0', '1/1to0/1_0']
&lt; success ['--step-length', '.1', '--end', '51'] ['2/1to1/1_0']
&lt; success ['--step-length', '.1', '--end', '51'] ['2/1to1/1_0', '1/1to0/1_0']
&lt; success ['--step-length', '.1', '--end', '51'] ['2/1to1/1_0']
&lt; success ['--step-length', '.1', '--end', '51'] ['2/1to1/1_0', '1/1to0/1_0']
&lt; success ['--step-length', '.1', '--end', '51'] ['2/1to1/1_0']
&lt; success ['--step-length', '.1', '--end', '51'] ['2/1to1/1_0', '1/1to0/1_0']
&lt; success ['--step-length', '.1', '--end', '100'] ['2/1to1/1_0']
&lt; success ['--step-length', '.1', '--end', '100'] ['2/1to1/1_0', '1/1to0/1_0']
&lt; success ['--step-length', '.1', '--end', '100'] ['2/1to1/1_0']
&lt; success ['--step-length', '.1', '--end', '100'] ['2/1to1/1_0', '1/1to0/1_0']
&lt; success ['--step-length', '.1', '--end', '100'] ['2/1to1/1_0']
&lt; success ['--step-length', '.1', '--end', '100'] ['2/1to1/1_0', '1/1to0/1_0']
&lt; success ['--step-length', '.1', '--end', '100'] ['2/1to1/1_0']
&lt; success ['--step-length', '.1', '--end', '100'] ['2/1to1/1_0', '1/1to0/1_0']
&lt; failed ['--step-length', '.1', '--end', '1000'] 2/1to1/1_0 (108.6, 108.7) [9.9, 10.0, 9.9, 9.9]
&lt; failed ['--step-length', '.1', '--end', '1000'] 2/1to1/1_0 (108.6, 108.7) [9.9, 10.0, 9.9, 9.9]
&lt; failed ['--step-length', '.1', '--end', '1000'] 2/1to1/1_0 (108.0, 109.0) [9.87, 10.0, 9.87, 9.87]
&lt; failed ['--step-length', '.1', '--end', '1000'] 2/1to1/1_0 (108.0, 109.0) [9.87, 10.0, 9.87, 9.87]
&lt; failed ['--step-length', '.1', '--end', '1000'] 2/1to1/1_0 (100.0, 110.0) [9.85, 9.96, 9.85, 9.85]
&lt; failed ['--step-length', '.1', '--end', '1000'] 2/1to1/1_0 (100.0, 110.0) [9.85, 9.96, 9.85, 9.85]
&lt; failed ['--step-length', '.1', '--end', '1000'] 2/1to1/1_0 (100.0, 200.0) [-1.0, 2.26, 3.2, 2.27, 2.27]
&lt; failed ['--step-length', '.1', '--end', '1000'] 2/1to1/1_0 (100.0, 200.0) [-1.0, 2.26, 3.2, 2.27, 2.27]
&lt; success ['--step-length', '1', '--end', '51'] ['2/1to1/1_0']
&lt; success ['--step-length', '1', '--end', '51'] ['2/1to1/1_0', '1/1to0/1_0']
&lt; success ['--step-length', '1', '--end', '51'] ['2/1to1/1_0']
&lt; success ['--step-length', '1', '--end', '51'] ['2/1to1/1_0', '1/1to0/1_0']
&lt; success ['--step-length', '1', '--end', '51'] ['2/1to1/1_0']
&lt;truncated after showing first 30 lines&gt;
</PRE>
<A NAME="defaultsumo output teleport_multihop"></A>
<H4>TEST had known bugs (see #254) on ts-bapmsumm1bld : sumo output teleport_multihop (
<A HREF="test_default.html#defaultsumo output teleport_multihop">Last six runs</A>
<A HREF="test_default_all_Nov2023.html#defaultsumo output teleport_multihop">Nov2023</A>

)</H4>

<PRE>different outputs from detectors which should detect the same
(This bug was triggered by text found in file 'output' matching 'failed')
---------- Differences in output ----------
17,24c17,24
&lt; success 0.1 ['--step-length', '.1', '--end', '1000'] 2/1to1/1_0 (230.0, 230.1) [('e2', 9.99), ('e3', 10.0), ('edge', 9.99), ('lane', 9.99)]
&lt; success 0.1 ['--step-length', '.1', '--end', '1000'] 1/1to0/1_0 (148.1, 148.2) [('e2', 9.99), ('e3', 10.0), ('edge', 9.99), ('lane', 9.99)]
&lt; success 1 ['--step-length', '.1', '--end', '1000'] 2/1to1/1_0 (230.0, 231.0) [('e2', 9.99), ('e3', 10.0), ('edge', 9.99), ('lane', 9.99)]
&lt; success 1 ['--step-length', '.1', '--end', '1000'] 1/1to0/1_0 (148.0, 149.0) [('e2', 9.91), ('e3', 10.0), ('edge', 9.91), ('lane', 9.91)]
&lt; success 10 ['--step-length', '.1', '--end', '1000'] 2/1to1/1_0 (230.0, 240.0) [('e2', 9.42), ('e3', 9.9), ('edge', 9.42), ('lane', 9.42)]
&lt; success 10 ['--step-length', '.1', '--end', '1000'] 1/1to0/1_0 (140.0, 150.0) [('e2', 9.96), ('e3', 9.99), ('edge', 9.96), ('lane', 9.96)]
&lt; success 100 ['--step-length', '.1', '--end', '1000'] 2/1to1/1_0 (200.0, 300.0) [('e1', 10.0), ('e2', 9.22), ('e3', 5.71), ('edge', 9.22), ('lane', 9.22)]
&lt; success 100 ['--step-length', '.1', '--end', '1000'] 1/1to0/1_0 (100.0, 200.0) [('e1', 9.53), ('e2', 5.82), ('e3', 6.93), ('edge', 5.82), ('lane', 5.82)]
---
&gt; failed 0.1 ['--step-length', '.1', '--end', '1000'] 2/1to1/1_0 (148.9, 149.0) &lt;zip object at 0x102c76300&gt;
&gt; failed 0.1 ['--step-length', '.1', '--end', '1000'] 2/1to1/1_0 (148.9, 149.0) &lt;zip object at 0x102ce4240&gt;
&gt; failed 1 ['--step-length', '.1', '--end', '1000'] 2/1to1/1_0 (149.0, 150.0) &lt;zip object at 0x1030f1c80&gt;
&gt; failed 1 ['--step-length', '.1', '--end', '1000'] 2/1to1/1_0 (149.0, 150.0) &lt;zip object at 0x102f70cc0&gt;
&gt; failed 10 ['--step-length', '.1', '--end', '1000'] 2/1to1/1_0 (140.0, 150.0) &lt;zip object at 0x102a14300&gt;
&gt; failed 10 ['--step-length', '.1', '--end', '1000'] 2/1to1/1_0 (140.0, 150.0) &lt;zip object at 0x102c44140&gt;
&gt; failed 100 ['--step-length', '.1', '--end', '1000'] 2/1to1/1_0 (100.0, 200.0) &lt;zip object at 0x101d4f980&gt;
&gt; failed 100 ['--step-length', '.1', '--end', '1000'] 2/1to1/1_0 (100.0, 200.0) &lt;zip object at 0x101cf9840&gt;
41,98c41,48
&lt; success 0.1 ['--step-length', '1', '--end', '1000'] 2/1to1/1_0 (245.0, 246.0) [('e2', 8.92), ('e3', 10.0), ('edge', 8.92), ('lane', 8.92)]
&lt; success 0.1 ['--step-length', '1', '--end', '1000'] 1/1to0/1_0 (150.0, 151.0) [('e2', 9.82), ('e3', 10.0), ('edge', 9.82), ('lane', 9.82)]
&lt; success 1 ['--step-length', '1', '--end', '1000'] 2/1to1/1_0 (245.0, 246.0) [('e2', 8.92), ('e3', 10.0), ('edge', 8.92), ('lane', 8.92)]
&lt; success 1 ['--step-length', '1', '--end', '1000'] 1/1to0/1_0 (150.0, 151.0) [('e2', 9.82), ('e3', 10.0), ('edge', 9.82), ('lane', 9.82)]
&lt; success 10 ['--step-length', '1', '--end', '1000'] 2/1to1/1_0 (240.0, 250.0) [('e2', 9.9), ('e3', 10.0), ('edge', 9.9), ('lane', 9.9)]
&lt; success 10 ['--step-length', '1', '--end', '1000'] 1/1to0/1_0 (150.0, 160.0) [('e2', 9.15), ('e3', 9.84), ('edge', 9.15), ('lane', 9.15)]
&lt; success 100 ['--step-length', '1', '--end', '1000'] 2/1to1/1_0 (200.0, 300.0) [('e1', 10.0), ('e2', 9.41), ('e3', 5.84), ('edge', 9.41), ('lane', 9.41)]
&lt; success 100 ['--step-length', '1', '--end', '1000'] 1/1to0/1_0 (100.0, 200.0) [('e1', 10.0), ('e2', 5.94), ('e3', 7.08), ('edge', 5.94), ('lane', 5.94)]
&lt; -- Unordered text as found by filter '^Loading configuration ... done.' --
&lt; Loading configuration ... done.
&lt; Loading configuration ... done.
&lt;truncated after showing first 30 lines&gt;
</PRE>
<A NAME="defaultsumo output teleport_multihop_newDefaults"></A>
<H4>TEST had known bugs (see #254) on ts-bapmsumm1bld : sumo output teleport_multihop_newDefaults (
<A HREF="test_default.html#defaultsumo output teleport_multihop_newDefaults">Last six runs</A>
<A HREF="test_default_all_Nov2023.html#defaultsumo output teleport_multihop_newDefaults">Nov2023</A>

)</H4>

<PRE>different outputs from detectors which should detect the same
(This bug was triggered by text found in file 'output' matching 'failed')
---------- Differences in output ----------
9,24c9,24
&lt; failed 0.1 ['--step-length', '.1', '--end', '100'] 2/1to1/1_0 (76.2, 76.3) [('e2', 10.49), ('e3', 10.35), ('edge', 10.49), ('lane', 10.49)]
&lt; failed 0.1 ['--step-length', '.1', '--end', '100'] 2/1to1/1_0 (76.2, 76.3) [('e2', 10.49), ('e3', 10.35), ('edge', 10.49), ('lane', 10.49)]
&lt; failed 1 ['--step-length', '.1', '--end', '100'] 2/1to1/1_0 (76.0, 77.0) [('e2', 10.39), ('e3', 10.35), ('edge', 10.39), ('lane', 10.39)]
&lt; failed 1 ['--step-length', '.1', '--end', '100'] 2/1to1/1_0 (76.0, 77.0) [('e2', 10.39), ('e3', 10.35), ('edge', 10.39), ('lane', 10.39)]
&lt; failed 10 ['--step-length', '.1', '--end', '100'] 2/1to1/1_0 (70.0, 80.0) [('e2', 10.42), ('e3', 10.25), ('edge', 10.42), ('lane', 10.42)]
&lt; failed 10 ['--step-length', '.1', '--end', '100'] 2/1to1/1_0 (70.0, 80.0) [('e2', 10.42), ('e3', 10.25), ('edge', 10.42), ('lane', 10.42)]
&lt; failed 100 ['--step-length', '.1', '--end', '100'] 2/1to1/1_0 (0.0, 100.0) [('e1', 10.27), ('e2', 10.24), ('e3', 9.59), ('edge', 10.24), ('lane', 10.24)]
&lt; failed 100 ['--step-length', '.1', '--end', '100'] 2/1to1/1_0 (0.0, 100.0) [('e1', 10.27), ('e2', 10.24), ('e3', 9.59), ('edge', 10.24), ('lane', 10.24)]
&lt; failed 0.1 ['--step-length', '.1', '--end', '1000'] 2/1to1/1_0 (76.2, 76.3) [('e2', 10.49), ('e3', 10.35), ('edge', 10.49), ('lane', 10.49)]
&lt; failed 0.1 ['--step-length', '.1', '--end', '1000'] 2/1to1/1_0 (76.2, 76.3) [('e2', 10.49), ('e3', 10.35), ('edge', 10.49), ('lane', 10.49)]
&lt; failed 1 ['--step-length', '.1', '--end', '1000'] 2/1to1/1_0 (76.0, 77.0) [('e2', 10.39), ('e3', 10.35), ('edge', 10.39), ('lane', 10.39)]
&lt; failed 1 ['--step-length', '.1', '--end', '1000'] 2/1to1/1_0 (76.0, 77.0) [('e2', 10.39), ('e3', 10.35), ('edge', 10.39), ('lane', 10.39)]
&lt; failed 10 ['--step-length', '.1', '--end', '1000'] 2/1to1/1_0 (70.0, 80.0) [('e2', 10.42), ('e3', 10.25), ('edge', 10.42), ('lane', 10.42)]
&lt; failed 10 ['--step-length', '.1', '--end', '1000'] 2/1to1/1_0 (70.0, 80.0) [('e2', 10.42), ('e3', 10.25), ('edge', 10.42), ('lane', 10.42)]
&lt; failed 100 ['--step-length', '.1', '--end', '1000'] 2/1to1/1_0 (0.0, 100.0) [('e1', 10.27), ('e2', 10.24), ('e3', 9.59), ('edge', 10.24), ('lane', 10.24)]
&lt; failed 100 ['--step-length', '.1', '--end', '1000'] 2/1to1/1_0 (0.0, 100.0) [('e1', 10.27), ('e2', 10.24), ('e3', 9.59), ('edge', 10.24), ('lane', 10.24)]
---
&gt; failed 0.1 ['--step-length', '.1', '--end', '100'] 2/1to1/1_0 (70.9, 71.0) &lt;zip object at 0x102269f40&gt;
&gt; failed 0.1 ['--step-length', '.1', '--end', '100'] 2/1to1/1_0 (70.9, 71.0) &lt;zip object at 0x102271a00&gt;
&gt; failed 1 ['--step-length', '.1', '--end', '100'] 2/1to1/1_0 (70.0, 71.0) &lt;zip object at 0x10227e180&gt;
&gt; failed 1 ['--step-length', '.1', '--end', '100'] 2/1to1/1_0 (70.0, 71.0) &lt;zip object at 0x10227ee40&gt;
&gt; failed 10 ['--step-length', '.1', '--end', '100'] 2/1to1/1_0 (70.0, 80.0) &lt;zip object at 0x10227ec40&gt;
&gt; failed 10 ['--step-length', '.1', '--end', '100'] 2/1to1/1_0 (70.0, 80.0) &lt;zip object at 0x1022806c0&gt;
&gt; failed 100 ['--step-length', '.1', '--end', '100'] 2/1to1/1_0 (0.0, 100.0) &lt;zip object at 0x10227e200&gt;
&gt; failed 100 ['--step-length', '.1', '--end', '100'] 2/1to1/1_0 (0.0, 100.0) &lt;zip object at 0x10227e880&gt;
&gt; failed 0.1 ['--step-length', '.1', '--end', '1000'] 2/1to1/1_0 (70.9, 71.0) &lt;zip object at 0x10227e680&gt;
&gt; failed 0.1 ['--step-length', '.1', '--end', '1000'] 2/1to1/1_0 (70.9, 71.0) &lt;zip object at 0x102292140&gt;
&gt; failed 1 ['--step-length', '.1', '--end', '1000'] 2/1to1/1_0 (70.0, 71.0) &lt;zip object at 0x1028b5100&gt;
&gt; failed 1 ['--step-length', '.1', '--end', '1000'] 2/1to1/1_0 (70.0, 71.0) &lt;zip object at 0x1025458c0&gt;
&lt;truncated after showing first 30 lines&gt;
</PRE>
<A NAME="defaultsumo output two_same_vehicles"></A>
<H4>TEST had known bugs (see #254) on ts-bapmsumm1bld : sumo output two_same_vehicles (
<A HREF="test_default.html#defaultsumo output two_same_vehicles">Last six runs</A>
<A HREF="test_default_all_Nov2023.html#defaultsumo output two_same_vehicles">Nov2023</A>

)</H4>

<PRE>different outputs from detectors which should detect the same
(This bug was triggered by text found in file 'output' matching 'failed')
---------- Differences in output ----------
5,7c5,7
&lt; success 0.1 ['--step-length', '.1', '--end', '100'] ['3/1to2/1_0']
&lt; success 1 ['--step-length', '.1', '--end', '100'] ['3/1to2/1_0']
&lt; success 10 ['--step-length', '.1', '--end', '100'] ['3/1to2/1_0']
---
&gt; failed 0.1 ['--step-length', '.1', '--end', '100'] 3/1to2/1_0 (75.4, 75.5) &lt;zip object at 0x10426e2c0&gt;
&gt; failed 1 ['--step-length', '.1', '--end', '100'] 3/1to2/1_0 (76.0, 77.0) &lt;zip object at 0x104223880&gt;
&gt; failed 10 ['--step-length', '.1', '--end', '100'] 3/1to2/1_0 (80.0, 90.0) &lt;zip object at 0x104236680&gt;
9,12c9,12
&lt; success 0.1 ['--step-length', '.1', '--end', '1000'] ['3/1to2/1_0']
&lt; success 1 ['--step-length', '.1', '--end', '1000'] ['3/1to2/1_0']
&lt; success 10 ['--step-length', '.1', '--end', '1000'] ['3/1to2/1_0']
&lt; success 100 ['--step-length', '.1', '--end', '1000'] ['3/1to2/1_0']
---
&gt; failed 0.1 ['--step-length', '.1', '--end', '1000'] 3/1to2/1_0 (75.4, 75.5) &lt;zip object at 0x104223940&gt;
&gt; failed 1 ['--step-length', '.1', '--end', '1000'] 3/1to2/1_0 (76.0, 77.0) &lt;zip object at 0x1042a0fc0&gt;
&gt; failed 10 ['--step-length', '.1', '--end', '1000'] 3/1to2/1_0 (80.0, 90.0) &lt;zip object at 0x1042a0fc0&gt;
&gt; failed 100 ['--step-length', '.1', '--end', '1000'] 3/1to2/1_0 (100.0, 200.0) &lt;zip object at 0x1042394c0&gt;
17,19c17,19
&lt; success 0.1 ['--step-length', '1', '--end', '100'] ['3/1to2/1_0']
&lt; success 1 ['--step-length', '1', '--end', '100'] ['3/1to2/1_0']
&lt; success 10 ['--step-length', '1', '--end', '100'] ['3/1to2/1_0']
---
&gt; failed 0.1 ['--step-length', '1', '--end', '100'] 3/1to2/1_0 (77.0, 78.0) &lt;zip object at 0x104239500&gt;
&gt; failed 1 ['--step-length', '1', '--end', '100'] 3/1to2/1_0 (77.0, 78.0) &lt;zip object at 0x104239500&gt;
&gt; failed 10 ['--step-length', '1', '--end', '100'] 3/1to2/1_0 (80.0, 90.0) &lt;zip object at 0x104239500&gt;
21,50c21,24
&lt; success 0.1 ['--step-length', '1', '--end', '1000'] ['3/1to2/1_0']
&lt; success 1 ['--step-length', '1', '--end', '1000'] ['3/1to2/1_0']
&lt; success 10 ['--step-length', '1', '--end', '1000'] ['3/1to2/1_0']
&lt;truncated after showing first 30 lines&gt;
</PRE>
<A NAME="defaultsumo output two_vehicles_diff_length"></A>
<H4>TEST had known bugs (see #254) on ts-bapmsumm1bld : sumo output two_vehicles_diff_length (
<A HREF="test_default.html#defaultsumo output two_vehicles_diff_length">Last six runs</A>
<A HREF="test_default_all_Nov2023.html#defaultsumo output two_vehicles_diff_length">Nov2023</A>

)</H4>

<PRE>different outputs from detectors which should detect the same
(This bug was triggered by text found in file 'output' matching 'failed')
---------- Differences in output ----------
5,7c5,7
&lt; success 0.1 ['--step-length', '.1', '--end', '100'] ['3/1to2/1_0']
&lt; success 1 ['--step-length', '.1', '--end', '100'] ['3/1to2/1_0']
&lt; success 10 ['--step-length', '.1', '--end', '100'] ['3/1to2/1_0']
---
&gt; failed 0.1 ['--step-length', '.1', '--end', '100'] 3/1to2/1_0 (76.4, 76.5) &lt;zip object at 0x102c844c0&gt;
&gt; failed 1 ['--step-length', '.1', '--end', '100'] 3/1to2/1_0 (77.0, 78.0) &lt;zip object at 0x102c5f3c0&gt;
&gt; failed 10 ['--step-length', '.1', '--end', '100'] 3/1to2/1_0 (80.0, 90.0) &lt;zip object at 0x102c5f240&gt;
9,12c9,12
&lt; success 0.1 ['--step-length', '.1', '--end', '1000'] ['3/1to2/1_0']
&lt; success 1 ['--step-length', '.1', '--end', '1000'] ['3/1to2/1_0']
&lt; success 10 ['--step-length', '.1', '--end', '1000'] ['3/1to2/1_0']
&lt; success 100 ['--step-length', '.1', '--end', '1000'] ['3/1to2/1_0']
---
&gt; failed 0.1 ['--step-length', '.1', '--end', '1000'] 3/1to2/1_0 (76.4, 76.5) &lt;zip object at 0x102c5f6c0&gt;
&gt; failed 1 ['--step-length', '.1', '--end', '1000'] 3/1to2/1_0 (77.0, 78.0) &lt;zip object at 0x102cc8700&gt;
&gt; failed 10 ['--step-length', '.1', '--end', '1000'] 3/1to2/1_0 (80.0, 90.0) &lt;zip object at 0x102cb8b40&gt;
&gt; failed 100 ['--step-length', '.1', '--end', '1000'] 3/1to2/1_0 (100.0, 200.0) &lt;zip object at 0x102c7f540&gt;
17,19c17,19
&lt; success 0.1 ['--step-length', '1', '--end', '100'] ['3/1to2/1_0']
&lt; success 1 ['--step-length', '1', '--end', '100'] ['3/1to2/1_0']
&lt; success 10 ['--step-length', '1', '--end', '100'] ['3/1to2/1_0']
---
&gt; failed 0.1 ['--step-length', '1', '--end', '100'] 3/1to2/1_0 (78.0, 79.0) &lt;zip object at 0x102c7f600&gt;
&gt; failed 1 ['--step-length', '1', '--end', '100'] 3/1to2/1_0 (78.0, 79.0) &lt;zip object at 0x102c7f300&gt;
&gt; failed 10 ['--step-length', '1', '--end', '100'] 3/1to2/1_0 (80.0, 90.0) &lt;zip object at 0x102c7f600&gt;
21,50c21,24
&lt; success 0.1 ['--step-length', '1', '--end', '1000'] ['3/1to2/1_0']
&lt; success 1 ['--step-length', '1', '--end', '1000'] ['3/1to2/1_0']
&lt; success 10 ['--step-length', '1', '--end', '1000'] ['3/1to2/1_0']
&lt;truncated after showing first 30 lines&gt;
</PRE>
<A NAME="defaultsumo output two_vehicles_diff_speed"></A>
<H4>TEST had known bugs (see #254) on ts-bapmsumm1bld : sumo output two_vehicles_diff_speed (
<A HREF="test_default.html#defaultsumo output two_vehicles_diff_speed">Last six runs</A>
<A HREF="test_default_all_Nov2023.html#defaultsumo output two_vehicles_diff_speed">Nov2023</A>

)</H4>

<PRE>different outputs from detectors which should detect the same
(This bug was triggered by text found in file 'output' matching 'failed')
---------- Differences in output ----------
0a1,24
&gt; failed 0.1 ['--step-length', '.1', '--end', '51'] 3/1to2/1_0 (38.4, 38.5) &lt;zip object at 0x1064f6600&gt;
&gt; failed 1 ['--step-length', '.1', '--end', '51'] 3/1to2/1_0 (38.0, 39.0) &lt;zip object at 0x1049be840&gt;
&gt; failed 10 ['--step-length', '.1', '--end', '51'] 3/1to2/1_0 (30.0, 40.0) &lt;zip object at 0x10652f8c0&gt;
&gt; failed 100 ['--step-length', '.1', '--end', '51'] 3/1to2/1_0 (0.0, 51.0) &lt;zip object at 0x1065321c0&gt;
&gt; failed 0.1 ['--step-length', '.1', '--end', '100'] 3/1to2/1_0 (38.4, 38.5) &lt;zip object at 0x106549040&gt;
&gt; failed 1 ['--step-length', '.1', '--end', '100'] 3/1to2/1_0 (38.0, 39.0) &lt;zip object at 0x1065345c0&gt;
&gt; failed 10 ['--step-length', '.1', '--end', '100'] 3/1to2/1_0 (30.0, 40.0) &lt;zip object at 0x1065348c0&gt;
&gt; failed 100 ['--step-length', '.1', '--end', '100'] 3/1to2/1_0 (0.0, 100.0) &lt;zip object at 0x10654b2c0&gt;
&gt; failed 0.1 ['--step-length', '.1', '--end', '1000'] 3/1to2/1_0 (38.4, 38.5) &lt;zip object at 0x1064fe280&gt;
&gt; failed 1 ['--step-length', '.1', '--end', '1000'] 3/1to2/1_0 (38.0, 39.0) &lt;zip object at 0x10657c180&gt;
&gt; failed 10 ['--step-length', '.1', '--end', '1000'] 3/1to2/1_0 (30.0, 40.0) &lt;zip object at 0x10657c8c0&gt;
&gt; failed 100 ['--step-length', '.1', '--end', '1000'] 3/1to2/1_0 (0.0, 100.0) &lt;zip object at 0x106568a40&gt;
&gt; failed 0.1 ['--step-length', '1', '--end', '51'] 3/1to2/1_0 (39.0, 40.0) &lt;zip object at 0x10655f040&gt;
&gt; failed 1 ['--step-length', '1', '--end', '51'] 3/1to2/1_0 (39.0, 40.0) &lt;zip object at 0x10655f2c0&gt;
&gt; failed 10 ['--step-length', '1', '--end', '51'] 3/1to2/1_0 (30.0, 40.0) &lt;zip object at 0x10655fcc0&gt;
&gt; failed 100 ['--step-length', '1', '--end', '51'] 3/1to2/1_0 (0.0, 51.0) &lt;zip object at 0x10655fd40&gt;
&gt; failed 0.1 ['--step-length', '1', '--end', '100'] 3/1to2/1_0 (39.0, 40.0) &lt;zip object at 0x10652fb40&gt;
&gt; failed 1 ['--step-length', '1', '--end', '100'] 3/1to2/1_0 (39.0, 40.0) &lt;zip object at 0x10652fb40&gt;
&gt; failed 10 ['--step-length', '1', '--end', '100'] 3/1to2/1_0 (30.0, 40.0) &lt;zip object at 0x10652f240&gt;
&gt; failed 100 ['--step-length', '1', '--end', '100'] 3/1to2/1_0 (0.0, 100.0) &lt;zip object at 0x10652fb80&gt;
&gt; failed 0.1 ['--step-length', '1', '--end', '1000'] 3/1to2/1_0 (39.0, 40.0) &lt;zip object at 0x106549980&gt;
&gt; failed 1 ['--step-length', '1', '--end', '1000'] 3/1to2/1_0 (39.0, 40.0) &lt;zip object at 0x106568080&gt;
&gt; failed 10 ['--step-length', '1', '--end', '1000'] 3/1to2/1_0 (30.0, 40.0) &lt;zip object at 0x106549c00&gt;
&gt; failed 100 ['--step-length', '1', '--end', '1000'] 3/1to2/1_0 (0.0, 100.0) &lt;zip object at 0x106549c00&gt;
</PRE>
<A NAME="defaulttraci vehicle moveToXY keepRoute2"></A>
<H4>TEST had known bugs (see #3263) on ts-bapmsumm1bld : traci vehicle moveToXY keepRoute2 (
<A HREF="test_default.html#defaulttraci vehicle moveToXY keepRoute2">Last six runs</A>
<A HREF="test_default_all_Nov2023.html#defaulttraci vehicle moveToXY keepRoute2">Nov2023</A>

)</H4>

<PRE>mapping failure
(This bug was triggered by text found in file 'output' matching 'failed')
---------- Differences in output ----------
0a1
&gt; internal corner (inside, segment2) failed: x=198, x2=198.0,   y=1.9, y2=1.9,   lane=middle_0, lane2=middle_0, pos=102, pos2=98.0   posLat=2.0 posLat2=1.9
</PRE>

<A NAME="defaultwere terminated before completion"></A>
<H3>Detailed information for the tests that were terminated before completion:</H3>

<A NAME="defaulttraci connection busySocket sumo"></A>
<H4>TEST were terminated before completion (TIMEOUT) on ts-bapmsumm1bld : traci connection busySocket sumo (
<A HREF="test_default.html#defaulttraci connection busySocket sumo">Last six runs</A>
<A HREF="test_default_all_Nov2023.html#defaulttraci connection busySocket sumo">Nov2023</A>

)</H4>

<PRE>Test exceeded wallclock time limit of 900.0 seconds
---------- Differences in errors ----------
3d2
&lt; Could not connect in 61 tries
</PRE>
<A NAME="defaulttraci connection busySocket sumo-gui"></A>
<H4>TEST were terminated before completion (TIMEOUT) on ts-bapmsumm1bld : traci connection busySocket sumo-gui (
<A HREF="test_default.html#defaulttraci connection busySocket sumo-gui">Last six runs</A>
<A HREF="test_default_all_Nov2023.html#defaulttraci connection busySocket sumo-gui">Nov2023</A>

)</H4>

<PRE>Test exceeded wallclock time limit of 900.0 seconds
---------- Differences in errors ----------
1,3c1,3
&lt; Could not connect in 61 tries
&lt; Error: tcpip::Socket::accept() Unable to create listening socket: Address already in use
&lt; Quitting (on error).
---
&gt; dyld[1677]: Library not loaded: /opt/homebrew/opt/libtiff/lib/libtiff.5.dylib
&gt;   Referenced from: &lt;3FEB9C56-E432-36C6-A940-FC254CC92FAB&gt; /opt/homebrew/Cellar/libgeotiff/1.7.1_1/lib/libgeotiff.5.dylib
&gt;   Reason: tried: '/opt/homebrew/opt/libtiff/lib/libtiff.5.dylib' (no such file), '/System/Volumes/Preboot/Cryptexes/OS/opt/homebrew/opt/libtiff/lib/libtiff.5.dylib' (no such file), '/opt/homebrew/opt/libtiff/lib/libtiff.5.dylib' (no such file), '/usr/local/lib/libtiff.5.dylib' (no such file), '/usr/lib/libtiff.5.dylib' (no such file, not in dyld cache), '/opt/homebrew/Cellar/libtiff/4.5.0/lib/libtiff.5.dylib' (no such file), '/System/Volumes/Preboot/Cryptexes/OS/opt/homebrew/Cellar/libtiff/4.5
.0/lib/libtiff.5.dylib' (no such file), '/opt/homebrew/Cellar/libtiff/4.5.0/lib/libtiff.5.dylib' (no such file), '/usr/local/lib/libtiff.5.dylib' (no such file), '/usr/lib/libtiff.5.dylib' (no such file, not in dyld cache)
</PRE>



</BODY> </HTML>
