<!DOCTYPE HTML PUBLIC "-//W3C//DTD HTML 3.2//EN">
<HTML>

<!-- This file generated using Python HTMLgen module. -->
<HEAD>
  <META NAME="GENERATOR" CONTENT="HTMLgen 2.2.2">
        <TITLE>Detailed test results for COMPLEX: 09Jun24rv1_20_0+0415-f00b7e69711 (generated by sumo at 30Jun02:26)</TITLE>
<meta charset="UTF-8"></HEAD>
<BODY>
<H1 align="center">09Jun24rv1_20_0+0415-f00b7e69711 - detailed test results for COMPLEX</H1>

<center><EM>To reconnect the TextTest GUI to these results, run:</EM></center>

<center><P style="font-family:monospace">texttest -a complex -d /Users/sumo/clangMacOS_M1/sumo/tests -reconnect /Users/sumo/clangMacOS_M1/texttesttmp/clangMacOS_M1.30Jun005330.44257 -g</P>
</center>

<center><EM>To start TextTest for these tests, run:</EM></center>

<center><P style="font-family:monospace">texttest -a complex -d /Users/sumo/clangMacOS_M1/sumo/tests</P>
</center>

<HR>
<H2>default: 756 tests: 708 succeeded 37 FAILED 9 known bugs 2 killed</H2>

<A NAME="defaultFAILED"></A>
<H3>Detailed information for the tests that FAILED:</H3>

<A NAME="defaultbroken_nets dfrouter"></A>
<A NAME="defaultbroken_nets duarouter"></A>
<A NAME="defaultbroken_nets jtrrouter"></A>
<H4>3 TESTS FAILED on ts-bapmsumm1bld :</H4>

<PRE>---------- Differences in errors ----------
502c502
&lt;  At line/column 33/109.
---
&gt;  At line/column 33/111.
532c532
&lt;  At line/column 33/103.
---
&gt;  At line/column 33/105.
550c550
&lt;  At line/column 33/102.
---
&gt;  At line/column 33/104.
568c568
&lt;  At line/column 33/103.
---
&gt;  At line/column 33/105.
586c586
&lt;  At line/column 33/94.
---
&gt;  At line/column 33/96.
</PRE>
broken_nets dfrouter (
<A HREF="test_default.html#defaultbroken_nets dfrouter">Last six runs</A>
<A HREF="test_default_all_Jun2024.html#defaultbroken_nets dfrouter">Jun2024</A>

)<br>

broken_nets duarouter (
<A HREF="test_default.html#defaultbroken_nets duarouter">Last six runs</A>
<A HREF="test_default_all_Jun2024.html#defaultbroken_nets duarouter">Jun2024</A>

)<br>

broken_nets jtrrouter (
<A HREF="test_default.html#defaultbroken_nets jtrrouter">Last six runs</A>
<A HREF="test_default_all_Jun2024.html#defaultbroken_nets jtrrouter">Jun2024</A>

)<br>

<A NAME="defaultbroken_nets netconvert"></A>
<H4>TEST FAILED on ts-bapmsumm1bld : broken_nets netconvert (
<A HREF="test_default.html#defaultbroken_nets netconvert">Last six runs</A>
<A HREF="test_default_all_Jun2024.html#defaultbroken_nets netconvert">Jun2024</A>

)</H4>

<PRE>---------- Differences in errors ----------
605c605
&lt;  At line/column 33/109.
---
&gt;  At line/column 33/111.
641c641
&lt;  At line/column 33/103.
---
&gt;  At line/column 33/105.
666c666
&lt;  At line/column 33/102.
---
&gt;  At line/column 33/104.
691c691
&lt;  At line/column 33/103.
---
&gt;  At line/column 33/105.
716c716
&lt;  At line/column 33/94.
---
&gt;  At line/column 33/96.
</PRE>
<A NAME="defaultbroken_nets sumo"></A>
<H4>TEST FAILED on ts-bapmsumm1bld : broken_nets sumo (
<A HREF="test_default.html#defaultbroken_nets sumo">Last six runs</A>
<A HREF="test_default_all_Jun2024.html#defaultbroken_nets sumo">Jun2024</A>

)</H4>

<PRE>---------- Differences in errors ----------
553c553
&lt;  At line/column 33/109.
---
&gt;  At line/column 33/111.
580c580
&lt;  At line/column 33/103.
---
&gt;  At line/column 33/105.
598c598
&lt;  At line/column 33/102.
---
&gt;  At line/column 33/104.
616c616
&lt;  At line/column 33/103.
---
&gt;  At line/column 33/105.
634c634
&lt;  At line/column 33/94.
---
&gt;  At line/column 33/96.
</PRE>
<A NAME="defaultfmi model_validation"></A>
<H4>TEST FAILED on ts-bapmsumm1bld : fmi model_validation (
<A HREF="test_default.html#defaultfmi model_validation">Last six runs</A>
<A HREF="test_default_all_Jun2024.html#defaultfmi model_validation">Jun2024</A>

)</H4>

<PRE>---------- Differences in errors ----------
0a1,4
&gt; Traceback (most recent call last):
&gt;   File "/Users/sumo/clangMacOS_M1/sumo/tests/../tests/complex/fmi/runner.py", line 27, in &lt;module&gt;
&gt;     from fmpy import read_model_description, extract
&gt; ModuleNotFoundError: No module named 'fmpy'
---------- Differences in output ----------
1,3d0
&lt; FMU validation successful
&lt; Simulating libsumofmi2 (model name 'SUMO', FMI v2.0)...
&lt; Print ended at step 60.0
</PRE>
<A NAME="defaultfmi vehicle_getIDCount"></A>
<H4>TEST FAILED on ts-bapmsumm1bld : fmi vehicle_getIDCount (
<A HREF="test_default.html#defaultfmi vehicle_getIDCount">Last six runs</A>
<A HREF="test_default_all_Jun2024.html#defaultfmi vehicle_getIDCount">Jun2024</A>

)</H4>

<PRE>---------- Differences in errors ----------
0a1,4
&gt; Traceback (most recent call last):
&gt;   File "/Users/sumo/clangMacOS_M1/sumo/tests/../tests/complex/fmi/runner.py", line 27, in &lt;module&gt;
&gt;     from fmpy import read_model_description, extract
&gt; ModuleNotFoundError: No module named 'fmpy'
---------- Differences in output ----------
1,63d0
&lt; FMU validation successful
&lt; Simulating libsumofmi2 (model name 'SUMO', FMI v2.0)...
&lt; TIME 1.0: vehicle.getIDCount = 6
&lt; TIME 2.0: vehicle.getIDCount = 6
&lt; TIME 3.0: vehicle.getIDCount = 6
&lt; TIME 4.0: vehicle.getIDCount = 7
&lt; TIME 5.0: vehicle.getIDCount = 7
&lt; TIME 6.0: vehicle.getIDCount = 8
&lt; TIME 7.0: vehicle.getIDCount = 8
&lt; TIME 8.0: vehicle.getIDCount = 9
&lt; TIME 9.0: vehicle.getIDCount = 9
&lt; TIME 10.0: vehicle.getIDCount = 9
&lt; TIME 11.0: vehicle.getIDCount = 9
&lt; TIME 12.0: vehicle.getIDCount = 9
&lt; TIME 13.0: vehicle.getIDCount = 10
&lt; TIME 14.0: vehicle.getIDCount = 10
&lt; TIME 15.0: vehicle.getIDCount = 10
&lt; TIME 16.0: vehicle.getIDCount = 11
&lt; TIME 17.0: vehicle.getIDCount = 11
&lt; TIME 18.0: vehicle.getIDCount = 12
&lt; TIME 19.0: vehicle.getIDCount = 12
&lt; TIME 20.0: vehicle.getIDCount = 12
&lt; TIME 21.0: vehicle.getIDCount = 13
&lt; TIME 22.0: vehicle.getIDCount = 13
&lt; TIME 23.0: vehicle.getIDCount = 13
&lt; TIME 24.0: vehicle.getIDCount = 13
&lt; TIME 25.0: vehicle.getIDCount = 13
&lt; TIME 26.0: vehicle.getIDCount = 12
&lt; TIME 27.0: vehicle.getIDCount = 10
&lt;truncated after showing first 30 lines&gt;
</PRE>
<A NAME="defaultfmi vehicle_getParameterWithKey"></A>
<H4>TEST FAILED on ts-bapmsumm1bld : fmi vehicle_getParameterWithKey (
<A HREF="test_default.html#defaultfmi vehicle_getParameterWithKey">Last six runs</A>
<A HREF="test_default_all_Jun2024.html#defaultfmi vehicle_getParameterWithKey">Jun2024</A>

)</H4>

<PRE>---------- Differences in errors ----------
0a1,4
&gt; Traceback (most recent call last):
&gt;   File "/Users/sumo/clangMacOS_M1/sumo/tests/../tests/complex/fmi/runner.py", line 27, in &lt;module&gt;
&gt;     from fmpy import read_model_description, extract
&gt; ModuleNotFoundError: No module named 'fmpy'
---------- Differences in output ----------
1,4d0
&lt; FMU validation successful
&lt; Simulating libsumofmi2 (model name 'SUMO', FMI v2.0)...
&lt; key, value: 'meaningOfLife', '42'
&lt; Print ended at step 60.0
</PRE>
<A NAME="defaultfmi vehicle_moveToXY"></A>
<H4>TEST FAILED on ts-bapmsumm1bld : fmi vehicle_moveToXY (
<A HREF="test_default.html#defaultfmi vehicle_moveToXY">Last six runs</A>
<A HREF="test_default_all_Jun2024.html#defaultfmi vehicle_moveToXY">Jun2024</A>

)</H4>

<PRE>---------- Differences in errors ----------
0a1,4
&gt; Traceback (most recent call last):
&gt;   File "/Users/sumo/clangMacOS_M1/sumo/tests/../tests/complex/fmi/runner.py", line 27, in &lt;module&gt;
&gt;     from fmpy import read_model_description, extract
&gt; ModuleNotFoundError: No module named 'fmpy'
---------- Differences in output ----------
1,91d0
&lt; FMU validation successful
&lt; Simulating libsumofmi2 (model name 'SUMO', FMI v2.0)...
&lt; TIME 0: laneID = ''
&lt; TIME 1.0: laneID = 'WE1_0'
&lt; currentPos = [0.0, -1.6]
&lt; targetPos = (10.0, -1.6)
&lt; TIME 2.0: laneID = 'WE1_0'
&lt; currentPos = [10.0, -1.6]
&lt; targetPos = (20.0, -1.6)
&lt; TIME 3.0: laneID = 'WE1_0'
&lt; currentPos = [20.0, -1.6]
&lt; targetPos = (30.0, -1.6)
&lt; TIME 4.0: laneID = 'WE1_0'
&lt; currentPos = [30.0, -1.6]
&lt; targetPos = (40.0, -1.6)
&lt; TIME 5.0: laneID = 'WE1_0'
&lt; currentPos = [40.0, -1.6]
&lt; targetPos = (50.0, -1.6)
&lt; TIME 6.0: laneID = ':J1_10_0'
&lt; currentPos = [50.0, -1.6]
&lt; targetPos = (60.0, -1.6)
&lt; TIME 7.0: laneID = 'WE2_0'
&lt; currentPos = [60.0, -1.6]
&lt; targetPos = (70.0, -1.6)
&lt; TIME 8.0: laneID = 'WE2_0'
&lt; currentPos = [70.0, -1.6]
&lt; targetPos = (80.0, -1.6)
&lt; TIME 9.0: laneID = 'WE2_0'
&lt; currentPos = [80.0, -1.6]
&lt;truncated after showing first 30 lines&gt;
</PRE>
<A NAME="defaultstate replay"></A>
<H4>TEST FAILED on ts-bapmsumm1bld : state replay (
<A HREF="test_default.html#defaultstate replay">Last six runs</A>
<A HREF="test_default_all_Jun2024.html#defaultstate replay">Jun2024</A>

)</H4>

<PRE>---------- Differences in errors ----------
0a1,245
&gt; Error: This system has no OpenGL support. Exiting.
&gt; Quitting (on error).
&gt;   warnings.warn(("Could not connect to TraCI server using port %s (%s)." +
&gt; Error: This system has no OpenGL support. Exiting.
&gt; Quitting (on error).
&gt;   warnings.warn(("Could not connect to TraCI server using port %s (%s)." +
&gt; Error: This system has no OpenGL support. Exiting.
&gt; Quitting (on error).
&gt;   warnings.warn(("Could not connect to TraCI server using port %s (%s)." +
&gt; Error: This system has no OpenGL support. Exiting.
&gt; Quitting (on error).
&gt;   warnings.warn(("Could not connect to TraCI server using port %s (%s)." +
&gt; Error: This system has no OpenGL support. Exiting.
&gt; Quitting (on error).
&gt;   warnings.warn(("Could not connect to TraCI server using port %s (%s)." +
&gt; Error: This system has no OpenGL support. Exiting.
&gt; Quitting (on error).
&gt;   warnings.warn(("Could not connect to TraCI server using port %s (%s)." +
&gt; Error: This system has no OpenGL support. Exiting.
&gt; Quitting (on error).
&gt;   warnings.warn(("Could not connect to TraCI server using port %s (%s)." +
&gt; Error: This system has no OpenGL support. Exiting.
&gt; Quitting (on error).
&gt;   warnings.warn(("Could not connect to TraCI server using port %s (%s)." +
&gt; Error: This system has no OpenGL support. Exiting.
&gt; Quitting (on error).
&gt;   warnings.warn(("Could not connect to TraCI server using port %s (%s)." +
&gt; Error: This system has no OpenGL support. Exiting.
&gt; Quitting (on error).
&lt;truncated after showing first 30 lines&gt;
</PRE>
<A NAME="defaultsumo b50"></A>
<H4>TEST FAILED on ts-bapmsumm1bld : sumo b50 (
<A HREF="test_default.html#defaultsumo b50">Last six runs</A>
<A HREF="test_default_all_Jun2024.html#defaultsumo b50">Jun2024</A>

)</H4>

<PRE>---------- Differences in errors ----------
7,48c7,28
&lt; Warning: Teleporting vehicle 'vehicle.925'; waited too long (wrong lane), lane='i7_1', time=3080.00.
&lt; Warning: Teleporting vehicle 'vehicle.960'; waited too long (wrong lane), lane='i7_1', time=3085.00.
&lt; Warning: Vehicle 'vehicle.925' ends teleporting on edge 'e1', time=3114.00.
&lt; Warning: Vehicle 'vehicle.960' ends teleporting on edge 'e6', time=3216.00.
&lt; Warning: Teleporting vehicle 'vehicle.1043'; waited too long (jam), lane='i3_2', time=3228.00.
&lt; Warning: Teleporting vehicle 'vehicle.1041'; waited too long (jam), lane='i4_1', time=3236.00.
&lt; Warning: Vehicle 'vehicle.1041' ends teleporting on edge 'i5', time=3236.00.
&lt; Warning: Vehicle 'vehicle.1043' ends teleporting on edge 'i4', time=3238.00.
&lt; Warning: Teleporting vehicle 'vehicle.898'; waited too long (jam), lane='i5_2', time=3375.00.
&lt; Warning: Vehicle 'vehicle.898' ends teleporting on edge 'i6', time=3375.00.
&lt; Warning: Teleporting vehicle 'vehicle.1046'; waited too long (jam), lane='i1_1', time=3459.00.
&lt; Warning: Teleporting vehicle 'vehicle.1146'; waited too long (jam), lane='i5_2', time=3733.00.
&lt; Warning: Teleporting vehicle 'vehicle.898'; waited too long (wrong lane), lane='i7_0', time=3756.00.
&lt; Warning: Vehicle 'vehicle.898' ends teleporting on edge 'e3', time=3816.00.
&lt; Warning: Vehicle 'vehicle.1146' ends teleporting on edge 'i6', time=3862.00.
&lt; Warning: Vehicle 'vehicle.1046' ends teleporting on edge 'e2', time=3999.00.
&lt; Warning: Teleporting vehicle 'vehicle.952'; waited too long (jam), lane='i4_2', time=4055.00.
&lt; Warning: Vehicle 'vehicle.952' ends teleporting on edge 'i6', time=4191.00.
&lt; Warning: Teleporting vehicle 'vehicle.1665'; waited too long (jam), lane=':f2_0_1', time=5137.00.
&lt; Warning: Vehicle 'vehicle.1665' ends teleporting on edge 'i5', time=5619.00.
&lt; Warning: Teleporting vehicle 'vehicle.1880'; waited too long (jam), lane='i4_2', time=5947.00.
&lt; Warning: Vehicle 'vehicle.1880' ends teleporting on edge 'i5', time=5947.00.
&lt; Warning: Teleporting vehicle 'vehicle.1987'; waited too long (jam), lane='i6_2', time=6049.00.
&lt; Warning: Vehicle 'vehicle.1987' ends teleporting on edge 'i7', time=6049.00.
&lt; Warning: Teleporting vehicle 'vehicle.1665'; waited too long (wrong lane), lane='i7_0', time=6108.00.
&lt; Warning: Vehicle 'vehicle.1665' ends teleporting on edge 'e3', time=6167.00.
&lt; Warning: Teleporting vehicle 'vehicle.2015'; waited too long (jam), lane='i1_1', time=6285.00.
&lt; Warning: Vehicle 'vehicle.2015' ends teleporting on edge 'i2', time=6286.00.
&lt; Warning: Teleporting vehicle 'vehicle.2010'; waited too long (jam), lane='i1_1', time=6287.00.
&lt;truncated after showing first 30 lines&gt;
---------- Differences in output ----------
11c11
&lt;  Teleports: 21 (Jam: 16, Wrong Lane: 5)
---
&gt;  Teleports: 11 (Jam: 6, Wrong Lane: 5)
14c14
&lt; Simulation ended at time: 9211.00
---
&gt; Simulation ended at time: 9226.00
</PRE>
<A NAME="defaultsumo fcdReplay"></A>
<A NAME="defaulttraci gui polygon_dynamics_remove"></A>
<H4>2 TESTS FAILED on ts-bapmsumm1bld :</H4>

<PRE>---------- Differences in errors ----------
0a1,247
&gt; Error: This system has no OpenGL support. Exiting.
&gt; Quitting (on error).
&gt;   warnings.warn(("Could not connect to TraCI server using port %s (%s)." +
&gt; Error: This system has no OpenGL support. Exiting.
&gt; Quitting (on error).
&gt;   warnings.warn(("Could not connect to TraCI server using port %s (%s)." +
&gt; Error: This system has no OpenGL support. Exiting.
&gt; Quitting (on error).
&gt;   warnings.warn(("Could not connect to TraCI server using port %s (%s)." +
&gt; Error: This system has no OpenGL support. Exiting.
&gt; Quitting (on error).
&gt;   warnings.warn(("Could not connect to TraCI server using port %s (%s)." +
&gt; Error: This system has no OpenGL support. Exiting.
&gt; Quitting (on error).
&gt;   warnings.warn(("Could not connect to TraCI server using port %s (%s)." +
&gt; Error: This system has no OpenGL support. Exiting.
&gt; Quitting (on error).
&gt;   warnings.warn(("Could not connect to TraCI server using port %s (%s)." +
&gt; Error: This system has no OpenGL support. Exiting.
&gt; Quitting (on error).
&gt;   warnings.warn(("Could not connect to TraCI server using port %s (%s)." +
&gt; Error: This system has no OpenGL support. Exiting.
&gt; Quitting (on error).
&gt;   warnings.warn(("Could not connect to TraCI server using port %s (%s)." +
&gt; Error: This system has no OpenGL support. Exiting.
&gt; Quitting (on error).
&gt;   warnings.warn(("Could not connect to TraCI server using port %s (%s)." +
&gt; Error: This system has no OpenGL support. Exiting.
&gt; Quitting (on error).
&lt;truncated after showing first 30 lines&gt;
</PRE>
sumo fcdReplay (
<A HREF="test_default.html#defaultsumo fcdReplay">Last six runs</A>
<A HREF="test_default_all_Jun2024.html#defaultsumo fcdReplay">Jun2024</A>

)<br>

traci gui polygon_dynamics_remove (
<A HREF="test_default.html#defaulttraci gui polygon_dynamics_remove">Last six runs</A>
<A HREF="test_default_all_Jun2024.html#defaulttraci gui polygon_dynamics_remove">Jun2024</A>

)<br>

<A NAME="defaultsumo gui"></A>
<H4>TEST FAILED on ts-bapmsumm1bld : sumo gui (
<A HREF="test_default.html#defaultsumo gui">Last six runs</A>
<A HREF="test_default_all_Jun2024.html#defaultsumo gui">Jun2024</A>

)</H4>

<PRE>---------- Differences in errors ----------
0a1,5
&gt; Traceback (most recent call last):
&gt;   File "/Users/sumo/clangMacOS_M1/sumo/tests/../tests/complex/sumo/gui/runner.py", line 26, in &lt;module&gt;
&gt;     import pyautogui  # noqa
&gt;     ^^^^^^^^^^^^^^^^
&gt; ModuleNotFoundError: No module named 'pyautogui'
---------- Missing result in vehroutes ----------
&lt;?xml version="1.0" encoding="UTF-8"?&gt;


&lt;routes xmlns:xsi="http://www.w3.org/2001/XMLSchema-instance" xsi:noNamespaceSchemaLocation="http://sumo.dlr.de/xsd/routes_file.xsd"&gt;
    &lt;vehicle id="vertical.0" depart="103.00" arrival="344.00"&gt;
        &lt;route edges="3fi 3si 4o 4fi 4si 3o 3fi"/&gt;
    &lt;/vehicle&gt;

    &lt;vehicle id="vertical.1" depart="113.00" arrival="378.00"&gt;
        &lt;route edges="3fi 3si 4o 4fi 4si 3o 3fi"/&gt;
    &lt;/vehicle&gt;

    &lt;vehicle id="vertical.2" depart="123.00" arrival="380.00"&gt;
        &lt;route edges="3fi 3si 4o 4fi 4si 3o 3fi"/&gt;
    &lt;/vehicle&gt;

    &lt;vehicle id="vertical.3" depart="133.00" arrival="382.00"&gt;
        &lt;route edges="3fi 3si 4o 4fi 4si 3o 3fi"/&gt;
    &lt;/vehicle&gt;

    &lt;vehicle id="vertical.4" depart="143.00" arrival="384.00"&gt;
        &lt;route edges="3fi 3si 4o 4fi 4si 3o 3fi"/&gt;
    &lt;/vehicle&gt;

    &lt;vehicle id="vertical.5" depart="153.00" arrival="386.00"&gt;
        &lt;route edges="3fi 3si 4o 4fi 4si 3o 3fi"/&gt;
    &lt;/vehicle&gt;

    &lt;vehicle id="vertical.6" depart="163.00" arrival="435.00"&gt;
        &lt;route edges="3fi 3si 4o 4fi 4si 3o 3fi"/&gt;
&lt;truncated after showing first 30 lines&gt;
</PRE>
<A NAME="defaultsumo insertionCapacity"></A>
<H4>TEST FAILED on ts-bapmsumm1bld : sumo insertionCapacity (
<A HREF="test_default.html#defaultsumo insertionCapacity">Last six runs</A>
<A HREF="test_default_all_Jun2024.html#defaultsumo insertionCapacity">Jun2024</A>

)</H4>

<PRE>---------- Differences in log ----------
19c19
&lt; 2184 0.1 false 0.5 0.1 max
---
&gt; 2191 0.1 false 0.5 0.1 max
27c27
&lt; 2191 0.1 true 0.5 0.1 max
---
&gt; 2187 0.1 true 0.5 0.1 max
---------- Differences in log2 ----------
22d21
&lt; 0.1 false 0.5 0.1 max
23a23
&gt; 0.1 false 0.5 0.1 max
</PRE>
<A NAME="defaultsumo meso segment_length"></A>
<H4>TEST FAILED on ts-bapmsumm1bld : sumo meso segment_length (
<A HREF="test_default.html#defaultsumo meso segment_length">Last six runs</A>
<A HREF="test_default_all_Jun2024.html#defaultsumo meso segment_length">Jun2024</A>

)</H4>

<PRE>---------- Differences in output ----------
8c8
&lt; Durations with junction control noint.net.xml: count 19, min 312.27 (10), max 469.85 (150), mean 387.32, Q1 337.01, median 383.25, Q3 469.85
---
&gt; Durations with junction control noint.net.xml: count 19, min 312.27 (10), max 470.19 (150), mean 387.41, Q1 337.01, median 383.25, Q3 470.19
</PRE>
<A NAME="defaultsumo protobuf"></A>
<H4>TEST FAILED on ts-bapmsumm1bld : sumo protobuf (
<A HREF="test_default.html#defaultsumo protobuf">Last six runs</A>
<A HREF="test_default_all_Jun2024.html#defaultsumo protobuf">Jun2024</A>

)</H4>

<PRE>---------- Differences in errors ----------
0a1,32
&gt; Traceback (most recent call last):
&gt;   File "/Users/sumo/clangMacOS_M1/sumo/tools/xml/protobuf2xml.py", line 32, in &lt;module&gt;
&gt;     import google.protobuf.descriptor  # we need to do this late because the xml2protobuf import modifies sys.path
&gt;     ^^^^^^^^^^^^^^^^^^^^^^^^^^^^^^^^^
&gt; ModuleNotFoundError: No module named 'google'
&gt; Traceback (most recent call last):
&gt;   File "/Users/sumo/clangMacOS_M1/sumo/tools/xml/xml2protobuf.py", line 208, in &lt;module&gt;
&gt;     main()
&gt;   File "/Users/sumo/clangMacOS_M1/sumo/tools/xml/xml2protobuf.py", line 194, in main
&gt;     module = generateProto(attrFinder.tagAttrs, attrFinder.depthTags,
&gt;              ^^^^^^^^^^^^^^^^^^^^^^^^^^^^^^^^^^^^^^^^^^^^^^^^^^^^^^^^
&gt;   File "/Users/sumo/clangMacOS_M1/sumo/tools/xml/xml2protobuf.py", line 185, in generateProto
&gt;     return importlib.import_module("%s_pb2" % base)
&gt;            ^^^^^^^^^^^^^^^^^^^^^^^^^^^^^^^^^^^^^^^^
&gt;   File "/opt/homebrew/Cellar/python@3.12/3.12.3/Frameworks/Python.framework/Versions/3.12/lib/python3.12/importlib/__init__.py", line 90, in import_module
&gt;     return _bootstrap._gcd_import(name[level:], package, level)
&gt;            ^^^^^^^^^^^^^^^^^^^^^^^^^^^^^^^^^^^^^^^^^^^^^^^^^^^^
&gt;   File "&lt;frozen importlib._bootstrap&gt;", line 1387, in _gcd_import
&gt;   File "&lt;frozen importlib._bootstrap&gt;", line 1360, in _find_and_load
&gt;   File "&lt;frozen importlib._bootstrap&gt;", line 1331, in _find_and_load_unlocked
&gt;   File "&lt;frozen importlib._bootstrap&gt;", line 935, in _load_unlocked
&gt;   File "&lt;frozen importlib._bootstrap_external&gt;", line 995, in exec_module
&gt;   File "&lt;frozen importlib._bootstrap&gt;", line 488, in _call_with_frames_removed
&gt;   File "/Users/sumo/clangMacOS_M1/texttesttmp/clangMacOS_M1.09Jun005327.91454/complex/sumo/protobuf/trajectories_pb2.py", line 6, in &lt;module&gt;
&gt;     from google.protobuf import descriptor as _descriptor
&gt; ModuleNotFoundError: No module named 'google'
&gt; Traceback (most recent call last):
&gt;   File "/Users/sumo/clangMacOS_M1/sumo/tests/../tests/complex/sumo/protobuf/runner.py", line 80, in &lt;module&gt;
&gt;     connect(IN_PORT, OUT_PORT)
&lt;truncated after showing first 30 lines&gt;
---------- Differences in output ----------
1,5d0
&lt; --- 
&lt; +++ 
&lt; -
&lt; -&lt;trajectories xmlns:xsi="http://www.w3.org/2001/XMLSchema-instance" xsi:noNamespaceSchemaLocation="http://sumo.dlr.de/xsd/amitran/trajectories.xsd" timeStepSize="1000"&gt;
&lt; +&lt;trajectories timeStepSize="1000"&gt;
</PRE>
<A NAME="defaultsumo socketout"></A>
<H4>TEST FAILED on ts-bapmsumm1bld : sumo socketout (
<A HREF="test_default.html#defaultsumo socketout">Last six runs</A>
<A HREF="test_default_all_Jun2024.html#defaultsumo socketout">Jun2024</A>

)</H4>

<PRE>---------- Differences in errors ----------
1,2d0
&lt; Error: send failed: Software caused tcpip::Socket abort
&lt; Quitting (on error).
</PRE>
<A NAME="defaultsumo speedMap"></A>
<H4>TEST FAILED on ts-bapmsumm1bld : sumo speedMap (
<A HREF="test_default.html#defaultsumo speedMap">Last six runs</A>
<A HREF="test_default_all_Jun2024.html#defaultsumo speedMap">Jun2024</A>

)</H4>

<PRE>---------- Differences in errors ----------
1,8c1,4
&lt; Warning: Teleporting vehicle '7'; collision with vehicle '6', lane='1/1to2/1_0', gap=-0.73, time=5.00 stage=move.
&lt; Warning: Vehicle '7' ends teleporting on edge '2/1to3/1', time=5.00.
&lt; Warning: Teleporting vehicle '20'; collision with vehicle '19', lane='1/1to2/1_0', gap=-0.26, time=34.00 stage=move.
&lt; Warning: Vehicle '20' ends teleporting on edge '2/1to3/1', time=34.00.
&lt; Warning: Teleporting vehicle '18'; collision with vehicle '17', lane='1/1to2/1_0', gap=-0.77, time=52.00 stage=move.
&lt; Warning: Teleporting vehicle '24'; collision with vehicle '23', lane='1/1to2/1_0', gap=-0.15, time=52.00 stage=move.
&lt; Warning: Vehicle '18' ends teleporting on edge '2/1to3/1', time=52.00.
&lt; Warning: Vehicle '24' ends teleporting on edge '2/1to3/1', time=52.00.
---
&gt; Traceback (most recent call last):
&gt;   File "/Users/sumo/clangMacOS_M1/sumo/tests/../tests/complex/sumo/speedMap/runner.py", line 25, in &lt;module&gt;
&gt;     import numpy
&gt; ModuleNotFoundError: No module named 'numpy'
---------- Missing result in state ----------
&lt;?xml version="1.0" encoding="UTF-8"?&gt;


&lt;netstate xmlns:xsi="http://www.w3.org/2001/XMLSchema-instance" xsi:noNamespaceSchemaLocation="http://sumo.dlr.de/xsd/netstate_file.xsd"&gt;
    &lt;timestep time="0.00"&gt;
        &lt;edge id="1/1to2/1"&gt;
            &lt;lane id="1/1to2/1_0"&gt;
                &lt;vehicle id="24" pos="308.00" speed="0.00"/&gt;
                &lt;vehicle id="23" pos="316.00" speed="0.00"/&gt;
                &lt;vehicle id="22" pos="324.00" speed="0.00"/&gt;
                &lt;vehicle id="21" pos="332.00" speed="0.00"/&gt;
                &lt;vehicle id="20" pos="340.00" speed="0.00"/&gt;
                &lt;vehicle id="19" pos="348.00" speed="0.00"/&gt;
                &lt;vehicle id="18" pos="356.00" speed="0.00"/&gt;
                &lt;vehicle id="17" pos="364.00" speed="0.00"/&gt;
                &lt;vehicle id="16" pos="372.00" speed="0.00"/&gt;
                &lt;vehicle id="15" pos="380.00" speed="0.00"/&gt;
                &lt;vehicle id="14" pos="388.00" speed="0.00"/&gt;
                &lt;vehicle id="13" pos="396.00" speed="0.00"/&gt;
                &lt;vehicle id="12" pos="404.00" speed="0.00"/&gt;
                &lt;vehicle id="11" pos="412.00" speed="0.00"/&gt;
                &lt;vehicle id="10" pos="420.00" speed="0.00"/&gt;
                &lt;vehicle id="9" pos="428.00" speed="0.00"/&gt;
                &lt;vehicle id="8" pos="436.00" speed="0.00"/&gt;
                &lt;vehicle id="7" pos="444.00" speed="0.00"/&gt;
                &lt;vehicle id="6" pos="452.00" speed="0.00"/&gt;
                &lt;vehicle id="5" pos="460.00" speed="0.00"/&gt;
                &lt;vehicle id="4" pos="468.00" speed="0.00"/&gt;
                &lt;vehicle id="3" pos="476.00" speed="0.00"/&gt;
                &lt;vehicle id="2" pos="484.00" speed="0.00"/&gt;
&lt;truncated after showing first 30 lines&gt;
</PRE>
<A NAME="defaulttraas multiclient"></A>
<A NAME="defaulttraci_java multiclient"></A>
<H4>2 TESTS FAILED on ts-bapmsumm1bld :</H4>

<PRE>---------- Differences in output ----------
1544c1544
&lt;   veh=v88 len=4.5 entry=136.32840850958843 leave=-1.0 type=car
---
&gt;   veh=v88 len=4.5 entry=136.3085357066153 leave=-1.0 type=car
1546c1546
&lt;   veh=v88 len=4.5 entry=136.32840850958843 leave=-1.0 type=car
---
&gt;   veh=v88 len=4.5 entry=136.3085357066153 leave=-1.0 type=car
1548c1548
&lt;   veh=v88 len=4.5 entry=136.32840850958843 leave=-1.0 type=car
---
&gt;   veh=v88 len=4.5 entry=136.3085357066153 leave=-1.0 type=car
1550c1550
&lt;   veh=v88 len=4.5 entry=136.32840850958843 leave=136.65009859207618 type=car
---
&gt;   veh=v88 len=4.5 entry=136.3085357066153 leave=136.63022578910306 type=car
1573d1572
&lt;   veh=v90 len=4.5 entry=138.80982679521847 leave=-1.0 type=car
1575d1573
&lt;   veh=v90 len=4.5 entry=138.80982679521847 leave=-1.0 type=car
1577d1574
&lt;   veh=v90 len=4.5 entry=138.80982679521847 leave=-1.0 type=car
1579d1575
&lt;   veh=v90 len=4.5 entry=138.80982679521847 leave=139.13764752625357 type=car
1643d1638
&lt;   veh=v92 len=4.5 entry=145.48443240273102 leave=-1.0 type=car
1645c1640
&lt;   veh=v92 len=4.5 entry=145.48443240273102 leave=-1.0 type=car
---
&gt;   veh=v92 len=4.5 entry=145.51593508620863 leave=-1.0 type=car
&lt;truncated after showing first 30 lines&gt;
</PRE>
traas multiclient (
<A HREF="test_default.html#defaulttraas multiclient">Last six runs</A>
<A HREF="test_default_all_Jun2024.html#defaulttraas multiclient">Jun2024</A>

)<br>

traci_java multiclient (
<A HREF="test_default.html#defaulttraci_java multiclient">Last six runs</A>
<A HREF="test_default_all_Jun2024.html#defaulttraci_java multiclient">Jun2024</A>

)<br>

<A NAME="defaulttraas simple"></A>
<A NAME="defaulttraci_java simple"></A>
<H4>2 TESTS FAILED on ts-bapmsumm1bld :</H4>

<PRE>---------- Differences in output ----------
1540c1540
&lt;   veh=v88 len=4.5 entry=136.32840850958843 leave=-1.0 type=car
---
&gt;   veh=v88 len=4.5 entry=136.3085357066153 leave=-1.0 type=car
1542c1542
&lt;   veh=v88 len=4.5 entry=136.32840850958843 leave=-1.0 type=car
---
&gt;   veh=v88 len=4.5 entry=136.3085357066153 leave=-1.0 type=car
1544c1544
&lt;   veh=v88 len=4.5 entry=136.32840850958843 leave=-1.0 type=car
---
&gt;   veh=v88 len=4.5 entry=136.3085357066153 leave=-1.0 type=car
1546c1546
&lt;   veh=v88 len=4.5 entry=136.32840850958843 leave=136.65009859207618 type=car
---
&gt;   veh=v88 len=4.5 entry=136.3085357066153 leave=136.63022578910306 type=car
1569d1568
&lt;   veh=v90 len=4.5 entry=138.80982679521847 leave=-1.0 type=car
1571d1569
&lt;   veh=v90 len=4.5 entry=138.80982679521847 leave=-1.0 type=car
1573d1570
&lt;   veh=v90 len=4.5 entry=138.80982679521847 leave=-1.0 type=car
1575d1571
&lt;   veh=v90 len=4.5 entry=138.80982679521847 leave=139.13764752625357 type=car
1639d1634
&lt;   veh=v92 len=4.5 entry=145.48443240273102 leave=-1.0 type=car
1641c1636
&lt;   veh=v92 len=4.5 entry=145.48443240273102 leave=-1.0 type=car
---
&gt;   veh=v92 len=4.5 entry=145.51593508620863 leave=-1.0 type=car
&lt;truncated after showing first 30 lines&gt;
</PRE>
traas simple (
<A HREF="test_default.html#defaulttraas simple">Last six runs</A>
<A HREF="test_default_all_Jun2024.html#defaulttraas simple">Jun2024</A>

)<br>

traci_java simple (
<A HREF="test_default.html#defaulttraci_java simple">Last six runs</A>
<A HREF="test_default_all_Jun2024.html#defaulttraci_java simple">Jun2024</A>

)<br>

<A NAME="defaulttraci connection clientCloses sumo-gui"></A>
<H4>TEST FAILED on ts-bapmsumm1bld : traci connection clientCloses sumo-gui (
<A HREF="test_default.html#defaulttraci connection clientCloses sumo-gui">Last six runs</A>
<A HREF="test_default_all_Jun2024.html#defaulttraci connection clientCloses sumo-gui">Jun2024</A>

)</H4>

<PRE>---------- Differences in errors ----------
0a1,6
&gt; Error: This system has no OpenGL support. Exiting.
&gt; Quitting (on error).
&gt; Traceback (most recent call last):
&gt;     raise FatalTraCIError("Could not connect in %s tries" % (numRetries + 1))
&gt; traci.exceptions.FatalTraCIError: Could not connect in 61 tries
&gt; /opt/homebrew/Cellar/python@3.12/3.12.3/Frameworks/Python.framework/Versions/3.12/lib/python3.12/subprocess.py:1127: ResourceWarning: subprocess 98440 is still running
---------- Differences in output ----------
3,15d2
&lt; Print ended at step 100.0
&lt; ----------- SUMO end time is not given -----------
&lt; Print ended at step 100.0
&lt; =========== empty routes in SUMO ===========
&lt; ----------- SUMO end time is smaller than TraCI's -----------
&lt; Print ended at step 100.0
&lt; ----------- SUMO end time is not given -----------
&lt; Print ended at step 100.0
&lt; =========== vehicle leaves before TraCI ends ===========
&lt; ----------- SUMO end time is smaller than TraCI's -----------
&lt; Print ended at step 100.0
&lt; ----------- SUMO end time is not given -----------
&lt; Print ended at step 100.0
</PRE>
<A NAME="defaulttraci connection closingOutput sumo-gui"></A>
<H4>TEST FAILED on ts-bapmsumm1bld : traci connection closingOutput sumo-gui (
<A HREF="test_default.html#defaulttraci connection closingOutput sumo-gui">Last six runs</A>
<A HREF="test_default_all_Jun2024.html#defaulttraci connection closingOutput sumo-gui">Jun2024</A>

)</H4>

<PRE>---------- Differences in errors ----------
0a1,247
&gt; Error: This system has no OpenGL support. Exiting.
&gt; Quitting (on error).
&gt;   warnings.warn(("Could not connect to TraCI server using port %s (%s)." +
&gt; Error: This system has no OpenGL support. Exiting.
&gt; Quitting (on error).
&gt;   warnings.warn(("Could not connect to TraCI server using port %s (%s)." +
&gt; Error: This system has no OpenGL support. Exiting.
&gt; Quitting (on error).
&gt;   warnings.warn(("Could not connect to TraCI server using port %s (%s)." +
&gt; Error: This system has no OpenGL support. Exiting.
&gt; Quitting (on error).
&gt;   warnings.warn(("Could not connect to TraCI server using port %s (%s)." +
&gt; Error: This system has no OpenGL support. Exiting.
&gt; Quitting (on error).
&gt;   warnings.warn(("Could not connect to TraCI server using port %s (%s)." +
&gt; Error: This system has no OpenGL support. Exiting.
&gt; Quitting (on error).
&gt;   warnings.warn(("Could not connect to TraCI server using port %s (%s)." +
&gt; Error: This system has no OpenGL support. Exiting.
&gt; Quitting (on error).
&gt;   warnings.warn(("Could not connect to TraCI server using port %s (%s)." +
&gt; Error: This system has no OpenGL support. Exiting.
&gt; Quitting (on error).
&gt;   warnings.warn(("Could not connect to TraCI server using port %s (%s)." +
&gt; Error: This system has no OpenGL support. Exiting.
&gt; Quitting (on error).
&gt;   warnings.warn(("Could not connect to TraCI server using port %s (%s)." +
&gt; Error: This system has no OpenGL support. Exiting.
&gt; Quitting (on error).
&lt;truncated after showing first 30 lines&gt;
---------- Missing result in state ----------
&lt;?xml version="1.0" encoding="UTF-8"?&gt;


&lt;netstate xmlns:xsi="http://www.w3.org/2001/XMLSchema-instance" xsi:noNamespaceSchemaLocation="http://sumo.dlr.de/xsd/netstate_file.xsd"&gt;
    &lt;timestep time="0.00"&gt;
        &lt;edge id="2fi"&gt;
            &lt;lane id="2fi_0"&gt;
                &lt;vehicle id="horiz" pos="5.10" speed="0.00"/&gt;
            &lt;/lane&gt;
        &lt;/edge&gt;
    &lt;/timestep&gt;
    &lt;timestep time="1.00"&gt;
        &lt;edge id="2fi"&gt;
            &lt;lane id="2fi_0"&gt;
                &lt;vehicle id="horiz" pos="6.53" speed="1.43"/&gt;
            &lt;/lane&gt;
        &lt;/edge&gt;
    &lt;/timestep&gt;
    &lt;timestep time="2.00"&gt;
        &lt;edge id="2fi"&gt;
            &lt;lane id="2fi_0"&gt;
                &lt;vehicle id="horiz" pos="10.57" speed="4.03"/&gt;
            &lt;/lane&gt;
        &lt;/edge&gt;
    &lt;/timestep&gt;
    &lt;timestep time="3.00"&gt;
        &lt;edge id="2fi"&gt;
            &lt;lane id="2fi_0"&gt;
                &lt;vehicle id="horiz" pos="16.77" speed="6.21"/&gt;
            &lt;/lane&gt;
&lt;truncated after showing first 30 lines&gt;
---------- Missing result in tripinfo ----------
&lt;?xml version="1.0" encoding="UTF-8"?&gt;


&lt;tripinfos xmlns:xsi="http://www.w3.org/2001/XMLSchema-instance" xsi:noNamespaceSchemaLocation="http://sumo.dlr.de/xsd/tripinfo_file.xsd"&gt;
&lt;/tripinfos&gt;
</PRE>
<A NAME="defaulttraci connection multipleConnections basic sumo-gui"></A>
<H4>TEST FAILED on ts-bapmsumm1bld : traci connection multipleConnections basic sumo-gui (
<A HREF="test_default.html#defaulttraci connection multipleConnections basic sumo-gui">Last six runs</A>
<A HREF="test_default_all_Jun2024.html#defaulttraci connection multipleConnections basic sumo-gui">Jun2024</A>

)</H4>

<PRE>---------- Differences in errors ----------
0a1,137
&gt; Error: This system has no OpenGL support. Exiting.
&gt; Quitting (on error).
&gt; Process Process-1:
&gt; Traceback (most recent call last):
&gt;     raise FatalTraCIError("Could not connect in %s tries" % (numRetries + 1))
&gt; traci.exceptions.FatalTraCIError: Could not connect in 61 tries
&gt; Process Process-2:
&gt; Traceback (most recent call last):
&gt;     raise FatalTraCIError("Could not connect in %s tries" % (numRetries + 1))
&gt; traci.exceptions.FatalTraCIError: Could not connect in 61 tries
&gt; Error: This system has no OpenGL support. Exiting.
&gt; Quitting (on error).
&gt; Process Process-4:
&gt; Traceback (most recent call last):
&gt;     raise FatalTraCIError("Could not connect in %s tries" % (numRetries + 1))
&gt; traci.exceptions.FatalTraCIError: Could not connect in 61 tries
&gt; Process Process-3:
&gt; Traceback (most recent call last):
&gt;     raise FatalTraCIError("Could not connect in %s tries" % (numRetries + 1))
&gt; traci.exceptions.FatalTraCIError: Could not connect in 61 tries
&gt; Error: This system has no OpenGL support. Exiting.
&gt; Quitting (on error).
&gt; Process Process-5:
&gt; Traceback (most recent call last):
&gt;     raise FatalTraCIError("Could not connect in %s tries" % (numRetries + 1))
&gt; traci.exceptions.FatalTraCIError: Could not connect in 61 tries
&gt; Process Process-6:
&gt; Traceback (most recent call last):
&gt;     raise FatalTraCIError("Could not connect in %s tries" % (numRetries + 1))
&lt;truncated after showing first 30 lines&gt;
---------- Differences in output ----------
15,44d14
&lt; -- Unordered text as found by filter 'Process [0-9]' --
&lt; Process 1 ended at step 99
&lt; Process 1 ended at step 99
&lt; Process 1 ended at step 99
&lt; Process 1 ended at step 99
&lt; Process 1 ended at step 99
&lt; Process 1 ended at step 99
&lt; Process 1 ended at step 99
&lt; Process 1 ended at step 99
&lt; Process 2 ended at step 99
&lt; Process 2 ended at step 99
&lt; Process 2 ended at step 99
&lt; Process 2 ended at step 99
&lt; Process 2 ended at step 99
&lt; Process 2 ended at step 99
&lt; Process 2 ended at step 99
&lt; Process 2 ended at step 99
&lt; Process 3 ended at step 99
&lt; Process 3 ended at step 99
&lt; Process 3 ended at step 99
&lt; Process 3 ended at step 99
&lt; Process 4 ended at step 99
&lt; Process 4 ended at step 99
&lt; Process 4 ended at step 99
&lt; Process 4 ended at step 99
&lt; Process 5 ended at step 99
&lt; Process 5 ended at step 99
&lt; Process 5 ended at step 99
&lt; Process 5 ended at step 99
&lt;truncated after showing first 30 lines&gt;
</PRE>
<A NAME="defaulttraci connection parallelConnection sumo-gui"></A>
<H4>TEST FAILED on ts-bapmsumm1bld : traci connection parallelConnection sumo-gui (
<A HREF="test_default.html#defaulttraci connection parallelConnection sumo-gui">Last six runs</A>
<A HREF="test_default_all_Jun2024.html#defaulttraci connection parallelConnection sumo-gui">Jun2024</A>

)</H4>

<PRE>---------- Differences in errors ----------
0a1,5
&gt; Error: This system has no OpenGL support. Exiting.
&gt; Quitting (on error).
&gt; Traceback (most recent call last):
&gt;     raise FatalTraCIError("Could not connect.")
&gt; traci.exceptions.FatalTraCIError: Could not connect.
---------- Differences in output ----------
3,16d2
&lt;  Run 1
&lt;  Run 2
&lt; Print ended at step 100.0
&lt; Print ended at step 100.0
&lt; Print ended at step 100.0
&lt; Connection already closed.
&lt; ----------- TraCI ends first -----------
&lt;  Run 0
&lt;  Run 1
&lt;  Run 2
&lt; Print ended at step 100.0
&lt; Print ended at step 100.0
&lt; Print ended at step 100.0
&lt; Connection '2' is not known.
</PRE>
<A NAME="defaulttraci connection repeatedConnection sumo-gui"></A>
<H4>TEST FAILED on ts-bapmsumm1bld : traci connection repeatedConnection sumo-gui (
<A HREF="test_default.html#defaulttraci connection repeatedConnection sumo-gui">Last six runs</A>
<A HREF="test_default_all_Jun2024.html#defaulttraci connection repeatedConnection sumo-gui">Jun2024</A>

)</H4>

<PRE>---------- Differences in errors ----------
0a1,6
&gt; Error: This system has no OpenGL support. Exiting.
&gt; Quitting (on error).
&gt; Traceback (most recent call last):
&gt;     raise FatalTraCIError("Could not connect in %s tries" % (numRetries + 1))
&gt; traci.exceptions.FatalTraCIError: Could not connect in 61 tries
&gt; /opt/homebrew/Cellar/python@3.12/3.12.3/Frameworks/Python.framework/Versions/3.12/lib/python3.12/subprocess.py:1127: ResourceWarning: subprocess 98148 is still running
---------- Differences in output ----------
3,42d2
&lt; Print ended at step 100.0
&lt;  Run 1
&lt; Print ended at step 100.0
&lt;  Run 2
&lt; Print ended at step 100.0
&lt;  Run 3
&lt; Print ended at step 100.0
&lt;  Run 4
&lt; Print ended at step 100.0
&lt;  Run 5
&lt; Print ended at step 100.0
&lt;  Run 6
&lt; Print ended at step 100.0
&lt;  Run 7
&lt; Print ended at step 100.0
&lt;  Run 8
&lt; Print ended at step 100.0
&lt;  Run 9
&lt; Print ended at step 100.0
&lt; ----------- TraCI ends first -----------
&lt;  Run 0
&lt; Print ended at step 100.0
&lt;  Run 1
&lt; Print ended at step 100.0
&lt;  Run 2
&lt; Print ended at step 100.0
&lt;  Run 3
&lt; Print ended at step 100.0
&lt;  Run 4
&lt;truncated after showing first 30 lines&gt;
</PRE>
<A NAME="defaulttraci gui b50"></A>
<H4>TEST FAILED on ts-bapmsumm1bld : traci gui b50 (
<A HREF="test_default.html#defaulttraci gui b50">Last six runs</A>
<A HREF="test_default_all_Jun2024.html#defaulttraci gui b50">Jun2024</A>

)</H4>

<PRE>---------- Differences in errors ----------
6a7,12
&gt; Error: This system has no OpenGL support. Exiting.
&gt; Quitting (on error).
&gt; Traceback (most recent call last):
&gt;     raise FatalTraCIError("Could not connect in %s tries" % (numRetries + 1))
&gt; traci.exceptions.FatalTraCIError: Could not connect in 61 tries
&gt; /opt/homebrew/Cellar/python@3.12/3.12.3/Frameworks/Python.framework/Versions/3.12/lib/python3.12/subprocess.py:1127: ResourceWarning: subprocess 97709 is still running
---------- Differences in output ----------
2,4d1
&lt; -- Unordered text as found by filter '^Loading configuration ... done.' --
&lt; Loading configuration ... done.
&lt; 
</PRE>
<A NAME="defaulttraci gui gui"></A>
<H4>TEST FAILED on ts-bapmsumm1bld : traci gui gui (
<A HREF="test_default.html#defaulttraci gui gui">Last six runs</A>
<A HREF="test_default_all_Jun2024.html#defaulttraci gui gui">Jun2024</A>

)</H4>

<PRE>---------- Differences in errors ----------
0a1,4
&gt; Traceback (most recent call last):
&gt;   File "/Users/sumo/clangMacOS_M1/sumo/tests/../tests/complex/traci/gui/gui/runner.py", line 26, in &lt;module&gt;
&gt;     from matplotlib.pyplot import imread
&gt; ModuleNotFoundError: No module named 'matplotlib'
---------- Differences in output ----------
1,33d0
&lt; step 0
&lt; step 1
&lt; step 2
&lt; hasGUI True
&lt; views ('View #0',)
&lt; examining View #0
&lt; set zoom (80.0)
&lt; get zoom 80.0
&lt; set offset (400.0, 400.0)
&lt; get offset (400.0, 400.0)
&lt; set schema ('real world')
&lt; get schema real world
&lt; visible boundary ((-809.6875, -232.0), (1609.6875, 1032.0))
&lt; has view View #0 True
&lt; has view 'foo' False
&lt; track vehicle 'horiz'
&lt; get tracked vehicle horiz
&lt; {0: ('View #0',)}
&lt; step 3
&lt; {0: ('View #0',)}
&lt; step 4
&lt; {0: ('View #0',)}
&lt; step 5
&lt; {0: ('View #0',)}
&lt; veh selected: False
&lt; edge selected: False
&lt; veh selected: True
&lt; edge selected: True
&lt; screenshot dimensions (500, 500, 4)
&lt;truncated after showing first 30 lines&gt;
</PRE>
<A NAME="defaulttraci gui polygon_dynamics_gui"></A>
<H4>TEST FAILED on ts-bapmsumm1bld : traci gui polygon_dynamics_gui (
<A HREF="test_default.html#defaulttraci gui polygon_dynamics_gui">Last six runs</A>
<A HREF="test_default_all_Jun2024.html#defaulttraci gui polygon_dynamics_gui">Jun2024</A>

)</H4>

<PRE>---------- Differences in errors ----------
0a1,247
&gt; Error: This system has no OpenGL support. Exiting.
&gt; Quitting (on error).
&gt;   warnings.warn(("Could not connect to TraCI server using port %s (%s)." +
&gt; Error: This system has no OpenGL support. Exiting.
&gt; Quitting (on error).
&gt;   warnings.warn(("Could not connect to TraCI server using port %s (%s)." +
&gt; Error: This system has no OpenGL support. Exiting.
&gt; Quitting (on error).
&gt;   warnings.warn(("Could not connect to TraCI server using port %s (%s)." +
&gt; Error: This system has no OpenGL support. Exiting.
&gt; Quitting (on error).
&gt;   warnings.warn(("Could not connect to TraCI server using port %s (%s)." +
&gt; Error: This system has no OpenGL support. Exiting.
&gt; Quitting (on error).
&gt;   warnings.warn(("Could not connect to TraCI server using port %s (%s)." +
&gt; Error: This system has no OpenGL support. Exiting.
&gt; Quitting (on error).
&gt;   warnings.warn(("Could not connect to TraCI server using port %s (%s)." +
&gt; Error: This system has no OpenGL support. Exiting.
&gt; Quitting (on error).
&gt;   warnings.warn(("Could not connect to TraCI server using port %s (%s)." +
&gt; Error: This system has no OpenGL support. Exiting.
&gt; Quitting (on error).
&gt;   warnings.warn(("Could not connect to TraCI server using port %s (%s)." +
&gt; Error: This system has no OpenGL support. Exiting.
&gt; Quitting (on error).
&gt;   warnings.warn(("Could not connect to TraCI server using port %s (%s)." +
&gt; Error: This system has no OpenGL support. Exiting.
&gt; Quitting (on error).
&lt;truncated after showing first 30 lines&gt;
---------- Differences in output ----------
1,256d0
&lt; step 0
&lt; step 1
&lt; step 2
&lt; adding poly0
&lt; polygons ('poly0',)
&lt; polygon count 1
&lt; # examining poly0
&lt; shape ((960.0, 510.0), (960.0, 550.0), (1000.0, 550.0), (1000.0, 510.0))
&lt; type test
&lt; color (100, 200, 0, 255)
&lt; filled True
&lt; step 3
&lt; step 4
&lt; step 5
&lt; # (1) Adding underspecified dynamics...
&lt; Caught TraCIException
&lt; # (2) Adding malformed dynamics 1 ...
&lt; Caught TraCIException
&lt; # (3) Adding malformed dynamics 2 ...
&lt; Caught TraCIException
&lt; # (4) Adding malformed dynamics 3 ...
&lt; Caught TraCIException
&lt; # (5) Adding malformed dynamics 4 ...
&lt; Caught TraCIException
&lt; # (6) Adding malformed dynamics 5 ...
&lt; Caught TraCIException
&lt; # examining poly0
&lt; shape ((960.0, 510.0), (960.0, 550.0), (1000.0, 550.0), (1000.0, 510.0))
&lt; type test
&lt;truncated after showing first 30 lines&gt;
</PRE>
<A NAME="defaulttraci trafficlight railsignal_state"></A>
<H4>TEST FAILED on ts-bapmsumm1bld : traci trafficlight railsignal_state (
<A HREF="test_default.html#defaulttraci trafficlight railsignal_state">Last six runs</A>
<A HREF="test_default_all_Jun2024.html#defaulttraci trafficlight railsignal_state">Jun2024</A>

)</H4>

<PRE>---------- Differences in errors ----------
0a1
&gt; Warning: Invalid approach information to rail signal 'junction 'P2', link 0' after rerouting for vehicle 'rail3' first driveway edge 'T7_1' time=37.00.
</PRE>
<A NAME="defaulttutorial city_mobil agent"></A>
<A NAME="defaulttutorial city_mobil agent_cyber"></A>
<A NAME="defaulttutorial city_mobil simple"></A>
<A NAME="defaulttutorial city_mobil simple_cyber"></A>
<H4>4 TESTS FAILED on ts-bapmsumm1bld :</H4>

<PRE>---------- Differences in output ----------
2,19c2
&lt; waiting time (max, mean, dev): False True False
&lt; ('footmain0to1', 'footmainout') True True True
&lt; ('footmain1to2', 'footmainout') True True True
&lt; ('footmain2to3', 'footmainout') True True True
&lt; ('footmain3to4', 'footmainout') True True True
&lt; ('footmain4to5', 'footmainout') True True True
&lt; ('footmain5to6', 'footmainout') True True True
&lt; ('footmain6to7', 'footmainout') True True True
&lt; ('footmain7to8', 'footmainout') True True True
&lt; ('footmainout', 'footmain0to1') True True True
&lt; ('footmainout', 'footmain1to2') True True True
&lt; ('footmainout', 'footmain2to3') True True True
&lt; ('footmainout', 'footmain3to4') True True True
&lt; ('footmainout', 'footmain4to5') True True True
&lt; ('footmainout', 'footmain5to6') True True True
&lt; ('footmainout', 'footmain6to7') True True True
&lt; ('footmainout', 'footmain7to8') True True True
&lt; CO2: True
---
&gt; No numpy available, skipping statistics
</PRE>
tutorial city_mobil agent (
<A HREF="test_default.html#defaulttutorial city_mobil agent">Last six runs</A>
<A HREF="test_default_all_Jun2024.html#defaulttutorial city_mobil agent">Jun2024</A>

)<br>

tutorial city_mobil agent_cyber (
<A HREF="test_default.html#defaulttutorial city_mobil agent_cyber">Last six runs</A>
<A HREF="test_default_all_Jun2024.html#defaulttutorial city_mobil agent_cyber">Jun2024</A>

)<br>

tutorial city_mobil simple (
<A HREF="test_default.html#defaulttutorial city_mobil simple">Last six runs</A>
<A HREF="test_default_all_Jun2024.html#defaulttutorial city_mobil simple">Jun2024</A>

)<br>

tutorial city_mobil simple_cyber (
<A HREF="test_default.html#defaulttutorial city_mobil simple_cyber">Last six runs</A>
<A HREF="test_default_all_Jun2024.html#defaulttutorial city_mobil simple_cyber">Jun2024</A>

)<br>

<A NAME="defaulttutorial city_mobil taxi_cyber"></A>
<H4>TEST FAILED on ts-bapmsumm1bld : tutorial city_mobil taxi_cyber (
<A HREF="test_default.html#defaulttutorial city_mobil taxi_cyber">Last six runs</A>
<A HREF="test_default_all_Jun2024.html#defaulttutorial city_mobil taxi_cyber">Jun2024</A>

)</H4>

<PRE>---------- Differences in errors ----------
0a1
&gt; Warning: Person 'v7.8p1' is jammed on edge 'cyber6to7', time=1177.00.
</PRE>

<A NAME="defaulthad known bugs"></A>
<H3>Detailed information for the tests that had known bugs:</H3>

<A NAME="defaultsumo ToCDevice dynamic_ToC_stop"></A>
<H4>TEST had known bugs (see #8973) on ts-bapmsumm1bld : sumo ToCDevice dynamic_ToC_stop (
<A HREF="test_default.html#defaultsumo ToCDevice dynamic_ToC_stop">Last six runs</A>
<A HREF="test_default_all_Jun2024.html#defaultsumo ToCDevice dynamic_ToC_stop">Jun2024</A>

)</H4>

<PRE>dynamic ToC triggered despite stop present on vehicle's lane continuation
(This bug was triggered by text found in file 'tocs' matching 'DYNTOR')
</PRE>
<A NAME="defaultsumo output one_vehicle"></A>
<H4>TEST had known bugs (see #254) on ts-bapmsumm1bld : sumo output one_vehicle (
<A HREF="test_default.html#defaultsumo output one_vehicle">Last six runs</A>
<A HREF="test_default_all_Jun2024.html#defaultsumo output one_vehicle">Jun2024</A>

)</H4>

<PRE>different outputs from detectors which should detect the same
(This bug was triggered by text found in file 'output' matching 'failed')
---------- Differences in output ----------
5,7c5,7
&lt; success 0.1 ['--step-length', '.1', '--end', '100'] ['3/1to2/1_0']
&lt; success 1 ['--step-length', '.1', '--end', '100'] ['3/1to2/1_0']
&lt; success 10 ['--step-length', '.1', '--end', '100'] ['3/1to2/1_0']
---
&gt; failed 0.1 ['--step-length', '.1', '--end', '100'] 3/1to2/1_0 (71.4, 71.5) &lt;zip object at 0x1013ef200&gt;
&gt; failed 1 ['--step-length', '.1', '--end', '100'] 3/1to2/1_0 (72.0, 73.0) &lt;zip object at 0x1013baec0&gt;
&gt; failed 10 ['--step-length', '.1', '--end', '100'] 3/1to2/1_0 (80.0, 90.0) &lt;zip object at 0x1013baec0&gt;
9,12c9,12
&lt; success 0.1 ['--step-length', '.1', '--end', '1000'] ['3/1to2/1_0']
&lt; success 1 ['--step-length', '.1', '--end', '1000'] ['3/1to2/1_0']
&lt; success 10 ['--step-length', '.1', '--end', '1000'] ['3/1to2/1_0']
&lt; success 100 ['--step-length', '.1', '--end', '1000'] ['3/1to2/1_0']
---
&gt; failed 0.1 ['--step-length', '.1', '--end', '1000'] 3/1to2/1_0 (71.4, 71.5) &lt;zip object at 0x1013baec0&gt;
&gt; failed 1 ['--step-length', '.1', '--end', '1000'] 3/1to2/1_0 (72.0, 73.0) &lt;zip object at 0x1013e5e40&gt;
&gt; failed 10 ['--step-length', '.1', '--end', '1000'] 3/1to2/1_0 (80.0, 90.0) &lt;zip object at 0x1013e6ec0&gt;
&gt; failed 100 ['--step-length', '.1', '--end', '1000'] 3/1to2/1_0 (100.0, 200.0) &lt;zip object at 0x1013e6f80&gt;
17,19c17,19
&lt; success 0.1 ['--step-length', '1', '--end', '100'] ['3/1to2/1_0']
&lt; success 1 ['--step-length', '1', '--end', '100'] ['3/1to2/1_0']
&lt; success 10 ['--step-length', '1', '--end', '100'] ['3/1to2/1_0']
---
&gt; failed 0.1 ['--step-length', '1', '--end', '100'] 3/1to2/1_0 (73.0, 74.0) &lt;zip object at 0x101429900&gt;
&gt; failed 1 ['--step-length', '1', '--end', '100'] 3/1to2/1_0 (73.0, 74.0) &lt;zip object at 0x10142a900&gt;
&gt; failed 10 ['--step-length', '1', '--end', '100'] 3/1to2/1_0 (80.0, 90.0) &lt;zip object at 0x101428f80&gt;
21,50c21,24
&lt; success 0.1 ['--step-length', '1', '--end', '1000'] ['3/1to2/1_0']
&lt; success 1 ['--step-length', '1', '--end', '1000'] ['3/1to2/1_0']
&lt; success 10 ['--step-length', '1', '--end', '1000'] ['3/1to2/1_0']
&lt;truncated after showing first 30 lines&gt;
</PRE>
<A NAME="defaultsumo output teleport"></A>
<H4>TEST had known bugs (see #254) on ts-bapmsumm1bld : sumo output teleport (
<A HREF="test_default.html#defaultsumo output teleport">Last six runs</A>
<A HREF="test_default_all_Jun2024.html#defaultsumo output teleport">Jun2024</A>

)</H4>

<PRE>different outputs from detectors which should detect the same
(This bug was triggered by text found in file 'output' matching 'failed')
---------- Differences in output ----------
1,98c1,48
&lt; success ['--step-length', '.1', '--end', '51'] ['2/1to1/1_0']
&lt; success ['--step-length', '.1', '--end', '51'] ['2/1to1/1_0', '1/1to0/1_0']
&lt; success ['--step-length', '.1', '--end', '51'] ['2/1to1/1_0']
&lt; success ['--step-length', '.1', '--end', '51'] ['2/1to1/1_0', '1/1to0/1_0']
&lt; success ['--step-length', '.1', '--end', '51'] ['2/1to1/1_0']
&lt; success ['--step-length', '.1', '--end', '51'] ['2/1to1/1_0', '1/1to0/1_0']
&lt; success ['--step-length', '.1', '--end', '51'] ['2/1to1/1_0']
&lt; success ['--step-length', '.1', '--end', '51'] ['2/1to1/1_0', '1/1to0/1_0']
&lt; success ['--step-length', '.1', '--end', '100'] ['2/1to1/1_0']
&lt; success ['--step-length', '.1', '--end', '100'] ['2/1to1/1_0', '1/1to0/1_0']
&lt; success ['--step-length', '.1', '--end', '100'] ['2/1to1/1_0']
&lt; success ['--step-length', '.1', '--end', '100'] ['2/1to1/1_0', '1/1to0/1_0']
&lt; success ['--step-length', '.1', '--end', '100'] ['2/1to1/1_0']
&lt; success ['--step-length', '.1', '--end', '100'] ['2/1to1/1_0', '1/1to0/1_0']
&lt; success ['--step-length', '.1', '--end', '100'] ['2/1to1/1_0']
&lt; success ['--step-length', '.1', '--end', '100'] ['2/1to1/1_0', '1/1to0/1_0']
&lt; failed ['--step-length', '.1', '--end', '1000'] 2/1to1/1_0 (108.6, 108.7) [9.9, 10.0, 9.9, 9.9]
&lt; failed ['--step-length', '.1', '--end', '1000'] 2/1to1/1_0 (108.6, 108.7) [9.9, 10.0, 9.9, 9.9]
&lt; failed ['--step-length', '.1', '--end', '1000'] 2/1to1/1_0 (108.0, 109.0) [9.87, 10.0, 9.87, 9.87]
&lt; failed ['--step-length', '.1', '--end', '1000'] 2/1to1/1_0 (108.0, 109.0) [9.87, 10.0, 9.87, 9.87]
&lt; failed ['--step-length', '.1', '--end', '1000'] 2/1to1/1_0 (100.0, 110.0) [9.85, 9.96, 9.85, 9.85]
&lt; failed ['--step-length', '.1', '--end', '1000'] 2/1to1/1_0 (100.0, 110.0) [9.85, 9.96, 9.85, 9.85]
&lt; failed ['--step-length', '.1', '--end', '1000'] 2/1to1/1_0 (100.0, 200.0) [-1.0, 2.26, 3.2, 2.27, 2.27]
&lt; failed ['--step-length', '.1', '--end', '1000'] 2/1to1/1_0 (100.0, 200.0) [-1.0, 2.26, 3.2, 2.27, 2.27]
&lt; success ['--step-length', '1', '--end', '51'] ['2/1to1/1_0']
&lt; success ['--step-length', '1', '--end', '51'] ['2/1to1/1_0', '1/1to0/1_0']
&lt; success ['--step-length', '1', '--end', '51'] ['2/1to1/1_0']
&lt; success ['--step-length', '1', '--end', '51'] ['2/1to1/1_0', '1/1to0/1_0']
&lt; success ['--step-length', '1', '--end', '51'] ['2/1to1/1_0']
&lt;truncated after showing first 30 lines&gt;
</PRE>
<A NAME="defaultsumo output teleport_multihop"></A>
<H4>TEST had known bugs (see #254) on ts-bapmsumm1bld : sumo output teleport_multihop (
<A HREF="test_default.html#defaultsumo output teleport_multihop">Last six runs</A>
<A HREF="test_default_all_Jun2024.html#defaultsumo output teleport_multihop">Jun2024</A>

)</H4>

<PRE>different outputs from detectors which should detect the same
(This bug was triggered by text found in file 'output' matching 'failed')
---------- Differences in output ----------
17,24c17,24
&lt; success 0.1 ['--step-length', '.1', '--end', '1000'] 2/1to1/1_0 (230.0, 230.1) [('e2', 9.99), ('e3', 10.0), ('edge', 9.99), ('lane', 9.99)]
&lt; success 0.1 ['--step-length', '.1', '--end', '1000'] 1/1to0/1_0 (148.1, 148.2) [('e2', 9.99), ('e3', 10.0), ('edge', 9.99), ('lane', 9.99)]
&lt; success 1 ['--step-length', '.1', '--end', '1000'] 2/1to1/1_0 (230.0, 231.0) [('e2', 9.99), ('e3', 10.0), ('edge', 9.99), ('lane', 9.99)]
&lt; success 1 ['--step-length', '.1', '--end', '1000'] 1/1to0/1_0 (148.0, 149.0) [('e2', 9.91), ('e3', 10.0), ('edge', 9.91), ('lane', 9.91)]
&lt; success 10 ['--step-length', '.1', '--end', '1000'] 2/1to1/1_0 (230.0, 240.0) [('e2', 9.42), ('e3', 9.9), ('edge', 9.42), ('lane', 9.42)]
&lt; success 10 ['--step-length', '.1', '--end', '1000'] 1/1to0/1_0 (140.0, 150.0) [('e2', 9.96), ('e3', 9.99), ('edge', 9.96), ('lane', 9.96)]
&lt; success 100 ['--step-length', '.1', '--end', '1000'] 2/1to1/1_0 (200.0, 300.0) [('e1', 10.0), ('e2', 9.22), ('e3', 5.71), ('edge', 9.22), ('lane', 9.22)]
&lt; success 100 ['--step-length', '.1', '--end', '1000'] 1/1to0/1_0 (100.0, 200.0) [('e1', 9.53), ('e2', 5.82), ('e3', 6.93), ('edge', 5.82), ('lane', 5.82)]
---
&gt; failed 0.1 ['--step-length', '.1', '--end', '1000'] 2/1to1/1_0 (148.9, 149.0) &lt;zip object at 0x103e187c0&gt;
&gt; failed 0.1 ['--step-length', '.1', '--end', '1000'] 2/1to1/1_0 (148.9, 149.0) &lt;zip object at 0x103e20bc0&gt;
&gt; failed 1 ['--step-length', '.1', '--end', '1000'] 2/1to1/1_0 (149.0, 150.0) &lt;zip object at 0x102ea5b80&gt;
&gt; failed 1 ['--step-length', '.1', '--end', '1000'] 2/1to1/1_0 (149.0, 150.0) &lt;zip object at 0x103e39480&gt;
&gt; failed 10 ['--step-length', '.1', '--end', '1000'] 2/1to1/1_0 (140.0, 150.0) &lt;zip object at 0x1047e8740&gt;
&gt; failed 10 ['--step-length', '.1', '--end', '1000'] 2/1to1/1_0 (140.0, 150.0) &lt;zip object at 0x1047e8b40&gt;
&gt; failed 100 ['--step-length', '.1', '--end', '1000'] 2/1to1/1_0 (100.0, 200.0) &lt;zip object at 0x1047e8ec0&gt;
&gt; failed 100 ['--step-length', '.1', '--end', '1000'] 2/1to1/1_0 (100.0, 200.0) &lt;zip object at 0x1047e9500&gt;
41,98c41,48
&lt; success 0.1 ['--step-length', '1', '--end', '1000'] 2/1to1/1_0 (245.0, 246.0) [('e2', 8.92), ('e3', 10.0), ('edge', 8.92), ('lane', 8.92)]
&lt; success 0.1 ['--step-length', '1', '--end', '1000'] 1/1to0/1_0 (150.0, 151.0) [('e2', 9.82), ('e3', 10.0), ('edge', 9.82), ('lane', 9.82)]
&lt; success 1 ['--step-length', '1', '--end', '1000'] 2/1to1/1_0 (245.0, 246.0) [('e2', 8.92), ('e3', 10.0), ('edge', 8.92), ('lane', 8.92)]
&lt; success 1 ['--step-length', '1', '--end', '1000'] 1/1to0/1_0 (150.0, 151.0) [('e2', 9.82), ('e3', 10.0), ('edge', 9.82), ('lane', 9.82)]
&lt; success 10 ['--step-length', '1', '--end', '1000'] 2/1to1/1_0 (240.0, 250.0) [('e2', 9.9), ('e3', 10.0), ('edge', 9.9), ('lane', 9.9)]
&lt; success 10 ['--step-length', '1', '--end', '1000'] 1/1to0/1_0 (150.0, 160.0) [('e2', 9.15), ('e3', 9.84), ('edge', 9.15), ('lane', 9.15)]
&lt; success 100 ['--step-length', '1', '--end', '1000'] 2/1to1/1_0 (200.0, 300.0) [('e1', 10.0), ('e2', 9.41), ('e3', 5.84), ('edge', 9.41), ('lane', 9.41)]
&lt; success 100 ['--step-length', '1', '--end', '1000'] 1/1to0/1_0 (100.0, 200.0) [('e1', 10.0), ('e2', 5.94), ('e3', 7.08), ('edge', 5.94), ('lane', 5.94)]
&lt; -- Unordered text as found by filter '^Loading configuration ... done.' --
&lt; Loading configuration ... done.
&lt; Loading configuration ... done.
&lt;truncated after showing first 30 lines&gt;
</PRE>
<A NAME="defaultsumo output teleport_multihop_newDefaults"></A>
<H4>TEST had known bugs (see #254) on ts-bapmsumm1bld : sumo output teleport_multihop_newDefaults (
<A HREF="test_default.html#defaultsumo output teleport_multihop_newDefaults">Last six runs</A>
<A HREF="test_default_all_Jun2024.html#defaultsumo output teleport_multihop_newDefaults">Jun2024</A>

)</H4>

<PRE>different outputs from detectors which should detect the same
(This bug was triggered by text found in file 'output' matching 'failed')
---------- Differences in output ----------
9,24c9,24
&lt; failed 0.1 ['--step-length', '.1', '--end', '100'] 2/1to1/1_0 (76.2, 76.3) [('e2', 10.49), ('e3', 10.35), ('edge', 10.49), ('lane', 10.49)]
&lt; failed 0.1 ['--step-length', '.1', '--end', '100'] 2/1to1/1_0 (76.2, 76.3) [('e2', 10.49), ('e3', 10.35), ('edge', 10.49), ('lane', 10.49)]
&lt; failed 1 ['--step-length', '.1', '--end', '100'] 2/1to1/1_0 (76.0, 77.0) [('e2', 10.39), ('e3', 10.35), ('edge', 10.39), ('lane', 10.39)]
&lt; failed 1 ['--step-length', '.1', '--end', '100'] 2/1to1/1_0 (76.0, 77.0) [('e2', 10.39), ('e3', 10.35), ('edge', 10.39), ('lane', 10.39)]
&lt; failed 10 ['--step-length', '.1', '--end', '100'] 2/1to1/1_0 (70.0, 80.0) [('e2', 10.42), ('e3', 10.25), ('edge', 10.42), ('lane', 10.42)]
&lt; failed 10 ['--step-length', '.1', '--end', '100'] 2/1to1/1_0 (70.0, 80.0) [('e2', 10.42), ('e3', 10.25), ('edge', 10.42), ('lane', 10.42)]
&lt; failed 100 ['--step-length', '.1', '--end', '100'] 2/1to1/1_0 (0.0, 100.0) [('e1', 10.27), ('e2', 10.24), ('e3', 9.59), ('edge', 10.24), ('lane', 10.24)]
&lt; failed 100 ['--step-length', '.1', '--end', '100'] 2/1to1/1_0 (0.0, 100.0) [('e1', 10.27), ('e2', 10.24), ('e3', 9.59), ('edge', 10.24), ('lane', 10.24)]
&lt; failed 0.1 ['--step-length', '.1', '--end', '1000'] 2/1to1/1_0 (76.2, 76.3) [('e2', 10.49), ('e3', 10.35), ('edge', 10.49), ('lane', 10.49)]
&lt; failed 0.1 ['--step-length', '.1', '--end', '1000'] 2/1to1/1_0 (76.2, 76.3) [('e2', 10.49), ('e3', 10.35), ('edge', 10.49), ('lane', 10.49)]
&lt; failed 1 ['--step-length', '.1', '--end', '1000'] 2/1to1/1_0 (76.0, 77.0) [('e2', 10.39), ('e3', 10.35), ('edge', 10.39), ('lane', 10.39)]
&lt; failed 1 ['--step-length', '.1', '--end', '1000'] 2/1to1/1_0 (76.0, 77.0) [('e2', 10.39), ('e3', 10.35), ('edge', 10.39), ('lane', 10.39)]
&lt; failed 10 ['--step-length', '.1', '--end', '1000'] 2/1to1/1_0 (70.0, 80.0) [('e2', 10.42), ('e3', 10.25), ('edge', 10.42), ('lane', 10.42)]
&lt; failed 10 ['--step-length', '.1', '--end', '1000'] 2/1to1/1_0 (70.0, 80.0) [('e2', 10.42), ('e3', 10.25), ('edge', 10.42), ('lane', 10.42)]
&lt; failed 100 ['--step-length', '.1', '--end', '1000'] 2/1to1/1_0 (0.0, 100.0) [('e1', 10.27), ('e2', 10.24), ('e3', 9.59), ('edge', 10.24), ('lane', 10.24)]
&lt; failed 100 ['--step-length', '.1', '--end', '1000'] 2/1to1/1_0 (0.0, 100.0) [('e1', 10.27), ('e2', 10.24), ('e3', 9.59), ('edge', 10.24), ('lane', 10.24)]
---
&gt; failed 0.1 ['--step-length', '.1', '--end', '100'] 2/1to1/1_0 (70.9, 71.0) &lt;zip object at 0x105bd1700&gt;
&gt; failed 0.1 ['--step-length', '.1', '--end', '100'] 2/1to1/1_0 (70.9, 71.0) &lt;zip object at 0x105b8bbc0&gt;
&gt; failed 1 ['--step-length', '.1', '--end', '100'] 2/1to1/1_0 (70.0, 71.0) &lt;zip object at 0x105bdbf00&gt;
&gt; failed 1 ['--step-length', '.1', '--end', '100'] 2/1to1/1_0 (70.0, 71.0) &lt;zip object at 0x105bda200&gt;
&gt; failed 10 ['--step-length', '.1', '--end', '100'] 2/1to1/1_0 (70.0, 80.0) &lt;zip object at 0x105bda700&gt;
&gt; failed 10 ['--step-length', '.1', '--end', '100'] 2/1to1/1_0 (70.0, 80.0) &lt;zip object at 0x105bda100&gt;
&gt; failed 100 ['--step-length', '.1', '--end', '100'] 2/1to1/1_0 (0.0, 100.0) &lt;zip object at 0x105bdaa00&gt;
&gt; failed 100 ['--step-length', '.1', '--end', '100'] 2/1to1/1_0 (0.0, 100.0) &lt;zip object at 0x105bdaa00&gt;
&gt; failed 0.1 ['--step-length', '.1', '--end', '1000'] 2/1to1/1_0 (70.9, 71.0) &lt;zip object at 0x105bd8d00&gt;
&gt; failed 0.1 ['--step-length', '.1', '--end', '1000'] 2/1to1/1_0 (70.9, 71.0) &lt;zip object at 0x105be1440&gt;
&gt; failed 1 ['--step-length', '.1', '--end', '1000'] 2/1to1/1_0 (70.0, 71.0) &lt;zip object at 0x105c23f40&gt;
&gt; failed 1 ['--step-length', '.1', '--end', '1000'] 2/1to1/1_0 (70.0, 71.0) &lt;zip object at 0x105bdfc00&gt;
&lt;truncated after showing first 30 lines&gt;
</PRE>
<A NAME="defaultsumo output two_same_vehicles"></A>
<H4>TEST had known bugs (see #254) on ts-bapmsumm1bld : sumo output two_same_vehicles (
<A HREF="test_default.html#defaultsumo output two_same_vehicles">Last six runs</A>
<A HREF="test_default_all_Jun2024.html#defaultsumo output two_same_vehicles">Jun2024</A>

)</H4>

<PRE>different outputs from detectors which should detect the same
(This bug was triggered by text found in file 'output' matching 'failed')
---------- Differences in output ----------
5,7c5,7
&lt; success 0.1 ['--step-length', '.1', '--end', '100'] ['3/1to2/1_0']
&lt; success 1 ['--step-length', '.1', '--end', '100'] ['3/1to2/1_0']
&lt; success 10 ['--step-length', '.1', '--end', '100'] ['3/1to2/1_0']
---
&gt; failed 0.1 ['--step-length', '.1', '--end', '100'] 3/1to2/1_0 (75.4, 75.5) &lt;zip object at 0x103ed7840&gt;
&gt; failed 1 ['--step-length', '.1', '--end', '100'] 3/1to2/1_0 (76.0, 77.0) &lt;zip object at 0x103ecc740&gt;
&gt; failed 10 ['--step-length', '.1', '--end', '100'] 3/1to2/1_0 (80.0, 90.0) &lt;zip object at 0x103ecc0c0&gt;
9,12c9,12
&lt; success 0.1 ['--step-length', '.1', '--end', '1000'] ['3/1to2/1_0']
&lt; success 1 ['--step-length', '.1', '--end', '1000'] ['3/1to2/1_0']
&lt; success 10 ['--step-length', '.1', '--end', '1000'] ['3/1to2/1_0']
&lt; success 100 ['--step-length', '.1', '--end', '1000'] ['3/1to2/1_0']
---
&gt; failed 0.1 ['--step-length', '.1', '--end', '1000'] 3/1to2/1_0 (75.4, 75.5) &lt;zip object at 0x103ece340&gt;
&gt; failed 1 ['--step-length', '.1', '--end', '1000'] 3/1to2/1_0 (76.0, 77.0) &lt;zip object at 0x103ea2840&gt;
&gt; failed 10 ['--step-length', '.1', '--end', '1000'] 3/1to2/1_0 (80.0, 90.0) &lt;zip object at 0x103ea2300&gt;
&gt; failed 100 ['--step-length', '.1', '--end', '1000'] 3/1to2/1_0 (100.0, 200.0) &lt;zip object at 0x103ea0cc0&gt;
17,19c17,19
&lt; success 0.1 ['--step-length', '1', '--end', '100'] ['3/1to2/1_0']
&lt; success 1 ['--step-length', '1', '--end', '100'] ['3/1to2/1_0']
&lt; success 10 ['--step-length', '1', '--end', '100'] ['3/1to2/1_0']
---
&gt; failed 0.1 ['--step-length', '1', '--end', '100'] 3/1to2/1_0 (77.0, 78.0) &lt;zip object at 0x103ec9600&gt;
&gt; failed 1 ['--step-length', '1', '--end', '100'] 3/1to2/1_0 (77.0, 78.0) &lt;zip object at 0x103ec9d00&gt;
&gt; failed 10 ['--step-length', '1', '--end', '100'] 3/1to2/1_0 (80.0, 90.0) &lt;zip object at 0x103eca940&gt;
21,50c21,24
&lt; success 0.1 ['--step-length', '1', '--end', '1000'] ['3/1to2/1_0']
&lt; success 1 ['--step-length', '1', '--end', '1000'] ['3/1to2/1_0']
&lt; success 10 ['--step-length', '1', '--end', '1000'] ['3/1to2/1_0']
&lt;truncated after showing first 30 lines&gt;
</PRE>
<A NAME="defaultsumo output two_vehicles_diff_length"></A>
<H4>TEST had known bugs (see #254) on ts-bapmsumm1bld : sumo output two_vehicles_diff_length (
<A HREF="test_default.html#defaultsumo output two_vehicles_diff_length">Last six runs</A>
<A HREF="test_default_all_Jun2024.html#defaultsumo output two_vehicles_diff_length">Jun2024</A>

)</H4>

<PRE>different outputs from detectors which should detect the same
(This bug was triggered by text found in file 'output' matching 'failed')
---------- Differences in output ----------
5,7c5,7
&lt; success 0.1 ['--step-length', '.1', '--end', '100'] ['3/1to2/1_0']
&lt; success 1 ['--step-length', '.1', '--end', '100'] ['3/1to2/1_0']
&lt; success 10 ['--step-length', '.1', '--end', '100'] ['3/1to2/1_0']
---
&gt; failed 0.1 ['--step-length', '.1', '--end', '100'] 3/1to2/1_0 (76.4, 76.5) &lt;zip object at 0x103c5fac0&gt;
&gt; failed 1 ['--step-length', '.1', '--end', '100'] 3/1to2/1_0 (77.0, 78.0) &lt;zip object at 0x103c78900&gt;
&gt; failed 10 ['--step-length', '.1', '--end', '100'] 3/1to2/1_0 (80.0, 90.0) &lt;zip object at 0x103c78480&gt;
9,12c9,12
&lt; success 0.1 ['--step-length', '.1', '--end', '1000'] ['3/1to2/1_0']
&lt; success 1 ['--step-length', '.1', '--end', '1000'] ['3/1to2/1_0']
&lt; success 10 ['--step-length', '.1', '--end', '1000'] ['3/1to2/1_0']
&lt; success 100 ['--step-length', '.1', '--end', '1000'] ['3/1to2/1_0']
---
&gt; failed 0.1 ['--step-length', '.1', '--end', '1000'] 3/1to2/1_0 (76.4, 76.5) &lt;zip object at 0x103c37d40&gt;
&gt; failed 1 ['--step-length', '.1', '--end', '1000'] 3/1to2/1_0 (77.0, 78.0) &lt;zip object at 0x103c546c0&gt;
&gt; failed 10 ['--step-length', '.1', '--end', '1000'] 3/1to2/1_0 (80.0, 90.0) &lt;zip object at 0x103c55940&gt;
&gt; failed 100 ['--step-length', '.1', '--end', '1000'] 3/1to2/1_0 (100.0, 200.0) &lt;zip object at 0x103c552c0&gt;
17,19c17,19
&lt; success 0.1 ['--step-length', '1', '--end', '100'] ['3/1to2/1_0']
&lt; success 1 ['--step-length', '1', '--end', '100'] ['3/1to2/1_0']
&lt; success 10 ['--step-length', '1', '--end', '100'] ['3/1to2/1_0']
---
&gt; failed 0.1 ['--step-length', '1', '--end', '100'] 3/1to2/1_0 (78.0, 79.0) &lt;zip object at 0x103c287c0&gt;
&gt; failed 1 ['--step-length', '1', '--end', '100'] 3/1to2/1_0 (78.0, 79.0) &lt;zip object at 0x103c2b040&gt;
&gt; failed 10 ['--step-length', '1', '--end', '100'] 3/1to2/1_0 (80.0, 90.0) &lt;zip object at 0x103c29600&gt;
21,50c21,24
&lt; success 0.1 ['--step-length', '1', '--end', '1000'] ['3/1to2/1_0']
&lt; success 1 ['--step-length', '1', '--end', '1000'] ['3/1to2/1_0']
&lt; success 10 ['--step-length', '1', '--end', '1000'] ['3/1to2/1_0']
&lt;truncated after showing first 30 lines&gt;
</PRE>
<A NAME="defaultsumo output two_vehicles_diff_speed"></A>
<H4>TEST had known bugs (see #254) on ts-bapmsumm1bld : sumo output two_vehicles_diff_speed (
<A HREF="test_default.html#defaultsumo output two_vehicles_diff_speed">Last six runs</A>
<A HREF="test_default_all_Jun2024.html#defaultsumo output two_vehicles_diff_speed">Jun2024</A>

)</H4>

<PRE>different outputs from detectors which should detect the same
(This bug was triggered by text found in file 'output' matching 'failed')
---------- Differences in output ----------
0a1,24
&gt; failed 0.1 ['--step-length', '.1', '--end', '51'] 3/1to2/1_0 (38.4, 38.5) &lt;zip object at 0x105a2d840&gt;
&gt; failed 1 ['--step-length', '.1', '--end', '51'] 3/1to2/1_0 (38.0, 39.0) &lt;zip object at 0x105a78240&gt;
&gt; failed 10 ['--step-length', '.1', '--end', '51'] 3/1to2/1_0 (30.0, 40.0) &lt;zip object at 0x105a8d500&gt;
&gt; failed 100 ['--step-length', '.1', '--end', '51'] 3/1to2/1_0 (0.0, 51.0) &lt;zip object at 0x105a8d600&gt;
&gt; failed 0.1 ['--step-length', '.1', '--end', '100'] 3/1to2/1_0 (38.4, 38.5) &lt;zip object at 0x105a8f6c0&gt;
&gt; failed 1 ['--step-length', '.1', '--end', '100'] 3/1to2/1_0 (38.0, 39.0) &lt;zip object at 0x105a5b9c0&gt;
&gt; failed 10 ['--step-length', '.1', '--end', '100'] 3/1to2/1_0 (30.0, 40.0) &lt;zip object at 0x105a59b40&gt;
&gt; failed 100 ['--step-length', '.1', '--end', '100'] 3/1to2/1_0 (0.0, 100.0) &lt;zip object at 0x105a593c0&gt;
&gt; failed 0.1 ['--step-length', '.1', '--end', '1000'] 3/1to2/1_0 (38.4, 38.5) &lt;zip object at 0x105a5a0c0&gt;
&gt; failed 1 ['--step-length', '.1', '--end', '1000'] 3/1to2/1_0 (38.0, 39.0) &lt;zip object at 0x105ac9800&gt;
&gt; failed 10 ['--step-length', '.1', '--end', '1000'] 3/1to2/1_0 (30.0, 40.0) &lt;zip object at 0x105acbd40&gt;
&gt; failed 100 ['--step-length', '.1', '--end', '1000'] 3/1to2/1_0 (0.0, 100.0) &lt;zip object at 0x105acab80&gt;
&gt; failed 0.1 ['--step-length', '1', '--end', '51'] 3/1to2/1_0 (39.0, 40.0) &lt;zip object at 0x105a675c0&gt;
&gt; failed 1 ['--step-length', '1', '--end', '51'] 3/1to2/1_0 (39.0, 40.0) &lt;zip object at 0x105a66100&gt;
&gt; failed 10 ['--step-length', '1', '--end', '51'] 3/1to2/1_0 (30.0, 40.0) &lt;zip object at 0x105a65380&gt;
&gt; failed 100 ['--step-length', '1', '--end', '51'] 3/1to2/1_0 (0.0, 51.0) &lt;zip object at 0x105a67bc0&gt;
&gt; failed 0.1 ['--step-length', '1', '--end', '100'] 3/1to2/1_0 (39.0, 40.0) &lt;zip object at 0x105a66ec0&gt;
&gt; failed 1 ['--step-length', '1', '--end', '100'] 3/1to2/1_0 (39.0, 40.0) &lt;zip object at 0x105a65a00&gt;
&gt; failed 10 ['--step-length', '1', '--end', '100'] 3/1to2/1_0 (30.0, 40.0) &lt;zip object at 0x105a67040&gt;
&gt; failed 100 ['--step-length', '1', '--end', '100'] 3/1to2/1_0 (0.0, 100.0) &lt;zip object at 0x105a67540&gt;
&gt; failed 0.1 ['--step-length', '1', '--end', '1000'] 3/1to2/1_0 (39.0, 40.0) &lt;zip object at 0x105a66a00&gt;
&gt; failed 1 ['--step-length', '1', '--end', '1000'] 3/1to2/1_0 (39.0, 40.0) &lt;zip object at 0x105ac8e80&gt;
&gt; failed 10 ['--step-length', '1', '--end', '1000'] 3/1to2/1_0 (30.0, 40.0) &lt;zip object at 0x105a82a40&gt;
&gt; failed 100 ['--step-length', '1', '--end', '1000'] 3/1to2/1_0 (0.0, 100.0) &lt;zip object at 0x105ac8c80&gt;
</PRE>
<A NAME="defaulttraci vehicle moveToXY keepRoute2"></A>
<H4>TEST had known bugs (see #3263) on ts-bapmsumm1bld : traci vehicle moveToXY keepRoute2 (
<A HREF="test_default.html#defaulttraci vehicle moveToXY keepRoute2">Last six runs</A>
<A HREF="test_default_all_Jun2024.html#defaulttraci vehicle moveToXY keepRoute2">Jun2024</A>

)</H4>

<PRE>mapping failure
(This bug was triggered by text found in file 'output' matching 'failed')
---------- Differences in output ----------
0a1
&gt; internal corner (inside, segment2) failed: x=198, x2=198.0,   y=1.9, y2=1.9,   lane=middle_0, lane2=middle_0, pos=102, pos2=98.0   posLat=2.0 posLat2=1.9
</PRE>

<A NAME="defaultwere terminated before completion"></A>
<H3>Detailed information for the tests that were terminated before completion:</H3>

<A NAME="defaulttraci connection busySocket sumo"></A>
<H4>TEST were terminated before completion (TIMEOUT) on ts-bapmsumm1bld : traci connection busySocket sumo (
<A HREF="test_default.html#defaulttraci connection busySocket sumo">Last six runs</A>
<A HREF="test_default_all_Jun2024.html#defaulttraci connection busySocket sumo">Jun2024</A>

)</H4>

<PRE>Test exceeded wallclock time limit of 900.0 seconds
---------- Differences in errors ----------
3d2
&lt; Could not connect in 61 tries
</PRE>
<A NAME="defaulttraci connection busySocket sumo-gui"></A>
<H4>TEST were terminated before completion (TIMEOUT) on ts-bapmsumm1bld : traci connection busySocket sumo-gui (
<A HREF="test_default.html#defaulttraci connection busySocket sumo-gui">Last six runs</A>
<A HREF="test_default_all_Jun2024.html#defaulttraci connection busySocket sumo-gui">Jun2024</A>

)</H4>

<PRE>Test exceeded wallclock time limit of 900.0 seconds
---------- Differences in errors ----------
1,2c1
&lt; Could not connect in 61 tries
&lt; Error: tcpip::Socket::accept() Unable to create listening socket: Address already in use
---
&gt; Error: This system has no OpenGL support. Exiting.
</PRE>



</BODY> </HTML>
